2025-03-11 14:45:32,552 [INFO] Скрипт запущен
2025-03-11 14:45:32,552 [INFO] Происходит загрузка компаний...
2025-03-11 14:45:34,064 [INFO] Загружено 100 компаний за 1.51 секунд

2025-03-11 14:45:34,065 [INFO] ------------------------------------------------------------------
2025-03-11 14:45:34,065 [INFO] Происходит загрузка звонков компании 'МАУ ДО ГРЦ ОООД «ФорУс»' (48374001)
2025-03-11 14:45:37,113 [INFO] Количество звонков: 9
2025-03-11 14:45:37,113 [INFO] Время загрузки: 3.05 сек.

2025-03-11 14:45:37,114 [INFO] Результат обработки компании 'МАУ ДО ГРЦ ОООД «ФорУс»' (48374001) не был изменен

2025-03-11 14:45:37,114 [INFO] ------------------------------------------------------------------
2025-03-11 14:45:37,114 [INFO] Происходит загрузка звонков компании 'ПКФ ДиПОС' (48378701)
2025-03-11 14:45:42,534 [INFO] Количество звонков: 2
2025-03-11 14:45:42,534 [INFO] Время загрузки: 5.42 сек.

2025-03-11 14:45:42,535 [INFO] Результат обработки компании 'ПКФ ДиПОС' (48378701) не был изменен

2025-03-11 14:45:42,535 [INFO] ------------------------------------------------------------------
2025-03-11 14:45:42,536 [INFO] Происходит загрузка звонков компании 'АО Гидрогаз' (48378849)
2025-03-11 14:45:45,793 [INFO] Количество звонков: 10
2025-03-11 14:45:45,793 [INFO] Время загрузки: 3.26 сек.

2025-03-11 14:45:45,794 [INFO] Результат обработки компании 'АО Гидрогаз' (48378849) не был изменен

2025-03-11 14:45:45,794 [INFO] ------------------------------------------------------------------
2025-03-11 14:45:45,794 [INFO] Происходит загрузка звонков компании 'Северская Трубная Компания (' (48379029)
2025-03-11 14:45:47,923 [INFO] Количество звонков: 2
2025-03-11 14:45:47,924 [INFO] Время загрузки: 2.13 сек.

2025-03-11 14:45:47,925 [INFO] Результат обработки компании 'Северская Трубная Компания (' (48379029) не был изменен

2025-03-11 14:45:47,925 [INFO] ------------------------------------------------------------------
2025-03-11 14:45:47,925 [INFO] Происходит загрузка звонков компании 'Транстехно-Новосибирск' (48381567)
2025-03-11 14:45:50,288 [INFO] Количество звонков: 6
2025-03-11 14:45:50,289 [INFO] Время загрузки: 2.36 сек.

2025-03-11 14:45:50,289 [INFO] Результат обработки компании 'Транстехно-Новосибирск' (48381567) не был изменен

2025-03-11 14:45:50,289 [INFO] ------------------------------------------------------------------
2025-03-11 14:45:50,289 [INFO] Происходит загрузка звонков компании 'Звонок от 79264371672' (48305553)
2025-03-11 14:45:52,533 [INFO] Компания 'Звонок от 79264371672' не имеет звонков

2025-03-11 14:45:52,534 [INFO] Происходит отправка результата обработки компании...
2025-03-11 14:45:53,631 [INFO] Результат обработки компании 'Звонок от 79264371672' (48305553) установлен 'Нет звонков'

2025-03-11 14:45:53,632 [INFO] ------------------------------------------------------------------
2025-03-11 14:45:53,632 [INFO] Происходит загрузка звонков компании 'Звонок от 78312469434' (48305829)
2025-03-11 14:45:55,920 [INFO] Количество звонков: 1
2025-03-11 14:45:55,921 [INFO] Время загрузки: 2.29 сек.

2025-03-11 14:45:55,921 [INFO] Результат обработки компании 'Звонок от 78312469434' (48305829) не был изменен

2025-03-11 14:45:55,921 [INFO] ------------------------------------------------------------------
2025-03-11 14:45:55,921 [INFO] Происходит загрузка звонков компании 'Звонок от 79618753344' (48306469)
2025-03-11 14:45:57,727 [INFO] Количество звонков: 1
2025-03-11 14:45:57,728 [INFO] Время загрузки: 1.81 сек.

2025-03-11 14:45:57,728 [INFO] Результат обработки компании 'Звонок от 79618753344' (48306469) не был изменен

2025-03-11 14:45:57,729 [INFO] ------------------------------------------------------------------
2025-03-11 14:45:57,729 [INFO] Происходит загрузка звонков компании 'Звонок от 79137082229' (48314359)
2025-03-11 14:45:59,168 [INFO] Компания 'Звонок от 79137082229' не имеет звонков

2025-03-11 14:45:59,169 [INFO] Происходит отправка результата обработки компании...
2025-03-11 14:46:00,215 [INFO] Результат обработки компании 'Звонок от 79137082229' (48314359) установлен 'Нет звонков'

2025-03-11 14:46:00,216 [INFO] ------------------------------------------------------------------
2025-03-11 14:46:00,216 [INFO] Происходит загрузка звонков компании 'Звонок от 79644730073' (48314525)
2025-03-11 14:46:01,730 [INFO] Компания 'Звонок от 79644730073' не имеет звонков

2025-03-11 14:46:01,730 [INFO] Происходит отправка результата обработки компании...
2025-03-11 14:46:02,775 [INFO] Результат обработки компании 'Звонок от 79644730073' (48314525) установлен 'Нет звонков'

2025-03-11 14:46:02,776 [INFO] ------------------------------------------------------------------
2025-03-11 14:46:02,776 [INFO] Происходит загрузка звонков компании 'Звонок от 79513615517' (48317421)
2025-03-11 14:46:04,603 [INFO] Компания 'Звонок от 79513615517' не имеет звонков

2025-03-11 14:46:04,603 [INFO] Происходит отправка результата обработки компании...
2025-03-11 14:46:05,846 [INFO] Результат обработки компании 'Звонок от 79513615517' (48317421) установлен 'Нет звонков'

2025-03-11 14:46:05,847 [INFO] ------------------------------------------------------------------
2025-03-11 14:46:05,847 [INFO] Происходит загрузка звонков компании 'Звонок от 79607819648' (48322739)
2025-03-11 14:46:07,763 [INFO] Компания 'Звонок от 79607819648' не имеет звонков

2025-03-11 14:46:07,764 [INFO] Происходит отправка результата обработки компании...
2025-03-11 14:46:09,370 [INFO] Результат обработки компании 'Звонок от 79607819648' (48322739) установлен 'Нет звонков'

2025-03-11 14:46:09,370 [INFO] ------------------------------------------------------------------
2025-03-11 14:46:09,370 [INFO] Происходит загрузка звонков компании 'Звонок от 79250826029' (48323659)
2025-03-11 14:46:11,424 [INFO] Компания 'Звонок от 79250826029' не имеет звонков

2025-03-11 14:46:11,424 [INFO] Происходит отправка результата обработки компании...
2025-03-11 14:46:12,446 [INFO] Результат обработки компании 'Звонок от 79250826029' (48323659) установлен 'Нет звонков'

2025-03-11 14:46:12,447 [INFO] ------------------------------------------------------------------
2025-03-11 14:46:12,448 [INFO] Происходит загрузка звонков компании 'Звонок от 79822876182' (48324627)
2025-03-11 14:46:14,784 [INFO] Количество звонков: 13
2025-03-11 14:46:14,784 [INFO] Время загрузки: 2.34 сек.

2025-03-11 14:46:14,784 [INFO] Результат обработки компании 'Звонок от 79822876182' (48324627) не был изменен

2025-03-11 14:46:14,784 [INFO] ------------------------------------------------------------------
2025-03-11 14:46:14,785 [INFO] Происходит загрузка звонков компании 'Челябинская станция переливания крови' (48325047)
2025-03-11 14:46:19,864 [INFO] Компания 'Челябинская станция переливания крови' не имеет звонков

2025-03-11 14:46:19,865 [INFO] Происходит отправка результата обработки компании...
2025-03-11 14:46:20,808 [INFO] Результат обработки компании 'Челябинская станция переливания крови' (48325047) установлен 'Нет звонков'

2025-03-11 14:46:20,808 [INFO] ------------------------------------------------------------------
2025-03-11 14:46:20,809 [INFO] Происходит загрузка звонков компании 'Научные развлечения' (48325167)
2025-03-11 14:46:22,657 [INFO] Компания 'Научные развлечения' не имеет звонков

2025-03-11 14:46:22,658 [INFO] Происходит отправка результата обработки компании...
2025-03-11 14:46:23,533 [INFO] Результат обработки компании 'Научные развлечения' (48325167) установлен 'Нет звонков'

2025-03-11 14:46:23,534 [INFO] ------------------------------------------------------------------
2025-03-11 14:46:23,534 [INFO] Происходит загрузка звонков компании '+74113651112' (48326335)
2025-03-11 14:46:26,773 [INFO] Компания '+74113651112' не имеет звонков

2025-03-11 14:46:26,774 [INFO] Происходит отправка результата обработки компании...
2025-03-11 14:46:27,921 [INFO] Результат обработки компании '+74113651112' (48326335) установлен 'Нет звонков'

2025-03-11 14:46:27,922 [INFO] ------------------------------------------------------------------
2025-03-11 14:46:27,922 [INFO] Происходит загрузка звонков компании 'Администрация нижнеилимского района' (48326407)
2025-03-11 14:46:30,915 [INFO] Количество звонков: 6
2025-03-11 14:46:30,915 [INFO] Время загрузки: 2.99 сек.

2025-03-11 14:46:30,916 [INFO] Результат обработки компании 'Администрация нижнеилимского района' (48326407) не был изменен

2025-03-11 14:46:30,916 [INFO] ------------------------------------------------------------------
2025-03-11 14:46:30,916 [INFO] Происходит загрузка звонков компании 'Звонок от 79232232235' (48326441)
2025-03-11 14:46:32,711 [INFO] Компания 'Звонок от 79232232235' не имеет звонков

2025-03-11 14:46:32,712 [INFO] Происходит отправка результата обработки компании...
2025-03-11 14:46:33,975 [INFO] Результат обработки компании 'Звонок от 79232232235' (48326441) установлен 'Нет звонков'

2025-03-11 14:46:33,976 [INFO] ------------------------------------------------------------------
2025-03-11 14:46:33,976 [INFO] Происходит загрузка звонков компании 'Hono-R' (48326633)
2025-03-11 14:46:37,454 [INFO] Количество звонков: 22
2025-03-11 14:46:37,455 [INFO] Время загрузки: 3.48 сек.

2025-03-11 14:46:37,455 [INFO] Результат обработки компании 'Hono-R' (48326633) не был изменен

2025-03-11 14:46:37,456 [INFO] ------------------------------------------------------------------
2025-03-11 14:46:37,456 [INFO] Происходит загрузка звонков компании 'Сибирский государственный индустриальный университет»' (48327031)
2025-03-11 14:46:40,616 [INFO] Компания 'Сибирский государственный индустриальный университет»' не имеет звонков

2025-03-11 14:46:40,617 [INFO] Происходит отправка результата обработки компании...
2025-03-11 14:46:41,553 [INFO] Результат обработки компании 'Сибирский государственный индустриальный университет»' (48327031) установлен 'Нет звонков'

2025-03-11 14:46:41,554 [INFO] ------------------------------------------------------------------
2025-03-11 14:46:41,554 [INFO] Происходит загрузка звонков компании 'Звонок от 79320221252' (48327265)
2025-03-11 14:46:42,899 [INFO] Компания 'Звонок от 79320221252' не имеет звонков

2025-03-11 14:46:42,900 [INFO] Происходит отправка результата обработки компании...
2025-03-11 14:46:43,927 [INFO] Результат обработки компании 'Звонок от 79320221252' (48327265) установлен 'Нет звонков'

2025-03-11 14:46:43,927 [INFO] ------------------------------------------------------------------
2025-03-11 14:46:43,928 [INFO] Происходит загрузка звонков компании 'Инновационный центр Сколково' (48328823)
2025-03-11 14:46:45,935 [INFO] Компания 'Инновационный центр Сколково' не имеет звонков

2025-03-11 14:46:45,936 [INFO] Происходит отправка результата обработки компании...
2025-03-11 14:46:47,098 [INFO] Результат обработки компании 'Инновационный центр Сколково' (48328823) установлен 'Нет звонков'

2025-03-11 14:46:47,098 [INFO] ------------------------------------------------------------------
2025-03-11 14:46:47,099 [INFO] Происходит загрузка звонков компании 'Русский снег' (48330525)
2025-03-11 14:46:49,134 [INFO] Компания 'Русский снег' не имеет звонков

2025-03-11 14:46:49,135 [INFO] Происходит отправка результата обработки компании...
2025-03-11 14:46:50,074 [INFO] Результат обработки компании 'Русский снег' (48330525) установлен 'Нет звонков'

2025-03-11 14:46:50,074 [INFO] ------------------------------------------------------------------
2025-03-11 14:46:50,074 [INFO] Происходит загрузка звонков компании 'Звонок от 74951824917' (48330531)
2025-03-11 14:46:51,452 [INFO] Компания 'Звонок от 74951824917' не имеет звонков

2025-03-11 14:46:51,453 [INFO] Происходит отправка результата обработки компании...
2025-03-11 14:46:52,511 [INFO] Результат обработки компании 'Звонок от 74951824917' (48330531) установлен 'Нет звонков'

2025-03-11 14:46:52,511 [INFO] ------------------------------------------------------------------
2025-03-11 14:46:52,512 [INFO] Происходит загрузка звонков компании 'Билайн бизнес' (48330567)
2025-03-11 14:46:54,295 [INFO] Компания 'Билайн бизнес' не имеет звонков

2025-03-11 14:46:54,296 [INFO] Происходит отправка результата обработки компании...
2025-03-11 14:46:55,501 [INFO] Результат обработки компании 'Билайн бизнес' (48330567) установлен 'Нет звонков'

2025-03-11 14:46:55,502 [INFO] ------------------------------------------------------------------
2025-03-11 14:46:55,502 [INFO] Происходит загрузка звонков компании 'Артурс Спа Отель' (48330795)
2025-03-11 14:46:58,035 [INFO] Количество звонков: 1
2025-03-11 14:46:58,036 [INFO] Время загрузки: 2.53 сек.

2025-03-11 14:46:58,036 [INFO] Результат обработки компании 'Артурс Спа Отель' (48330795) не был изменен

2025-03-11 14:46:58,037 [INFO] ------------------------------------------------------------------
2025-03-11 14:46:58,037 [INFO] Происходит загрузка звонков компании 'Шоколате' (48331197)
2025-03-11 14:46:59,646 [INFO] Компания 'Шоколате' не имеет звонков

2025-03-11 14:46:59,647 [INFO] Происходит отправка результата обработки компании...
2025-03-11 14:47:08,431 [INFO] Результат обработки компании 'Шоколате' (48331197) установлен 'Нет звонков'

2025-03-11 14:47:08,432 [INFO] ------------------------------------------------------------------
2025-03-11 14:47:08,432 [INFO] Происходит загрузка звонков компании 'Звонок от 79268299997' (48331399)
2025-03-11 14:47:10,580 [INFO] Компания 'Звонок от 79268299997' не имеет звонков

2025-03-11 14:47:10,582 [INFO] Происходит отправка результата обработки компании...
2025-03-11 14:47:11,774 [INFO] Результат обработки компании 'Звонок от 79268299997' (48331399) установлен 'Нет звонков'

2025-03-11 14:47:11,775 [INFO] ------------------------------------------------------------------
2025-03-11 14:47:11,775 [INFO] Происходит загрузка звонков компании 'Звонок от 78123360025' (48331417)
2025-03-11 14:47:13,529 [INFO] Компания 'Звонок от 78123360025' не имеет звонков

2025-03-11 14:47:13,530 [INFO] Происходит отправка результата обработки компании...
2025-03-11 14:47:15,315 [INFO] Результат обработки компании 'Звонок от 78123360025' (48331417) установлен 'Нет звонков'

2025-03-11 14:47:15,315 [INFO] ------------------------------------------------------------------
2025-03-11 14:47:15,315 [INFO] Происходит загрузка звонков компании 'Звонок от 79231783239' (48332347)
2025-03-11 14:47:17,603 [INFO] Количество звонков: 1
2025-03-11 14:47:17,603 [INFO] Время загрузки: 2.29 сек.

2025-03-11 14:47:17,604 [INFO] Результат обработки компании 'Звонок от 79231783239' (48332347) не был изменен

2025-03-11 14:47:17,604 [INFO] ------------------------------------------------------------------
2025-03-11 14:47:17,604 [INFO] Происходит загрузка звонков компании 'Звонок от 73432269514' (48332423)
2025-03-11 14:47:19,381 [INFO] Компания 'Звонок от 73432269514' не имеет звонков

2025-03-11 14:47:19,382 [INFO] Происходит отправка результата обработки компании...
2025-03-11 14:47:20,575 [INFO] Результат обработки компании 'Звонок от 73432269514' (48332423) установлен 'Нет звонков'

2025-03-11 14:47:20,575 [INFO] ------------------------------------------------------------------
2025-03-11 14:47:20,576 [INFO] Происходит загрузка звонков компании 'Звонок от 74992965460' (48332437)
2025-03-11 14:47:23,358 [INFO] Количество звонков: 1
2025-03-11 14:47:23,358 [INFO] Время загрузки: 2.78 сек.

2025-03-11 14:47:23,359 [INFO] Результат обработки компании 'Звонок от 74992965460' (48332437) не был изменен

2025-03-11 14:47:23,359 [INFO] ------------------------------------------------------------------
2025-03-11 14:47:23,359 [INFO] Происходит загрузка звонков компании 'Самолет Плюс 38' (48332439)
2025-03-11 14:47:25,501 [INFO] Компания 'Самолет Плюс 38' не имеет звонков

2025-03-11 14:47:25,502 [INFO] Происходит отправка результата обработки компании...
2025-03-11 14:47:26,413 [INFO] Результат обработки компании 'Самолет Плюс 38' (48332439) установлен 'Нет звонков'

2025-03-11 14:47:26,414 [INFO] ------------------------------------------------------------------
2025-03-11 14:47:26,414 [INFO] Происходит загрузка звонков компании 'Звонок от 79031269877' (48332553)
2025-03-11 14:47:28,979 [INFO] Компания 'Звонок от 79031269877' не имеет звонков

2025-03-11 14:47:28,979 [INFO] Происходит отправка результата обработки компании...
2025-03-11 14:47:30,198 [INFO] Результат обработки компании 'Звонок от 79031269877' (48332553) установлен 'Нет звонков'

2025-03-11 14:47:30,199 [INFO] ------------------------------------------------------------------
2025-03-11 14:47:30,199 [INFO] Происходит загрузка звонков компании 'Звонок от 79031080746' (48332681)
2025-03-11 14:47:31,732 [INFO] Компания 'Звонок от 79031080746' не имеет звонков

2025-03-11 14:47:31,733 [INFO] Происходит отправка результата обработки компании...
2025-03-11 14:47:34,122 [INFO] Результат обработки компании 'Звонок от 79031080746' (48332681) установлен 'Нет звонков'

2025-03-11 14:47:34,122 [INFO] ------------------------------------------------------------------
2025-03-11 14:47:34,123 [INFO] Происходит загрузка звонков компании 'Шайн Системс' (48332761)
2025-03-11 14:47:38,312 [INFO] Компания 'Шайн Системс' не имеет звонков

2025-03-11 14:47:38,313 [INFO] Происходит отправка результата обработки компании...
2025-03-11 14:47:39,321 [INFO] Результат обработки компании 'Шайн Системс' (48332761) установлен 'Нет звонков'

2025-03-11 14:47:39,321 [INFO] ------------------------------------------------------------------
2025-03-11 14:47:39,322 [INFO] Происходит загрузка звонков компании 'Звонок от 79615143851' (48332853)
2025-03-11 14:47:40,878 [INFO] Компания 'Звонок от 79615143851' не имеет звонков

2025-03-11 14:47:40,878 [INFO] Происходит отправка результата обработки компании...
2025-03-11 14:47:42,097 [INFO] Результат обработки компании 'Звонок от 79615143851' (48332853) установлен 'Нет звонков'

2025-03-11 14:47:42,098 [INFO] ------------------------------------------------------------------
2025-03-11 14:47:42,099 [INFO] Происходит загрузка звонков компании 'княгиня' (48332905)
2025-03-11 14:47:44,620 [INFO] Компания 'княгиня' не имеет звонков

2025-03-11 14:47:44,620 [INFO] Происходит отправка результата обработки компании...
2025-03-11 14:47:45,948 [INFO] Результат обработки компании 'княгиня' (48332905) установлен 'Нет звонков'

2025-03-11 14:47:45,949 [INFO] ------------------------------------------------------------------
2025-03-11 14:47:45,949 [INFO] Происходит загрузка звонков компании 'Звонок от 79586439703' (48332993)
2025-03-11 14:47:47,383 [INFO] Компания 'Звонок от 79586439703' не имеет звонков

2025-03-11 14:47:47,384 [INFO] Происходит отправка результата обработки компании...
2025-03-11 14:47:48,519 [INFO] Результат обработки компании 'Звонок от 79586439703' (48332993) установлен 'Нет звонков'

2025-03-11 14:47:48,520 [INFO] ------------------------------------------------------------------
2025-03-11 14:47:48,520 [INFO] Происходит загрузка звонков компании 'ООО РИККОНЕ' (48333013)
2025-03-11 14:47:50,785 [INFO] Компания 'ООО РИККОНЕ' не имеет звонков

2025-03-11 14:47:50,786 [INFO] Происходит отправка результата обработки компании...
2025-03-11 14:47:51,830 [INFO] Результат обработки компании 'ООО РИККОНЕ' (48333013) установлен 'Нет звонков'

2025-03-11 14:47:51,831 [INFO] ------------------------------------------------------------------
2025-03-11 14:47:51,831 [INFO] Происходит загрузка звонков компании 'ООО "ДНК ДЕВЕЛОПМЕНТ"' (48333057)
2025-03-11 14:47:56,486 [INFO] Количество звонков: 4
2025-03-11 14:47:56,487 [INFO] Время загрузки: 4.66 сек.

2025-03-11 14:47:56,488 [INFO] Результат обработки компании 'ООО "ДНК ДЕВЕЛОПМЕНТ"' (48333057) не был изменен

2025-03-11 14:47:56,488 [INFO] ------------------------------------------------------------------
2025-03-11 14:47:56,488 [INFO] Происходит загрузка звонков компании 'Сам тест инструмент' (48334241)
2025-03-11 14:48:00,442 [INFO] Количество звонков: 2
2025-03-11 14:48:00,443 [INFO] Время загрузки: 3.95 сек.

2025-03-11 14:48:00,443 [INFO] Результат обработки компании 'Сам тест инструмент' (48334241) не был изменен

2025-03-11 14:48:00,443 [INFO] ------------------------------------------------------------------
2025-03-11 14:48:00,443 [INFO] Происходит загрузка звонков компании 'Гербер агро' (48334315)
2025-03-11 14:48:02,740 [INFO] Количество звонков: 2
2025-03-11 14:48:02,740 [INFO] Время загрузки: 2.3 сек.

2025-03-11 14:48:02,741 [INFO] Результат обработки компании 'Гербер агро' (48334315) не был изменен

2025-03-11 14:48:02,741 [INFO] ------------------------------------------------------------------
2025-03-11 14:48:02,741 [INFO] Происходит загрузка звонков компании 'Мел ОАО' (48334429)
2025-03-11 14:48:08,017 [INFO] Количество звонков: 4
2025-03-11 14:48:08,018 [INFO] Время загрузки: 5.28 сек.

2025-03-11 14:48:08,019 [INFO] Результат обработки компании 'Мел ОАО' (48334429) не был изменен

2025-03-11 14:48:08,019 [INFO] ------------------------------------------------------------------
2025-03-11 14:48:08,019 [INFO] Происходит загрузка звонков компании 'Звонок от 79286654342' (48334449)
2025-03-11 14:48:10,187 [INFO] Компания 'Звонок от 79286654342' не имеет звонков

2025-03-11 14:48:10,188 [INFO] Происходит отправка результата обработки компании...
2025-03-11 14:48:11,403 [INFO] Результат обработки компании 'Звонок от 79286654342' (48334449) установлен 'Нет звонков'

2025-03-11 14:48:11,403 [INFO] ------------------------------------------------------------------
2025-03-11 14:48:11,404 [INFO] Происходит загрузка звонков компании 'Гербер агро' (48334549)
2025-03-11 14:48:14,033 [INFO] Компания 'Гербер агро' не имеет звонков

2025-03-11 14:48:14,033 [INFO] Происходит отправка результата обработки компании...
2025-03-11 14:48:15,986 [INFO] Результат обработки компании 'Гербер агро' (48334549) установлен 'Нет звонков'

2025-03-11 14:48:15,987 [INFO] ------------------------------------------------------------------
2025-03-11 14:48:15,987 [INFO] Происходит загрузка звонков компании 'Холдинг Аква' (48334859)
2025-03-11 14:48:23,450 [INFO] Количество звонков: 1
2025-03-11 14:48:23,451 [INFO] Время загрузки: 7.46 сек.

2025-03-11 14:48:23,451 [INFO] Результат обработки компании 'Холдинг Аква' (48334859) не был изменен

2025-03-11 14:48:23,451 [INFO] ------------------------------------------------------------------
2025-03-11 14:48:23,452 [INFO] Происходит загрузка звонков компании 'Черкизово' (48335485)
2025-03-11 14:48:25,725 [INFO] Количество звонков: 1
2025-03-11 14:48:25,726 [INFO] Время загрузки: 2.27 сек.

2025-03-11 14:48:25,726 [INFO] Результат обработки компании 'Черкизово' (48335485) не был изменен

2025-03-11 14:48:25,727 [INFO] ------------------------------------------------------------------
2025-03-11 14:48:25,727 [INFO] Происходит загрузка звонков компании 'УК ООО "ТМС групп"' (48335519)
2025-03-11 14:48:27,664 [INFO] Количество звонков: 1
2025-03-11 14:48:27,665 [INFO] Время загрузки: 1.94 сек.

2025-03-11 14:48:27,666 [INFO] Результат обработки компании 'УК ООО "ТМС групп"' (48335519) не был изменен

2025-03-11 14:48:27,666 [INFO] ------------------------------------------------------------------
2025-03-11 14:48:27,666 [INFO] Происходит загрузка звонков компании 'ООО "ВЭЛЛСЕРВИС"' (48335523)
2025-03-11 14:48:30,420 [INFO] Количество звонков: 1
2025-03-11 14:48:30,420 [INFO] Время загрузки: 2.75 сек.

2025-03-11 14:48:30,421 [INFO] Результат обработки компании 'ООО "ВЭЛЛСЕРВИС"' (48335523) не был изменен

2025-03-11 14:48:30,421 [INFO] ------------------------------------------------------------------
2025-03-11 14:48:30,421 [INFO] Происходит загрузка звонков компании 'ООО "СпецПетроСервис"' (48335529)
2025-03-11 14:48:32,257 [INFO] Компания 'ООО "СпецПетроСервис"' не имеет звонков

2025-03-11 14:48:32,258 [INFO] Происходит отправка результата обработки компании...
2025-03-11 14:48:33,154 [INFO] Результат обработки компании 'ООО "СпецПетроСервис"' (48335529) установлен 'Нет звонков'

2025-03-11 14:48:33,155 [INFO] ------------------------------------------------------------------
2025-03-11 14:48:33,155 [INFO] Происходит загрузка звонков компании 'ООО "Газпромнефть-Заполярье"' (48335533)
2025-03-11 14:48:35,136 [INFO] Количество звонков: 1
2025-03-11 14:48:35,137 [INFO] Время загрузки: 1.98 сек.

2025-03-11 14:48:35,137 [INFO] Результат обработки компании 'ООО "Газпромнефть-Заполярье"' (48335533) не был изменен

2025-03-11 14:48:35,137 [INFO] ------------------------------------------------------------------
2025-03-11 14:48:35,138 [INFO] Происходит загрузка звонков компании 'ООО "ФракДжет-Волга"' (48335549)
2025-03-11 14:48:37,110 [INFO] Количество звонков: 1
2025-03-11 14:48:37,110 [INFO] Время загрузки: 1.97 сек.

2025-03-11 14:48:37,110 [INFO] Результат обработки компании 'ООО "ФракДжет-Волга"' (48335549) не был изменен

2025-03-11 14:48:37,111 [INFO] ------------------------------------------------------------------
2025-03-11 14:48:37,111 [INFO] Происходит загрузка звонков компании 'ООО "Газпром подземремонт Уренгой"' (48335555)
2025-03-11 14:48:38,828 [INFO] Компания 'ООО "Газпром подземремонт Уренгой"' не имеет звонков

2025-03-11 14:48:38,829 [INFO] Происходит отправка результата обработки компании...
2025-03-11 14:48:39,847 [INFO] Результат обработки компании 'ООО "Газпром подземремонт Уренгой"' (48335555) установлен 'Нет звонков'

2025-03-11 14:48:39,847 [INFO] ------------------------------------------------------------------
2025-03-11 14:48:39,848 [INFO] Происходит загрузка звонков компании 'АО "Ермаковское предприятие по Ремонту Скважин"' (48335567)
2025-03-11 14:48:42,664 [INFO] Количество звонков: 1
2025-03-11 14:48:42,665 [INFO] Время загрузки: 2.82 сек.

2025-03-11 14:48:42,666 [INFO] Результат обработки компании 'АО "Ермаковское предприятие по Ремонту Скважин"' (48335567) не был изменен

2025-03-11 14:48:42,666 [INFO] ------------------------------------------------------------------
2025-03-11 14:48:42,666 [INFO] Происходит загрузка звонков компании 'Звонок от 79224017935' (48335897)
2025-03-11 14:48:44,296 [INFO] Компания 'Звонок от 79224017935' не имеет звонков

2025-03-11 14:48:44,297 [INFO] Происходит отправка результата обработки компании...
2025-03-11 14:48:45,291 [INFO] Результат обработки компании 'Звонок от 79224017935' (48335897) установлен 'Нет звонков'

2025-03-11 14:48:45,292 [INFO] ------------------------------------------------------------------
2025-03-11 14:48:45,292 [INFO] Происходит загрузка звонков компании 'Звонок от 79138986222' (48335903)
2025-03-11 14:48:46,976 [INFO] Компания 'Звонок от 79138986222' не имеет звонков

2025-03-11 14:48:46,977 [INFO] Происходит отправка результата обработки компании...
2025-03-11 14:48:48,041 [INFO] Результат обработки компании 'Звонок от 79138986222' (48335903) установлен 'Нет звонков'

2025-03-11 14:48:48,041 [INFO] ------------------------------------------------------------------
2025-03-11 14:48:48,042 [INFO] Происходит загрузка звонков компании 'Берёзка' (48335943)
2025-03-11 14:48:50,624 [INFO] Количество звонков: 10
2025-03-11 14:48:50,624 [INFO] Время загрузки: 2.58 сек.

2025-03-11 14:48:50,625 [INFO] Результат обработки компании 'Берёзка' (48335943) не был изменен

2025-03-11 14:48:50,625 [INFO] ------------------------------------------------------------------
2025-03-11 14:48:50,625 [INFO] Происходит загрузка звонков компании 'Континентзоо' (48336067)
2025-03-11 14:48:53,381 [INFO] Количество звонков: 5
2025-03-11 14:48:53,382 [INFO] Время загрузки: 2.76 сек.

2025-03-11 14:48:53,382 [INFO] Результат обработки компании 'Континентзоо' (48336067) не был изменен

2025-03-11 14:48:53,383 [INFO] ------------------------------------------------------------------
2025-03-11 14:48:53,383 [INFO] Происходит загрузка звонков компании 'Газпромнефть Логистика' (48336071)
2025-03-11 14:48:56,087 [INFO] Количество звонков: 4
2025-03-11 14:48:56,087 [INFO] Время загрузки: 2.7 сек.

2025-03-11 14:48:56,088 [INFO] Результат обработки компании 'Газпромнефть Логистика' (48336071) не был изменен

2025-03-11 14:48:56,088 [INFO] ------------------------------------------------------------------
2025-03-11 14:48:56,088 [INFO] Происходит загрузка звонков компании 'Ростелеком МСК/ПИТЕР HR' (48336111)
2025-03-11 14:48:58,554 [INFO] Количество звонков: 1
2025-03-11 14:48:58,554 [INFO] Время загрузки: 2.47 сек.

2025-03-11 14:48:58,554 [INFO] Результат обработки компании 'Ростелеком МСК/ПИТЕР HR' (48336111) не был изменен

2025-03-11 14:48:58,554 [INFO] ------------------------------------------------------------------
2025-03-11 14:48:58,554 [INFO] Происходит загрузка звонков компании 'Звонок от 73432217763' (48336141)
2025-03-11 14:48:59,820 [INFO] Компания 'Звонок от 73432217763' не имеет звонков

2025-03-11 14:48:59,820 [INFO] Происходит отправка результата обработки компании...
2025-03-11 14:49:01,042 [INFO] Результат обработки компании 'Звонок от 73432217763' (48336141) установлен 'Нет звонков'

2025-03-11 14:49:01,042 [INFO] ------------------------------------------------------------------
2025-03-11 14:49:01,042 [INFO] Происходит загрузка звонков компании 'Newspire' (48336387)
2025-03-11 14:49:03,228 [INFO] Компания 'Newspire' не имеет звонков

2025-03-11 14:49:03,229 [INFO] Происходит отправка результата обработки компании...
2025-03-11 14:49:04,183 [INFO] Результат обработки компании 'Newspire' (48336387) установлен 'Нет звонков'

2025-03-11 14:49:04,184 [INFO] ------------------------------------------------------------------
2025-03-11 14:49:04,185 [INFO] Происходит загрузка звонков компании 'КАО «Азот»' (48336583)
2025-03-11 14:49:05,919 [INFO] Компания 'КАО «Азот»' не имеет звонков

2025-03-11 14:49:05,920 [INFO] Происходит отправка результата обработки компании...
2025-03-11 14:49:07,168 [INFO] Результат обработки компании 'КАО «Азот»' (48336583) установлен 'Нет звонков'

2025-03-11 14:49:07,169 [INFO] ------------------------------------------------------------------
2025-03-11 14:49:07,169 [INFO] Происходит загрузка звонков компании 'Агенство недвижимости' (48336597)
2025-03-11 14:49:11,180 [INFO] Количество звонков: 2
2025-03-11 14:49:11,181 [INFO] Время загрузки: 4.01 сек.

2025-03-11 14:49:11,181 [INFO] Результат обработки компании 'Агенство недвижимости' (48336597) не был изменен

2025-03-11 14:49:11,182 [INFO] ------------------------------------------------------------------
2025-03-11 14:49:11,182 [INFO] Происходит загрузка звонков компании 'Звонок от 79059751880' (48336631)
2025-03-11 14:49:13,637 [INFO] Компания 'Звонок от 79059751880' не имеет звонков

2025-03-11 14:49:13,637 [INFO] Происходит отправка результата обработки компании...
2025-03-11 14:49:14,844 [INFO] Результат обработки компании 'Звонок от 79059751880' (48336631) установлен 'Нет звонков'

2025-03-11 14:49:14,844 [INFO] ------------------------------------------------------------------
2025-03-11 14:49:14,845 [INFO] Происходит загрузка звонков компании 'Маккофе' (48337437)
2025-03-11 14:49:17,999 [INFO] Количество звонков: 1
2025-03-11 14:49:18,000 [INFO] Время загрузки: 3.15 сек.

2025-03-11 14:49:18,000 [INFO] Результат обработки компании 'Маккофе' (48337437) не был изменен

2025-03-11 14:49:18,000 [INFO] ------------------------------------------------------------------
2025-03-11 14:49:18,000 [INFO] Происходит загрузка звонков компании 'Мегаполис' (48337935)
2025-03-11 14:49:21,100 [INFO] Количество звонков: 1
2025-03-11 14:49:21,101 [INFO] Время загрузки: 3.1 сек.

2025-03-11 14:49:21,101 [INFO] Результат обработки компании 'Мегаполис' (48337935) не был изменен

2025-03-11 14:49:21,101 [INFO] ------------------------------------------------------------------
2025-03-11 14:49:21,102 [INFO] Происходит загрузка звонков компании 'Инфозащита' (48339279)
2025-03-11 14:49:24,389 [INFO] Количество звонков: 6
2025-03-11 14:49:24,389 [INFO] Время загрузки: 3.29 сек.

2025-03-11 14:49:24,390 [INFO] Результат обработки компании 'Инфозащита' (48339279) не был изменен

2025-03-11 14:49:24,390 [INFO] ------------------------------------------------------------------
2025-03-11 14:49:24,390 [INFO] Происходит загрузка звонков компании 'IT Touch Solutions' (48339433)
2025-03-11 14:49:26,365 [INFO] Компания 'IT Touch Solutions' не имеет звонков

2025-03-11 14:49:26,366 [INFO] Происходит отправка результата обработки компании...
2025-03-11 14:49:27,538 [INFO] Результат обработки компании 'IT Touch Solutions' (48339433) установлен 'Нет звонков'

2025-03-11 14:49:27,539 [INFO] ------------------------------------------------------------------
2025-03-11 14:49:27,539 [INFO] Происходит загрузка звонков компании 'Звонок от 79130068109' (48339515)
2025-03-11 14:49:29,107 [INFO] Компания 'Звонок от 79130068109' не имеет звонков

2025-03-11 14:49:29,107 [INFO] Происходит отправка результата обработки компании...
2025-03-11 14:49:30,276 [INFO] Результат обработки компании 'Звонок от 79130068109' (48339515) установлен 'Нет звонков'

2025-03-11 14:49:30,277 [INFO] ------------------------------------------------------------------
2025-03-11 14:49:30,277 [INFO] Происходит загрузка звонков компании 'ГК Омега' (48339865)
2025-03-11 14:49:32,765 [INFO] Количество звонков: 4
2025-03-11 14:49:32,765 [INFO] Время загрузки: 2.49 сек.

2025-03-11 14:49:32,768 [INFO] Результат обработки компании 'ГК Омега' (48339865) не был изменен

2025-03-11 14:49:32,769 [INFO] ------------------------------------------------------------------
2025-03-11 14:49:32,769 [INFO] Происходит загрузка звонков компании 'ТСС Групп' (48339885)
2025-03-11 14:49:35,380 [INFO] Количество звонков: 1
2025-03-11 14:49:35,381 [INFO] Время загрузки: 2.61 сек.

2025-03-11 14:49:35,381 [INFO] Результат обработки компании 'ТСС Групп' (48339885) не был изменен

2025-03-11 14:49:35,382 [INFO] ------------------------------------------------------------------
2025-03-11 14:49:35,382 [INFO] Происходит загрузка звонков компании 'БИТАЙР' (48339933)
2025-03-11 14:49:38,637 [INFO] Количество звонков: 9
2025-03-11 14:49:38,637 [INFO] Время загрузки: 3.26 сек.

2025-03-11 14:49:38,638 [INFO] Результат обработки компании 'БИТАЙР' (48339933) не был изменен

2025-03-11 14:49:38,638 [INFO] ------------------------------------------------------------------
2025-03-11 14:49:38,638 [INFO] Происходит загрузка звонков компании 'Якутгазпроект' (48340039)
2025-03-11 14:49:41,167 [INFO] Количество звонков: 3
2025-03-11 14:49:41,168 [INFO] Время загрузки: 2.53 сек.

2025-03-11 14:49:41,168 [INFO] Результат обработки компании 'Якутгазпроект' (48340039) не был изменен

2025-03-11 14:49:41,169 [INFO] ------------------------------------------------------------------
2025-03-11 14:49:41,169 [INFO] Происходит загрузка звонков компании 'ГРОСПИРОН' (48345757)
2025-03-11 14:49:43,643 [INFO] Компания 'ГРОСПИРОН' не имеет звонков

2025-03-11 14:49:43,644 [INFO] Происходит отправка результата обработки компании...
2025-03-11 14:49:44,643 [INFO] Результат обработки компании 'ГРОСПИРОН' (48345757) установлен 'Нет звонков'

2025-03-11 14:49:44,644 [INFO] ------------------------------------------------------------------
2025-03-11 14:49:44,644 [INFO] Происходит загрузка звонков компании 'Звонок от 73833634516' (48345819)
2025-03-11 14:49:45,844 [INFO] Компания 'Звонок от 73833634516' не имеет звонков

2025-03-11 14:49:45,845 [INFO] Происходит отправка результата обработки компании...
2025-03-11 14:49:47,192 [INFO] Результат обработки компании 'Звонок от 73833634516' (48345819) установлен 'Нет звонков'

2025-03-11 14:49:47,192 [INFO] ------------------------------------------------------------------
2025-03-11 14:49:47,192 [INFO] Происходит загрузка звонков компании 'Смартфасад' (48345863)
2025-03-11 14:49:49,370 [INFO] Компания 'Смартфасад' не имеет звонков

2025-03-11 14:49:49,370 [INFO] Происходит отправка результата обработки компании...
2025-03-11 14:49:50,261 [INFO] Результат обработки компании 'Смартфасад' (48345863) установлен 'Нет звонков'

2025-03-11 14:49:50,261 [INFO] ------------------------------------------------------------------
2025-03-11 14:49:50,261 [INFO] Происходит загрузка звонков компании 'Звонок от 79134547979' (48346125)
2025-03-11 14:49:51,976 [INFO] Компания 'Звонок от 79134547979' не имеет звонков

2025-03-11 14:49:51,976 [INFO] Происходит отправка результата обработки компании...
2025-03-11 14:49:53,007 [INFO] Результат обработки компании 'Звонок от 79134547979' (48346125) установлен 'Нет звонков'

2025-03-11 14:49:53,008 [INFO] ------------------------------------------------------------------
2025-03-11 14:49:53,008 [INFO] Происходит загрузка звонков компании 'Звонок от 79398626681' (48346203)
2025-03-11 14:49:54,856 [INFO] Компания 'Звонок от 79398626681' не имеет звонков

2025-03-11 14:49:54,857 [INFO] Происходит отправка результата обработки компании...
2025-03-11 14:49:55,930 [INFO] Результат обработки компании 'Звонок от 79398626681' (48346203) установлен 'Нет звонков'

2025-03-11 14:49:55,931 [INFO] ------------------------------------------------------------------
2025-03-11 14:49:55,931 [INFO] Происходит загрузка звонков компании 'Звонок от 79688943186' (48346323)
2025-03-11 14:49:57,266 [INFO] Компания 'Звонок от 79688943186' не имеет звонков

2025-03-11 14:49:57,267 [INFO] Происходит отправка результата обработки компании...
2025-03-11 14:49:58,404 [INFO] Результат обработки компании 'Звонок от 79688943186' (48346323) установлен 'Нет звонков'

2025-03-11 14:49:58,405 [INFO] ------------------------------------------------------------------
2025-03-11 14:49:58,405 [INFO] Происходит загрузка звонков компании 'Звонок от 79921022397' (48346345)
2025-03-11 14:50:00,064 [INFO] Количество звонков: 1
2025-03-11 14:50:00,064 [INFO] Время загрузки: 1.66 сек.

2025-03-11 14:50:00,065 [INFO] Результат обработки компании 'Звонок от 79921022397' (48346345) не был изменен

2025-03-11 14:50:00,065 [INFO] ------------------------------------------------------------------
2025-03-11 14:50:00,065 [INFO] Происходит загрузка звонков компании 'Happy People' (48348225)
2025-03-11 14:50:02,491 [INFO] Компания 'Happy People' не имеет звонков

2025-03-11 14:50:02,492 [INFO] Происходит отправка результата обработки компании...
2025-03-11 14:50:03,635 [INFO] Результат обработки компании 'Happy People' (48348225) установлен 'Нет звонков'

2025-03-11 14:50:03,635 [INFO] ------------------------------------------------------------------
2025-03-11 14:50:03,636 [INFO] Происходит загрузка звонков компании 'Звонок от 79237657098' (48349033)
2025-03-11 14:50:07,208 [INFO] Количество звонков: 1
2025-03-11 14:50:07,208 [INFO] Время загрузки: 3.57 сек.

2025-03-11 14:50:07,209 [INFO] Результат обработки компании 'Звонок от 79237657098' (48349033) не был изменен

2025-03-11 14:50:07,209 [INFO] ------------------------------------------------------------------
2025-03-11 14:50:07,209 [INFO] Происходит загрузка звонков компании 'ФГБНУ "Омский АНЦ"' (48350653)
2025-03-11 14:50:12,171 [INFO] Количество звонков: 4
2025-03-11 14:50:12,172 [INFO] Время загрузки: 4.96 сек.

2025-03-11 14:50:12,172 [INFO] Результат обработки компании 'ФГБНУ "Омский АНЦ"' (48350653) не был изменен

2025-03-11 14:50:12,172 [INFO] ------------------------------------------------------------------
2025-03-11 14:50:12,172 [INFO] Происходит загрузка звонков компании 'Название не указано' (48260861)
2025-03-11 14:50:14,320 [INFO] Компания 'Название не указано' не имеет звонков

2025-03-11 14:50:14,320 [INFO] Происходит отправка результата обработки компании...
2025-03-11 14:50:16,030 [INFO] Результат обработки компании 'Название не указано' (48260861) установлен 'Нет звонков'

2025-03-11 14:50:16,031 [INFO] ------------------------------------------------------------------
2025-03-11 14:50:16,031 [INFO] Происходит загрузка звонков компании 'Транснефтьэнерго' (48260877)
2025-03-11 14:50:18,520 [INFO] Компания 'Транснефтьэнерго' не имеет звонков

2025-03-11 14:50:18,520 [INFO] Происходит отправка результата обработки компании...
2025-03-11 14:50:20,209 [INFO] Результат обработки компании 'Транснефтьэнерго' (48260877) установлен 'Нет звонков'

2025-03-11 14:50:20,209 [INFO] ------------------------------------------------------------------
2025-03-11 14:50:20,209 [INFO] Происходит загрузка звонков компании 'ООО Нед-центр' (48261209)
2025-03-11 14:50:25,096 [INFO] Количество звонков: 8
2025-03-11 14:50:25,096 [INFO] Время загрузки: 4.89 сек.

2025-03-11 14:50:25,096 [INFO] Результат обработки компании 'ООО Нед-центр' (48261209) не был изменен

2025-03-11 14:50:25,096 [INFO] ------------------------------------------------------------------
2025-03-11 14:50:25,096 [INFO] Происходит загрузка звонков компании 'Звонок от 79217417630' (48261309)
2025-03-11 14:50:26,975 [INFO] Компания 'Звонок от 79217417630' не имеет звонков

2025-03-11 14:50:26,976 [INFO] Происходит отправка результата обработки компании...
2025-03-11 14:50:27,931 [INFO] Результат обработки компании 'Звонок от 79217417630' (48261309) установлен 'Нет звонков'

2025-03-11 14:50:27,931 [INFO] ------------------------------------------------------------------
2025-03-11 14:50:27,931 [INFO] Происходит загрузка звонков компании 'Мария' (48261505)
2025-03-11 14:50:29,713 [INFO] Компания 'Мария' не имеет звонков

2025-03-11 14:50:29,713 [INFO] Происходит отправка результата обработки компании...
2025-03-11 14:50:30,976 [INFO] Результат обработки компании 'Мария' (48261505) установлен 'Нет звонков'

2025-03-11 14:50:30,976 [INFO] ------------------------------------------------------------------
2025-03-11 14:50:30,977 [INFO] Происходит загрузка звонков компании 'Profi Tool' (48261599)
2025-03-11 14:50:33,496 [INFO] Компания 'Profi Tool' не имеет звонков

2025-03-11 14:50:33,497 [INFO] Происходит отправка результата обработки компании...
2025-03-11 14:50:34,739 [INFO] Результат обработки компании 'Profi Tool' (48261599) установлен 'Нет звонков'

2025-03-11 14:50:34,740 [INFO] ------------------------------------------------------------------
2025-03-11 14:50:34,740 [INFO] Происходит загрузка звонков компании 'Звонок от 79035132706' (48261615)
2025-03-11 14:50:36,628 [INFO] Количество звонков: 1
2025-03-11 14:50:36,628 [INFO] Время загрузки: 1.89 сек.

2025-03-11 14:50:36,629 [INFO] Результат обработки компании 'Звонок от 79035132706' (48261615) не был изменен

2025-03-11 14:50:36,629 [INFO] ------------------------------------------------------------------
2025-03-11 14:50:36,629 [INFO] Происходит загрузка звонков компании 'Звонок от 79281190239' (48261751)
2025-03-11 14:50:40,225 [INFO] Компания 'Звонок от 79281190239' не имеет звонков

2025-03-11 14:50:40,225 [INFO] Происходит отправка результата обработки компании...
2025-03-11 14:50:41,117 [INFO] Результат обработки компании 'Звонок от 79281190239' (48261751) установлен 'Нет звонков'

2025-03-11 14:50:41,118 [INFO] ------------------------------------------------------------------
2025-03-11 14:50:41,118 [INFO] Происходит загрузка звонков компании 'Неизвестный лид от Envybox' (48262321)
2025-03-11 14:50:42,666 [INFO] Компания 'Неизвестный лид от Envybox' не имеет звонков

2025-03-11 14:50:42,667 [INFO] Происходит отправка результата обработки компании...
2025-03-11 14:50:43,910 [INFO] Результат обработки компании 'Неизвестный лид от Envybox' (48262321) установлен 'Нет звонков'

2025-03-11 14:50:43,911 [INFO] ------------------------------------------------------------------
2025-03-11 14:50:43,911 [INFO] Происходит загрузка звонков компании 'Илан Норильск' (48262433)
2025-03-11 14:50:47,365 [INFO] Количество звонков: 9
2025-03-11 14:50:47,365 [INFO] Время загрузки: 3.45 сек.

2025-03-11 14:50:47,365 [INFO] Результат обработки компании 'Илан Норильск' (48262433) не был изменен

2025-03-11 14:50:47,365 [INFO] ------------------------------------------------------------------
2025-03-11 14:50:47,366 [INFO] Происходит загрузка звонков компании 'Акционерное общество "Ижевский опытно-механический завод"' (48262457)
2025-03-11 14:50:49,848 [INFO] Количество звонков: 7
2025-03-11 14:50:49,849 [INFO] Время загрузки: 2.48 сек.

2025-03-11 14:50:49,849 [INFO] Результат обработки компании 'Акционерное общество "Ижевский опытно-механический завод"' (48262457) не был изменен

2025-03-11 14:50:49,849 [INFO] ------------------------------------------------------------------
2025-03-11 14:50:49,849 [INFO] Происходит загрузка звонков компании 'ООО «АгроЛайн»' (48262519)
2025-03-11 14:50:52,312 [INFO] Количество звонков: 1
2025-03-11 14:50:52,313 [INFO] Время загрузки: 2.46 сек.

2025-03-11 14:50:52,313 [INFO] Результат обработки компании 'ООО «АгроЛайн»' (48262519) не был изменен

2025-03-11 14:50:52,314 [INFO] ------------------------------------------------------------------
2025-03-11 14:50:52,314 [INFO] Происходит загрузка звонков компании 'Звонок от 79132093234' (48262711)
2025-03-11 14:50:53,596 [INFO] Компания 'Звонок от 79132093234' не имеет звонков

2025-03-11 14:50:53,597 [INFO] Происходит отправка результата обработки компании...
2025-03-11 14:50:54,648 [INFO] Результат обработки компании 'Звонок от 79132093234' (48262711) установлен 'Нет звонков'

2025-03-11 14:50:54,648 [INFO] ------------------------------------------------------------------
2025-03-11 14:50:54,649 [INFO] Происходит загрузка звонков компании 'Росатом АО' (48262799)
2025-03-11 14:50:57,183 [INFO] Количество звонков: 8
2025-03-11 14:50:57,183 [INFO] Время загрузки: 2.53 сек.

2025-03-11 14:50:57,184 [INFO] Результат обработки компании 'Росатом АО' (48262799) не был изменен

