2025-03-11 16:02:37,943 [INFO] Скрипт запущен
2025-03-11 16:02:37,944 [INFO] Происходит загрузка компаний...
2025-03-11 16:02:39,413 [INFO] Загружено 200 компаний за 1.47 секунд

2025-03-11 16:02:39,414 [INFO] Прогресс: 1 из 200 компаний (1.0%)
2025-03-11 16:02:39,414 [INFO] ------------------------------------------------------------------
2025-03-11 16:02:39,414 [INFO] Происходит загрузка звонков компании 'МАУ ДО ГРЦ ОООД «ФорУс»' (48374001)
2025-03-11 16:02:43,323 [INFO] Количество звонков: 9
2025-03-11 16:02:43,324 [INFO] Время загрузки: 3.91 сек.

2025-03-11 16:02:43,325 [INFO] Результат обработки компании 'МАУ ДО ГРЦ ОООД «ФорУс»' (48374001) не был изменен

2025-03-11 16:02:43,325 [INFO] Прогресс: 2 из 200 компаний (1.0%)
2025-03-11 16:02:43,325 [INFO] ------------------------------------------------------------------
2025-03-11 16:02:43,325 [INFO] Происходит загрузка звонков компании 'ПКФ ДиПОС' (48378701)
2025-03-11 16:02:47,860 [INFO] Количество звонков: 2
2025-03-11 16:02:47,860 [INFO] Время загрузки: 4.53 сек.

2025-03-11 16:02:47,861 [INFO] Результат обработки компании 'ПКФ ДиПОС' (48378701) не был изменен

2025-03-11 16:02:47,861 [INFO] Прогресс: 3 из 200 компаний (1.0%)
2025-03-11 16:02:47,861 [INFO] ------------------------------------------------------------------
2025-03-11 16:02:47,861 [INFO] Происходит загрузка звонков компании 'АО Гидрогаз' (48378849)
2025-03-11 16:02:53,650 [INFO] Количество звонков: 10
2025-03-11 16:02:53,651 [INFO] Время загрузки: 5.79 сек.

2025-03-11 16:02:53,651 [INFO] Результат обработки компании 'АО Гидрогаз' (48378849) не был изменен

2025-03-11 16:02:53,651 [INFO] Прогресс: 4 из 200 компаний (2.0%)
2025-03-11 16:02:53,651 [INFO] ------------------------------------------------------------------
2025-03-11 16:02:53,652 [INFO] Происходит загрузка звонков компании 'Северская Трубная Компания (' (48379029)
2025-03-11 16:02:56,147 [INFO] Количество звонков: 2
2025-03-11 16:02:56,147 [INFO] Время загрузки: 2.5 сек.

2025-03-11 16:02:56,148 [INFO] Результат обработки компании 'Северская Трубная Компания (' (48379029) не был изменен

2025-03-11 16:02:56,148 [INFO] Прогресс: 5 из 200 компаний (3.0%)
2025-03-11 16:02:56,148 [INFO] ------------------------------------------------------------------
2025-03-11 16:02:56,148 [INFO] Происходит загрузка звонков компании 'Транстехно-Новосибирск' (48381567)
2025-03-11 16:02:59,713 [INFO] Количество звонков: 6
2025-03-11 16:02:59,713 [INFO] Время загрузки: 3.56 сек.

2025-03-11 16:02:59,714 [INFO] Результат обработки компании 'Транстехно-Новосибирск' (48381567) не был изменен

2025-03-11 16:02:59,714 [INFO] Прогресс: 6 из 200 компаний (3.0%)
2025-03-11 16:02:59,714 [INFO] ------------------------------------------------------------------
2025-03-11 16:02:59,714 [INFO] Происходит загрузка звонков компании 'Звонок от 78312469434' (48305829)
2025-03-11 16:03:02,690 [INFO] Количество звонков: 1
2025-03-11 16:03:02,690 [INFO] Время загрузки: 2.98 сек.

2025-03-11 16:03:02,691 [INFO] Результат обработки компании 'Звонок от 78312469434' (48305829) не был изменен

2025-03-11 16:03:02,691 [INFO] Прогресс: 7 из 200 компаний (4.0%)
2025-03-11 16:03:02,692 [INFO] ------------------------------------------------------------------
2025-03-11 16:03:02,692 [INFO] Происходит загрузка звонков компании 'Звонок от 79618753344' (48306469)
2025-03-11 16:03:06,239 [INFO] Количество звонков: 1
2025-03-11 16:03:06,239 [INFO] Время загрузки: 3.55 сек.

2025-03-11 16:03:06,240 [INFO] Результат обработки компании 'Звонок от 79618753344' (48306469) не был изменен

2025-03-11 16:03:06,240 [INFO] Прогресс: 8 из 200 компаний (4.0%)
2025-03-11 16:03:06,240 [INFO] ------------------------------------------------------------------
2025-03-11 16:03:06,240 [INFO] Происходит загрузка звонков компании 'Звонок от 79822876182' (48324627)
2025-03-11 16:03:08,924 [INFO] Количество звонков: 13
2025-03-11 16:03:08,925 [INFO] Время загрузки: 2.68 сек.

2025-03-11 16:03:08,925 [INFO] Результат обработки компании 'Звонок от 79822876182' (48324627) не был изменен

2025-03-11 16:03:08,925 [INFO] Прогресс: 9 из 200 компаний (4.0%)
2025-03-11 16:03:08,925 [INFO] ------------------------------------------------------------------
2025-03-11 16:03:08,925 [INFO] Происходит загрузка звонков компании 'Администрация нижнеилимского района' (48326407)
2025-03-11 16:03:12,382 [INFO] Количество звонков: 6
2025-03-11 16:03:12,382 [INFO] Время загрузки: 3.46 сек.

2025-03-11 16:03:12,383 [INFO] Результат обработки компании 'Администрация нижнеилимского района' (48326407) не был изменен

2025-03-11 16:03:12,383 [INFO] Прогресс: 10 из 200 компаний (5.0%)
2025-03-11 16:03:12,383 [INFO] ------------------------------------------------------------------
2025-03-11 16:03:12,383 [INFO] Происходит загрузка звонков компании 'Hono-R' (48326633)
2025-03-11 16:03:15,456 [INFO] Количество звонков: 22
2025-03-11 16:03:15,456 [INFO] Время загрузки: 3.07 сек.

2025-03-11 16:03:15,456 [INFO] Результат обработки компании 'Hono-R' (48326633) не был изменен

2025-03-11 16:03:15,457 [INFO] Прогресс: 11 из 200 компаний (6.0%)
2025-03-11 16:03:15,457 [INFO] ------------------------------------------------------------------
2025-03-11 16:03:15,457 [INFO] Происходит загрузка звонков компании 'Артурс Спа Отель' (48330795)
