2025-03-11 16:37:59,544 [INFO] Скрипт запущен
2025-03-11 16:37:59,544 [INFO] Происходит загрузка компаний...
2025-03-11 16:38:01,860 [INFO] Загружено 10 компаний за 2.32 секунд

2025-03-11 16:38:01,861 [INFO] Прогресс: 1 из 10 компаний (10.0%)
2025-03-11 16:38:01,861 [INFO] ------------------------------------------------------------------
2025-03-11 16:38:01,861 [INFO] Происходит загрузка звонков компании 'МАУ ДО ГРЦ ОООД «ФорУс»' (48374001)
2025-03-11 16:38:04,585 [INFO] Количество звонков: 9
2025-03-11 16:38:04,586 [INFO] Время загрузки: 2.72 сек.

2025-03-11 16:38:04,586 [INFO] Результат обработки компании 'МАУ ДО ГРЦ ОООД «ФорУс»' (48374001) не был изменен

2025-03-11 16:38:04,587 [INFO] Прогресс: 2 из 10 компаний (20.0%)
2025-03-11 16:38:04,587 [INFO] ------------------------------------------------------------------
2025-03-11 16:38:04,587 [INFO] Происходит загрузка звонков компании 'ПКФ ДиПОС' (48378701)
2025-03-11 16:38:08,512 [INFO] Количество звонков: 2
2025-03-11 16:38:08,512 [INFO] Время загрузки: 3.93 сек.

2025-03-11 16:38:08,513 [INFO] Результат обработки компании 'ПКФ ДиПОС' (48378701) не был изменен

2025-03-11 16:38:08,513 [INFO] Прогресс: 3 из 10 компаний (30.0%)
2025-03-11 16:38:08,513 [INFO] ------------------------------------------------------------------
2025-03-11 16:38:08,513 [INFO] Происходит загрузка звонков компании 'АО Гидрогаз' (48378849)
2025-03-11 16:38:12,257 [INFO] Количество звонков: 10
2025-03-11 16:38:12,258 [INFO] Время загрузки: 3.74 сек.

2025-03-11 16:38:12,258 [INFO] Результат обработки компании 'АО Гидрогаз' (48378849) не был изменен

2025-03-11 16:38:12,258 [INFO] Прогресс: 4 из 10 компаний (40.0%)
2025-03-11 16:38:12,258 [INFO] ------------------------------------------------------------------
2025-03-11 16:38:12,259 [INFO] Происходит загрузка звонков компании 'Северская Трубная Компания (' (48379029)
2025-03-11 16:38:14,324 [INFO] Количество звонков: 2
2025-03-11 16:38:14,324 [INFO] Время загрузки: 2.07 сек.

2025-03-11 16:38:14,325 [INFO] Результат обработки компании 'Северская Трубная Компания (' (48379029) не был изменен

2025-03-11 16:38:14,325 [INFO] Прогресс: 5 из 10 компаний (50.0%)
2025-03-11 16:38:14,326 [INFO] ------------------------------------------------------------------
2025-03-11 16:38:14,326 [INFO] Происходит загрузка звонков компании 'Транстехно-Новосибирск' (48381567)
2025-03-11 16:38:18,584 [INFO] Количество звонков: 6
2025-03-11 16:38:18,584 [INFO] Время загрузки: 4.26 сек.

2025-03-11 16:38:18,585 [INFO] Результат обработки компании 'Транстехно-Новосибирск' (48381567) не был изменен

2025-03-11 16:38:18,585 [INFO] Прогресс: 6 из 10 компаний (60.0%)
2025-03-11 16:38:18,585 [INFO] ------------------------------------------------------------------
2025-03-11 16:38:18,585 [INFO] Происходит загрузка звонков компании 'Звонок от 78312469434' (48305829)
2025-03-11 16:38:20,434 [INFO] Количество звонков: 1
2025-03-11 16:38:20,434 [INFO] Время загрузки: 1.85 сек.

2025-03-11 16:38:20,435 [INFO] Результат обработки компании 'Звонок от 78312469434' (48305829) не был изменен

2025-03-11 16:38:20,435 [INFO] Прогресс: 7 из 10 компаний (70.0%)
2025-03-11 16:38:20,435 [INFO] ------------------------------------------------------------------
2025-03-11 16:38:20,435 [INFO] Происходит загрузка звонков компании 'Звонок от 79618753344' (48306469)
2025-03-11 16:38:22,269 [INFO] Количество звонков: 1
2025-03-11 16:38:22,269 [INFO] Время загрузки: 1.83 сек.

2025-03-11 16:38:22,271 [INFO] Результат обработки компании 'Звонок от 79618753344' (48306469) не был изменен

2025-03-11 16:38:22,271 [INFO] Прогресс: 8 из 10 компаний (80.0%)
2025-03-11 16:38:22,271 [INFO] ------------------------------------------------------------------
2025-03-11 16:38:22,271 [INFO] Происходит загрузка звонков компании 'Звонок от 79822876182' (48324627)
2025-03-11 16:38:24,102 [INFO] Количество звонков: 13
2025-03-11 16:38:24,103 [INFO] Время загрузки: 1.83 сек.

2025-03-11 16:38:24,104 [INFO] Результат обработки компании 'Звонок от 79822876182' (48324627) не был изменен

2025-03-11 16:38:24,104 [INFO] Прогресс: 9 из 10 компаний (90.0%)
2025-03-11 16:38:24,104 [INFO] ------------------------------------------------------------------
2025-03-11 16:38:24,104 [INFO] Происходит загрузка звонков компании 'Администрация нижнеилимского района' (48326407)
2025-03-11 16:38:27,101 [INFO] Количество звонков: 6
2025-03-11 16:38:27,101 [INFO] Время загрузки: 3.0 сек.

2025-03-11 16:38:27,101 [INFO] Результат обработки компании 'Администрация нижнеилимского района' (48326407) не был изменен

2025-03-11 16:38:27,101 [INFO] Прогресс: 10 из 10 компаний (100.0%)
2025-03-11 16:38:27,102 [INFO] ------------------------------------------------------------------
2025-03-11 16:38:27,102 [INFO] Происходит загрузка звонков компании 'Hono-R' (48326633)
2025-03-11 16:38:29,668 [INFO] Количество звонков: 22
2025-03-11 16:38:29,669 [INFO] Время загрузки: 2.57 сек.

2025-03-11 16:38:29,669 [INFO] Результат обработки компании 'Hono-R' (48326633) не был изменен

2025-03-11 16:38:29,670 [INFO] Скрипт завершил работу за 30 сек.
2025-03-11 16:38:29,670 [INFO] Время обработки 1 компании 3.0 сек.
2025-03-11 16:38:29,670 [INFO] Без звонков / ВСЕГО: 0 / 10
