2025-03-11 15:09:57,581 [INFO] Скрипт запущен
2025-03-11 15:09:57,581 [INFO] Происходит загрузка компаний...
2025-03-11 15:09:58,940 [INFO] Загружено 100 компаний за 1.36 секунд

2025-03-11 15:09:58,941 [INFO] Прогресс: 1 из 100 компаний (1.0%)
2025-03-11 15:09:58,941 [INFO] ------------------------------------------------------------------
2025-03-11 15:09:58,941 [INFO] Происходит загрузка звонков компании 'МАУ ДО ГРЦ ОООД «ФорУс»' (48374001)
2025-03-11 15:10:03,136 [INFO] Количество звонков: 9
2025-03-11 15:10:03,136 [INFO] Время загрузки: 4.19 сек.

2025-03-11 15:10:03,137 [INFO] Результат обработки компании 'МАУ ДО ГРЦ ОООД «ФорУс»' (48374001) не был изменен

2025-03-11 15:10:03,137 [INFO] Прогресс: 2 из 100 компаний (2.0%)
2025-03-11 15:10:03,137 [INFO] ------------------------------------------------------------------
2025-03-11 15:10:03,137 [INFO] Происходит загрузка звонков компании 'ПКФ ДиПОС' (48378701)
2025-03-11 15:10:07,585 [INFO] Количество звонков: 2
2025-03-11 15:10:07,586 [INFO] Время загрузки: 4.45 сек.

2025-03-11 15:10:07,586 [INFO] Результат обработки компании 'ПКФ ДиПОС' (48378701) не был изменен

2025-03-11 15:10:07,586 [INFO] Прогресс: 3 из 100 компаний (3.0%)
2025-03-11 15:10:07,586 [INFO] ------------------------------------------------------------------
2025-03-11 15:10:07,587 [INFO] Происходит загрузка звонков компании 'АО Гидрогаз' (48378849)
2025-03-11 15:10:12,409 [INFO] Количество звонков: 10
2025-03-11 15:10:12,409 [INFO] Время загрузки: 4.82 сек.

2025-03-11 15:10:12,410 [INFO] Результат обработки компании 'АО Гидрогаз' (48378849) не был изменен

2025-03-11 15:10:12,410 [INFO] Прогресс: 4 из 100 компаний (4.0%)
2025-03-11 15:10:12,410 [INFO] ------------------------------------------------------------------
2025-03-11 15:10:12,410 [INFO] Происходит загрузка звонков компании 'Северская Трубная Компания (' (48379029)
2025-03-11 15:10:14,748 [INFO] Количество звонков: 2
2025-03-11 15:10:14,748 [INFO] Время загрузки: 2.34 сек.

2025-03-11 15:10:14,749 [INFO] Результат обработки компании 'Северская Трубная Компания (' (48379029) не был изменен

2025-03-11 15:10:14,749 [INFO] Прогресс: 5 из 100 компаний (5.0%)
2025-03-11 15:10:14,749 [INFO] ------------------------------------------------------------------
2025-03-11 15:10:14,749 [INFO] Происходит загрузка звонков компании 'Транстехно-Новосибирск' (48381567)
2025-03-11 15:10:18,493 [INFO] Количество звонков: 6
2025-03-11 15:10:18,493 [INFO] Время загрузки: 3.74 сек.

2025-03-11 15:10:18,494 [INFO] Результат обработки компании 'Транстехно-Новосибирск' (48381567) не был изменен

2025-03-11 15:10:18,494 [INFO] Прогресс: 6 из 100 компаний (6.0%)
2025-03-11 15:10:18,494 [INFO] ------------------------------------------------------------------
2025-03-11 15:10:18,494 [INFO] Происходит загрузка звонков компании 'Звонок от 78312469434' (48305829)
2025-03-11 15:10:20,968 [INFO] Количество звонков: 1
2025-03-11 15:10:20,968 [INFO] Время загрузки: 2.47 сек.

2025-03-11 15:10:20,969 [INFO] Результат обработки компании 'Звонок от 78312469434' (48305829) не был изменен

2025-03-11 15:10:20,970 [INFO] Прогресс: 7 из 100 компаний (7.000000000000001%)
2025-03-11 15:10:20,970 [INFO] ------------------------------------------------------------------
2025-03-11 15:10:20,970 [INFO] Происходит загрузка звонков компании 'Звонок от 79618753344' (48306469)
2025-03-11 15:10:23,717 [INFO] Количество звонков: 1
2025-03-11 15:10:23,718 [INFO] Время загрузки: 2.75 сек.

2025-03-11 15:10:23,719 [INFO] Результат обработки компании 'Звонок от 79618753344' (48306469) не был изменен

2025-03-11 15:10:23,719 [INFO] Прогресс: 8 из 100 компаний (8.0%)
2025-03-11 15:10:23,719 [INFO] ------------------------------------------------------------------
2025-03-11 15:10:23,719 [INFO] Происходит загрузка звонков компании 'Звонок от 79822876182' (48324627)
2025-03-11 15:10:27,082 [INFO] Количество звонков: 13
2025-03-11 15:10:27,082 [INFO] Время загрузки: 3.36 сек.

2025-03-11 15:10:27,083 [INFO] Результат обработки компании 'Звонок от 79822876182' (48324627) не был изменен

2025-03-11 15:10:27,083 [INFO] Прогресс: 9 из 100 компаний (9.0%)
2025-03-11 15:10:27,083 [INFO] ------------------------------------------------------------------
2025-03-11 15:10:27,083 [INFO] Происходит загрузка звонков компании 'Администрация нижнеилимского района' (48326407)
2025-03-11 15:10:30,888 [INFO] Количество звонков: 6
2025-03-11 15:10:30,888 [INFO] Время загрузки: 3.8 сек.

2025-03-11 15:10:30,889 [INFO] Результат обработки компании 'Администрация нижнеилимского района' (48326407) не был изменен

2025-03-11 15:10:30,889 [INFO] Прогресс: 10 из 100 компаний (10.0%)
2025-03-11 15:10:30,889 [INFO] ------------------------------------------------------------------
2025-03-11 15:10:30,889 [INFO] Происходит загрузка звонков компании 'Hono-R' (48326633)
2025-03-11 15:10:34,633 [INFO] Количество звонков: 22
2025-03-11 15:10:34,633 [INFO] Время загрузки: 3.74 сек.

2025-03-11 15:10:34,634 [INFO] Результат обработки компании 'Hono-R' (48326633) не был изменен

2025-03-11 15:10:34,634 [INFO] Прогресс: 11 из 100 компаний (11.0%)
2025-03-11 15:10:34,634 [INFO] ------------------------------------------------------------------
2025-03-11 15:10:34,635 [INFO] Происходит загрузка звонков компании 'Артурс Спа Отель' (48330795)
2025-03-11 15:10:37,629 [INFO] Количество звонков: 1
2025-03-11 15:10:37,630 [INFO] Время загрузки: 2.99 сек.

2025-03-11 15:10:37,630 [INFO] Результат обработки компании 'Артурс Спа Отель' (48330795) не был изменен

2025-03-11 15:10:37,630 [INFO] Прогресс: 12 из 100 компаний (12.0%)
2025-03-11 15:10:37,630 [INFO] ------------------------------------------------------------------
2025-03-11 15:10:37,630 [INFO] Происходит загрузка звонков компании 'Звонок от 79231783239' (48332347)
2025-03-11 15:10:41,299 [INFO] Количество звонков: 1
2025-03-11 15:10:41,299 [INFO] Время загрузки: 3.67 сек.

2025-03-11 15:10:41,299 [INFO] Результат обработки компании 'Звонок от 79231783239' (48332347) не был изменен

2025-03-11 15:10:41,300 [INFO] Прогресс: 13 из 100 компаний (13.0%)
2025-03-11 15:10:41,300 [INFO] ------------------------------------------------------------------
2025-03-11 15:10:41,300 [INFO] Происходит загрузка звонков компании 'Звонок от 74992965460' (48332437)
2025-03-11 15:10:44,527 [INFO] Количество звонков: 1
2025-03-11 15:10:44,527 [INFO] Время загрузки: 3.23 сек.

2025-03-11 15:10:44,527 [INFO] Результат обработки компании 'Звонок от 74992965460' (48332437) не был изменен

2025-03-11 15:10:44,527 [INFO] Прогресс: 14 из 100 компаний (14.000000000000002%)
2025-03-11 15:10:44,528 [INFO] ------------------------------------------------------------------
2025-03-11 15:10:44,528 [INFO] Происходит загрузка звонков компании 'ООО "ДНК ДЕВЕЛОПМЕНТ"' (48333057)
2025-03-11 15:10:47,803 [INFO] Количество звонков: 4
2025-03-11 15:10:47,804 [INFO] Время загрузки: 3.28 сек.

2025-03-11 15:10:47,804 [INFO] Результат обработки компании 'ООО "ДНК ДЕВЕЛОПМЕНТ"' (48333057) не был изменен

2025-03-11 15:10:47,804 [INFO] Прогресс: 15 из 100 компаний (15.0%)
2025-03-11 15:10:47,805 [INFO] ------------------------------------------------------------------
2025-03-11 15:10:47,805 [INFO] Происходит загрузка звонков компании 'Сам тест инструмент' (48334241)
2025-03-11 15:10:50,500 [INFO] Количество звонков: 2
2025-03-11 15:10:50,500 [INFO] Время загрузки: 2.7 сек.

2025-03-11 15:10:50,501 [INFO] Результат обработки компании 'Сам тест инструмент' (48334241) не был изменен

2025-03-11 15:10:50,501 [INFO] Прогресс: 16 из 100 компаний (16.0%)
2025-03-11 15:10:50,501 [INFO] ------------------------------------------------------------------
2025-03-11 15:10:50,501 [INFO] Происходит загрузка звонков компании 'Гербер агро' (48334315)
2025-03-11 15:11:00,874 [ERROR] Таймаут запроса: https://novomir.pro/amo/rossuvenir/amo/getCompaniesCalls.php?id=48334315
2025-03-11 15:11:30,881 [ERROR] Ошибка запроса: https://api.telegram.org/bot6425454857:AAEQOtr6P5VRlfcYZmIxrC4yMWQD0oG1HM0/sendMessage?chat_id=636481977&text=СКРИПТ ТРАНСКРИБАЦИИ ЗВОНКОВ:
Ошибка: Таймаут запроса https://novomir.pro/amo/rossuvenir/amo/getCompaniesCalls.php?id=48334315
HTTPSConnectionPool(host='api.telegram.org', port=443): Max retries exceeded with url: /bot6425454857:AAEQOtr6P5VRlfcYZmIxrC4yMWQD0oG1HM0/sendMessage?chat_id=636481977&text=%D0%A1%D0%9A%D0%A0%D0%98%D0%9F%D0%A2%20%D0%A2%D0%A0%D0%90%D0%9D%D0%A1%D0%9A%D0%A0%D0%98%D0%91%D0%90%D0%A6%D0%98%D0%98%20%D0%97%D0%92%D0%9E%D0%9D%D0%9A%D0%9E%D0%92:%0A%D0%9E%D1%88%D0%B8%D0%B1%D0%BA%D0%B0:%20%D0%A2%D0%B0%D0%B9%D0%BC%D0%B0%D1%83%D1%82%20%D0%B7%D0%B0%D0%BF%D1%80%D0%BE%D1%81%D0%B0%20https://novomir.pro/amo/rossuvenir/amo/getCompaniesCalls.php?id=48334315 (Caused by NameResolutionError("<urllib3.connection.HTTPSConnection object at 0x105dce490>: Failed to resolve 'api.telegram.org' ([Errno 8] nodename nor servname provided, or not known)"))
2025-03-11 15:11:37,850 [ERROR] 		Произошла непредвиденная ошибка: 'NoneType' object has no attribute 'status_code'

