2025-03-10 23:54:17,181 [INFO] Скрипт запущен!
2025-03-10 23:54:17,183 [INFO] Происходит загрузка компаний...
2025-03-10 23:54:19,462 [INFO] Загружено 3 компаний за 2.28 секунд

2025-03-10 23:54:19,463 [INFO] Прогресс: 1 из 3 компаний (33.0%)
2025-03-10 23:54:19,463 [INFO] ------------------------------------------------------------------
2025-03-10 23:54:19,463 [INFO] Происходит загрузка звонков компании 'ООО "Клаудпэйментс"' (48394955)
2025-03-10 23:54:20,487 [INFO] Количество звонков: 1
2025-03-10 23:54:20,487 [INFO] Время загрузки: 1.02 сек.

2025-03-10 23:54:20,488 [INFO] 	Обработка звонка
2025-03-10 23:54:20,488 [INFO] 	Длительность: 77 сек.
2025-03-10 23:54:20,488 [INFO] 	Ссылка: https://amocrm.mango-office.ru/calls/recording/download/11020017/MToxMDE1MDk4NDoyMjg0NzYyNzI2Njow/NDA0ODA4NTMx

2025-03-10 23:54:20,488 [INFO] 		Происходит загрузка звонка...
2025-03-10 23:54:21,703 [INFO] 		Время загрузки: 1.21 сек.

2025-03-10 23:54:21,704 [INFO] 		Происходит транскрибация звонка...
2025-03-10 23:54:46,677 [INFO] 		Время транскрибации: 24.97 сек.

2025-03-10 23:54:46,677 [INFO] 		РЕЗУЛЬТАТ:  Привет. Вы позвонили в Cloud Payments. Для улучшения качества отслуживания все разговоры записываются. Добрый день Cloud Payments. Меня зовут Алена. Добрый день Алена. А подскажите кто занимается у вас за кубкой Cloud Payments по повсюленной продукции? Кто можно поговорить? Солнечные телефонные не смогут соединить коллеги, не принимают входящие в санки. Вы можете направиться за жирную электронную кошту. Слайл собачка.тп.кром. Можете садить в ответственное отдел и использовать в тиресолонте, с помощью по сезону. Откажите, отказание северность, кого указать в письме. Как вообще отправить? Что бы предмет, как это было. Просто ухажите. Для Cloud Payments. Нет конкретного челюсти. Кому можно было бы дамить смотришь в канадчик. Хорошо. Распоминала. Ладно. Спасибо. До свидания. Ждаем вам спасибо. Всего доброго.
2025-03-10 23:54:46,702 [INFO] 		Происходит обработка содержимого разговора...
2025-03-10 23:54:48,316 [INFO] 		Результат обработки разговора: нет
2025-03-10 23:54:48,316 [INFO] 		РЕЗУЛЬТАТ: нет
2025-03-10 23:54:48,316 [INFO] 		Время обработки ИИ: 1.61 сек.

2025-03-10 23:54:48,326 [INFO] 		Всего времени на обработку звонка: 27.84 сек.

2025-03-10 23:54:48,327 [INFO] Происходит отправка результата обработки компании...
2025-03-10 23:54:48,809 [INFO] Результат обработки компании 'ООО "Клаудпэйментс"' (48394955) установлен 'Не проверяли'

2025-03-10 23:54:48,810 [INFO] Всего времени на обработку компании: 29.35 сек.

2025-03-10 23:54:48,810 [INFO] Прогресс: 2 из 3 компаний (67.0%)
2025-03-10 23:54:48,810 [INFO] ------------------------------------------------------------------
2025-03-10 23:54:48,810 [INFO] Происходит загрузка звонков компании 'ООО "Мехстрой"' (48394995)
2025-03-10 23:54:49,934 [INFO] Количество звонков: 1
2025-03-10 23:54:49,934 [INFO] Время загрузки: 1.12 сек.

2025-03-10 23:54:49,934 [INFO] 	Обработка звонка
2025-03-10 23:54:49,935 [INFO] 	Длительность: 51 сек.
2025-03-10 23:54:49,935 [INFO] 	Ссылка: https://amocrm.mango-office.ru/calls/recording/download/11020017/MToxMDE1MDk4NDoyMjg0NTYyODI0NTow/NDA0ODA4NTMx

2025-03-10 23:54:49,935 [INFO] 		Происходит загрузка звонка...
2025-03-10 23:54:50,980 [INFO] 		Время загрузки: 1.05 сек.

2025-03-10 23:54:50,981 [INFO] 		Происходит транскрибация звонка...
2025-03-10 23:54:59,989 [INFO] 		Время транскрибации: 9.01 сек.

2025-03-10 23:54:59,989 [INFO] 		РЕЗУЛЬТАТ:  Здравствуйте, вы позвонили в компанию МС-3. Для соединения секретаром нажмите в троновом режиме клазышу 0. Для соединения с СГЛомка... ЗВОНОК ТЕЛЕФОНА Здравствуйте. Добрый день. Здравствуйте. Скажите, кто занимается вас закупкой картратины Станарка? У нас нет такого. Так, а ежедневники, ручки, что это такое, закупайте? Нет, нет. Вообще ничего, да? И несоверно не закупайте. А к Новому Году? Нет, у нас нет такого. Хорошо, поймала вас. Ладно, всего доброго. Я понял.
2025-03-10 23:55:00,012 [INFO] 		Происходит обработка содержимого разговора...
2025-03-10 23:55:01,729 [INFO] 		Результат обработки разговора: нет
2025-03-10 23:55:01,730 [INFO] 		РЕЗУЛЬТАТ: нет
2025-03-10 23:55:01,730 [INFO] 		Время обработки ИИ: 1.72 сек.

2025-03-10 23:55:01,732 [INFO] 		Всего времени на обработку звонка: 11.8 сек.

2025-03-10 23:55:01,732 [INFO] Происходит отправка результата обработки компании...
2025-03-10 23:55:02,342 [INFO] Результат обработки компании 'ООО "Мехстрой"' (48394995) установлен 'Не проверяли'

2025-03-10 23:55:02,343 [INFO] Всего времени на обработку компании: 13.53 сек.

2025-03-10 23:55:02,343 [INFO] Прогресс: 3 из 3 компаний (100.0%)
2025-03-10 23:55:02,343 [INFO] ------------------------------------------------------------------
2025-03-10 23:55:02,343 [INFO] Происходит загрузка звонков компании 'ООО "Барион"' (48394999)
2025-03-10 23:55:03,397 [INFO] Количество звонков: 1
2025-03-10 23:55:03,398 [INFO] Время загрузки: 1.05 сек.

2025-03-10 23:55:03,398 [INFO] 	Обработка звонка
2025-03-10 23:55:03,398 [INFO] 	Длительность: 181 сек.
2025-03-10 23:55:03,399 [INFO] 	Ссылка: https://amocrm.mango-office.ru/calls/recording/download/11020017/MToxMDE1MDk4NDoyMjg1NTI4NDg2MDow/NDA1MTg3MzA2

2025-03-10 23:55:03,399 [INFO] 		Происходит загрузка звонка...
2025-03-10 23:55:04,534 [INFO] 		Время загрузки: 1.14 сек.

2025-03-10 23:55:04,535 [INFO] 		Происходит транскрибация звонка...
2025-03-10 23:55:33,936 [INFO] 		Время транскрибации: 29.4 сек.

2025-03-10 23:55:33,936 [INFO] 		РЕЗУЛЬТАТ:  Здравствуйте, оставайтесь на линии и вам ответит первый освободившийся оператор. Компания Барион меня зовут, Маргарита Сушева. Добро пожаловать, Маргарита, меня зовут Мария, федеральная производственная компания «Россуленер». Маргарита, подскажись, пожалуйста, с кем могу переговорить насчет закупки с винирной продукцией, мерча, может быть подарков к партнерам, к коллегам. В третьем вопросе на этот момент занимается. Смотрите, у нас есть сотрудник, кто за это отвечает, и я тоже зовут Мария, но, к сожалению, у нас нет возможности вас соединить. У нас технически отсутствует такая возможность. Вы можете написать на почту info www.sabagabaron.ru и в теме письма указать для Марии. Смотрите, дело в том, что мне нужно обсидеть Марию для того, чтобы составить с Марией конкретно, чтобы составить для нее даже если предложение под запрос. Может быть какой-то номер контактный есть, я бы связалась с чем-то судьи, вот он уже запрос заточил. А, в том числе, вот только через почту. А вы, по-чему, смотрите, если она info начинается? info www.sabagabaron.ru, да, у меня нет доступа к этой почте, но как раз Мария ее и просматривает. Хорошо, помнила вас. Может быть каким-то другим образом можно не кактывать, то есть прям точно. Потому что дело в том, что когда обычно говорят почту info, скорее всего это все улетает и это с почты скорее для spam, чем для серьезных коммерческих предложений. Вот, поэтому как бы я этого вопроса точняю, дело в том, что мы планируем отправиться образцой, целинирной продукции, как бы я снадела это все через Марию нужно обсуждать. Вот. Ну, смотрите, у нас, к сожалению, вот именно только такие инструкции, я не могу вам всегда ставить никаких других контактных данных, и именно он тоже только вот так, к сожалению. Тогда в таком случае подскажите, как это значит в песене, чтобы его не поселяли, заметили? Я думаю, предупреждение внимания, если вы напишете для руководителя Марии, у нас она одна такая. Так, да, должность руководителя. Хорошо. Смотрите, вы мне почту info, предъективали, вот у меня почта указана тут, т, собачка бариан, точку Ру, она не актуальна, вернее? Нет, это именно для тех схемы сотрудничеем по договорам поставки. Так, поняла, то есть тут все то же самое, только в начале им сходов должно быть, верно? Да, да. Все, поняла вас, спасибо большое, до свидания. Да, всего доброго.
2025-03-10 23:55:33,968 [INFO] 		Происходит обработка содержимого разговора...
2025-03-10 23:55:36,005 [INFO] 		Результат обработки разговора: нет
2025-03-10 23:55:36,005 [INFO] 		РЕЗУЛЬТАТ: нет
2025-03-10 23:55:36,005 [INFO] 		Время обработки ИИ: 2.04 сек.

2025-03-10 23:55:36,007 [INFO] 		Всего времени на обработку звонка: 32.61 сек.

2025-03-10 23:55:36,007 [INFO] Происходит отправка результата обработки компании...
2025-03-10 23:55:36,550 [INFO] Результат обработки компании 'ООО "Барион"' (48394999) установлен 'Не проверяли'

2025-03-10 23:55:36,550 [INFO] Всего времени на обработку компании: 34.21 сек.

2025-03-10 23:55:36,551 [INFO] ------------------------------------------------------------------
2025-03-10 23:55:36,551 [INFO] Скрипт завершил работу!

2025-03-10 23:55:36,551 [INFO] Время работы скрипта: 79.37 сек.
2025-03-10 23:55:36,551 [INFO] Количество обработанных компаний: 3

2025-03-10 23:55:36,551 [INFO] Количество звонков (всего): 3
2025-03-10 23:55:36,551 [INFO] Количество звонков (с длительностью более 300 сек.): 0
2025-03-10 23:55:36,551 [INFO] Количество звонков (не обработано): 0
2025-03-10 23:55:36,551 [INFO] Количество звонков (обработано): 3

2025-03-10 23:55:36,551 [INFO] Длительность звонков (всего): 309 сек.
2025-03-10 23:55:36,551 [INFO] Длительность звонков (с длительностью более 300 сек.): 0 сек.
2025-03-10 23:55:36,551 [INFO] Длительность звонков (обработано): 309 сек.
2025-03-10 23:55:36,551 [INFO] Общее время транскрибации: 63 сек.
2025-03-10 23:55:36,551 [INFO] Общее время обработки звонков: 5 сек.
2025-03-10 23:55:36,551 [INFO] Общее время загрузки звонков: 3 сек.

2025-03-10 23:55:36,551 [INFO] Среднее время обработки 1 компании: 26
2025-03-10 23:55:36,551 [INFO] Среднее время обработки 1 звонка: 26
2025-03-10 23:55:36,551 [INFO] Среднее время обработки 1 сек. записи: 0.26 сек.

2025-03-10 23:55:36,552 [INFO] Коэффициент скорости обработки звонков: 3.89
