2025-03-11 15:12:39,046 [INFO] Скрипт запущен
2025-03-11 15:12:39,046 [INFO] Происходит загрузка компаний...
2025-03-11 15:12:40,386 [INFO] Загружено 100 компаний за 1.34 секунд

2025-03-11 15:12:40,387 [INFO] Прогресс: 1 из 100 компаний (1.0%)
2025-03-11 15:12:40,387 [INFO] ------------------------------------------------------------------
2025-03-11 15:12:40,387 [INFO] Происходит загрузка звонков компании 'МАУ ДО ГРЦ ОООД «ФорУс»' (48374001)
2025-03-11 15:12:43,080 [INFO] Количество звонков: 9
2025-03-11 15:12:43,081 [INFO] Время загрузки: 2.69 сек.

2025-03-11 15:12:43,081 [INFO] Результат обработки компании 'МАУ ДО ГРЦ ОООД «ФорУс»' (48374001) не был изменен

2025-03-11 15:12:43,082 [INFO] Прогресс: 2 из 100 компаний (2.0%)
2025-03-11 15:12:43,082 [INFO] ------------------------------------------------------------------
2025-03-11 15:12:43,082 [INFO] Происходит загрузка звонков компании 'ПКФ ДиПОС' (48378701)
2025-03-11 15:12:46,679 [INFO] Количество звонков: 2
2025-03-11 15:12:46,679 [INFO] Время загрузки: 3.6 сек.

2025-03-11 15:12:46,680 [INFO] Результат обработки компании 'ПКФ ДиПОС' (48378701) не был изменен

2025-03-11 15:12:46,680 [INFO] Прогресс: 3 из 100 компаний (3.0%)
2025-03-11 15:12:46,680 [INFO] ------------------------------------------------------------------
2025-03-11 15:12:46,680 [INFO] Происходит загрузка звонков компании 'АО Гидрогаз' (48378849)
2025-03-11 15:12:49,509 [INFO] Количество звонков: 10
2025-03-11 15:12:49,509 [INFO] Время загрузки: 2.83 сек.

2025-03-11 15:12:49,509 [INFO] Результат обработки компании 'АО Гидрогаз' (48378849) не был изменен

2025-03-11 15:12:49,509 [INFO] Прогресс: 4 из 100 компаний (4.0%)
2025-03-11 15:12:49,509 [INFO] ------------------------------------------------------------------
2025-03-11 15:12:49,509 [INFO] Происходит загрузка звонков компании 'Северская Трубная Компания (' (48379029)
2025-03-11 15:12:51,631 [INFO] Количество звонков: 2
2025-03-11 15:12:51,631 [INFO] Время загрузки: 2.12 сек.

2025-03-11 15:12:51,632 [INFO] Результат обработки компании 'Северская Трубная Компания (' (48379029) не был изменен

2025-03-11 15:12:51,632 [INFO] Прогресс: 5 из 100 компаний (5.0%)
2025-03-11 15:12:51,632 [INFO] ------------------------------------------------------------------
2025-03-11 15:12:51,632 [INFO] Происходит загрузка звонков компании 'Транстехно-Новосибирск' (48381567)
2025-03-11 15:12:56,099 [INFO] Количество звонков: 6
2025-03-11 15:12:56,099 [INFO] Время загрузки: 4.47 сек.

2025-03-11 15:12:56,100 [INFO] Результат обработки компании 'Транстехно-Новосибирск' (48381567) не был изменен

2025-03-11 15:12:56,100 [INFO] Прогресс: 6 из 100 компаний (6.0%)
2025-03-11 15:12:56,100 [INFO] ------------------------------------------------------------------
2025-03-11 15:12:56,101 [INFO] Происходит загрузка звонков компании 'Звонок от 78312469434' (48305829)
2025-03-11 15:12:57,791 [INFO] Количество звонков: 1
2025-03-11 15:12:57,791 [INFO] Время загрузки: 1.69 сек.

2025-03-11 15:12:57,791 [INFO] Результат обработки компании 'Звонок от 78312469434' (48305829) не был изменен

2025-03-11 15:12:57,792 [INFO] Прогресс: 7 из 100 компаний (7.000000000000001%)
2025-03-11 15:12:57,792 [INFO] ------------------------------------------------------------------
2025-03-11 15:12:57,792 [INFO] Происходит загрузка звонков компании 'Звонок от 79618753344' (48306469)
2025-03-11 15:12:59,716 [INFO] Количество звонков: 1
2025-03-11 15:12:59,716 [INFO] Время загрузки: 1.92 сек.

2025-03-11 15:12:59,717 [INFO] Результат обработки компании 'Звонок от 79618753344' (48306469) не был изменен

2025-03-11 15:12:59,717 [INFO] Прогресс: 8 из 100 компаний (8.0%)
2025-03-11 15:12:59,717 [INFO] ------------------------------------------------------------------
2025-03-11 15:12:59,717 [INFO] Происходит загрузка звонков компании 'Звонок от 79822876182' (48324627)
2025-03-11 15:13:01,644 [INFO] Количество звонков: 13
2025-03-11 15:13:01,645 [INFO] Время загрузки: 1.93 сек.

2025-03-11 15:13:01,645 [INFO] Результат обработки компании 'Звонок от 79822876182' (48324627) не был изменен

2025-03-11 15:13:01,646 [INFO] Прогресс: 9 из 100 компаний (9.0%)
2025-03-11 15:13:01,646 [INFO] ------------------------------------------------------------------
2025-03-11 15:13:01,646 [INFO] Происходит загрузка звонков компании 'Администрация нижнеилимского района' (48326407)
2025-03-11 15:13:04,731 [INFO] Количество звонков: 6
2025-03-11 15:13:04,731 [INFO] Время загрузки: 3.08 сек.

2025-03-11 15:13:04,732 [INFO] Результат обработки компании 'Администрация нижнеилимского района' (48326407) не был изменен

2025-03-11 15:13:04,732 [INFO] Прогресс: 10 из 100 компаний (10.0%)
2025-03-11 15:13:04,732 [INFO] ------------------------------------------------------------------
2025-03-11 15:13:04,733 [INFO] Происходит загрузка звонков компании 'Hono-R' (48326633)
2025-03-11 15:13:08,034 [INFO] Количество звонков: 22
2025-03-11 15:13:08,035 [INFO] Время загрузки: 3.3 сек.

2025-03-11 15:13:08,036 [INFO] Результат обработки компании 'Hono-R' (48326633) не был изменен

2025-03-11 15:13:08,037 [INFO] Прогресс: 11 из 100 компаний (11.0%)
2025-03-11 15:13:08,037 [INFO] ------------------------------------------------------------------
2025-03-11 15:13:08,037 [INFO] Происходит загрузка звонков компании 'Артурс Спа Отель' (48330795)
2025-03-11 15:13:10,767 [INFO] Количество звонков: 1
2025-03-11 15:13:10,767 [INFO] Время загрузки: 2.73 сек.

2025-03-11 15:13:10,769 [INFO] Результат обработки компании 'Артурс Спа Отель' (48330795) не был изменен

2025-03-11 15:13:10,769 [INFO] Прогресс: 12 из 100 компаний (12.0%)
2025-03-11 15:13:10,769 [INFO] ------------------------------------------------------------------
2025-03-11 15:13:10,769 [INFO] Происходит загрузка звонков компании 'Звонок от 79231783239' (48332347)
2025-03-11 15:13:12,542 [INFO] Количество звонков: 1
2025-03-11 15:13:12,543 [INFO] Время загрузки: 1.77 сек.

2025-03-11 15:13:12,543 [INFO] Результат обработки компании 'Звонок от 79231783239' (48332347) не был изменен

2025-03-11 15:13:12,543 [INFO] Прогресс: 13 из 100 компаний (13.0%)
2025-03-11 15:13:12,543 [INFO] ------------------------------------------------------------------
2025-03-11 15:13:12,544 [INFO] Происходит загрузка звонков компании 'Звонок от 74992965460' (48332437)
2025-03-11 15:13:14,574 [INFO] Количество звонков: 1
2025-03-11 15:13:14,574 [INFO] Время загрузки: 2.03 сек.

2025-03-11 15:13:14,575 [INFO] Результат обработки компании 'Звонок от 74992965460' (48332437) не был изменен

2025-03-11 15:13:14,576 [INFO] Прогресс: 14 из 100 компаний (14.000000000000002%)
2025-03-11 15:13:14,576 [INFO] ------------------------------------------------------------------
2025-03-11 15:13:14,576 [INFO] Происходит загрузка звонков компании 'ООО "ДНК ДЕВЕЛОПМЕНТ"' (48333057)
2025-03-11 15:13:17,777 [INFO] Количество звонков: 4
2025-03-11 15:13:17,778 [INFO] Время загрузки: 3.2 сек.

2025-03-11 15:13:17,778 [INFO] Результат обработки компании 'ООО "ДНК ДЕВЕЛОПМЕНТ"' (48333057) не был изменен

2025-03-11 15:13:17,778 [INFO] Прогресс: 15 из 100 компаний (15.0%)
2025-03-11 15:13:17,778 [INFO] ------------------------------------------------------------------
2025-03-11 15:13:17,778 [INFO] Происходит загрузка звонков компании 'Сам тест инструмент' (48334241)
2025-03-11 15:13:20,792 [INFO] Количество звонков: 2
2025-03-11 15:13:20,792 [INFO] Время загрузки: 3.01 сек.

2025-03-11 15:13:20,793 [INFO] Результат обработки компании 'Сам тест инструмент' (48334241) не был изменен

2025-03-11 15:13:20,793 [INFO] Прогресс: 16 из 100 компаний (16.0%)
2025-03-11 15:13:20,793 [INFO] ------------------------------------------------------------------
2025-03-11 15:13:20,793 [INFO] Происходит загрузка звонков компании 'Гербер агро' (48334315)
2025-03-11 15:13:23,087 [INFO] Количество звонков: 2
2025-03-11 15:13:23,087 [INFO] Время загрузки: 2.29 сек.

2025-03-11 15:13:23,087 [INFO] Результат обработки компании 'Гербер агро' (48334315) не был изменен

2025-03-11 15:13:23,087 [INFO] Прогресс: 17 из 100 компаний (17.0%)
2025-03-11 15:13:23,087 [INFO] ------------------------------------------------------------------
2025-03-11 15:13:23,087 [INFO] Происходит загрузка звонков компании 'Мел ОАО' (48334429)
2025-03-11 15:13:27,526 [INFO] Количество звонков: 4
2025-03-11 15:13:27,526 [INFO] Время загрузки: 4.44 сек.

2025-03-11 15:13:27,527 [INFO] Результат обработки компании 'Мел ОАО' (48334429) не был изменен

2025-03-11 15:13:27,527 [INFO] Прогресс: 18 из 100 компаний (18.0%)
2025-03-11 15:13:27,527 [INFO] ------------------------------------------------------------------
2025-03-11 15:13:27,527 [INFO] Происходит загрузка звонков компании 'Холдинг Аква' (48334859)
2025-03-11 15:13:32,307 [INFO] Количество звонков: 1
2025-03-11 15:13:32,307 [INFO] Время загрузки: 4.78 сек.

2025-03-11 15:13:32,308 [INFO] Результат обработки компании 'Холдинг Аква' (48334859) не был изменен

2025-03-11 15:13:32,308 [INFO] Прогресс: 19 из 100 компаний (19.0%)
2025-03-11 15:13:32,308 [INFO] ------------------------------------------------------------------
2025-03-11 15:13:32,308 [INFO] Происходит загрузка звонков компании 'Черкизово' (48335485)
2025-03-11 15:13:34,282 [INFO] Количество звонков: 1
2025-03-11 15:13:34,282 [INFO] Время загрузки: 1.97 сек.

2025-03-11 15:13:34,283 [INFO] Результат обработки компании 'Черкизово' (48335485) не был изменен

2025-03-11 15:13:34,283 [INFO] Прогресс: 20 из 100 компаний (20.0%)
2025-03-11 15:13:34,283 [INFO] ------------------------------------------------------------------
2025-03-11 15:13:34,284 [INFO] Происходит загрузка звонков компании 'УК ООО "ТМС групп"' (48335519)
2025-03-11 15:13:35,969 [INFO] Количество звонков: 1
2025-03-11 15:13:35,970 [INFO] Время загрузки: 1.69 сек.

2025-03-11 15:13:35,970 [INFO] Результат обработки компании 'УК ООО "ТМС групп"' (48335519) не был изменен

2025-03-11 15:13:35,970 [INFO] Прогресс: 21 из 100 компаний (21.0%)
2025-03-11 15:13:35,970 [INFO] ------------------------------------------------------------------
2025-03-11 15:13:35,971 [INFO] Происходит загрузка звонков компании 'ООО "ВЭЛЛСЕРВИС"' (48335523)
2025-03-11 15:13:38,021 [INFO] Количество звонков: 1
2025-03-11 15:13:38,021 [INFO] Время загрузки: 2.05 сек.

2025-03-11 15:13:38,023 [INFO] Результат обработки компании 'ООО "ВЭЛЛСЕРВИС"' (48335523) не был изменен

2025-03-11 15:13:38,023 [INFO] Прогресс: 22 из 100 компаний (22.0%)
2025-03-11 15:13:38,023 [INFO] ------------------------------------------------------------------
2025-03-11 15:13:38,023 [INFO] Происходит загрузка звонков компании 'ООО "Газпромнефть-Заполярье"' (48335533)
2025-03-11 15:13:40,257 [INFO] Количество звонков: 1
2025-03-11 15:13:40,257 [INFO] Время загрузки: 2.23 сек.

2025-03-11 15:13:40,257 [INFO] Результат обработки компании 'ООО "Газпромнефть-Заполярье"' (48335533) не был изменен

2025-03-11 15:13:40,257 [INFO] Прогресс: 23 из 100 компаний (23.0%)
2025-03-11 15:13:40,258 [INFO] ------------------------------------------------------------------
2025-03-11 15:13:40,258 [INFO] Происходит загрузка звонков компании 'ООО "ФракДжет-Волга"' (48335549)
2025-03-11 15:13:42,034 [INFO] Количество звонков: 1
2025-03-11 15:13:42,034 [INFO] Время загрузки: 1.78 сек.

2025-03-11 15:13:42,034 [INFO] Результат обработки компании 'ООО "ФракДжет-Волга"' (48335549) не был изменен

2025-03-11 15:13:42,035 [INFO] Прогресс: 24 из 100 компаний (24.0%)
2025-03-11 15:13:42,035 [INFO] ------------------------------------------------------------------
2025-03-11 15:13:42,035 [INFO] Происходит загрузка звонков компании 'АО "Ермаковское предприятие по Ремонту Скважин"' (48335567)
2025-03-11 15:13:44,897 [INFO] Количество звонков: 1
2025-03-11 15:13:44,897 [INFO] Время загрузки: 2.86 сек.

2025-03-11 15:13:44,897 [INFO] Результат обработки компании 'АО "Ермаковское предприятие по Ремонту Скважин"' (48335567) не был изменен

2025-03-11 15:13:44,898 [INFO] Прогресс: 25 из 100 компаний (25.0%)
2025-03-11 15:13:44,898 [INFO] ------------------------------------------------------------------
2025-03-11 15:13:44,898 [INFO] Происходит загрузка звонков компании 'Берёзка' (48335943)
2025-03-11 15:13:47,267 [INFO] Количество звонков: 10
2025-03-11 15:13:47,267 [INFO] Время загрузки: 2.37 сек.

2025-03-11 15:13:47,268 [INFO] Результат обработки компании 'Берёзка' (48335943) не был изменен

2025-03-11 15:13:47,269 [INFO] Прогресс: 26 из 100 компаний (26.0%)
2025-03-11 15:13:47,269 [INFO] ------------------------------------------------------------------
2025-03-11 15:13:47,269 [INFO] Происходит загрузка звонков компании 'Континентзоо' (48336067)
2025-03-11 15:13:50,756 [INFO] Количество звонков: 5
2025-03-11 15:13:50,757 [INFO] Время загрузки: 3.49 сек.

2025-03-11 15:13:50,758 [INFO] Результат обработки компании 'Континентзоо' (48336067) не был изменен

2025-03-11 15:13:50,758 [INFO] Прогресс: 27 из 100 компаний (27.0%)
2025-03-11 15:13:50,758 [INFO] ------------------------------------------------------------------
2025-03-11 15:13:50,758 [INFO] Происходит загрузка звонков компании 'Газпромнефть Логистика' (48336071)
2025-03-11 15:13:53,429 [INFO] Количество звонков: 4
2025-03-11 15:13:53,429 [INFO] Время загрузки: 2.67 сек.

2025-03-11 15:13:53,430 [INFO] Результат обработки компании 'Газпромнефть Логистика' (48336071) не был изменен

2025-03-11 15:13:53,431 [INFO] Прогресс: 28 из 100 компаний (28.000000000000004%)
2025-03-11 15:13:53,431 [INFO] ------------------------------------------------------------------
2025-03-11 15:13:53,431 [INFO] Происходит загрузка звонков компании 'Ростелеком МСК/ПИТЕР HR' (48336111)
2025-03-11 15:13:56,304 [INFO] Количество звонков: 1
2025-03-11 15:13:56,304 [INFO] Время загрузки: 2.87 сек.

2025-03-11 15:13:56,305 [INFO] Результат обработки компании 'Ростелеком МСК/ПИТЕР HR' (48336111) не был изменен

2025-03-11 15:13:56,305 [INFO] Прогресс: 29 из 100 компаний (28.999999999999996%)
2025-03-11 15:13:56,305 [INFO] ------------------------------------------------------------------
2025-03-11 15:13:56,306 [INFO] Происходит загрузка звонков компании 'Агенство недвижимости' (48336597)
2025-03-11 15:13:58,589 [INFO] Количество звонков: 2
2025-03-11 15:13:58,590 [INFO] Время загрузки: 2.28 сек.

2025-03-11 15:13:58,591 [INFO] Результат обработки компании 'Агенство недвижимости' (48336597) не был изменен

2025-03-11 15:13:58,591 [INFO] Прогресс: 30 из 100 компаний (30.0%)
2025-03-11 15:13:58,592 [INFO] ------------------------------------------------------------------
2025-03-11 15:13:58,592 [INFO] Происходит загрузка звонков компании 'Маккофе' (48337437)
2025-03-11 15:14:02,076 [INFO] Количество звонков: 1
2025-03-11 15:14:02,076 [INFO] Время загрузки: 3.48 сек.

2025-03-11 15:14:02,076 [INFO] Результат обработки компании 'Маккофе' (48337437) не был изменен

2025-03-11 15:14:02,077 [INFO] Прогресс: 31 из 100 компаний (31.0%)
2025-03-11 15:14:02,077 [INFO] ------------------------------------------------------------------
2025-03-11 15:14:02,077 [INFO] Происходит загрузка звонков компании 'Мегаполис' (48337935)
2025-03-11 15:14:06,017 [INFO] Количество звонков: 1
2025-03-11 15:14:06,017 [INFO] Время загрузки: 3.94 сек.

2025-03-11 15:14:06,017 [INFO] Результат обработки компании 'Мегаполис' (48337935) не был изменен

2025-03-11 15:14:06,018 [INFO] Прогресс: 32 из 100 компаний (32.0%)
2025-03-11 15:14:06,018 [INFO] ------------------------------------------------------------------
2025-03-11 15:14:06,018 [INFO] Происходит загрузка звонков компании 'Инфозащита' (48339279)
2025-03-11 15:14:08,747 [INFO] Количество звонков: 6
2025-03-11 15:14:08,747 [INFO] Время загрузки: 2.73 сек.

2025-03-11 15:14:08,748 [INFO] Результат обработки компании 'Инфозащита' (48339279) не был изменен

2025-03-11 15:14:08,749 [INFO] Прогресс: 33 из 100 компаний (33.0%)
2025-03-11 15:14:08,749 [INFO] ------------------------------------------------------------------
2025-03-11 15:14:08,749 [INFO] Происходит загрузка звонков компании 'ГК Омега' (48339865)
2025-03-11 15:14:11,773 [INFO] Количество звонков: 4
2025-03-11 15:14:11,774 [INFO] Время загрузки: 3.02 сек.

2025-03-11 15:14:11,774 [INFO] Результат обработки компании 'ГК Омега' (48339865) не был изменен

2025-03-11 15:14:11,774 [INFO] Прогресс: 34 из 100 компаний (34.0%)
2025-03-11 15:14:11,774 [INFO] ------------------------------------------------------------------
2025-03-11 15:14:11,774 [INFO] Происходит загрузка звонков компании 'ТСС Групп' (48339885)
2025-03-11 15:14:14,782 [INFO] Количество звонков: 1
2025-03-11 15:14:14,783 [INFO] Время загрузки: 3.01 сек.

2025-03-11 15:14:14,784 [INFO] Результат обработки компании 'ТСС Групп' (48339885) не был изменен

2025-03-11 15:14:14,784 [INFO] Прогресс: 35 из 100 компаний (35.0%)
2025-03-11 15:14:14,784 [INFO] ------------------------------------------------------------------
2025-03-11 15:14:14,784 [INFO] Происходит загрузка звонков компании 'БИТАЙР' (48339933)
2025-03-11 15:14:18,740 [INFO] Количество звонков: 9
2025-03-11 15:14:18,741 [INFO] Время загрузки: 3.96 сек.

2025-03-11 15:14:18,741 [INFO] Результат обработки компании 'БИТАЙР' (48339933) не был изменен

2025-03-11 15:14:18,741 [INFO] Прогресс: 36 из 100 компаний (36.0%)
2025-03-11 15:14:18,741 [INFO] ------------------------------------------------------------------
2025-03-11 15:14:18,741 [INFO] Происходит загрузка звонков компании 'Якутгазпроект' (48340039)
2025-03-11 15:14:21,816 [INFO] Количество звонков: 3
2025-03-11 15:14:21,816 [INFO] Время загрузки: 3.07 сек.

2025-03-11 15:14:21,816 [INFO] Результат обработки компании 'Якутгазпроект' (48340039) не был изменен

2025-03-11 15:14:21,818 [INFO] Прогресс: 37 из 100 компаний (37.0%)
2025-03-11 15:14:21,818 [INFO] ------------------------------------------------------------------
2025-03-11 15:14:21,818 [INFO] Происходит загрузка звонков компании 'Звонок от 79921022397' (48346345)
2025-03-11 15:14:23,878 [INFO] Количество звонков: 1
2025-03-11 15:14:23,879 [INFO] Время загрузки: 2.06 сек.

2025-03-11 15:14:23,879 [INFO] Результат обработки компании 'Звонок от 79921022397' (48346345) не был изменен

2025-03-11 15:14:23,879 [INFO] Прогресс: 38 из 100 компаний (38.0%)
2025-03-11 15:14:23,880 [INFO] ------------------------------------------------------------------
2025-03-11 15:14:23,880 [INFO] Происходит загрузка звонков компании 'Звонок от 79237657098' (48349033)
2025-03-11 15:14:25,679 [INFO] Количество звонков: 1
2025-03-11 15:14:25,679 [INFO] Время загрузки: 1.8 сек.

2025-03-11 15:14:25,680 [INFO] Результат обработки компании 'Звонок от 79237657098' (48349033) не был изменен

2025-03-11 15:14:25,680 [INFO] Прогресс: 39 из 100 компаний (39.0%)
2025-03-11 15:14:25,680 [INFO] ------------------------------------------------------------------
2025-03-11 15:14:25,681 [INFO] Происходит загрузка звонков компании 'ФГБНУ "Омский АНЦ"' (48350653)
2025-03-11 15:14:29,050 [INFO] Количество звонков: 4
2025-03-11 15:14:29,050 [INFO] Время загрузки: 3.37 сек.

2025-03-11 15:14:29,051 [INFO] Результат обработки компании 'ФГБНУ "Омский АНЦ"' (48350653) не был изменен

2025-03-11 15:14:29,051 [INFO] Прогресс: 40 из 100 компаний (40.0%)
2025-03-11 15:14:29,051 [INFO] ------------------------------------------------------------------
2025-03-11 15:14:29,051 [INFO] Происходит загрузка звонков компании 'ООО Нед-центр' (48261209)
2025-03-11 15:14:33,173 [INFO] Количество звонков: 8
2025-03-11 15:14:33,173 [INFO] Время загрузки: 4.12 сек.

2025-03-11 15:14:33,174 [INFO] Результат обработки компании 'ООО Нед-центр' (48261209) не был изменен

2025-03-11 15:14:33,174 [INFO] Прогресс: 41 из 100 компаний (41.0%)
2025-03-11 15:14:33,174 [INFO] ------------------------------------------------------------------
2025-03-11 15:14:33,174 [INFO] Происходит загрузка звонков компании 'Звонок от 79035132706' (48261615)
2025-03-11 15:14:35,010 [INFO] Количество звонков: 1
2025-03-11 15:14:35,010 [INFO] Время загрузки: 1.84 сек.

2025-03-11 15:14:35,011 [INFO] Результат обработки компании 'Звонок от 79035132706' (48261615) не был изменен

2025-03-11 15:14:35,011 [INFO] Прогресс: 42 из 100 компаний (42.0%)
2025-03-11 15:14:35,011 [INFO] ------------------------------------------------------------------
2025-03-11 15:14:35,011 [INFO] Происходит загрузка звонков компании 'Илан Норильск' (48262433)
2025-03-11 15:14:37,715 [INFO] Количество звонков: 9
2025-03-11 15:14:37,716 [INFO] Время загрузки: 2.7 сек.

2025-03-11 15:14:37,717 [INFO] Результат обработки компании 'Илан Норильск' (48262433) не был изменен

2025-03-11 15:14:37,717 [INFO] Прогресс: 43 из 100 компаний (43.0%)
2025-03-11 15:14:37,717 [INFO] ------------------------------------------------------------------
2025-03-11 15:14:37,717 [INFO] Происходит загрузка звонков компании 'Акционерное общество "Ижевский опытно-механический завод"' (48262457)
2025-03-11 15:14:39,911 [INFO] Количество звонков: 7
2025-03-11 15:14:39,911 [INFO] Время загрузки: 2.19 сек.

2025-03-11 15:14:39,911 [INFO] Результат обработки компании 'Акционерное общество "Ижевский опытно-механический завод"' (48262457) не был изменен

2025-03-11 15:14:39,911 [INFO] Прогресс: 44 из 100 компаний (44.0%)
2025-03-11 15:14:39,911 [INFO] ------------------------------------------------------------------
2025-03-11 15:14:39,911 [INFO] Происходит загрузка звонков компании 'ООО «АгроЛайн»' (48262519)
2025-03-11 15:14:42,244 [INFO] Количество звонков: 1
2025-03-11 15:14:42,245 [INFO] Время загрузки: 2.33 сек.

2025-03-11 15:14:42,245 [INFO] Результат обработки компании 'ООО «АгроЛайн»' (48262519) не был изменен

2025-03-11 15:14:42,245 [INFO] Прогресс: 45 из 100 компаний (45.0%)
2025-03-11 15:14:42,245 [INFO] ------------------------------------------------------------------
2025-03-11 15:14:42,245 [INFO] Происходит загрузка звонков компании 'Росатом АО' (48262799)
2025-03-11 15:14:44,606 [INFO] Количество звонков: 8
2025-03-11 15:14:44,606 [INFO] Время загрузки: 2.36 сек.

2025-03-11 15:14:44,607 [INFO] Результат обработки компании 'Росатом АО' (48262799) не был изменен

2025-03-11 15:14:44,607 [INFO] Прогресс: 46 из 100 компаний (46.0%)
2025-03-11 15:14:44,607 [INFO] ------------------------------------------------------------------
2025-03-11 15:14:44,607 [INFO] Происходит загрузка звонков компании 'Гипростроймост ОАО' (48262949)
2025-03-11 15:14:50,130 [INFO] Количество звонков: 10
2025-03-11 15:14:50,130 [INFO] Время загрузки: 5.52 сек.

2025-03-11 15:14:50,131 [INFO] Результат обработки компании 'Гипростроймост ОАО' (48262949) не был изменен

2025-03-11 15:14:50,131 [INFO] Прогресс: 47 из 100 компаний (47.0%)
2025-03-11 15:14:50,131 [INFO] ------------------------------------------------------------------
2025-03-11 15:14:50,131 [INFO] Происходит загрузка звонков компании 'Звонок от 79315211507' (48263077)
2025-03-11 15:14:52,570 [INFO] Количество звонков: 2
2025-03-11 15:14:52,571 [INFO] Время загрузки: 2.44 сек.

2025-03-11 15:14:52,571 [INFO] Результат обработки компании 'Звонок от 79315211507' (48263077) не был изменен

2025-03-11 15:14:52,571 [INFO] Прогресс: 48 из 100 компаний (48.0%)
2025-03-11 15:14:52,571 [INFO] ------------------------------------------------------------------
2025-03-11 15:14:52,572 [INFO] Происходит загрузка звонков компании 'АО Комнедра' (48264553)
2025-03-11 15:14:55,718 [INFO] Количество звонков: 4
2025-03-11 15:14:55,718 [INFO] Время загрузки: 3.15 сек.

2025-03-11 15:14:55,718 [INFO] Результат обработки компании 'АО Комнедра' (48264553) не был изменен

2025-03-11 15:14:55,719 [INFO] Прогресс: 49 из 100 компаний (49.0%)
2025-03-11 15:14:55,719 [INFO] ------------------------------------------------------------------
2025-03-11 15:14:55,719 [INFO] Происходит загрузка звонков компании 'ЮЭСК АО' (48264555)
2025-03-11 15:14:57,704 [INFO] Количество звонков: 1
2025-03-11 15:14:57,705 [INFO] Время загрузки: 1.99 сек.

2025-03-11 15:14:57,705 [INFO] Результат обработки компании 'ЮЭСК АО' (48264555) не был изменен

2025-03-11 15:14:57,705 [INFO] Прогресс: 50 из 100 компаний (50.0%)
2025-03-11 15:14:57,706 [INFO] ------------------------------------------------------------------
2025-03-11 15:14:57,706 [INFO] Происходит загрузка звонков компании 'ПАО ДЭК' (48264591)
2025-03-11 15:14:59,666 [INFO] Количество звонков: 2
2025-03-11 15:14:59,668 [INFO] Время загрузки: 1.96 сек.

2025-03-11 15:14:59,668 [INFO] Результат обработки компании 'ПАО ДЭК' (48264591) не был изменен

2025-03-11 15:14:59,668 [INFO] Прогресс: 51 из 100 компаний (51.0%)
2025-03-11 15:14:59,668 [INFO] ------------------------------------------------------------------
2025-03-11 15:14:59,668 [INFO] Происходит загрузка звонков компании 'группа компаний' (48267121)
2025-03-11 15:15:02,625 [INFO] Количество звонков: 2
2025-03-11 15:15:02,625 [INFO] Время загрузки: 2.96 сек.

2025-03-11 15:15:02,626 [INFO] Результат обработки компании 'группа компаний' (48267121) не был изменен

2025-03-11 15:15:02,626 [INFO] Прогресс: 52 из 100 компаний (52.0%)
2025-03-11 15:15:02,626 [INFO] ------------------------------------------------------------------
2025-03-11 15:15:02,627 [INFO] Происходит загрузка звонков компании 'ООО "Объединенная Компания "Рустехнологии Муром"' (48267629)
2025-03-11 15:15:06,551 [INFO] Количество звонков: 1
2025-03-11 15:15:06,554 [INFO] Время загрузки: 3.93 сек.

2025-03-11 15:15:06,557 [INFO] Результат обработки компании 'ООО "Объединенная Компания "Рустехнологии Муром"' (48267629) не был изменен

2025-03-11 15:15:06,557 [INFO] Прогресс: 53 из 100 компаний (53.0%)
2025-03-11 15:15:06,557 [INFO] ------------------------------------------------------------------
2025-03-11 15:15:06,558 [INFO] Происходит загрузка звонков компании 'АО КТК' (48274579)
2025-03-11 15:15:09,164 [INFO] Количество звонков: 6
2025-03-11 15:15:09,164 [INFO] Время загрузки: 2.61 сек.

2025-03-11 15:15:09,165 [INFO] Результат обработки компании 'АО КТК' (48274579) не был изменен

2025-03-11 15:15:09,165 [INFO] Прогресс: 54 из 100 компаний (54.0%)
2025-03-11 15:15:09,165 [INFO] ------------------------------------------------------------------
2025-03-11 15:15:09,165 [INFO] Происходит загрузка звонков компании 'Звонок от 79996202477' (48275619)
2025-03-11 15:15:12,331 [INFO] Количество звонков: 1
2025-03-11 15:15:12,331 [INFO] Время загрузки: 3.17 сек.

2025-03-11 15:15:12,332 [INFO] Результат обработки компании 'Звонок от 79996202477' (48275619) не был изменен

2025-03-11 15:15:12,332 [INFO] Прогресс: 55 из 100 компаний (55.00000000000001%)
2025-03-11 15:15:12,332 [INFO] ------------------------------------------------------------------
2025-03-11 15:15:12,333 [INFO] Происходит загрузка звонков компании 'Звонок от 73432269575' (48279029)
2025-03-11 15:15:14,929 [INFO] Количество звонков: 1
2025-03-11 15:15:14,930 [INFO] Время загрузки: 2.6 сек.

2025-03-11 15:15:14,931 [INFO] Результат обработки компании 'Звонок от 73432269575' (48279029) не был изменен

2025-03-11 15:15:14,931 [INFO] Прогресс: 56 из 100 компаний (56.00000000000001%)
2025-03-11 15:15:14,931 [INFO] ------------------------------------------------------------------
2025-03-11 15:15:14,931 [INFO] Происходит загрузка звонков компании 'Звонок от 79921022389' (48279195)
2025-03-11 15:15:16,876 [INFO] Количество звонков: 1
2025-03-11 15:15:16,876 [INFO] Время загрузки: 1.94 сек.

2025-03-11 15:15:16,877 [INFO] Результат обработки компании 'Звонок от 79921022389' (48279195) не был изменен

2025-03-11 15:15:16,877 [INFO] Прогресс: 57 из 100 компаний (56.99999999999999%)
2025-03-11 15:15:16,877 [INFO] ------------------------------------------------------------------
2025-03-11 15:15:16,877 [INFO] Происходит загрузка звонков компании 'Звонок от 79628314641' (48279243)
2025-03-11 15:15:19,224 [INFO] Количество звонков: 1
2025-03-11 15:15:19,224 [INFO] Время загрузки: 2.35 сек.

2025-03-11 15:15:19,224 [INFO] Результат обработки компании 'Звонок от 79628314641' (48279243) не был изменен

2025-03-11 15:15:19,224 [INFO] Прогресс: 58 из 100 компаний (57.99999999999999%)
2025-03-11 15:15:19,224 [INFO] ------------------------------------------------------------------
2025-03-11 15:15:19,225 [INFO] Происходит загрузка звонков компании 'Звонок от 79833010705' (48297939)
2025-03-11 15:15:21,777 [INFO] Количество звонков: 1
2025-03-11 15:15:21,778 [INFO] Время загрузки: 2.55 сек.

2025-03-11 15:15:21,778 [INFO] Результат обработки компании 'Звонок от 79833010705' (48297939) не был изменен

2025-03-11 15:15:21,778 [INFO] Прогресс: 59 из 100 компаний (59.0%)
2025-03-11 15:15:21,779 [INFO] ------------------------------------------------------------------
2025-03-11 15:15:21,779 [INFO] Происходит загрузка звонков компании 'Сувенирная компания «ДАРИ»' (48298027)
2025-03-11 15:15:25,727 [INFO] Количество звонков: 1
2025-03-11 15:15:25,728 [INFO] Время загрузки: 3.95 сек.

2025-03-11 15:15:25,728 [INFO] Результат обработки компании 'Сувенирная компания «ДАРИ»' (48298027) не был изменен

2025-03-11 15:15:25,728 [INFO] Прогресс: 60 из 100 компаний (60.0%)
2025-03-11 15:15:25,728 [INFO] ------------------------------------------------------------------
2025-03-11 15:15:25,728 [INFO] Происходит загрузка звонков компании 'Восьмой цвет' (48300689)
2025-03-11 15:15:28,682 [INFO] Количество звонков: 1
2025-03-11 15:15:28,683 [INFO] Время загрузки: 2.95 сек.

2025-03-11 15:15:28,683 [INFO] Результат обработки компании 'Восьмой цвет' (48300689) не был изменен

2025-03-11 15:15:28,683 [INFO] Прогресс: 61 из 100 компаний (61.0%)
2025-03-11 15:15:28,683 [INFO] ------------------------------------------------------------------
2025-03-11 15:15:28,684 [INFO] Происходит загрузка звонков компании 'Юнит' (48301015)
2025-03-11 15:15:32,278 [INFO] Количество звонков: 1
2025-03-11 15:15:32,278 [INFO] Время загрузки: 3.59 сек.

2025-03-11 15:15:32,278 [INFO] Результат обработки компании 'Юнит' (48301015) не был изменен

2025-03-11 15:15:32,279 [INFO] Прогресс: 62 из 100 компаний (62.0%)
2025-03-11 15:15:32,279 [INFO] ------------------------------------------------------------------
2025-03-11 15:15:32,279 [INFO] Происходит загрузка звонков компании 'Неизвестный лид от Envybox' (48301097)
2025-03-11 15:15:34,264 [INFO] Количество звонков: 1
2025-03-11 15:15:34,265 [INFO] Время загрузки: 1.99 сек.

2025-03-11 15:15:34,266 [INFO] Результат обработки компании 'Неизвестный лид от Envybox' (48301097) не был изменен

2025-03-11 15:15:34,266 [INFO] Прогресс: 63 из 100 компаний (63.0%)
2025-03-11 15:15:34,266 [INFO] ------------------------------------------------------------------
2025-03-11 15:15:34,266 [INFO] Происходит загрузка звонков компании 'Звонок от 79217567283' (48301479)
2025-03-11 15:15:35,944 [INFO] Компания 'Звонок от 79217567283' не имеет звонков

2025-03-11 15:15:35,945 [INFO] Происходит отправка результата обработки компании...
2025-03-11 15:15:36,908 [INFO] Результат обработки компании 'Звонок от 79217567283' (48301479) установлен 'Нет звонков'

2025-03-11 15:15:36,908 [INFO] Прогресс: 64 из 100 компаний (64.0%)
2025-03-11 15:15:36,909 [INFO] ------------------------------------------------------------------
2025-03-11 15:15:36,909 [INFO] Происходит загрузка звонков компании 'Звонок от 79006384968' (48301481)
2025-03-11 15:15:38,606 [INFO] Компания 'Звонок от 79006384968' не имеет звонков

2025-03-11 15:15:38,607 [INFO] Происходит отправка результата обработки компании...
2025-03-11 15:15:39,867 [INFO] Результат обработки компании 'Звонок от 79006384968' (48301481) установлен 'Нет звонков'

2025-03-11 15:15:39,868 [INFO] Прогресс: 65 из 100 компаний (65.0%)
2025-03-11 15:15:39,868 [INFO] ------------------------------------------------------------------
2025-03-11 15:15:39,868 [INFO] Происходит загрузка звонков компании 'Звонок от 79604706792' (48301731)
2025-03-11 15:15:41,815 [INFO] Компания 'Звонок от 79604706792' не имеет звонков

2025-03-11 15:15:41,815 [INFO] Происходит отправка результата обработки компании...
2025-03-11 15:15:43,023 [INFO] Результат обработки компании 'Звонок от 79604706792' (48301731) установлен 'Нет звонков'

2025-03-11 15:15:43,024 [INFO] Прогресс: 66 из 100 компаний (66.0%)
2025-03-11 15:15:43,024 [INFO] ------------------------------------------------------------------
2025-03-11 15:15:43,024 [INFO] Происходит загрузка звонков компании 'Сибагроторг' (48302201)
2025-03-11 15:15:46,134 [INFO] Компания 'Сибагроторг' не имеет звонков

2025-03-11 15:15:46,136 [INFO] Происходит отправка результата обработки компании...
2025-03-11 15:15:47,455 [INFO] Результат обработки компании 'Сибагроторг' (48302201) установлен 'Нет звонков'

2025-03-11 15:15:47,455 [INFO] Прогресс: 67 из 100 компаний (67.0%)
2025-03-11 15:15:47,455 [INFO] ------------------------------------------------------------------
2025-03-11 15:15:47,456 [INFO] Происходит загрузка звонков компании 'Звонок от 79628340091' (48302297)
2025-03-11 15:15:49,199 [INFO] Количество звонков: 1
2025-03-11 15:15:49,199 [INFO] Время загрузки: 1.74 сек.

2025-03-11 15:15:49,200 [INFO] Результат обработки компании 'Звонок от 79628340091' (48302297) не был изменен

2025-03-11 15:15:49,200 [INFO] Прогресс: 68 из 100 компаний (68.0%)
2025-03-11 15:15:49,200 [INFO] ------------------------------------------------------------------
2025-03-11 15:15:49,200 [INFO] Происходит загрузка звонков компании 'Звонок от 79022880178' (48250259)
2025-03-11 15:15:50,818 [INFO] Компания 'Звонок от 79022880178' не имеет звонков

2025-03-11 15:15:50,819 [INFO] Происходит отправка результата обработки компании...
2025-03-11 15:15:52,325 [INFO] Результат обработки компании 'Звонок от 79022880178' (48250259) установлен 'Нет звонков'

2025-03-11 15:15:52,325 [INFO] Прогресс: 69 из 100 компаний (69.0%)
2025-03-11 15:15:52,326 [INFO] ------------------------------------------------------------------
2025-03-11 15:15:52,326 [INFO] Происходит загрузка звонков компании 'Звонок от 79858933246' (48250481)
2025-03-11 15:15:54,224 [INFO] Количество звонков: 2
2025-03-11 15:15:54,225 [INFO] Время загрузки: 1.9 сек.

2025-03-11 15:15:54,226 [INFO] Результат обработки компании 'Звонок от 79858933246' (48250481) не был изменен

2025-03-11 15:15:54,226 [INFO] Прогресс: 70 из 100 компаний (70.0%)
2025-03-11 15:15:54,226 [INFO] ------------------------------------------------------------------
2025-03-11 15:15:54,226 [INFO] Происходит загрузка звонков компании 'Звонок от 79395553201' (48250487)
2025-03-11 15:15:55,880 [INFO] Компания 'Звонок от 79395553201' не имеет звонков

2025-03-11 15:15:55,881 [INFO] Происходит отправка результата обработки компании...
2025-03-11 15:15:56,920 [INFO] Результат обработки компании 'Звонок от 79395553201' (48250487) установлен 'Нет звонков'

2025-03-11 15:15:56,921 [INFO] Прогресс: 71 из 100 компаний (71.0%)
2025-03-11 15:15:56,921 [INFO] ------------------------------------------------------------------
2025-03-11 15:15:56,921 [INFO] Происходит загрузка звонков компании 'Бюро Gifts' (48251355)
2025-03-11 15:15:59,462 [INFO] Компания 'Бюро Gifts' не имеет звонков

2025-03-11 15:15:59,463 [INFO] Происходит отправка результата обработки компании...
2025-03-11 15:16:00,618 [INFO] Результат обработки компании 'Бюро Gifts' (48251355) установлен 'Нет звонков'

2025-03-11 15:16:00,619 [INFO] Прогресс: 72 из 100 компаний (72.0%)
2025-03-11 15:16:00,619 [INFO] ------------------------------------------------------------------
2025-03-11 15:16:00,619 [INFO] Происходит загрузка звонков компании 'МРТС АО' (48251521)
2025-03-11 15:16:04,462 [INFO] Количество звонков: 5
2025-03-11 15:16:04,462 [INFO] Время загрузки: 3.84 сек.

2025-03-11 15:16:04,463 [INFO] Результат обработки компании 'МРТС АО' (48251521) не был изменен

2025-03-11 15:16:04,463 [INFO] Прогресс: 73 из 100 компаний (73.0%)
2025-03-11 15:16:04,464 [INFO] ------------------------------------------------------------------
2025-03-11 15:16:04,464 [INFO] Происходит загрузка звонков компании 'БКЗ Южная Корона' (48251545)
2025-03-11 15:16:09,756 [INFO] Количество звонков: 10
2025-03-11 15:16:09,757 [INFO] Время загрузки: 5.29 сек.

2025-03-11 15:16:09,758 [INFO] Результат обработки компании 'БКЗ Южная Корона' (48251545) не был изменен

2025-03-11 15:16:09,759 [INFO] Прогресс: 74 из 100 компаний (74.0%)
2025-03-11 15:16:09,759 [INFO] ------------------------------------------------------------------
2025-03-11 15:16:09,759 [INFO] Происходит загрузка звонков компании 'ШТИЛЬ' (48251961)
2025-03-11 15:16:13,177 [INFO] Количество звонков: 1
2025-03-11 15:16:13,178 [INFO] Время загрузки: 3.42 сек.

2025-03-11 15:16:13,178 [INFO] Результат обработки компании 'ШТИЛЬ' (48251961) не был изменен

2025-03-11 15:16:13,178 [INFO] Прогресс: 75 из 100 компаний (75.0%)
2025-03-11 15:16:13,179 [INFO] ------------------------------------------------------------------
2025-03-11 15:16:13,179 [INFO] Происходит загрузка звонков компании 'Звонок от 79517692748' (48251977)
2025-03-11 15:16:14,881 [INFO] Компания 'Звонок от 79517692748' не имеет звонков

2025-03-11 15:16:14,882 [INFO] Происходит отправка результата обработки компании...
2025-03-11 15:16:19,112 [INFO] Результат обработки компании 'Звонок от 79517692748' (48251977) установлен 'Нет звонков'

2025-03-11 15:16:19,113 [INFO] Прогресс: 76 из 100 компаний (76.0%)
2025-03-11 15:16:19,113 [INFO] ------------------------------------------------------------------
2025-03-11 15:16:19,113 [INFO] Происходит загрузка звонков компании 'Звонок от 79601644342' (48251983)
2025-03-11 15:16:21,762 [INFO] Компания 'Звонок от 79601644342' не имеет звонков

2025-03-11 15:16:21,763 [INFO] Происходит отправка результата обработки компании...
2025-03-11 15:16:23,465 [INFO] Результат обработки компании 'Звонок от 79601644342' (48251983) установлен 'Нет звонков'

2025-03-11 15:16:23,466 [INFO] Прогресс: 77 из 100 компаний (77.0%)
2025-03-11 15:16:23,466 [INFO] ------------------------------------------------------------------
2025-03-11 15:16:23,466 [INFO] Происходит загрузка звонков компании 'История качества жизни' (48252061)
2025-03-11 15:16:26,266 [INFO] Количество звонков: 3
2025-03-11 15:16:26,267 [INFO] Время загрузки: 2.8 сек.

2025-03-11 15:16:26,267 [INFO] Результат обработки компании 'История качества жизни' (48252061) не был изменен

2025-03-11 15:16:26,268 [INFO] Прогресс: 78 из 100 компаний (78.0%)
2025-03-11 15:16:26,268 [INFO] ------------------------------------------------------------------
2025-03-11 15:16:26,268 [INFO] Происходит загрузка звонков компании 'ЦДС АО' (48252141)
2025-03-11 15:16:30,647 [INFO] Количество звонков: 11
2025-03-11 15:16:30,648 [INFO] Время загрузки: 4.38 сек.

2025-03-11 15:16:30,648 [INFO] Результат обработки компании 'ЦДС АО' (48252141) не был изменен

2025-03-11 15:16:30,648 [INFO] Прогресс: 79 из 100 компаний (79.0%)
2025-03-11 15:16:30,648 [INFO] ------------------------------------------------------------------
2025-03-11 15:16:30,648 [INFO] Происходит загрузка звонков компании 'Чинт Электрик ООО' (48252159)
2025-03-11 15:16:34,139 [INFO] Количество звонков: 9
2025-03-11 15:16:34,140 [INFO] Время загрузки: 3.49 сек.

2025-03-11 15:16:34,141 [INFO] Результат обработки компании 'Чинт Электрик ООО' (48252159) не был изменен

2025-03-11 15:16:34,141 [INFO] Прогресс: 80 из 100 компаний (80.0%)
2025-03-11 15:16:34,141 [INFO] ------------------------------------------------------------------
2025-03-11 15:16:34,141 [INFO] Происходит загрузка звонков компании 'ЭТМ' (48252181)
2025-03-11 15:16:35,919 [INFO] Компания 'ЭТМ' не имеет звонков

2025-03-11 15:16:35,920 [INFO] Происходит отправка результата обработки компании...
2025-03-11 15:16:37,269 [INFO] Результат обработки компании 'ЭТМ' (48252181) установлен 'Нет звонков'

2025-03-11 15:16:37,270 [INFO] Прогресс: 81 из 100 компаний (81.0%)
2025-03-11 15:16:37,270 [INFO] ------------------------------------------------------------------
2025-03-11 15:16:37,271 [INFO] Происходит загрузка звонков компании 'Звонок от 79220757093' (48253993)
2025-03-11 15:16:38,901 [INFO] Компания 'Звонок от 79220757093' не имеет звонков

2025-03-11 15:16:38,902 [INFO] Происходит отправка результата обработки компании...
2025-03-11 15:16:40,223 [INFO] Результат обработки компании 'Звонок от 79220757093' (48253993) установлен 'Нет звонков'

2025-03-11 15:16:40,224 [INFO] Прогресс: 82 из 100 компаний (82.0%)
2025-03-11 15:16:40,224 [INFO] ------------------------------------------------------------------
2025-03-11 15:16:40,224 [INFO] Происходит загрузка звонков компании 'Звонок от 79197740445' (48256695)
2025-03-11 15:16:42,072 [INFO] Компания 'Звонок от 79197740445' не имеет звонков

2025-03-11 15:16:42,073 [INFO] Происходит отправка результата обработки компании...
2025-03-11 15:16:43,212 [INFO] Результат обработки компании 'Звонок от 79197740445' (48256695) установлен 'Нет звонков'

2025-03-11 15:16:43,213 [INFO] Прогресс: 83 из 100 компаний (83.0%)
2025-03-11 15:16:43,214 [INFO] ------------------------------------------------------------------
2025-03-11 15:16:43,214 [INFO] Происходит загрузка звонков компании 'Саханефтегаз АО' (48257685)
2025-03-11 15:16:46,566 [INFO] Количество звонков: 6
2025-03-11 15:16:46,566 [INFO] Время загрузки: 3.35 сек.

2025-03-11 15:16:46,567 [INFO] Результат обработки компании 'Саханефтегаз АО' (48257685) не был изменен

2025-03-11 15:16:46,567 [INFO] Прогресс: 84 из 100 компаний (84.0%)
2025-03-11 15:16:46,567 [INFO] ------------------------------------------------------------------
2025-03-11 15:16:46,567 [INFO] Происходит загрузка звонков компании 'АО Высочайший' (48257701)
2025-03-11 15:16:49,078 [INFO] Количество звонков: 8
2025-03-11 15:16:49,079 [INFO] Время загрузки: 2.51 сек.

2025-03-11 15:16:49,080 [INFO] Результат обработки компании 'АО Высочайший' (48257701) не был изменен

2025-03-11 15:16:49,080 [INFO] Прогресс: 85 из 100 компаний (85.0%)
2025-03-11 15:16:49,080 [INFO] ------------------------------------------------------------------
2025-03-11 15:16:49,080 [INFO] Происходит загрузка звонков компании 'АО СГМ' (48257735)
2025-03-11 15:16:50,882 [INFO] Количество звонков: 9
2025-03-11 15:16:50,883 [INFO] Время загрузки: 1.8 сек.

2025-03-11 15:16:50,883 [INFO] Результат обработки компании 'АО СГМ' (48257735) не был изменен

2025-03-11 15:16:50,883 [INFO] Прогресс: 86 из 100 компаний (86.0%)
2025-03-11 15:16:50,883 [INFO] ------------------------------------------------------------------
2025-03-11 15:16:50,884 [INFO] Происходит загрузка звонков компании 'АО ПО Якутцемент' (48257851)
2025-03-11 15:16:53,409 [INFO] Количество звонков: 1
2025-03-11 15:16:53,410 [INFO] Время загрузки: 2.53 сек.

2025-03-11 15:16:53,410 [INFO] Результат обработки компании 'АО ПО Якутцемент' (48257851) не был изменен

2025-03-11 15:16:53,410 [INFO] Прогресс: 87 из 100 компаний (87.0%)
2025-03-11 15:16:53,410 [INFO] ------------------------------------------------------------------
2025-03-11 15:16:53,411 [INFO] Происходит загрузка звонков компании 'Новосибирская продовольственная корпорация' (48257931)
2025-03-11 15:16:55,662 [INFO] Количество звонков: 2
2025-03-11 15:16:55,663 [INFO] Время загрузки: 2.25 сек.

2025-03-11 15:16:55,663 [INFO] Результат обработки компании 'Новосибирская продовольственная корпорация' (48257931) не был изменен

2025-03-11 15:16:55,663 [INFO] Прогресс: 88 из 100 компаний (88.0%)
2025-03-11 15:16:55,663 [INFO] ------------------------------------------------------------------
2025-03-11 15:16:55,663 [INFO] Происходит загрузка звонков компании 'подария' (48257999)
2025-03-11 15:16:57,782 [INFO] Компания 'подария' не имеет звонков

2025-03-11 15:16:57,784 [INFO] Происходит отправка результата обработки компании...
2025-03-11 15:16:58,662 [INFO] Результат обработки компании 'подария' (48257999) установлен 'Нет звонков'

2025-03-11 15:16:58,663 [INFO] Прогресс: 89 из 100 компаний (89.0%)
2025-03-11 15:16:58,663 [INFO] ------------------------------------------------------------------
2025-03-11 15:16:58,665 [INFO] Происходит загрузка звонков компании 'Звонок от 79172772800' (48258095)
2025-03-11 15:16:59,951 [INFO] Компания 'Звонок от 79172772800' не имеет звонков

2025-03-11 15:16:59,951 [INFO] Происходит отправка результата обработки компании...
2025-03-11 15:17:01,174 [INFO] Результат обработки компании 'Звонок от 79172772800' (48258095) установлен 'Нет звонков'

2025-03-11 15:17:01,174 [INFO] Прогресс: 90 из 100 компаний (90.0%)
2025-03-11 15:17:01,175 [INFO] ------------------------------------------------------------------
2025-03-11 15:17:01,175 [INFO] Происходит загрузка звонков компании 'Мизудо Рус' (48258155)
2025-03-11 15:17:03,910 [INFO] Количество звонков: 1
2025-03-11 15:17:03,910 [INFO] Время загрузки: 2.74 сек.

2025-03-11 15:17:03,911 [INFO] Результат обработки компании 'Мизудо Рус' (48258155) не был изменен

2025-03-11 15:17:03,911 [INFO] Прогресс: 91 из 100 компаний (91.0%)
2025-03-11 15:17:03,911 [INFO] ------------------------------------------------------------------
2025-03-11 15:17:03,911 [INFO] Происходит загрузка звонков компании 'Звонок от 74951616065' (48258325)
2025-03-11 15:17:05,749 [INFO] Компания 'Звонок от 74951616065' не имеет звонков

2025-03-11 15:17:05,750 [INFO] Происходит отправка результата обработки компании...
2025-03-11 15:17:07,207 [INFO] Результат обработки компании 'Звонок от 74951616065' (48258325) установлен 'Нет звонков'

2025-03-11 15:17:07,208 [INFO] Прогресс: 92 из 100 компаний (92.0%)
2025-03-11 15:17:07,208 [INFO] ------------------------------------------------------------------
2025-03-11 15:17:07,208 [INFO] Происходит загрузка звонков компании 'Звонок от 74953635032' (48258555)
2025-03-11 15:17:09,077 [INFO] Компания 'Звонок от 74953635032' не имеет звонков

2025-03-11 15:17:09,078 [INFO] Происходит отправка результата обработки компании...
2025-03-11 15:17:10,359 [INFO] Результат обработки компании 'Звонок от 74953635032' (48258555) установлен 'Нет звонков'

2025-03-11 15:17:10,360 [INFO] Прогресс: 93 из 100 компаний (93.0%)
2025-03-11 15:17:10,360 [INFO] ------------------------------------------------------------------
2025-03-11 15:17:10,360 [INFO] Происходит загрузка звонков компании 'Звонок от 79921022398' (48258621)
2025-03-11 15:17:12,430 [INFO] Количество звонков: 1
2025-03-11 15:17:12,430 [INFO] Время загрузки: 2.07 сек.

2025-03-11 15:17:12,430 [INFO] Результат обработки компании 'Звонок от 79921022398' (48258621) не был изменен

2025-03-11 15:17:12,431 [INFO] Прогресс: 94 из 100 компаний (94.0%)
2025-03-11 15:17:12,431 [INFO] ------------------------------------------------------------------
2025-03-11 15:17:12,431 [INFO] Происходит загрузка звонков компании 'Эргосталь' (48258947)
2025-03-11 15:17:14,154 [INFO] Компания 'Эргосталь' не имеет звонков

2025-03-11 15:17:14,156 [INFO] Происходит отправка результата обработки компании...
2025-03-11 15:17:15,431 [INFO] Результат обработки компании 'Эргосталь' (48258947) установлен 'Нет звонков'

2025-03-11 15:17:15,433 [INFO] Прогресс: 95 из 100 компаний (95.0%)
2025-03-11 15:17:15,433 [INFO] ------------------------------------------------------------------
2025-03-11 15:17:15,434 [INFO] Происходит загрузка звонков компании 'Звонок от 79997868521' (48259449)
2025-03-11 15:17:17,248 [INFO] Компания 'Звонок от 79997868521' не имеет звонков

2025-03-11 15:17:17,249 [INFO] Происходит отправка результата обработки компании...
2025-03-11 15:17:18,216 [INFO] Результат обработки компании 'Звонок от 79997868521' (48259449) установлен 'Нет звонков'

2025-03-11 15:17:18,216 [INFO] Прогресс: 96 из 100 компаний (96.0%)
2025-03-11 15:17:18,216 [INFO] ------------------------------------------------------------------
2025-03-11 15:17:18,216 [INFO] Происходит загрузка звонков компании 'Звонок от 79539889856' (48259565)
2025-03-11 15:17:19,928 [INFO] Компания 'Звонок от 79539889856' не имеет звонков

2025-03-11 15:17:19,928 [INFO] Происходит отправка результата обработки компании...
2025-03-11 15:17:20,846 [INFO] Результат обработки компании 'Звонок от 79539889856' (48259565) установлен 'Нет звонков'

2025-03-11 15:17:20,847 [INFO] Прогресс: 97 из 100 компаний (97.0%)
2025-03-11 15:17:20,847 [INFO] ------------------------------------------------------------------
2025-03-11 15:17:20,847 [INFO] Происходит загрузка звонков компании 'Гастропрофи' (48259693)
2025-03-11 15:17:23,271 [INFO] Количество звонков: 1
2025-03-11 15:17:23,271 [INFO] Время загрузки: 2.42 сек.

2025-03-11 15:17:23,272 [INFO] Результат обработки компании 'Гастропрофи' (48259693) не был изменен

2025-03-11 15:17:23,272 [INFO] Прогресс: 98 из 100 компаний (98.0%)
2025-03-11 15:17:23,272 [INFO] ------------------------------------------------------------------
2025-03-11 15:17:23,272 [INFO] Происходит загрузка звонков компании 'Неизвестный лид от Envybox' (48259959)
2025-03-11 15:17:25,075 [INFO] Компания 'Неизвестный лид от Envybox' не имеет звонков

2025-03-11 15:17:25,076 [INFO] Происходит отправка результата обработки компании...
2025-03-11 15:17:26,486 [INFO] Результат обработки компании 'Неизвестный лид от Envybox' (48259959) установлен 'Нет звонков'

2025-03-11 15:17:26,487 [INFO] Прогресс: 99 из 100 компаний (99.0%)
2025-03-11 15:17:26,488 [INFO] ------------------------------------------------------------------
2025-03-11 15:17:26,488 [INFO] Происходит загрузка звонков компании 'АО ЧЭМК' (48260367)
2025-03-11 15:17:31,412 [INFO] Количество звонков: 11
2025-03-11 15:17:31,412 [INFO] Время загрузки: 4.92 сек.

2025-03-11 15:17:31,412 [INFO] Результат обработки компании 'АО ЧЭМК' (48260367) не был изменен

2025-03-11 15:17:31,412 [INFO] Прогресс: 100 из 100 компаний (100.0%)
2025-03-11 15:17:31,412 [INFO] ------------------------------------------------------------------
2025-03-11 15:17:31,412 [INFO] Происходит загрузка звонков компании 'АО Уралнефтесервис' (48260383)
2025-03-11 15:17:34,197 [INFO] Количество звонков: 1
2025-03-11 15:17:34,197 [INFO] Время загрузки: 2.78 сек.

2025-03-11 15:17:34,198 [INFO] Результат обработки компании 'АО Уралнефтесервис' (48260383) не был изменен

2025-03-11 15:17:34,198 [INFO] Скрипт завершил работу за 295 сек.
2025-03-11 15:17:34,198 [INFO] Время обработки 1 компании 2.95 сек.
2025-03-11 15:17:34,198 [INFO] Без звонков / ВСЕГО: 20 / 100
