2025-03-11 00:06:29,919 [INFO] Скрипт запущен!
2025-03-11 00:06:29,922 [INFO] Происходит загрузка компаний...
2025-03-11 00:06:31,220 [INFO] Загружено 3 компаний за 1.3 секунд

2025-03-11 00:06:31,221 [INFO] Прогресс: 1 из 3 компаний (33.0%)
2025-03-11 00:06:31,221 [INFO] ------------------------------------------------------------------
2025-03-11 00:06:31,221 [INFO] Происходит загрузка звонков компании 'Группа компаний Авангард' (48395143)
2025-03-11 00:06:32,364 [INFO] Количество звонков: 2
2025-03-11 00:06:32,364 [INFO] Время загрузки: 1.14 сек.

2025-03-11 00:06:32,364 [INFO] 	Обработка звонка
2025-03-11 00:06:32,365 [INFO] 	Длительность: 171 сек.
2025-03-11 00:06:32,365 [INFO] 	Ссылка: https://amocrm.mango-office.ru/calls/recording/download/11020017/MToxMDE1MDk4NDoyMjg0NjcwNDc3Nzow/NDAzMzg2OTc3

2025-03-11 00:06:32,365 [INFO] 		Происходит загрузка звонка...
2025-03-11 00:06:33,576 [INFO] 		Время загрузки: 1.21 сек.

2025-03-11 00:06:33,577 [INFO] 		Происходит транскрибация звонка...
2025-03-11 00:08:58,965 [INFO] 		Время транскрибации: 145.39 сек.

2025-03-11 00:08:58,967 [INFO] 		РЕЗУЛЬТАТ:  Здравствуйте, оставайтесь на линии. Вам ответит первый свободный сотрудник. Здравствуйте, кирилл группы компании «Ван Лярд». Добрый день, закладная компания «Расширение» в Мернутали. Подскажите, по выставке «Глобальный ингриденц-шоу» с кем можно переговорить по подготовке? А что вы хотели предложить? Хотела бы как раз таки отречмить, что вы готовы к данной выставке, необходимо ли полиграфила, сувенирная, агентированная продукция на раздатку? Да нет, у нас много осталось продуктов. Пока что не планируем доказывать. А я правильно понимаю, что вы занимаетесь закупкой? Да, да. А как могу к вам присягнуть? Как вас зовут? Меня Кирилл зовут. Дмитрий. Дмитрий, а вы уже полностью все закупили? Стоп. Кирилл. Кирилл, простите. Кирилл, я правильно понимаю, что вы уже полностью закупили или что-то необходимо будет еще? Да нет, мы на продукцию закупались большим запасом, пока что ничего не требуется. А на раздатку тоже у вас все закуплено? Да-да, мы большим тиражом печатались. А стенды, вы все уже готовы? У вас тоже все? Стенды, лапы? Стенд у нас при выставке, компания-застройщик. Угу. Понял. А, Кирилл, вы все? А вы как часто делаете закупки по брендированной продукции? По потребности. По потребности. По потребности. Новый год, когда начинаете рассматривать, почему я спрашиваю? Потому что басутовая компания сейчас начинает уже весней закупку. А мы в Китае сегодня на продукцию закупаем. Самоистоятельно, правильно? Да-да. Угу, стамила. Кирилл, в любом случае, я бы хотела вам отправить предложение, чтобы ознакомились с нашей компанией. Мы входим в ТОЖ-10, рекламный агент по России, и хотела бы, чтобы вы с нами тоже познакомились. Подскажите, куда могу вам отправить наше предложение и наше работу? Направляйте на их ход, доступ к ней торговле есть. Угу. Все, хорошо, я тогда информацию отправлю, посмотрю, все хорошо? Да, да, спасибо. Спасибо, что вы дали. Да, ты дали.
2025-03-11 00:08:59,047 [INFO] 		Происходит обработка содержимого разговора...
2025-03-11 00:09:00,163 [INFO] 		РЕЗУЛЬТАТ: НЕТ
2025-03-11 00:09:00,164 [INFO] 		Время обработки ИИ: 1.12 сек.

2025-03-11 00:09:00,165 [INFO] 		Всего времени на обработку звонка: 147.8 сек.

2025-03-11 00:09:00,165 [INFO] 	Обработка звонка
2025-03-11 00:09:00,165 [INFO] 	Длительность: 67 сек.
2025-03-11 00:09:00,165 [INFO] 	Ссылка: https://amocrm.mango-office.ru/calls/recording/download/11020017/MToxMDE1MDk4NDoyMjg0NjQ4NjgwNzow/NDAzMzg2OTc3

2025-03-11 00:09:00,166 [INFO] 		Происходит загрузка звонка...
2025-03-11 00:09:01,265 [INFO] 		Время загрузки: 1.1 сек.

2025-03-11 00:09:01,266 [INFO] 		Происходит транскрибация звонка...
2025-03-11 00:09:29,878 [INFO] 		Время транскрибации: 28.61 сек.

2025-03-11 00:09:29,879 [INFO] 		РЕЗУЛЬТАТ:  Здравствуйте, оставайтесь на линии. Вам ответит первый свободный сотрудник. Алло. Добрый день, докладная компания Росеумер. Наталья, соберитесь от дела Маркерсга, пожалуйста. У нас он находится в Челябинске. Наберите, пожалуйста, торговый дом в Рубинске. Еще раз, с одной минутой, пожалуйста. У нас производство находится в Челябинске. Так. Наберите, пожалуйста, торговый дом в Рубинске. Хорошо. А как вы мне спросите? Ну, просто по выставке. Ну, в остатке дня. Я не знаю. Я не знаю, в остатке дня. Все понятно, понятно. Спасибо большое.
2025-03-11 00:09:29,955 [INFO] 		Происходит обработка содержимого разговора...
2025-03-11 00:09:31,237 [INFO] 		РЕЗУЛЬТАТ: НЕТ
2025-03-11 00:09:31,238 [INFO] 		Время обработки ИИ: 1.28 сек.

2025-03-11 00:09:31,238 [INFO] 		Всего времени на обработку звонка: 31.07 сек.

2025-03-11 00:09:31,239 [INFO] Происходит отправка результата обработки компании...
2025-03-11 00:09:31,752 [INFO] Результат обработки компании 'Группа компаний Авангард' (48395143) установлен 'Нет интереса'

2025-03-11 00:09:31,754 [INFO] Всего времени на обработку компании: 180.53 сек.

2025-03-11 00:09:31,754 [INFO] Прогресс: 2 из 3 компаний (67.0%)
2025-03-11 00:09:31,754 [INFO] ------------------------------------------------------------------
2025-03-11 00:09:31,754 [INFO] Происходит загрузка звонков компании 'Газойл ООО' (48395161)
2025-03-11 00:09:33,649 [INFO] Количество звонков: 8
2025-03-11 00:09:33,649 [INFO] Время загрузки: 1.89 сек.

2025-03-11 00:09:33,650 [INFO] 	Обработка звонка
2025-03-11 00:09:33,650 [INFO] 	Длительность: 155 сек.
2025-03-11 00:09:33,650 [INFO] 	Ссылка: https://amocrm.mango-office.ru/calls/recording/download/11020017/MToxMDE1MDk4NDoyMjg0Njc0NjU4Mjow/NDA0ODA4NTMx

2025-03-11 00:09:33,650 [INFO] 		Происходит загрузка звонка...
2025-03-11 00:09:34,731 [INFO] 		Время загрузки: 1.08 сек.

2025-03-11 00:09:34,732 [INFO] 		Происходит транскрибация звонка...
2025-03-11 00:10:47,022 [INFO] 		Время транскрибации: 72.29 сек.

2025-03-11 00:10:47,022 [INFO] 		РЕЗУЛЬТАТ:  Здравствуйте, вас приветствует Петь ОЗС Газкомнифт Республики Мордовии. Обращаем ваше внимание, цели в контроле качества обслуживания все разговоры могут быть записаны. Если вы знаете внутренний номер сотрудника, наберите в тональном режиме. Для соединения с ОЗС наберите цифру 3 или оставайтесь на линии. Пожалуйста, дождитесь ответа оператора или наберите добавочный номер сотрудника. По окончании набора нажмите решетку. Газкомнифт, здравствуйте. Добрый день. Мы с ОЗС делаем закопок. Я слушаю вас. Саша, вы можете поделиться с ОЗС Газкомнифт. У меня ранний коллега контактировал по корпоративным подаркам сувенирной продукции. Он мне не сказал имя сотрудника и заболел. У вас ничего по подаркам? Да, по корпоративным подаркам сувенирной продукции. Мы ничего не заказывали. Да, то есть он не слушал. А что вы делаете? Я делаю, что я делаю. Мы ничего не заказывали. Да, то есть он ошибся, что ли. Странно здесь. Здесь просто пометка. Я могу дозвонить. То есть вы не ежедневники, не ручки, ничего такого не заказываете? Мы конкретно в офисе вообще такое. Я не знаю, что такое. Простите, девчонка, не заказывали ни блокнотики, ничего, ни ручки. А мне не знаете какая? Россувенир. Сейчас секунду. Блокнотики еще не было такого? Лудина. А зачем ей это надо? Девочка, ну берете ей тогда, не знаю, кто этим занимался. А девочка, у которой ее нет, отсутствует. Покажите мне на телефоне. 8 931, ты васутовый? 983, на этот надо звонить. Сейчас, подождите, 8 983. 137. 58. Хорошо, я передам ей. Ладно, хорошо, спасибо, до свидания.
2025-03-11 00:10:47,102 [INFO] 		Происходит обработка содержимого разговора...
2025-03-11 00:10:48,182 [INFO] 		РЕЗУЛЬТАТ: НЕТ
2025-03-11 00:10:48,183 [INFO] 		Время обработки ИИ: 1.08 сек.

2025-03-11 00:10:48,184 [INFO] 		Всего времени на обработку звонка: 74.53 сек.

2025-03-11 00:10:48,185 [INFO] 	Обработка звонка
2025-03-11 00:10:48,185 [INFO] 	Длительность: 62 сек.
2025-03-11 00:10:48,185 [INFO] 	Ссылка: https://amocrm.mango-office.ru/calls/recording/download/11020017/MToxMDE1MDk4NDoyMjg1MjQzNzI3Mjow/NDA0ODA4NTMx

2025-03-11 00:10:48,185 [INFO] 		Происходит загрузка звонка...
2025-03-11 00:10:49,347 [INFO] 		Время загрузки: 1.16 сек.

2025-03-11 00:10:49,348 [INFO] 		Происходит транскрибация звонка...
2025-03-11 00:11:21,596 [INFO] 		Время транскрибации: 32.25 сек.

2025-03-11 00:11:21,596 [INFO] 		РЕЗУЛЬТАТ:  Здравствуйте, вас приветствует сеть АЗС Газкомнифт Республики Мордовия. Обращаем ваше внимание, цель в контроле качества обслуживания все разговоры могут быть записаны. Если вы знаете внуки номер сотрудника, наберите в тональном режиме. Для соединения с АЗС наберите цифру 3 или оставайтесь на линии. Пожалуйста, подождите с ответа оператора или наберите добавочный номер сотрудника. По окончании набора нажмите решетку. Сеть Газкомнифт, простите. Добрый день. Да-да-да, добрый день. Отскажите лудер. Я могу услышать? Лудин отсутствует. А сегодня она будет, не подскажете? Не знаю, она на объекте. Ладно, перезвоню. Спасибо. До свидания.
2025-03-11 00:11:21,672 [INFO] 		Происходит обработка содержимого разговора...
2025-03-11 00:11:22,955 [INFO] 		РЕЗУЛЬТАТ: НЕТ
2025-03-11 00:11:22,956 [INFO] 		Время обработки ИИ: 1.28 сек.

2025-03-11 00:11:22,957 [INFO] 		Всего времени на обработку звонка: 34.77 сек.

2025-03-11 00:11:22,957 [INFO] 	Обработка звонка
2025-03-11 00:11:22,958 [INFO] 	Длительность: 60 сек.
2025-03-11 00:11:22,958 [INFO] 	Ссылка: https://amocrm.mango-office.ru/calls/recording/download/11020017/MToxMDE1MDk4NDoyMjg2MzEzOTIzNTow/NDA0ODA4NTMx

2025-03-11 00:11:22,958 [INFO] 		Происходит загрузка звонка...
2025-03-11 00:11:24,031 [INFO] 		Время загрузки: 1.07 сек.

2025-03-11 00:11:24,032 [INFO] 		Происходит транскрибация звонка...
2025-03-11 00:11:56,231 [INFO] 		Время транскрибации: 32.2 сек.

2025-03-11 00:11:56,231 [INFO] 		РЕЗУЛЬТАТ:  Здравствуйте, вас приветствует Петя ЗС Газкомнистер Республики Мордовии. Обращаем ваше внимание, цели в контроле качества обслуживания все разговоры могут быть записаны. Если вы знаете внутренний номер сотрудника, наберите в тональном режиме. Для соединения с АЗС наберите цифру 3 или оставайтесь на линии. Пожалуйста, дождитесь ответа оператора или наберите добавочный номер сотрудника. По кончании набора нажмите решетку. Секретарь с вами, здравствуйте. Добрый день. Подскажите, а люди могу услышать? На объекте сейчас находятся. А сегодня будет? Подскажите. Я не знаю, она не докладывает. Хорошо, я поняла. Ну ладно, попробую звонить. Спасибо. До свидания.
2025-03-11 00:11:56,292 [INFO] 		Происходит обработка содержимого разговора...
2025-03-11 00:11:58,255 [INFO] 		РЕЗУЛЬТАТ: НЕТ
2025-03-11 00:11:58,256 [INFO] 		Время обработки ИИ: 1.96 сек.

2025-03-11 00:11:58,257 [INFO] 		Всего времени на обработку звонка: 35.3 сек.

2025-03-11 00:11:58,258 [INFO] 	Обработка звонка
2025-03-11 00:11:58,258 [INFO] 	Длительность: 54 сек.
2025-03-11 00:11:58,258 [INFO] 	Ссылка: https://amocrm.mango-office.ru/calls/recording/download/11020017/MToxMDE1MDk4NDoyMjg3NjYxMzI4NDow/NDA0ODA4NTMx

2025-03-11 00:11:58,258 [INFO] 		Происходит загрузка звонка...
2025-03-11 00:11:59,391 [INFO] 		Время загрузки: 1.13 сек.

2025-03-11 00:11:59,392 [INFO] 		Происходит транскрибация звонка...
2025-03-11 00:12:47,377 [INFO] 		Время транскрибации: 47.99 сек.

2025-03-11 00:12:47,378 [INFO] 		РЕЗУЛЬТАТ:  Здравствуйте, вас приветствует сеть АЗС Газпромнефти Республики Мордовия. Обращаем ваше внимание, цель в контроле качества обслуживания, все разговоры могут быть записаны. Если вы знаете внутренний номер сотрудника, наберите в тональном режиме. Для соединения с АЗС наберите цифру 3 или оставайтесь на линии. Пожалуйста, дождитесь ответа оператора или наберите добавочный номер сотрудника. По кончании набора нажмите решетку. Алло. Алло, добрый день. Здравствуйте. А под конец ее телевизии мы могу услышать? Подсутствует. А что вы делаете? Я делаю, что я делаю. А вы делаете, что вы делаете? Я делаю, что я делаю. А вы делаете, что вы делаете? Подсутствует. На следующей неделе звоните. Хорошо. Хорошо, спасибо.
2025-03-11 00:12:47,467 [INFO] 		Происходит обработка содержимого разговора...
2025-03-11 00:12:48,391 [INFO] 		РЕЗУЛЬТАТ: НЕТ
2025-03-11 00:12:48,391 [INFO] 		Время обработки ИИ: 0.92 сек.

2025-03-11 00:12:48,393 [INFO] 		Всего времени на обработку звонка: 50.13 сек.

2025-03-11 00:12:48,393 [INFO] 	Обработка звонка
2025-03-11 00:12:48,393 [INFO] 	Длительность: 62 сек.
2025-03-11 00:12:48,393 [INFO] 	Ссылка: https://amocrm.mango-office.ru/calls/recording/download/11020017/MToxMDE1MDk4NDoyMjkzOTU1MjUwMDow/NDA0ODA4NTMx

2025-03-11 00:12:48,393 [INFO] 		Происходит загрузка звонка...
2025-03-11 00:12:49,486 [INFO] 		Время загрузки: 1.09 сек.

2025-03-11 00:12:49,487 [INFO] 		Происходит транскрибация звонка...
2025-03-11 00:13:27,923 [INFO] 		Время транскрибации: 38.44 сек.

2025-03-11 00:13:27,924 [INFO] 		РЕЗУЛЬТАТ:  Здравствуйте. Вас приветствует сеть ОЗС Газкомнистер Республики Мордовия. Обращаем ваше внимание, цели в контроле качества обслуживания все разговоры могут быть записаны. Если вы знаете внутренний номер сотрудника, наберите в тональном режиме. Для соединения с ОЗС наберите цифру 3 или оставайтесь на линии. Пожалуйста, дождитесь ответа оператора или наберите добавочный номер сотрудника. По окончании набора нажмите решетку. Сеть Газкомнистер, здравствуйте. Добрый день. А вы? Да, да, да, добрый день. Подскажите, у Элли Дина могла срочить? Да, да, да, да. А вы? Да, да, да, да. А вы? Да, да, да, да. А вы? У Элли Дина могла срочить? Еще раз кого? А вы? Да. Отсутствует. Нет ее. Ага, понял. Ладно, спасибо. До свидания.
2025-03-11 00:13:27,992 [INFO] 		Происходит обработка содержимого разговора...
2025-03-11 00:13:29,097 [INFO] 		РЕЗУЛЬТАТ: НЕТ
2025-03-11 00:13:29,098 [INFO] 		Время обработки ИИ: 1.11 сек.

2025-03-11 00:13:29,099 [INFO] 		Всего времени на обработку звонка: 40.71 сек.

2025-03-11 00:13:29,100 [INFO] 	Обработка звонка
2025-03-11 00:13:29,100 [INFO] 	Длительность: 60 сек.
2025-03-11 00:13:29,100 [INFO] 	Ссылка: https://amocrm.mango-office.ru/calls/recording/download/11020017/MToxMDE1MDk4NDoyMjk3MDQ3Njc5Mjow/NDA0ODA4NTMx

2025-03-11 00:13:29,100 [INFO] 		Происходит загрузка звонка...
2025-03-11 00:13:30,326 [INFO] 		Время загрузки: 1.23 сек.

2025-03-11 00:13:30,327 [INFO] 		Происходит транскрибация звонка...
2025-03-11 00:14:32,787 [INFO] 		Время транскрибации: 62.46 сек.

2025-03-11 00:14:32,794 [INFO] 		РЕЗУЛЬТАТ:  Здравствуйте, вас приветствует сеть АЗС Газпромнивспропублики Мордовия. Обращаем ваше внимание, цели в контроле качества обслуживания все разговоры могут быть записаны. Если вы знаете внутренний номер сотрудника, наберите в тональном режиме. Для соединения с АЗС наберите цифру 3 или оставайтесь на линии. Пожалуйста, дождитесь ответа оператора или наберите добавочный номер сотрудника. По окончании набора нажмите решетку. Сеть АЗС Газпромнивспропублики Мордовия.
2025-03-11 00:14:32,954 [INFO] 		Происходит обработка содержимого разговора...
2025-03-11 00:14:35,659 [INFO] 		РЕЗУЛЬТАТ: НЕТ
2025-03-11 00:14:35,659 [INFO] 		Время обработки ИИ: 2.7 сек.

2025-03-11 00:14:35,661 [INFO] 		Всего времени на обработку звонка: 66.56 сек.

2025-03-11 00:14:35,661 [INFO] 	Обработка звонка
2025-03-11 00:14:35,661 [INFO] 	Длительность: 145 сек.
2025-03-11 00:14:35,661 [INFO] 	Ссылка: https://amocrm.mango-office.ru/calls/recording/download/11020017/MToxMDE1MDk4NDoyMjk5MzY4MzA1Mjow/NDA0ODA4NTMx

2025-03-11 00:14:35,661 [INFO] 		Происходит загрузка звонка...
2025-03-11 00:14:36,883 [INFO] 		Время загрузки: 1.22 сек.

2025-03-11 00:14:36,884 [INFO] 		Происходит транскрибация звонка...
2025-03-11 00:16:28,949 [INFO] 		Время транскрибации: 112.06 сек.

2025-03-11 00:16:28,953 [INFO] 		РЕЗУЛЬТАТ:  Здравствуйте. Вас приветствует сеть АЗС Газкомнистер Республики Мордовия. Обращаем ваше внимание, цель в контроле качества обслуживания все разговоры могут быть записаны. Если вы знаете внутренний номер сотрудника, наберите в тональном режиме. Для соединения с АЗС наберите цифру 3 или оставайтесь на линии. Пожалуйста, дождитесь ответа оператора или наберите добавочный номер сотрудника. По окончании набора нажмите решетку. Сеть АЗС Газкомнистер, здравствуйте. Здравствуйте. Вы подскажите, люди, мы могу услышать? Сейчас, секунду. Сеть АЗС Газкомнистер, вы можете услышать? Да, я могу услышать. Сеть АЗС Газкомнистер, вы можете услышать? Сейчас, секунду. Оставайтесь, пожалуйста, на линии. Оператор уточняет информацию. Алия, добрый день. Здравствуйте. Меня зовут Юлия Канкан, я россавенер. Направила к вам по поводу закупки корпоративных подарков, сувенирной продукции и текстиля. Подскажите, вы занимаетесь данным направлением? Нет. Нет, это не к вам. Вы не сможете сориентировать, кто занимает? Вы просто хотите коммерческое предложение? Нет, я хотела бы изначально познакомиться по образцам. Сейчас сет готовен, чтобы компания вашей отправить образцы и продукцию. Сейчас, у нас есть заправочные станции, мы в принципе не можем в них вести. Попробуйте обратиться на такой же номер, как вы набирали, 54-608-608, добавочный 602. Там тоже бухгалтер елена сидит, у них маленькое другое направление. Может, им интересно будет. Елена зовут? Елена тоже зовут. Хорошо, оставься. До свидания.
2025-03-11 00:16:29,043 [INFO] 		Происходит обработка содержимого разговора...
2025-03-11 00:16:30,679 [INFO] 		РЕЗУЛЬТАТ: НЕТ
2025-03-11 00:16:30,679 [INFO] 		Время обработки ИИ: 1.64 сек.

2025-03-11 00:16:30,681 [INFO] 		Всего времени на обработку звонка: 115.02 сек.

2025-03-11 00:16:30,682 [INFO] 	Обработка звонка
2025-03-11 00:16:30,682 [INFO] 	Длительность: 162 сек.
2025-03-11 00:16:30,682 [INFO] 	Ссылка: https://amocrm.mango-office.ru/calls/recording/download/11020017/MToxMDE1MDk4NDoyMzAwMDMwMDM5ODow/NDA0ODA4NTMx

2025-03-11 00:16:30,682 [INFO] 		Происходит загрузка звонка...
2025-03-11 00:16:31,765 [INFO] 		Время загрузки: 1.08 сек.

2025-03-11 00:16:31,767 [INFO] 		Происходит транскрибация звонка...
2025-03-11 00:17:47,813 [INFO] 		Время транскрибации: 76.05 сек.

2025-03-11 00:17:47,814 [INFO] 		РЕЗУЛЬТАТ:  Здравствуйте, вас приветствует Петя Зэя с Газкомнистер Республики Мордовии. Обращаю ваше внимание, в целях контроля и качества обслуживания все разговоры могут быть записаны. Если вы знаете внутренний номер сотрудника, наберите в тональном режиме. Для соединения с АЗС… Алло. Алло, здравствуйте. Добрый день. Подскажите, Елена, могу я вас слышать? Да, я вас слышу. Елена, меня зовут Юлия, компания «Рассувенир». К вам Лудина отправила по поводу закупа корпоративных подарков, сувенирной продукции и текстиля. Сказала, что, возможно, вы занимаетесь данным направлением. Верно? Нет, я не занимаюсь этим направлением. То есть совсем, да, к вам никакого отношения вы не формируете, никакие потребности, не запросы не задаете? Вы хотели предложить какие-то сувенирные товары? Да, да, да. У нас так-то Юля занимается этими делами, есть другая сотрудница. А подскажите, может быть, добавочную, как связаться? Да, добавочную. Нет, давайте тогда номер ваш, в который вы звоните, да? Нет, на него сложно будет дозвониться. Нет, другую можете записать. Да, давайте. 983, 137, 5888. А вы чем занимаетесь? Какие у вас сувениры? Мы являемся как-то так шиканно, скажем так, всех каталогов, да, всех каталогов продукции, так же, как и изготовителя. То есть из металла, из стекла, из дерева вообще, любого индивидуального заказа, отчего их одежды. То есть это худи, кепки, футболки, ну, каллиграфия у вас вся в тоже ее проявлениях. В принципе все. Можем все. Ну, ажигневники, ручки, бутылки, все такое. То есть логотип, например, компании, да? Есть, есть, анабрендированный продукт. Сюда основная сувенира логотипа. Так, хорошо, спасибо вам, что вы позвонили. Я тогда ваши данные передам сотруднику, который этим непосредственно занимается. Если что, он с вами связывается. Тогда хорошо? Да, хорошо, спасибо. Спасибо вам, а мы вам до свидания. До свидания.
2025-03-11 00:17:47,919 [INFO] 		Происходит обработка содержимого разговора...
2025-03-11 00:17:50,525 [INFO] 		РЕЗУЛЬТАТ: НЕТ
2025-03-11 00:17:50,526 [INFO] 		Время обработки ИИ: 2.61 сек.

2025-03-11 00:17:50,527 [INFO] 		Всего времени на обработку звонка: 79.85 сек.

2025-03-11 00:17:50,528 [INFO] Происходит отправка результата обработки компании...
2025-03-11 00:17:51,030 [INFO] Результат обработки компании 'Газойл ООО' (48395161) установлен 'Нет интереса'

2025-03-11 00:17:51,030 [INFO] Всего времени на обработку компании: 499.28 сек.

2025-03-11 00:17:51,031 [INFO] Прогресс: 3 из 3 компаний (100.0%)
2025-03-11 00:17:51,031 [INFO] ------------------------------------------------------------------
2025-03-11 00:17:51,031 [INFO] Происходит загрузка звонков компании 'ООО "Миланстрой"' (48395177)
2025-03-11 00:17:51,911 [INFO] Количество звонков: 2
2025-03-11 00:17:51,911 [INFO] Время загрузки: 0.88 сек.

2025-03-11 00:17:51,912 [INFO] 	Обработка звонка
2025-03-11 00:17:51,912 [INFO] 	Длительность: 47 сек.
2025-03-11 00:17:51,912 [INFO] 	Ссылка: https://amocrm.mango-office.ru/calls/recording/download/11020017/MToxMDE1MDk4NDoyMjg0Njg1OTg3ODow/NDA0ODA4NTMx

2025-03-11 00:17:51,912 [INFO] 		Происходит загрузка звонка...
2025-03-11 00:17:52,906 [INFO] 		Время загрузки: 0.99 сек.

2025-03-11 00:17:52,908 [INFO] 		Происходит транскрибация звонка...
2025-03-11 00:18:10,687 [INFO] 		Время транскрибации: 17.78 сек.

2025-03-11 00:18:10,688 [INFO] 		РЕЗУЛЬТАТ:  Здравствуйте, вас приветствует группа компании «Милан». Пожалуйста, дождитесь ответа секретаря. Если вы знаете внутренний номер сотрудника, наберите его в «Тоновом лежении». Информацию об услугах компании вы можете найти на сайте gkmilan.ru
2025-03-11 00:18:10,756 [INFO] 		Происходит обработка содержимого разговора...
2025-03-11 00:18:12,281 [INFO] 		РЕЗУЛЬТАТ: НЕТ
2025-03-11 00:18:12,281 [INFO] 		Время обработки ИИ: 1.52 сек.

2025-03-11 00:18:12,282 [INFO] 		Всего времени на обработку звонка: 20.37 сек.

2025-03-11 00:18:12,283 [INFO] 	Обработка звонка
2025-03-11 00:18:12,283 [INFO] 	Длительность: 44 сек.
2025-03-11 00:18:12,283 [INFO] 	Ссылка: https://amocrm.mango-office.ru/calls/recording/download/11020017/MToxMDE1MDk4NDoyMjg4MjQ4NDM2ODow/NDA0ODA4NTMx

2025-03-11 00:18:12,283 [INFO] 		Происходит загрузка звонка...
2025-03-11 00:18:13,299 [INFO] 		Время загрузки: 1.02 сек.

2025-03-11 00:18:13,300 [INFO] 		Происходит транскрибация звонка...
2025-03-11 00:18:33,518 [INFO] 		Время транскрибации: 20.22 сек.

2025-03-11 00:18:33,519 [INFO] 		РЕЗУЛЬТАТ:  Здравствуйте, вас приветствует группа компании «Милан». Пожалуйста, дождитесь ответа секретаря. Если вы знаете внутренний номер сотрудника, наберите его в ТОНовом режиме. Информацию об услугах компании вы можете найти на сайте gcmilan.ru. Слышен звонок. Слышен звонок. Слышен звонок.
2025-03-11 00:18:33,578 [INFO] 		Происходит обработка содержимого разговора...
2025-03-11 00:18:35,198 [INFO] 		РЕЗУЛЬТАТ: НЕТ
2025-03-11 00:18:35,199 [INFO] 		Время обработки ИИ: 1.62 сек.

2025-03-11 00:18:35,200 [INFO] 		Всего времени на обработку звонка: 22.92 сек.

2025-03-11 00:18:35,200 [INFO] Происходит отправка результата обработки компании...
2025-03-11 00:18:35,892 [INFO] Результат обработки компании 'ООО "Миланстрой"' (48395177) установлен 'Нет интереса'

2025-03-11 00:18:35,893 [INFO] Всего времени на обработку компании: 44.86 сек.

2025-03-11 00:18:35,893 [INFO] ------------------------------------------------------------------
2025-03-11 00:18:35,893 [INFO] Скрипт завершил работу!

2025-03-11 00:18:35,894 [INFO] Время работы скрипта: 725.97 сек.
2025-03-11 00:18:35,894 [INFO] Количество обработанных компаний: 3

2025-03-11 00:18:35,894 [INFO] Количество звонков (всего): 12
2025-03-11 00:18:35,894 [INFO] Количество звонков (с длительностью более 300 сек.): 0
2025-03-11 00:18:35,894 [INFO] Количество звонков (не обработано): 0
2025-03-11 00:18:35,894 [INFO] Количество звонков (обработано): 12

2025-03-11 00:18:35,894 [INFO] Длительность звонков (всего): 1089 сек.
2025-03-11 00:18:35,894 [INFO] Длительность звонков (с длительностью более 300 сек.): 0 сек.
2025-03-11 00:18:35,894 [INFO] Длительность звонков (обработано): 1089 сек.
2025-03-11 00:18:35,894 [INFO] Общее время транскрибации: 686 сек.
2025-03-11 00:18:35,894 [INFO] Общее время обработки звонков: 19 сек.
2025-03-11 00:18:35,895 [INFO] Общее время загрузки звонков: 13 сек.

2025-03-11 00:18:35,895 [INFO] Среднее время обработки 1 компании: 242 сек.
2025-03-11 00:18:35,895 [INFO] Среднее время обработки 1 звонка: 60 сек.
2025-03-11 00:18:35,895 [INFO] Среднее время обработки 1 сек. записи: 0.67 сек.

2025-03-11 00:18:35,895 [INFO] Коэффициент скорости обработки звонков: 1.5
