2025-03-11 15:48:00,774 [INFO] Скрипт запущен
2025-03-11 15:48:00,774 [INFO] Происходит загрузка компаний...
2025-03-11 15:48:02,075 [INFO] Загружено 200 компаний за 1.3 секунд

2025-03-11 15:48:02,076 [INFO] Прогресс: 1 из 200 компаний (1.0%)
2025-03-11 15:48:02,076 [INFO] ------------------------------------------------------------------
2025-03-11 15:48:02,076 [INFO] Происходит загрузка звонков компании 'МАУ ДО ГРЦ ОООД «ФорУс»' (48374001)
2025-03-11 15:48:04,916 [INFO] Количество звонков: 9
2025-03-11 15:48:04,916 [INFO] Время загрузки: 2.84 сек.

2025-03-11 15:48:04,916 [INFO] Результат обработки компании 'МАУ ДО ГРЦ ОООД «ФорУс»' (48374001) не был изменен

2025-03-11 15:48:04,916 [INFO] Прогресс: 2 из 200 компаний (1.0%)
2025-03-11 15:48:04,916 [INFO] ------------------------------------------------------------------
2025-03-11 15:48:04,916 [INFO] Происходит загрузка звонков компании 'ПКФ ДиПОС' (48378701)
2025-03-11 15:48:08,650 [INFO] Количество звонков: 2
2025-03-11 15:48:08,650 [INFO] Время загрузки: 3.73 сек.

2025-03-11 15:48:08,651 [INFO] Результат обработки компании 'ПКФ ДиПОС' (48378701) не был изменен

2025-03-11 15:48:08,651 [INFO] Прогресс: 3 из 200 компаний (1.0%)
2025-03-11 15:48:08,651 [INFO] ------------------------------------------------------------------
2025-03-11 15:48:08,651 [INFO] Происходит загрузка звонков компании 'АО Гидрогаз' (48378849)
2025-03-11 15:48:11,819 [INFO] Количество звонков: 10
2025-03-11 15:48:11,820 [INFO] Время загрузки: 3.17 сек.

2025-03-11 15:48:11,820 [INFO] Результат обработки компании 'АО Гидрогаз' (48378849) не был изменен

2025-03-11 15:48:11,820 [INFO] Прогресс: 4 из 200 компаний (2.0%)
2025-03-11 15:48:11,820 [INFO] ------------------------------------------------------------------
2025-03-11 15:48:11,821 [INFO] Происходит загрузка звонков компании 'Северская Трубная Компания (' (48379029)
2025-03-11 15:48:15,139 [INFO] Количество звонков: 2
2025-03-11 15:48:15,139 [INFO] Время загрузки: 3.32 сек.

2025-03-11 15:48:15,139 [INFO] Результат обработки компании 'Северская Трубная Компания (' (48379029) не был изменен

2025-03-11 15:48:15,140 [INFO] Прогресс: 5 из 200 компаний (3.0%)
2025-03-11 15:48:15,140 [INFO] ------------------------------------------------------------------
2025-03-11 15:48:15,140 [INFO] Происходит загрузка звонков компании 'Транстехно-Новосибирск' (48381567)
2025-03-11 15:48:17,579 [INFO] Количество звонков: 6
2025-03-11 15:48:17,579 [INFO] Время загрузки: 2.44 сек.

2025-03-11 15:48:17,580 [INFO] Результат обработки компании 'Транстехно-Новосибирск' (48381567) не был изменен

2025-03-11 15:48:17,580 [INFO] Прогресс: 6 из 200 компаний (3.0%)
2025-03-11 15:48:17,580 [INFO] ------------------------------------------------------------------
2025-03-11 15:48:17,580 [INFO] Происходит загрузка звонков компании 'Звонок от 78312469434' (48305829)
2025-03-11 15:48:19,969 [INFO] Количество звонков: 1
2025-03-11 15:48:19,969 [INFO] Время загрузки: 2.39 сек.

2025-03-11 15:48:19,970 [INFO] Результат обработки компании 'Звонок от 78312469434' (48305829) не был изменен

2025-03-11 15:48:19,970 [INFO] Прогресс: 7 из 200 компаний (4.0%)
2025-03-11 15:48:19,970 [INFO] ------------------------------------------------------------------
2025-03-11 15:48:19,970 [INFO] Происходит загрузка звонков компании 'Звонок от 79618753344' (48306469)
2025-03-11 15:48:22,042 [INFO] Количество звонков: 1
2025-03-11 15:48:22,043 [INFO] Время загрузки: 2.07 сек.

2025-03-11 15:48:22,043 [INFO] Результат обработки компании 'Звонок от 79618753344' (48306469) не был изменен

2025-03-11 15:48:22,043 [INFO] Прогресс: 8 из 200 компаний (4.0%)
2025-03-11 15:48:22,043 [INFO] ------------------------------------------------------------------
2025-03-11 15:48:22,044 [INFO] Происходит загрузка звонков компании 'Звонок от 79822876182' (48324627)
2025-03-11 15:48:24,235 [INFO] Количество звонков: 13
2025-03-11 15:48:24,235 [INFO] Время загрузки: 2.19 сек.

2025-03-11 15:48:24,236 [INFO] Результат обработки компании 'Звонок от 79822876182' (48324627) не был изменен

2025-03-11 15:48:24,236 [INFO] Прогресс: 9 из 200 компаний (4.0%)
2025-03-11 15:48:24,236 [INFO] ------------------------------------------------------------------
2025-03-11 15:48:24,236 [INFO] Происходит загрузка звонков компании 'Администрация нижнеилимского района' (48326407)
2025-03-11 15:48:26,837 [INFO] Количество звонков: 6
2025-03-11 15:48:26,837 [INFO] Время загрузки: 2.6 сек.

2025-03-11 15:48:26,838 [INFO] Результат обработки компании 'Администрация нижнеилимского района' (48326407) не был изменен

2025-03-11 15:48:26,838 [INFO] Прогресс: 10 из 200 компаний (5.0%)
2025-03-11 15:48:26,838 [INFO] ------------------------------------------------------------------
2025-03-11 15:48:26,838 [INFO] Происходит загрузка звонков компании 'Hono-R' (48326633)
2025-03-11 15:48:29,452 [INFO] Количество звонков: 22
2025-03-11 15:48:29,452 [INFO] Время загрузки: 2.61 сек.

2025-03-11 15:48:29,453 [INFO] Результат обработки компании 'Hono-R' (48326633) не был изменен

2025-03-11 15:48:29,453 [INFO] Прогресс: 11 из 200 компаний (6.0%)
2025-03-11 15:48:29,453 [INFO] ------------------------------------------------------------------
2025-03-11 15:48:29,453 [INFO] Происходит загрузка звонков компании 'Артурс Спа Отель' (48330795)
2025-03-11 15:48:31,979 [INFO] Количество звонков: 1
2025-03-11 15:48:31,980 [INFO] Время загрузки: 2.53 сек.

2025-03-11 15:48:31,980 [INFO] Результат обработки компании 'Артурс Спа Отель' (48330795) не был изменен

2025-03-11 15:48:31,980 [INFO] Прогресс: 12 из 200 компаний (6.0%)
2025-03-11 15:48:31,981 [INFO] ------------------------------------------------------------------
2025-03-11 15:48:31,981 [INFO] Происходит загрузка звонков компании 'Звонок от 79231783239' (48332347)
2025-03-11 15:48:34,411 [INFO] Количество звонков: 1
2025-03-11 15:48:34,411 [INFO] Время загрузки: 2.43 сек.

2025-03-11 15:48:34,412 [INFO] Результат обработки компании 'Звонок от 79231783239' (48332347) не был изменен

2025-03-11 15:48:34,412 [INFO] Прогресс: 13 из 200 компаний (7.000000000000001%)
2025-03-11 15:48:34,412 [INFO] ------------------------------------------------------------------
2025-03-11 15:48:34,413 [INFO] Происходит загрузка звонков компании 'Звонок от 74992965460' (48332437)
2025-03-11 15:48:36,746 [INFO] Количество звонков: 1
2025-03-11 15:48:36,746 [INFO] Время загрузки: 2.33 сек.

2025-03-11 15:48:36,747 [INFO] Результат обработки компании 'Звонок от 74992965460' (48332437) не был изменен

2025-03-11 15:48:36,747 [INFO] Прогресс: 14 из 200 компаний (7.000000000000001%)
2025-03-11 15:48:36,747 [INFO] ------------------------------------------------------------------
2025-03-11 15:48:36,747 [INFO] Происходит загрузка звонков компании 'ООО "ДНК ДЕВЕЛОПМЕНТ"' (48333057)
2025-03-11 15:48:39,122 [INFO] Количество звонков: 4
2025-03-11 15:48:39,122 [INFO] Время загрузки: 2.37 сек.

2025-03-11 15:48:39,123 [INFO] Результат обработки компании 'ООО "ДНК ДЕВЕЛОПМЕНТ"' (48333057) не был изменен

2025-03-11 15:48:39,123 [INFO] Прогресс: 15 из 200 компаний (7.000000000000001%)
2025-03-11 15:48:39,123 [INFO] ------------------------------------------------------------------
2025-03-11 15:48:39,123 [INFO] Происходит загрузка звонков компании 'Сам тест инструмент' (48334241)
2025-03-11 15:48:41,746 [INFO] Количество звонков: 2
2025-03-11 15:48:41,746 [INFO] Время загрузки: 2.62 сек.

2025-03-11 15:48:41,747 [INFO] Результат обработки компании 'Сам тест инструмент' (48334241) не был изменен

2025-03-11 15:48:41,747 [INFO] Прогресс: 16 из 200 компаний (8.0%)
2025-03-11 15:48:41,747 [INFO] ------------------------------------------------------------------
2025-03-11 15:48:41,747 [INFO] Происходит загрузка звонков компании 'Гербер агро' (48334315)
2025-03-11 15:48:43,471 [INFO] Количество звонков: 2
2025-03-11 15:48:43,471 [INFO] Время загрузки: 1.72 сек.

2025-03-11 15:48:43,472 [INFO] Результат обработки компании 'Гербер агро' (48334315) не был изменен

2025-03-11 15:48:43,472 [INFO] Прогресс: 17 из 200 компаний (9.0%)
2025-03-11 15:48:43,472 [INFO] ------------------------------------------------------------------
2025-03-11 15:48:43,472 [INFO] Происходит загрузка звонков компании 'Мел ОАО' (48334429)
2025-03-11 15:48:49,482 [INFO] Количество звонков: 4
2025-03-11 15:48:49,483 [INFO] Время загрузки: 6.01 сек.

2025-03-11 15:48:49,483 [INFO] Результат обработки компании 'Мел ОАО' (48334429) не был изменен

2025-03-11 15:48:49,483 [INFO] Прогресс: 18 из 200 компаний (9.0%)
2025-03-11 15:48:49,483 [INFO] ------------------------------------------------------------------
2025-03-11 15:48:49,483 [INFO] Происходит загрузка звонков компании 'Холдинг Аква' (48334859)
2025-03-11 15:48:53,699 [INFO] Количество звонков: 1
2025-03-11 15:48:53,699 [INFO] Время загрузки: 4.22 сек.

2025-03-11 15:48:53,700 [INFO] Результат обработки компании 'Холдинг Аква' (48334859) не был изменен

2025-03-11 15:48:53,700 [INFO] Прогресс: 19 из 200 компаний (10.0%)
2025-03-11 15:48:53,700 [INFO] ------------------------------------------------------------------
2025-03-11 15:48:53,701 [INFO] Происходит загрузка звонков компании 'Черкизово' (48335485)
2025-03-11 15:48:55,678 [INFO] Количество звонков: 1
2025-03-11 15:48:55,678 [INFO] Время загрузки: 1.98 сек.

2025-03-11 15:48:55,679 [INFO] Результат обработки компании 'Черкизово' (48335485) не был изменен

2025-03-11 15:48:55,679 [INFO] Прогресс: 20 из 200 компаний (10.0%)
2025-03-11 15:48:55,679 [INFO] ------------------------------------------------------------------
2025-03-11 15:48:55,679 [INFO] Происходит загрузка звонков компании 'УК ООО "ТМС групп"' (48335519)
2025-03-11 15:48:57,566 [INFO] Количество звонков: 1
2025-03-11 15:48:57,566 [INFO] Время загрузки: 1.89 сек.

2025-03-11 15:48:57,566 [INFO] Результат обработки компании 'УК ООО "ТМС групп"' (48335519) не был изменен

2025-03-11 15:48:57,566 [INFO] Прогресс: 21 из 200 компаний (10.0%)
2025-03-11 15:48:57,567 [INFO] ------------------------------------------------------------------
2025-03-11 15:48:57,567 [INFO] Происходит загрузка звонков компании 'ООО "ВЭЛЛСЕРВИС"' (48335523)
2025-03-11 15:48:59,242 [INFO] Количество звонков: 1
2025-03-11 15:48:59,242 [INFO] Время загрузки: 1.68 сек.

2025-03-11 15:48:59,242 [INFO] Результат обработки компании 'ООО "ВЭЛЛСЕРВИС"' (48335523) не был изменен

2025-03-11 15:48:59,242 [INFO] Прогресс: 22 из 200 компаний (11.0%)
2025-03-11 15:48:59,243 [INFO] ------------------------------------------------------------------
2025-03-11 15:48:59,243 [INFO] Происходит загрузка звонков компании 'ООО "Газпромнефть-Заполярье"' (48335533)
2025-03-11 15:49:00,879 [INFO] Количество звонков: 1
2025-03-11 15:49:00,879 [INFO] Время загрузки: 1.64 сек.

2025-03-11 15:49:00,880 [INFO] Результат обработки компании 'ООО "Газпромнефть-Заполярье"' (48335533) не был изменен

2025-03-11 15:49:00,880 [INFO] Прогресс: 23 из 200 компаний (12.0%)
2025-03-11 15:49:00,880 [INFO] ------------------------------------------------------------------
2025-03-11 15:49:00,880 [INFO] Происходит загрузка звонков компании 'ООО "ФракДжет-Волга"' (48335549)
2025-03-11 15:49:03,280 [INFO] Количество звонков: 1
2025-03-11 15:49:03,280 [INFO] Время загрузки: 2.4 сек.

2025-03-11 15:49:03,281 [INFO] Результат обработки компании 'ООО "ФракДжет-Волга"' (48335549) не был изменен

2025-03-11 15:49:03,281 [INFO] Прогресс: 24 из 200 компаний (12.0%)
2025-03-11 15:49:03,281 [INFO] ------------------------------------------------------------------
2025-03-11 15:49:03,282 [INFO] Происходит загрузка звонков компании 'АО "Ермаковское предприятие по Ремонту Скважин"' (48335567)
2025-03-11 15:49:06,378 [INFO] Количество звонков: 1
2025-03-11 15:49:06,378 [INFO] Время загрузки: 3.1 сек.

2025-03-11 15:49:06,379 [INFO] Результат обработки компании 'АО "Ермаковское предприятие по Ремонту Скважин"' (48335567) не был изменен

2025-03-11 15:49:06,379 [INFO] Прогресс: 25 из 200 компаний (12.0%)
2025-03-11 15:49:06,379 [INFO] ------------------------------------------------------------------
2025-03-11 15:49:06,380 [INFO] Происходит загрузка звонков компании 'Берёзка' (48335943)
2025-03-11 15:49:09,598 [INFO] Количество звонков: 10
2025-03-11 15:49:09,599 [INFO] Время загрузки: 3.22 сек.

2025-03-11 15:49:09,599 [INFO] Результат обработки компании 'Берёзка' (48335943) не был изменен

2025-03-11 15:49:09,599 [INFO] Прогресс: 26 из 200 компаний (13.0%)
2025-03-11 15:49:09,599 [INFO] ------------------------------------------------------------------
2025-03-11 15:49:09,600 [INFO] Происходит загрузка звонков компании 'Континентзоо' (48336067)
2025-03-11 15:49:13,030 [INFO] Количество звонков: 5
2025-03-11 15:49:13,030 [INFO] Время загрузки: 3.43 сек.

2025-03-11 15:49:13,030 [INFO] Результат обработки компании 'Континентзоо' (48336067) не был изменен

2025-03-11 15:49:13,030 [INFO] Прогресс: 27 из 200 компаний (14.000000000000002%)
2025-03-11 15:49:13,030 [INFO] ------------------------------------------------------------------
2025-03-11 15:49:13,030 [INFO] Происходит загрузка звонков компании 'Газпромнефть Логистика' (48336071)
2025-03-11 15:49:15,642 [INFO] Количество звонков: 4
2025-03-11 15:49:15,642 [INFO] Время загрузки: 2.61 сек.

2025-03-11 15:49:15,643 [INFO] Результат обработки компании 'Газпромнефть Логистика' (48336071) не был изменен

2025-03-11 15:49:15,643 [INFO] Прогресс: 28 из 200 компаний (14.000000000000002%)
2025-03-11 15:49:15,643 [INFO] ------------------------------------------------------------------
2025-03-11 15:49:15,643 [INFO] Происходит загрузка звонков компании 'Ростелеком МСК/ПИТЕР HR' (48336111)
2025-03-11 15:49:18,333 [INFO] Количество звонков: 1
2025-03-11 15:49:18,333 [INFO] Время загрузки: 2.69 сек.

2025-03-11 15:49:18,334 [INFO] Результат обработки компании 'Ростелеком МСК/ПИТЕР HR' (48336111) не был изменен

2025-03-11 15:49:18,334 [INFO] Прогресс: 29 из 200 компаний (14.000000000000002%)
2025-03-11 15:49:18,334 [INFO] ------------------------------------------------------------------
2025-03-11 15:49:18,334 [INFO] Происходит загрузка звонков компании 'Агенство недвижимости' (48336597)
2025-03-11 15:49:21,128 [INFO] Количество звонков: 2
2025-03-11 15:49:21,128 [INFO] Время загрузки: 2.79 сек.

2025-03-11 15:49:21,128 [INFO] Результат обработки компании 'Агенство недвижимости' (48336597) не был изменен

2025-03-11 15:49:21,128 [INFO] Прогресс: 30 из 200 компаний (15.0%)
2025-03-11 15:49:21,128 [INFO] ------------------------------------------------------------------
2025-03-11 15:49:21,128 [INFO] Происходит загрузка звонков компании 'Маккофе' (48337437)
2025-03-11 15:49:23,969 [INFO] Количество звонков: 1
2025-03-11 15:49:23,969 [INFO] Время загрузки: 2.84 сек.

2025-03-11 15:49:23,970 [INFO] Результат обработки компании 'Маккофе' (48337437) не был изменен

2025-03-11 15:49:23,970 [INFO] Прогресс: 31 из 200 компаний (15.0%)
2025-03-11 15:49:23,970 [INFO] ------------------------------------------------------------------
2025-03-11 15:49:23,970 [INFO] Происходит загрузка звонков компании 'Мегаполис' (48337935)
2025-03-11 15:49:27,054 [INFO] Количество звонков: 1
2025-03-11 15:49:27,055 [INFO] Время загрузки: 3.08 сек.

2025-03-11 15:49:27,055 [INFO] Результат обработки компании 'Мегаполис' (48337935) не был изменен

2025-03-11 15:49:27,056 [INFO] Прогресс: 32 из 200 компаний (16.0%)
2025-03-11 15:49:27,056 [INFO] ------------------------------------------------------------------
2025-03-11 15:49:27,056 [INFO] Происходит загрузка звонков компании 'Инфозащита' (48339279)
2025-03-11 15:49:29,623 [INFO] Количество звонков: 6
2025-03-11 15:49:29,624 [INFO] Время загрузки: 2.57 сек.

2025-03-11 15:49:29,624 [INFO] Результат обработки компании 'Инфозащита' (48339279) не был изменен

2025-03-11 15:49:29,625 [INFO] Прогресс: 33 из 200 компаний (17.0%)
2025-03-11 15:49:29,625 [INFO] ------------------------------------------------------------------
2025-03-11 15:49:29,625 [INFO] Происходит загрузка звонков компании 'ГК Омега' (48339865)
2025-03-11 15:49:32,089 [INFO] Количество звонков: 4
2025-03-11 15:49:32,089 [INFO] Время загрузки: 2.46 сек.

2025-03-11 15:49:32,089 [INFO] Результат обработки компании 'ГК Омега' (48339865) не был изменен

2025-03-11 15:49:32,089 [INFO] Прогресс: 34 из 200 компаний (17.0%)
2025-03-11 15:49:32,089 [INFO] ------------------------------------------------------------------
2025-03-11 15:49:32,089 [INFO] Происходит загрузка звонков компании 'ТСС Групп' (48339885)
2025-03-11 15:49:34,770 [INFO] Количество звонков: 1
2025-03-11 15:49:34,772 [INFO] Время загрузки: 2.68 сек.

2025-03-11 15:49:34,773 [INFO] Результат обработки компании 'ТСС Групп' (48339885) не был изменен

2025-03-11 15:49:34,773 [INFO] Прогресс: 35 из 200 компаний (17.0%)
2025-03-11 15:49:34,773 [INFO] ------------------------------------------------------------------
2025-03-11 15:49:34,773 [INFO] Происходит загрузка звонков компании 'БИТАЙР' (48339933)
2025-03-11 15:49:37,728 [INFO] Количество звонков: 9
2025-03-11 15:49:37,729 [INFO] Время загрузки: 2.96 сек.

2025-03-11 15:49:37,729 [INFO] Результат обработки компании 'БИТАЙР' (48339933) не был изменен

2025-03-11 15:49:37,729 [INFO] Прогресс: 36 из 200 компаний (18.0%)
2025-03-11 15:49:37,729 [INFO] ------------------------------------------------------------------
2025-03-11 15:49:37,729 [INFO] Происходит загрузка звонков компании 'Якутгазпроект' (48340039)
2025-03-11 15:49:40,978 [INFO] Количество звонков: 3
2025-03-11 15:49:40,978 [INFO] Время загрузки: 3.25 сек.

2025-03-11 15:49:40,978 [INFO] Результат обработки компании 'Якутгазпроект' (48340039) не был изменен

2025-03-11 15:49:40,978 [INFO] Прогресс: 37 из 200 компаний (18.0%)
2025-03-11 15:49:40,978 [INFO] ------------------------------------------------------------------
2025-03-11 15:49:40,978 [INFO] Происходит загрузка звонков компании 'Звонок от 79921022397' (48346345)
2025-03-11 15:49:42,930 [INFO] Количество звонков: 1
2025-03-11 15:49:42,930 [INFO] Время загрузки: 1.95 сек.

2025-03-11 15:49:42,931 [INFO] Результат обработки компании 'Звонок от 79921022397' (48346345) не был изменен

2025-03-11 15:49:42,931 [INFO] Прогресс: 38 из 200 компаний (19.0%)
2025-03-11 15:49:42,931 [INFO] ------------------------------------------------------------------
2025-03-11 15:49:42,931 [INFO] Происходит загрузка звонков компании 'Звонок от 79237657098' (48349033)
2025-03-11 15:49:44,424 [INFO] Количество звонков: 1
2025-03-11 15:49:44,424 [INFO] Время загрузки: 1.49 сек.

2025-03-11 15:49:44,425 [INFO] Результат обработки компании 'Звонок от 79237657098' (48349033) не был изменен

2025-03-11 15:49:44,425 [INFO] Прогресс: 39 из 200 компаний (20.0%)
2025-03-11 15:49:44,425 [INFO] ------------------------------------------------------------------
2025-03-11 15:49:44,425 [INFO] Происходит загрузка звонков компании 'ФГБНУ "Омский АНЦ"' (48350653)
2025-03-11 15:49:46,909 [INFO] Количество звонков: 4
2025-03-11 15:49:46,910 [INFO] Время загрузки: 2.48 сек.

2025-03-11 15:49:46,911 [INFO] Результат обработки компании 'ФГБНУ "Омский АНЦ"' (48350653) не был изменен

2025-03-11 15:49:46,911 [INFO] Прогресс: 40 из 200 компаний (20.0%)
2025-03-11 15:49:46,911 [INFO] ------------------------------------------------------------------
2025-03-11 15:49:46,911 [INFO] Происходит загрузка звонков компании 'ООО Нед-центр' (48261209)
2025-03-11 15:49:50,302 [INFO] Количество звонков: 8
2025-03-11 15:49:50,303 [INFO] Время загрузки: 3.39 сек.

2025-03-11 15:49:50,303 [INFO] Результат обработки компании 'ООО Нед-центр' (48261209) не был изменен

2025-03-11 15:49:50,303 [INFO] Прогресс: 41 из 200 компаний (20.0%)
2025-03-11 15:49:50,303 [INFO] ------------------------------------------------------------------
2025-03-11 15:49:50,303 [INFO] Происходит загрузка звонков компании 'Звонок от 79035132706' (48261615)
2025-03-11 15:49:52,106 [INFO] Количество звонков: 1
2025-03-11 15:49:52,106 [INFO] Время загрузки: 1.8 сек.

2025-03-11 15:49:52,106 [INFO] Результат обработки компании 'Звонок от 79035132706' (48261615) не был изменен

2025-03-11 15:49:52,107 [INFO] Прогресс: 42 из 200 компаний (21.0%)
2025-03-11 15:49:52,107 [INFO] ------------------------------------------------------------------
2025-03-11 15:49:52,107 [INFO] Происходит загрузка звонков компании 'Илан Норильск' (48262433)
2025-03-11 15:49:54,738 [INFO] Количество звонков: 9
2025-03-11 15:49:54,738 [INFO] Время загрузки: 2.63 сек.

2025-03-11 15:49:54,738 [INFO] Результат обработки компании 'Илан Норильск' (48262433) не был изменен

2025-03-11 15:49:54,739 [INFO] Прогресс: 43 из 200 компаний (21.0%)
2025-03-11 15:49:54,739 [INFO] ------------------------------------------------------------------
2025-03-11 15:49:54,739 [INFO] Происходит загрузка звонков компании 'Акционерное общество "Ижевский опытно-механический завод"' (48262457)
2025-03-11 15:49:57,116 [INFO] Количество звонков: 7
2025-03-11 15:49:57,117 [INFO] Время загрузки: 2.38 сек.

2025-03-11 15:49:57,117 [INFO] Результат обработки компании 'Акционерное общество "Ижевский опытно-механический завод"' (48262457) не был изменен

2025-03-11 15:49:57,118 [INFO] Прогресс: 44 из 200 компаний (22.0%)
2025-03-11 15:49:57,118 [INFO] ------------------------------------------------------------------
2025-03-11 15:49:57,118 [INFO] Происходит загрузка звонков компании 'ООО «АгроЛайн»' (48262519)
2025-03-11 15:49:59,509 [INFO] Количество звонков: 1
2025-03-11 15:49:59,510 [INFO] Время загрузки: 2.39 сек.

2025-03-11 15:49:59,510 [INFO] Результат обработки компании 'ООО «АгроЛайн»' (48262519) не был изменен

2025-03-11 15:49:59,510 [INFO] Прогресс: 45 из 200 компаний (23.0%)
2025-03-11 15:49:59,510 [INFO] ------------------------------------------------------------------
2025-03-11 15:49:59,510 [INFO] Происходит загрузка звонков компании 'Росатом АО' (48262799)
2025-03-11 15:50:02,737 [INFO] Количество звонков: 8
2025-03-11 15:50:02,739 [INFO] Время загрузки: 3.23 сек.

2025-03-11 15:50:02,740 [INFO] Результат обработки компании 'Росатом АО' (48262799) не был изменен

2025-03-11 15:50:02,740 [INFO] Прогресс: 46 из 200 компаний (23.0%)
2025-03-11 15:50:02,740 [INFO] ------------------------------------------------------------------
2025-03-11 15:50:02,740 [INFO] Происходит загрузка звонков компании 'Гипростроймост ОАО' (48262949)
2025-03-11 15:50:06,576 [INFO] Количество звонков: 10
2025-03-11 15:50:06,576 [INFO] Время загрузки: 3.84 сек.

2025-03-11 15:50:06,577 [INFO] Результат обработки компании 'Гипростроймост ОАО' (48262949) не был изменен

2025-03-11 15:50:06,577 [INFO] Прогресс: 47 из 200 компаний (23.0%)
2025-03-11 15:50:06,577 [INFO] ------------------------------------------------------------------
2025-03-11 15:50:06,577 [INFO] Происходит загрузка звонков компании 'Звонок от 79315211507' (48263077)
2025-03-11 15:50:09,268 [INFO] Количество звонков: 2
2025-03-11 15:50:09,268 [INFO] Время загрузки: 2.69 сек.

2025-03-11 15:50:09,269 [INFO] Результат обработки компании 'Звонок от 79315211507' (48263077) не был изменен

2025-03-11 15:50:09,269 [INFO] Прогресс: 48 из 200 компаний (24.0%)
2025-03-11 15:50:09,269 [INFO] ------------------------------------------------------------------
2025-03-11 15:50:09,269 [INFO] Происходит загрузка звонков компании 'АО Комнедра' (48264553)
2025-03-11 15:50:13,684 [INFO] Количество звонков: 4
2025-03-11 15:50:13,685 [INFO] Время загрузки: 4.42 сек.

2025-03-11 15:50:13,686 [INFO] Результат обработки компании 'АО Комнедра' (48264553) не был изменен

2025-03-11 15:50:13,686 [INFO] Прогресс: 49 из 200 компаний (24.0%)
2025-03-11 15:50:13,686 [INFO] ------------------------------------------------------------------
2025-03-11 15:50:13,686 [INFO] Происходит загрузка звонков компании 'ЮЭСК АО' (48264555)
2025-03-11 15:50:15,929 [INFO] Количество звонков: 1
2025-03-11 15:50:15,929 [INFO] Время загрузки: 2.24 сек.

2025-03-11 15:50:15,930 [INFO] Результат обработки компании 'ЮЭСК АО' (48264555) не был изменен

2025-03-11 15:50:15,930 [INFO] Прогресс: 50 из 200 компаний (25.0%)
2025-03-11 15:50:15,930 [INFO] ------------------------------------------------------------------
2025-03-11 15:50:15,931 [INFO] Происходит загрузка звонков компании 'ПАО ДЭК' (48264591)
2025-03-11 15:50:20,894 [INFO] Количество звонков: 2
2025-03-11 15:50:20,894 [INFO] Время загрузки: 4.96 сек.

2025-03-11 15:50:20,895 [INFO] Результат обработки компании 'ПАО ДЭК' (48264591) не был изменен

2025-03-11 15:50:20,895 [INFO] Прогресс: 51 из 200 компаний (26.0%)
2025-03-11 15:50:20,895 [INFO] ------------------------------------------------------------------
2025-03-11 15:50:20,895 [INFO] Происходит загрузка звонков компании 'группа компаний' (48267121)
2025-03-11 15:50:23,913 [INFO] Количество звонков: 2
2025-03-11 15:50:23,913 [INFO] Время загрузки: 3.02 сек.

2025-03-11 15:50:23,914 [INFO] Результат обработки компании 'группа компаний' (48267121) не был изменен

2025-03-11 15:50:23,914 [INFO] Прогресс: 52 из 200 компаний (26.0%)
2025-03-11 15:50:23,914 [INFO] ------------------------------------------------------------------
2025-03-11 15:50:23,914 [INFO] Происходит загрузка звонков компании 'ООО "Объединенная Компания "Рустехнологии Муром"' (48267629)
2025-03-11 15:50:26,193 [INFO] Количество звонков: 1
2025-03-11 15:50:26,194 [INFO] Время загрузки: 2.28 сек.

2025-03-11 15:50:26,194 [INFO] Результат обработки компании 'ООО "Объединенная Компания "Рустехнологии Муром"' (48267629) не был изменен

2025-03-11 15:50:26,194 [INFO] Прогресс: 53 из 200 компаний (27.0%)
2025-03-11 15:50:26,195 [INFO] ------------------------------------------------------------------
2025-03-11 15:50:26,195 [INFO] Происходит загрузка звонков компании 'АО КТК' (48274579)
2025-03-11 15:50:28,122 [INFO] Количество звонков: 6
2025-03-11 15:50:28,122 [INFO] Время загрузки: 1.93 сек.

2025-03-11 15:50:28,122 [INFO] Результат обработки компании 'АО КТК' (48274579) не был изменен

2025-03-11 15:50:28,123 [INFO] Прогресс: 54 из 200 компаний (27.0%)
2025-03-11 15:50:28,123 [INFO] ------------------------------------------------------------------
2025-03-11 15:50:28,123 [INFO] Происходит загрузка звонков компании 'Звонок от 79996202477' (48275619)
2025-03-11 15:50:30,196 [INFO] Количество звонков: 1
2025-03-11 15:50:30,196 [INFO] Время загрузки: 2.07 сек.

2025-03-11 15:50:30,197 [INFO] Результат обработки компании 'Звонок от 79996202477' (48275619) не был изменен

2025-03-11 15:50:30,197 [INFO] Прогресс: 55 из 200 компаний (28.000000000000004%)
2025-03-11 15:50:30,197 [INFO] ------------------------------------------------------------------
2025-03-11 15:50:30,198 [INFO] Происходит загрузка звонков компании 'Звонок от 73432269575' (48279029)
2025-03-11 15:50:32,223 [INFO] Количество звонков: 1
2025-03-11 15:50:32,224 [INFO] Время загрузки: 2.03 сек.

2025-03-11 15:50:32,224 [INFO] Результат обработки компании 'Звонок от 73432269575' (48279029) не был изменен

2025-03-11 15:50:32,225 [INFO] Прогресс: 56 из 200 компаний (28.000000000000004%)
2025-03-11 15:50:32,225 [INFO] ------------------------------------------------------------------
2025-03-11 15:50:32,225 [INFO] Происходит загрузка звонков компании 'Звонок от 79921022389' (48279195)
2025-03-11 15:50:34,201 [INFO] Количество звонков: 1
2025-03-11 15:50:34,202 [INFO] Время загрузки: 1.98 сек.

2025-03-11 15:50:34,203 [INFO] Результат обработки компании 'Звонок от 79921022389' (48279195) не был изменен

2025-03-11 15:50:34,203 [INFO] Прогресс: 57 из 200 компаний (28.000000000000004%)
2025-03-11 15:50:34,203 [INFO] ------------------------------------------------------------------
2025-03-11 15:50:34,203 [INFO] Происходит загрузка звонков компании 'Звонок от 79628314641' (48279243)
2025-03-11 15:50:36,065 [INFO] Количество звонков: 1
2025-03-11 15:50:36,066 [INFO] Время загрузки: 1.86 сек.

2025-03-11 15:50:36,066 [INFO] Результат обработки компании 'Звонок от 79628314641' (48279243) не был изменен

2025-03-11 15:50:36,066 [INFO] Прогресс: 58 из 200 компаний (28.999999999999996%)
2025-03-11 15:50:36,067 [INFO] ------------------------------------------------------------------
2025-03-11 15:50:36,067 [INFO] Происходит загрузка звонков компании 'Звонок от 79833010705' (48297939)
2025-03-11 15:50:38,090 [INFO] Количество звонков: 1
2025-03-11 15:50:38,091 [INFO] Время загрузки: 2.02 сек.

2025-03-11 15:50:38,092 [INFO] Результат обработки компании 'Звонок от 79833010705' (48297939) не был изменен

2025-03-11 15:50:38,092 [INFO] Прогресс: 59 из 200 компаний (28.999999999999996%)
2025-03-11 15:50:38,092 [INFO] ------------------------------------------------------------------
2025-03-11 15:50:38,092 [INFO] Происходит загрузка звонков компании 'Сувенирная компания «ДАРИ»' (48298027)
2025-03-11 15:50:41,505 [INFO] Количество звонков: 1
2025-03-11 15:50:41,505 [INFO] Время загрузки: 3.41 сек.

2025-03-11 15:50:41,506 [INFO] Результат обработки компании 'Сувенирная компания «ДАРИ»' (48298027) не был изменен

2025-03-11 15:50:41,506 [INFO] Прогресс: 60 из 200 компаний (30.0%)
2025-03-11 15:50:41,506 [INFO] ------------------------------------------------------------------
2025-03-11 15:50:41,506 [INFO] Происходит загрузка звонков компании 'Восьмой цвет' (48300689)
2025-03-11 15:50:43,909 [INFO] Количество звонков: 1
2025-03-11 15:50:43,909 [INFO] Время загрузки: 2.4 сек.

2025-03-11 15:50:43,910 [INFO] Результат обработки компании 'Восьмой цвет' (48300689) не был изменен

2025-03-11 15:50:43,910 [INFO] Прогресс: 61 из 200 компаний (30.0%)
2025-03-11 15:50:43,910 [INFO] ------------------------------------------------------------------
2025-03-11 15:50:43,910 [INFO] Происходит загрузка звонков компании 'Юнит' (48301015)
2025-03-11 15:50:46,335 [INFO] Количество звонков: 1
2025-03-11 15:50:46,335 [INFO] Время загрузки: 2.42 сек.

2025-03-11 15:50:46,336 [INFO] Результат обработки компании 'Юнит' (48301015) не был изменен

2025-03-11 15:50:46,337 [INFO] Прогресс: 62 из 200 компаний (31.0%)
2025-03-11 15:50:46,337 [INFO] ------------------------------------------------------------------
2025-03-11 15:50:46,337 [INFO] Происходит загрузка звонков компании 'Неизвестный лид от Envybox' (48301097)
2025-03-11 15:50:48,033 [INFO] Количество звонков: 1
2025-03-11 15:50:48,033 [INFO] Время загрузки: 1.7 сек.

2025-03-11 15:50:48,034 [INFO] Результат обработки компании 'Неизвестный лид от Envybox' (48301097) не был изменен

2025-03-11 15:50:48,034 [INFO] Прогресс: 63 из 200 компаний (32.0%)
2025-03-11 15:50:48,034 [INFO] ------------------------------------------------------------------
2025-03-11 15:50:48,034 [INFO] Происходит загрузка звонков компании 'Звонок от 79628340091' (48302297)
2025-03-11 15:50:50,254 [INFO] Количество звонков: 1
2025-03-11 15:50:50,254 [INFO] Время загрузки: 2.22 сек.

2025-03-11 15:50:50,255 [INFO] Результат обработки компании 'Звонок от 79628340091' (48302297) не был изменен

2025-03-11 15:50:50,255 [INFO] Прогресс: 64 из 200 компаний (32.0%)
2025-03-11 15:50:50,255 [INFO] ------------------------------------------------------------------
2025-03-11 15:50:50,255 [INFO] Происходит загрузка звонков компании 'Звонок от 79858933246' (48250481)
2025-03-11 15:50:52,176 [INFO] Количество звонков: 2
2025-03-11 15:50:52,176 [INFO] Время загрузки: 1.92 сек.

2025-03-11 15:50:52,177 [INFO] Результат обработки компании 'Звонок от 79858933246' (48250481) не был изменен

2025-03-11 15:50:52,177 [INFO] Прогресс: 65 из 200 компаний (33.0%)
2025-03-11 15:50:52,177 [INFO] ------------------------------------------------------------------
2025-03-11 15:50:52,177 [INFO] Происходит загрузка звонков компании 'МРТС АО' (48251521)
2025-03-11 15:50:55,176 [INFO] Количество звонков: 5
2025-03-11 15:50:55,176 [INFO] Время загрузки: 3.0 сек.

2025-03-11 15:50:55,176 [INFO] Результат обработки компании 'МРТС АО' (48251521) не был изменен

2025-03-11 15:50:55,177 [INFO] Прогресс: 66 из 200 компаний (33.0%)
2025-03-11 15:50:55,177 [INFO] ------------------------------------------------------------------
2025-03-11 15:50:55,177 [INFO] Происходит загрузка звонков компании 'БКЗ Южная Корона' (48251545)
2025-03-11 15:50:58,166 [INFO] Количество звонков: 10
2025-03-11 15:50:58,167 [INFO] Время загрузки: 2.99 сек.

2025-03-11 15:50:58,168 [INFO] Результат обработки компании 'БКЗ Южная Корона' (48251545) не был изменен

2025-03-11 15:50:58,168 [INFO] Прогресс: 67 из 200 компаний (34.0%)
2025-03-11 15:50:58,168 [INFO] ------------------------------------------------------------------
2025-03-11 15:50:58,169 [INFO] Происходит загрузка звонков компании 'ШТИЛЬ' (48251961)
2025-03-11 15:51:00,434 [INFO] Количество звонков: 1
2025-03-11 15:51:00,434 [INFO] Время загрузки: 2.27 сек.

2025-03-11 15:51:00,435 [INFO] Результат обработки компании 'ШТИЛЬ' (48251961) не был изменен

2025-03-11 15:51:00,435 [INFO] Прогресс: 68 из 200 компаний (34.0%)
2025-03-11 15:51:00,435 [INFO] ------------------------------------------------------------------
2025-03-11 15:51:00,436 [INFO] Происходит загрузка звонков компании 'История качества жизни' (48252061)
2025-03-11 15:51:03,292 [INFO] Количество звонков: 3
2025-03-11 15:51:03,293 [INFO] Время загрузки: 2.86 сек.

2025-03-11 15:51:03,294 [INFO] Результат обработки компании 'История качества жизни' (48252061) не был изменен

2025-03-11 15:51:03,294 [INFO] Прогресс: 69 из 200 компаний (34.0%)
2025-03-11 15:51:03,294 [INFO] ------------------------------------------------------------------
2025-03-11 15:51:03,295 [INFO] Происходит загрузка звонков компании 'ЦДС АО' (48252141)
2025-03-11 15:51:08,588 [INFO] Количество звонков: 11
2025-03-11 15:51:08,589 [INFO] Время загрузки: 5.29 сек.

2025-03-11 15:51:08,590 [INFO] Результат обработки компании 'ЦДС АО' (48252141) не был изменен

2025-03-11 15:51:08,590 [INFO] Прогресс: 70 из 200 компаний (35.0%)
2025-03-11 15:51:08,591 [INFO] ------------------------------------------------------------------
2025-03-11 15:51:08,591 [INFO] Происходит загрузка звонков компании 'Чинт Электрик ООО' (48252159)
2025-03-11 15:51:11,487 [INFO] Количество звонков: 9
2025-03-11 15:51:11,487 [INFO] Время загрузки: 2.9 сек.

2025-03-11 15:51:11,488 [INFO] Результат обработки компании 'Чинт Электрик ООО' (48252159) не был изменен

2025-03-11 15:51:11,488 [INFO] Прогресс: 71 из 200 компаний (35.0%)
2025-03-11 15:51:11,488 [INFO] ------------------------------------------------------------------
2025-03-11 15:51:11,489 [INFO] Происходит загрузка звонков компании 'Саханефтегаз АО' (48257685)
2025-03-11 15:51:15,639 [INFO] Количество звонков: 6
2025-03-11 15:51:15,640 [INFO] Время загрузки: 4.15 сек.

2025-03-11 15:51:15,640 [INFO] Результат обработки компании 'Саханефтегаз АО' (48257685) не был изменен

2025-03-11 15:51:15,641 [INFO] Прогресс: 72 из 200 компаний (36.0%)
2025-03-11 15:51:15,641 [INFO] ------------------------------------------------------------------
2025-03-11 15:51:15,641 [INFO] Происходит загрузка звонков компании 'АО Высочайший' (48257701)
2025-03-11 15:51:19,637 [INFO] Количество звонков: 8
2025-03-11 15:51:19,637 [INFO] Время загрузки: 4.0 сек.

2025-03-11 15:51:19,638 [INFO] Результат обработки компании 'АО Высочайший' (48257701) не был изменен

2025-03-11 15:51:19,638 [INFO] Прогресс: 73 из 200 компаний (36.0%)
2025-03-11 15:51:19,638 [INFO] ------------------------------------------------------------------
2025-03-11 15:51:19,638 [INFO] Происходит загрузка звонков компании 'АО СГМ' (48257735)
2025-03-11 15:51:21,659 [INFO] Количество звонков: 9
2025-03-11 15:51:21,659 [INFO] Время загрузки: 2.02 сек.

2025-03-11 15:51:21,660 [INFO] Результат обработки компании 'АО СГМ' (48257735) не был изменен

2025-03-11 15:51:21,660 [INFO] Прогресс: 74 из 200 компаний (37.0%)
2025-03-11 15:51:21,660 [INFO] ------------------------------------------------------------------
2025-03-11 15:51:21,660 [INFO] Происходит загрузка звонков компании 'АО ПО Якутцемент' (48257851)
2025-03-11 15:51:23,887 [INFO] Количество звонков: 1
2025-03-11 15:51:23,887 [INFO] Время загрузки: 2.23 сек.

2025-03-11 15:51:23,888 [INFO] Результат обработки компании 'АО ПО Якутцемент' (48257851) не был изменен

2025-03-11 15:51:23,888 [INFO] Прогресс: 75 из 200 компаний (38.0%)
2025-03-11 15:51:23,888 [INFO] ------------------------------------------------------------------
2025-03-11 15:51:23,888 [INFO] Происходит загрузка звонков компании 'Новосибирская продовольственная корпорация' (48257931)
2025-03-11 15:51:29,975 [INFO] Количество звонков: 2
2025-03-11 15:51:29,976 [INFO] Время загрузки: 6.09 сек.

2025-03-11 15:51:29,977 [INFO] Результат обработки компании 'Новосибирская продовольственная корпорация' (48257931) не был изменен

2025-03-11 15:51:29,977 [INFO] Прогресс: 76 из 200 компаний (38.0%)
2025-03-11 15:51:29,977 [INFO] ------------------------------------------------------------------
2025-03-11 15:51:29,977 [INFO] Происходит загрузка звонков компании 'Мизудо Рус' (48258155)
2025-03-11 15:51:33,036 [INFO] Количество звонков: 1
2025-03-11 15:51:33,036 [INFO] Время загрузки: 3.06 сек.

2025-03-11 15:51:33,037 [INFO] Результат обработки компании 'Мизудо Рус' (48258155) не был изменен

2025-03-11 15:51:33,037 [INFO] Прогресс: 77 из 200 компаний (39.0%)
2025-03-11 15:51:33,037 [INFO] ------------------------------------------------------------------
2025-03-11 15:51:33,037 [INFO] Происходит загрузка звонков компании 'Звонок от 79921022398' (48258621)
2025-03-11 15:51:34,943 [INFO] Количество звонков: 1
2025-03-11 15:51:34,943 [INFO] Время загрузки: 1.91 сек.

2025-03-11 15:51:34,943 [INFO] Результат обработки компании 'Звонок от 79921022398' (48258621) не был изменен

2025-03-11 15:51:34,944 [INFO] Прогресс: 78 из 200 компаний (39.0%)
2025-03-11 15:51:34,944 [INFO] ------------------------------------------------------------------
2025-03-11 15:51:34,944 [INFO] Происходит загрузка звонков компании 'Гастропрофи' (48259693)
2025-03-11 15:51:37,172 [INFO] Количество звонков: 1
2025-03-11 15:51:37,173 [INFO] Время загрузки: 2.23 сек.

2025-03-11 15:51:37,173 [INFO] Результат обработки компании 'Гастропрофи' (48259693) не был изменен

2025-03-11 15:51:37,174 [INFO] Прогресс: 79 из 200 компаний (40.0%)
2025-03-11 15:51:37,174 [INFO] ------------------------------------------------------------------
2025-03-11 15:51:37,174 [INFO] Происходит загрузка звонков компании 'АО ЧЭМК' (48260367)
2025-03-11 15:51:40,907 [INFO] Количество звонков: 11
2025-03-11 15:51:40,907 [INFO] Время загрузки: 3.73 сек.

2025-03-11 15:51:40,908 [INFO] Результат обработки компании 'АО ЧЭМК' (48260367) не был изменен

2025-03-11 15:51:40,908 [INFO] Прогресс: 80 из 200 компаний (40.0%)
2025-03-11 15:51:40,908 [INFO] ------------------------------------------------------------------
2025-03-11 15:51:40,909 [INFO] Происходит загрузка звонков компании 'АО Уралнефтесервис' (48260383)
2025-03-11 15:51:43,117 [INFO] Количество звонков: 1
2025-03-11 15:51:43,117 [INFO] Время загрузки: 2.21 сек.

2025-03-11 15:51:43,118 [INFO] Результат обработки компании 'АО Уралнефтесервис' (48260383) не был изменен

2025-03-11 15:51:43,118 [INFO] Прогресс: 81 из 200 компаний (41.0%)
2025-03-11 15:51:43,118 [INFO] ------------------------------------------------------------------
2025-03-11 15:51:43,118 [INFO] Происходит загрузка звонков компании 'ПАО ЧКПЗ' (48260421)
2025-03-11 15:51:45,257 [INFO] Количество звонков: 7
2025-03-11 15:51:45,258 [INFO] Время загрузки: 2.14 сек.

2025-03-11 15:51:45,258 [INFO] Результат обработки компании 'ПАО ЧКПЗ' (48260421) не был изменен

2025-03-11 15:51:45,258 [INFO] Прогресс: 82 из 200 компаний (41.0%)
2025-03-11 15:51:45,259 [INFO] ------------------------------------------------------------------
2025-03-11 15:51:45,259 [INFO] Происходит загрузка звонков компании 'Звонок от 79538895909' (48230765)
2025-03-11 15:51:47,282 [INFO] Количество звонков: 1
2025-03-11 15:51:47,283 [INFO] Время загрузки: 2.02 сек.

2025-03-11 15:51:47,283 [INFO] Результат обработки компании 'Звонок от 79538895909' (48230765) не был изменен

2025-03-11 15:51:47,284 [INFO] Прогресс: 83 из 200 компаний (41.0%)
2025-03-11 15:51:47,284 [INFO] ------------------------------------------------------------------
2025-03-11 15:51:47,284 [INFO] Происходит загрузка звонков компании 'Звонок от 73432269538' (48230873)
2025-03-11 15:51:48,865 [INFO] Количество звонков: 1
2025-03-11 15:51:48,865 [INFO] Время загрузки: 1.58 сек.

2025-03-11 15:51:48,866 [INFO] Результат обработки компании 'Звонок от 73432269538' (48230873) не был изменен

2025-03-11 15:51:48,866 [INFO] Прогресс: 84 из 200 компаний (42.0%)
2025-03-11 15:51:48,866 [INFO] ------------------------------------------------------------------
2025-03-11 15:51:48,866 [INFO] Происходит загрузка звонков компании 'Юлия' (48230901)
2025-03-11 15:51:50,469 [INFO] Количество звонков: 1
2025-03-11 15:51:50,469 [INFO] Время загрузки: 1.6 сек.

2025-03-11 15:51:50,470 [INFO] Результат обработки компании 'Юлия' (48230901) не был изменен

2025-03-11 15:51:50,470 [INFO] Прогресс: 85 из 200 компаний (42.0%)
2025-03-11 15:51:50,470 [INFO] ------------------------------------------------------------------
2025-03-11 15:51:50,470 [INFO] Происходит загрузка звонков компании 'ООО НЗП Фортис' (48230949)
2025-03-11 15:51:52,891 [INFO] Количество звонков: 1
2025-03-11 15:51:52,892 [INFO] Время загрузки: 2.42 сек.

2025-03-11 15:51:52,892 [INFO] Результат обработки компании 'ООО НЗП Фортис' (48230949) не был изменен

2025-03-11 15:51:52,893 [INFO] Прогресс: 86 из 200 компаний (43.0%)
2025-03-11 15:51:52,893 [INFO] ------------------------------------------------------------------
2025-03-11 15:51:52,893 [INFO] Происходит загрузка звонков компании 'Звонок от 79127173472' (48231377)
2025-03-11 15:51:54,901 [INFO] Количество звонков: 18
2025-03-11 15:51:54,901 [INFO] Время загрузки: 2.01 сек.

2025-03-11 15:51:54,902 [INFO] Результат обработки компании 'Звонок от 79127173472' (48231377) не был изменен

2025-03-11 15:51:54,902 [INFO] Прогресс: 87 из 200 компаний (43.0%)
2025-03-11 15:51:54,903 [INFO] ------------------------------------------------------------------
2025-03-11 15:51:54,903 [INFO] Происходит загрузка звонков компании 'Александр' (48231445)
2025-03-11 15:51:56,680 [INFO] Количество звонков: 1
2025-03-11 15:51:56,681 [INFO] Время загрузки: 1.78 сек.

2025-03-11 15:51:56,682 [INFO] Результат обработки компании 'Александр' (48231445) не был изменен

2025-03-11 15:51:56,682 [INFO] Прогресс: 88 из 200 компаний (44.0%)
2025-03-11 15:51:56,682 [INFO] ------------------------------------------------------------------
2025-03-11 15:51:56,682 [INFO] Происходит загрузка звонков компании 'ООО «Теплосервис-ТС»' (48231917)
2025-03-11 15:51:58,717 [INFO] Количество звонков: 2
2025-03-11 15:51:58,717 [INFO] Время загрузки: 2.03 сек.

2025-03-11 15:51:58,718 [INFO] Результат обработки компании 'ООО «Теплосервис-ТС»' (48231917) не был изменен

2025-03-11 15:51:58,718 [INFO] Прогресс: 89 из 200 компаний (45.0%)
2025-03-11 15:51:58,718 [INFO] ------------------------------------------------------------------
2025-03-11 15:51:58,718 [INFO] Происходит загрузка звонков компании 'Музыкальная Школа' (48232543)
2025-03-11 15:52:01,042 [INFO] Количество звонков: 1
2025-03-11 15:52:01,042 [INFO] Время загрузки: 2.32 сек.

2025-03-11 15:52:01,043 [INFO] Результат обработки компании 'Музыкальная Школа' (48232543) не был изменен

2025-03-11 15:52:01,043 [INFO] Прогресс: 90 из 200 компаний (45.0%)
2025-03-11 15:52:01,043 [INFO] ------------------------------------------------------------------
2025-03-11 15:52:01,044 [INFO] Происходит загрузка звонков компании '+79670692200' (48233913)
2025-03-11 15:52:03,023 [INFO] Количество звонков: 1
2025-03-11 15:52:03,024 [INFO] Время загрузки: 1.98 сек.

2025-03-11 15:52:03,025 [INFO] Результат обработки компании '+79670692200' (48233913) не был изменен

2025-03-11 15:52:03,025 [INFO] Прогресс: 91 из 200 компаний (46.0%)
2025-03-11 15:52:03,025 [INFO] ------------------------------------------------------------------
2025-03-11 15:52:03,026 [INFO] Происходит загрузка звонков компании 'Звонок от 79388786018' (48233921)
2025-03-11 15:52:04,910 [INFO] Количество звонков: 2
2025-03-11 15:52:04,910 [INFO] Время загрузки: 1.88 сек.

2025-03-11 15:52:04,910 [INFO] Результат обработки компании 'Звонок от 79388786018' (48233921) не был изменен

2025-03-11 15:52:04,910 [INFO] Прогресс: 92 из 200 компаний (46.0%)
2025-03-11 15:52:04,910 [INFO] ------------------------------------------------------------------
2025-03-11 15:52:04,910 [INFO] Происходит загрузка звонков компании 'Олеся' (48233985)
2025-03-11 15:52:07,387 [INFO] Количество звонков: 1
2025-03-11 15:52:07,387 [INFO] Время загрузки: 2.48 сек.

2025-03-11 15:52:07,388 [INFO] Результат обработки компании 'Олеся' (48233985) не был изменен

2025-03-11 15:52:07,388 [INFO] Прогресс: 93 из 200 компаний (47.0%)
2025-03-11 15:52:07,388 [INFO] ------------------------------------------------------------------
2025-03-11 15:52:07,388 [INFO] Происходит загрузка звонков компании 'АО КонцернСмиэлектроприбор' (48234533)
2025-03-11 15:52:10,587 [INFO] Количество звонков: 1
2025-03-11 15:52:10,587 [INFO] Время загрузки: 3.2 сек.

2025-03-11 15:52:10,588 [INFO] Результат обработки компании 'АО КонцернСмиэлектроприбор' (48234533) не был изменен

2025-03-11 15:52:10,588 [INFO] Прогресс: 94 из 200 компаний (47.0%)
2025-03-11 15:52:10,588 [INFO] ------------------------------------------------------------------
2025-03-11 15:52:10,588 [INFO] Происходит загрузка звонков компании 'Звонок от 79678922882' (48234661)
2025-03-11 15:52:12,769 [INFO] Количество звонков: 1
2025-03-11 15:52:12,770 [INFO] Время загрузки: 2.18 сек.

2025-03-11 15:52:12,770 [INFO] Результат обработки компании 'Звонок от 79678922882' (48234661) не был изменен

2025-03-11 15:52:12,770 [INFO] Прогресс: 95 из 200 компаний (47.0%)
2025-03-11 15:52:12,770 [INFO] ------------------------------------------------------------------
2025-03-11 15:52:12,770 [INFO] Происходит загрузка звонков компании 'Звонок от 79515464466' (48234703)
2025-03-11 15:52:16,058 [INFO] Количество звонков: 1
2025-03-11 15:52:16,059 [INFO] Время загрузки: 3.29 сек.

2025-03-11 15:52:16,060 [INFO] Результат обработки компании 'Звонок от 79515464466' (48234703) не был изменен

2025-03-11 15:52:16,060 [INFO] Прогресс: 96 из 200 компаний (48.0%)
2025-03-11 15:52:16,060 [INFO] ------------------------------------------------------------------
2025-03-11 15:52:16,060 [INFO] Происходит загрузка звонков компании 'Паритет' (48235995)
2025-03-11 15:52:19,053 [INFO] Количество звонков: 1
2025-03-11 15:52:19,054 [INFO] Время загрузки: 2.99 сек.

2025-03-11 15:52:19,054 [INFO] Результат обработки компании 'Паритет' (48235995) не был изменен

2025-03-11 15:52:19,054 [INFO] Прогресс: 97 из 200 компаний (48.0%)
2025-03-11 15:52:19,055 [INFO] ------------------------------------------------------------------
2025-03-11 15:52:19,055 [INFO] Происходит загрузка звонков компании 'Звонок от 79268666395' (48236127)
2025-03-11 15:52:21,832 [INFO] Количество звонков: 25
2025-03-11 15:52:21,833 [INFO] Время загрузки: 2.78 сек.

2025-03-11 15:52:21,834 [INFO] Результат обработки компании 'Звонок от 79268666395' (48236127) не был изменен

2025-03-11 15:52:21,834 [INFO] Прогресс: 98 из 200 компаний (49.0%)
2025-03-11 15:52:21,834 [INFO] ------------------------------------------------------------------
2025-03-11 15:52:21,834 [INFO] Происходит загрузка звонков компании 'Звонок от 79955751643' (48237807)
2025-03-11 15:52:24,234 [INFO] Количество звонков: 1
2025-03-11 15:52:24,235 [INFO] Время загрузки: 2.4 сек.

2025-03-11 15:52:24,235 [INFO] Результат обработки компании 'Звонок от 79955751643' (48237807) не был изменен

2025-03-11 15:52:24,235 [INFO] Прогресс: 99 из 200 компаний (49.0%)
2025-03-11 15:52:24,235 [INFO] ------------------------------------------------------------------
2025-03-11 15:52:24,235 [INFO] Происходит загрузка звонков компании 'Пропроект' (48238605)
2025-03-11 15:52:27,552 [INFO] Количество звонков: 1
2025-03-11 15:52:27,553 [INFO] Время загрузки: 3.32 сек.

2025-03-11 15:52:27,553 [INFO] Результат обработки компании 'Пропроект' (48238605) не был изменен

2025-03-11 15:52:27,553 [INFO] Прогресс: 100 из 200 компаний (50.0%)
2025-03-11 15:52:27,554 [INFO] ------------------------------------------------------------------
2025-03-11 15:52:27,554 [INFO] Происходит загрузка звонков компании 'Неизвестный лид от Envybox' (48238901)
2025-03-11 15:52:29,721 [INFO] Количество звонков: 1
2025-03-11 15:52:29,722 [INFO] Время загрузки: 2.17 сек.

2025-03-11 15:52:29,722 [INFO] Результат обработки компании 'Неизвестный лид от Envybox' (48238901) не был изменен

2025-03-11 15:52:29,723 [INFO] Прогресс: 101 из 200 компаний (51.0%)
2025-03-11 15:52:29,723 [INFO] ------------------------------------------------------------------
2025-03-11 15:52:29,723 [INFO] Происходит загрузка звонков компании 'Звонок от 74994041076' (48238939)
2025-03-11 15:52:31,526 [INFO] Количество звонков: 1
2025-03-11 15:52:31,526 [INFO] Время загрузки: 1.8 сек.

2025-03-11 15:52:31,527 [INFO] Результат обработки компании 'Звонок от 74994041076' (48238939) не был изменен

2025-03-11 15:52:31,527 [INFO] Прогресс: 102 из 200 компаний (51.0%)
2025-03-11 15:52:31,527 [INFO] ------------------------------------------------------------------
2025-03-11 15:52:31,527 [INFO] Происходит загрузка звонков компании 'Звонок от 79531277714' (48239037)
2025-03-11 15:52:33,314 [INFO] Количество звонков: 1
2025-03-11 15:52:33,315 [INFO] Время загрузки: 1.79 сек.

2025-03-11 15:52:33,315 [INFO] Результат обработки компании 'Звонок от 79531277714' (48239037) не был изменен

2025-03-11 15:52:33,316 [INFO] Прогресс: 103 из 200 компаний (52.0%)
2025-03-11 15:52:33,316 [INFO] ------------------------------------------------------------------
2025-03-11 15:52:33,316 [INFO] Происходит загрузка звонков компании 'Звонок от 79232490985' (48242305)
2025-03-11 15:52:36,631 [INFO] Количество звонков: 1
2025-03-11 15:52:36,632 [INFO] Время загрузки: 3.32 сек.

2025-03-11 15:52:36,633 [INFO] Результат обработки компании 'Звонок от 79232490985' (48242305) не был изменен

2025-03-11 15:52:36,633 [INFO] Прогресс: 104 из 200 компаний (52.0%)
2025-03-11 15:52:36,633 [INFO] ------------------------------------------------------------------
2025-03-11 15:52:36,633 [INFO] Происходит загрузка звонков компании 'Liancheng Лианченг' (48242619)
2025-03-11 15:52:39,159 [INFO] Количество звонков: 3
2025-03-11 15:52:39,159 [INFO] Время загрузки: 2.53 сек.

2025-03-11 15:52:39,160 [INFO] Результат обработки компании 'Liancheng Лианченг' (48242619) не был изменен

2025-03-11 15:52:39,160 [INFO] Прогресс: 105 из 200 компаний (53.0%)
2025-03-11 15:52:39,160 [INFO] ------------------------------------------------------------------
2025-03-11 15:52:39,160 [INFO] Происходит загрузка звонков компании 'Аргунский мясокомбинат' (48242807)
2025-03-11 15:52:41,894 [INFO] Количество звонков: 12
2025-03-11 15:52:41,894 [INFO] Время загрузки: 2.73 сек.

2025-03-11 15:52:41,895 [INFO] Результат обработки компании 'Аргунский мясокомбинат' (48242807) не был изменен

2025-03-11 15:52:41,895 [INFO] Прогресс: 106 из 200 компаний (53.0%)
2025-03-11 15:52:41,895 [INFO] ------------------------------------------------------------------
2025-03-11 15:52:41,895 [INFO] Происходит загрузка звонков компании 'Бады Центр Болотова' (48243175)
2025-03-11 15:52:44,340 [INFO] Количество звонков: 2
2025-03-11 15:52:44,340 [INFO] Время загрузки: 2.45 сек.

2025-03-11 15:52:44,341 [INFO] Результат обработки компании 'Бады Центр Болотова' (48243175) не был изменен

2025-03-11 15:52:44,341 [INFO] Прогресс: 107 из 200 компаний (54.0%)
2025-03-11 15:52:44,341 [INFO] ------------------------------------------------------------------
2025-03-11 15:52:44,341 [INFO] Происходит загрузка звонков компании 'Модтфил-Сервис' (48243715)
2025-03-11 15:52:46,860 [INFO] Количество звонков: 2
2025-03-11 15:52:46,860 [INFO] Время загрузки: 2.52 сек.

2025-03-11 15:52:46,861 [INFO] Результат обработки компании 'Модтфил-Сервис' (48243715) не был изменен

2025-03-11 15:52:46,861 [INFO] Прогресс: 108 из 200 компаний (54.0%)
2025-03-11 15:52:46,861 [INFO] ------------------------------------------------------------------
2025-03-11 15:52:46,861 [INFO] Происходит загрузка звонков компании 'АО ДСИО' (48244295)
2025-03-11 15:52:49,203 [INFO] Количество звонков: 2
2025-03-11 15:52:49,203 [INFO] Время загрузки: 2.34 сек.

2025-03-11 15:52:49,203 [INFO] Результат обработки компании 'АО ДСИО' (48244295) не был изменен

2025-03-11 15:52:49,203 [INFO] Прогресс: 109 из 200 компаний (55.00000000000001%)
2025-03-11 15:52:49,204 [INFO] ------------------------------------------------------------------
2025-03-11 15:52:49,204 [INFO] Происходит загрузка звонков компании 'АО Русский уголь' (48244425)
2025-03-11 15:52:52,015 [INFO] Количество звонков: 5
2025-03-11 15:52:52,016 [INFO] Время загрузки: 2.81 сек.

2025-03-11 15:52:52,017 [INFO] Результат обработки компании 'АО Русский уголь' (48244425) не был изменен

2025-03-11 15:52:52,017 [INFO] Прогресс: 110 из 200 компаний (55.00000000000001%)
2025-03-11 15:52:52,017 [INFO] ------------------------------------------------------------------
2025-03-11 15:52:52,017 [INFO] Происходит загрузка звонков компании 'ООО "АПХ ЭКО-КУЛЬТУРА"' (48244433)
2025-03-11 15:52:54,151 [INFO] Количество звонков: 2
2025-03-11 15:52:54,151 [INFO] Время загрузки: 2.13 сек.

2025-03-11 15:52:54,152 [INFO] Результат обработки компании 'ООО "АПХ ЭКО-КУЛЬТУРА"' (48244433) не был изменен

2025-03-11 15:52:54,152 [INFO] Прогресс: 111 из 200 компаний (56.00000000000001%)
2025-03-11 15:52:54,152 [INFO] ------------------------------------------------------------------
2025-03-11 15:52:54,152 [INFO] Происходит загрузка звонков компании 'АО Московский коксогазовый завод' (48244447)
2025-03-11 15:52:56,669 [INFO] Количество звонков: 8
2025-03-11 15:52:56,670 [INFO] Время загрузки: 2.52 сек.

2025-03-11 15:52:56,671 [INFO] Результат обработки компании 'АО Московский коксогазовый завод' (48244447) не был изменен

2025-03-11 15:52:56,671 [INFO] Прогресс: 112 из 200 компаний (56.00000000000001%)
2025-03-11 15:52:56,671 [INFO] ------------------------------------------------------------------
2025-03-11 15:52:56,671 [INFO] Происходит загрузка звонков компании 'АО Тихвинский вагоностроительный завод' (48244477)
2025-03-11 15:52:58,249 [INFO] Количество звонков: 1
2025-03-11 15:52:58,250 [INFO] Время загрузки: 1.58 сек.

2025-03-11 15:52:58,250 [INFO] Результат обработки компании 'АО Тихвинский вагоностроительный завод' (48244477) не был изменен

2025-03-11 15:52:58,251 [INFO] Прогресс: 113 из 200 компаний (56.00000000000001%)
2025-03-11 15:52:58,251 [INFO] ------------------------------------------------------------------
2025-03-11 15:52:58,251 [INFO] Происходит загрузка звонков компании 'ОАО Лужский абразивный завод' (48244481)
2025-03-11 15:53:01,801 [INFO] Количество звонков: 1
2025-03-11 15:53:01,802 [INFO] Время загрузки: 3.55 сек.

2025-03-11 15:53:01,803 [INFO] Результат обработки компании 'ОАО Лужский абразивный завод' (48244481) не был изменен

2025-03-11 15:53:01,803 [INFO] Прогресс: 114 из 200 компаний (56.99999999999999%)
2025-03-11 15:53:01,803 [INFO] ------------------------------------------------------------------
2025-03-11 15:53:01,803 [INFO] Происходит загрузка звонков компании 'АО Нефтехимсервис' (48244491)
2025-03-11 15:53:04,455 [INFO] Количество звонков: 5
2025-03-11 15:53:04,455 [INFO] Время загрузки: 2.65 сек.

2025-03-11 15:53:04,456 [INFO] Результат обработки компании 'АО Нефтехимсервис' (48244491) не был изменен

2025-03-11 15:53:04,456 [INFO] Прогресс: 115 из 200 компаний (56.99999999999999%)
2025-03-11 15:53:04,456 [INFO] ------------------------------------------------------------------
2025-03-11 15:53:04,456 [INFO] Происходит загрузка звонков компании 'ООО «Сах АйсиэсСервис Лид» (SIL)' (48244525)
2025-03-11 15:53:07,785 [INFO] Количество звонков: 2
2025-03-11 15:53:07,785 [INFO] Время загрузки: 3.33 сек.

2025-03-11 15:53:07,786 [INFO] Результат обработки компании 'ООО «Сах АйсиэсСервис Лид» (SIL)' (48244525) не был изменен

2025-03-11 15:53:07,786 [INFO] Прогресс: 116 из 200 компаний (57.99999999999999%)
2025-03-11 15:53:07,786 [INFO] ------------------------------------------------------------------
2025-03-11 15:53:07,786 [INFO] Происходит загрузка звонков компании 'Эником Невада Групп' (48244573)
2025-03-11 15:53:11,740 [INFO] Количество звонков: 14
2025-03-11 15:53:11,741 [INFO] Время загрузки: 3.95 сек.

2025-03-11 15:53:11,741 [INFO] Результат обработки компании 'Эником Невада Групп' (48244573) не был изменен

2025-03-11 15:53:11,741 [INFO] Прогресс: 117 из 200 компаний (57.99999999999999%)
2025-03-11 15:53:11,741 [INFO] ------------------------------------------------------------------
2025-03-11 15:53:11,742 [INFO] Происходит загрузка звонков компании 'АО «Красноярский завод синтетического каучука»' (48244727)
2025-03-11 15:53:18,062 [INFO] Количество звонков: 4
2025-03-11 15:53:18,062 [INFO] Время загрузки: 6.32 сек.

2025-03-11 15:53:18,063 [INFO] Результат обработки компании 'АО «Красноярский завод синтетического каучука»' (48244727) не был изменен

2025-03-11 15:53:18,063 [INFO] Прогресс: 118 из 200 компаний (59.0%)
2025-03-11 15:53:18,063 [INFO] ------------------------------------------------------------------
2025-03-11 15:53:18,064 [INFO] Происходит загрузка звонков компании 'АО ЧЦЗ (челябинский цинковый завод)' (48244797)
2025-03-11 15:53:27,411 [INFO] Количество звонков: 8
2025-03-11 15:53:27,412 [INFO] Время загрузки: 9.35 сек.

2025-03-11 15:53:27,412 [INFO] Результат обработки компании 'АО ЧЦЗ (челябинский цинковый завод)' (48244797) не был изменен

2025-03-11 15:53:27,412 [INFO] Прогресс: 119 из 200 компаний (59.0%)
2025-03-11 15:53:27,412 [INFO] ------------------------------------------------------------------
2025-03-11 15:53:27,412 [INFO] Происходит загрузка звонков компании 'Звонок от 79657976572' (48245147)
2025-03-11 15:53:29,266 [INFO] Количество звонков: 1
2025-03-11 15:53:29,268 [INFO] Время загрузки: 1.86 сек.

2025-03-11 15:53:29,269 [INFO] Результат обработки компании 'Звонок от 79657976572' (48245147) не был изменен

2025-03-11 15:53:29,269 [INFO] Прогресс: 120 из 200 компаний (60.0%)
2025-03-11 15:53:29,269 [INFO] ------------------------------------------------------------------
2025-03-11 15:53:29,269 [INFO] Происходит загрузка звонков компании 'PROFALL/ FAMILY ROOM' (48245415)
2025-03-11 15:53:31,772 [INFO] Количество звонков: 4
2025-03-11 15:53:31,772 [INFO] Время загрузки: 2.5 сек.

2025-03-11 15:53:31,773 [INFO] Результат обработки компании 'PROFALL/ FAMILY ROOM' (48245415) не был изменен

2025-03-11 15:53:31,773 [INFO] Прогресс: 121 из 200 компаний (60.0%)
2025-03-11 15:53:31,773 [INFO] ------------------------------------------------------------------
2025-03-11 15:53:31,773 [INFO] Происходит загрузка звонков компании 'Звонок от 74951363534' (48245625)
2025-03-11 15:53:33,457 [INFO] Количество звонков: 1
2025-03-11 15:53:33,457 [INFO] Время загрузки: 1.68 сек.

2025-03-11 15:53:33,458 [INFO] Результат обработки компании 'Звонок от 74951363534' (48245625) не был изменен

2025-03-11 15:53:33,458 [INFO] Прогресс: 122 из 200 компаний (61.0%)
2025-03-11 15:53:33,458 [INFO] ------------------------------------------------------------------
2025-03-11 15:53:33,459 [INFO] Происходит загрузка звонков компании 'Звонок от 79955864565' (48247145)
2025-03-11 15:53:36,161 [INFO] Количество звонков: 1
2025-03-11 15:53:36,161 [INFO] Время загрузки: 2.7 сек.

2025-03-11 15:53:36,162 [INFO] Результат обработки компании 'Звонок от 79955864565' (48247145) не был изменен

2025-03-11 15:53:36,162 [INFO] Прогресс: 123 из 200 компаний (61.0%)
2025-03-11 15:53:36,162 [INFO] ------------------------------------------------------------------
2025-03-11 15:53:36,163 [INFO] Происходит загрузка звонков компании 'Нексайн АО' (48247231)
2025-03-11 15:53:39,087 [INFO] Количество звонков: 2
2025-03-11 15:53:39,089 [INFO] Время загрузки: 2.93 сек.

2025-03-11 15:53:39,089 [INFO] Результат обработки компании 'Нексайн АО' (48247231) не был изменен

2025-03-11 15:53:39,089 [INFO] Прогресс: 124 из 200 компаний (62.0%)
2025-03-11 15:53:39,089 [INFO] ------------------------------------------------------------------
2025-03-11 15:53:39,090 [INFO] Происходит загрузка звонков компании 'Звонок от 79649880008' (48247813)
2025-03-11 15:53:41,055 [INFO] Количество звонков: 2
2025-03-11 15:53:41,055 [INFO] Время загрузки: 1.97 сек.

2025-03-11 15:53:41,056 [INFO] Результат обработки компании 'Звонок от 79649880008' (48247813) не был изменен

2025-03-11 15:53:41,056 [INFO] Прогресс: 125 из 200 компаний (62.0%)
2025-03-11 15:53:41,056 [INFO] ------------------------------------------------------------------
2025-03-11 15:53:41,056 [INFO] Происходит загрузка звонков компании 'Неизвестный лид от Envybox' (48248911)
2025-03-11 15:53:42,833 [INFO] Количество звонков: 1
2025-03-11 15:53:42,833 [INFO] Время загрузки: 1.78 сек.

2025-03-11 15:53:42,834 [INFO] Результат обработки компании 'Неизвестный лид от Envybox' (48248911) не был изменен

2025-03-11 15:53:42,834 [INFO] Прогресс: 126 из 200 компаний (63.0%)
2025-03-11 15:53:42,834 [INFO] ------------------------------------------------------------------
2025-03-11 15:53:42,834 [INFO] Происходит загрузка звонков компании 'Крайдэо' (48249243)
2025-03-11 15:53:45,283 [INFO] Количество звонков: 21
2025-03-11 15:53:45,284 [INFO] Время загрузки: 2.45 сек.

2025-03-11 15:53:45,284 [INFO] Результат обработки компании 'Крайдэо' (48249243) не был изменен

2025-03-11 15:53:45,284 [INFO] Прогресс: 127 из 200 компаний (64.0%)
2025-03-11 15:53:45,284 [INFO] ------------------------------------------------------------------
2025-03-11 15:53:45,285 [INFO] Происходит загрузка звонков компании 'Аямтранссервис' (48249247)
2025-03-11 15:53:47,499 [INFO] Количество звонков: 21
2025-03-11 15:53:47,499 [INFO] Время загрузки: 2.21 сек.

2025-03-11 15:53:47,500 [INFO] Результат обработки компании 'Аямтранссервис' (48249247) не был изменен

2025-03-11 15:53:47,500 [INFO] Прогресс: 128 из 200 компаний (64.0%)
2025-03-11 15:53:47,500 [INFO] ------------------------------------------------------------------
2025-03-11 15:53:47,500 [INFO] Происходит загрузка звонков компании 'ЕРП АО' (48249257)
2025-03-11 15:53:51,604 [INFO] Количество звонков: 5
2025-03-11 15:53:51,604 [INFO] Время загрузки: 4.1 сек.

2025-03-11 15:53:51,605 [INFO] Результат обработки компании 'ЕРП АО' (48249257) не был изменен

2025-03-11 15:53:51,605 [INFO] Прогресс: 129 из 200 компаний (65.0%)
2025-03-11 15:53:51,605 [INFO] ------------------------------------------------------------------
2025-03-11 15:53:51,605 [INFO] Происходит загрузка звонков компании 'Динур АО' (48249265)
2025-03-11 15:53:55,182 [INFO] Количество звонков: 4
2025-03-11 15:53:55,182 [INFO] Время загрузки: 3.58 сек.

2025-03-11 15:53:55,182 [INFO] Результат обработки компании 'Динур АО' (48249265) не был изменен

2025-03-11 15:53:55,183 [INFO] Прогресс: 130 из 200 компаний (65.0%)
2025-03-11 15:53:55,183 [INFO] ------------------------------------------------------------------
2025-03-11 15:53:55,183 [INFO] Происходит загрузка звонков компании 'ТФЗ ООО' (48249295)
2025-03-11 15:53:57,330 [INFO] Количество звонков: 2
2025-03-11 15:53:57,331 [INFO] Время загрузки: 2.15 сек.

2025-03-11 15:53:57,331 [INFO] Результат обработки компании 'ТФЗ ООО' (48249295) не был изменен

2025-03-11 15:53:57,331 [INFO] Прогресс: 131 из 200 компаний (66.0%)
2025-03-11 15:53:57,332 [INFO] ------------------------------------------------------------------
2025-03-11 15:53:57,332 [INFO] Происходит загрузка звонков компании 'Соврудник ООО' (48249309)
2025-03-11 15:53:59,757 [INFO] Количество звонков: 2
2025-03-11 15:53:59,758 [INFO] Время загрузки: 2.43 сек.

2025-03-11 15:53:59,758 [INFO] Результат обработки компании 'Соврудник ООО' (48249309) не был изменен

2025-03-11 15:53:59,758 [INFO] Прогресс: 132 из 200 компаний (66.0%)
2025-03-11 15:53:59,759 [INFO] ------------------------------------------------------------------
2025-03-11 15:53:59,759 [INFO] Происходит загрузка звонков компании 'ХМЗ АО' (48249337)
2025-03-11 15:54:03,456 [INFO] Количество звонков: 12
2025-03-11 15:54:03,457 [INFO] Время загрузки: 3.7 сек.

2025-03-11 15:54:03,458 [INFO] Результат обработки компании 'ХМЗ АО' (48249337) не был изменен

2025-03-11 15:54:03,458 [INFO] Прогресс: 133 из 200 компаний (67.0%)
2025-03-11 15:54:03,458 [INFO] ------------------------------------------------------------------
2025-03-11 15:54:03,458 [INFO] Происходит загрузка звонков компании 'АО птицефабрика Роскар' (48249861)
2025-03-11 15:54:06,813 [INFO] Количество звонков: 2
2025-03-11 15:54:06,814 [INFO] Время загрузки: 3.36 сек.

2025-03-11 15:54:06,814 [INFO] Результат обработки компании 'АО птицефабрика Роскар' (48249861) не был изменен

2025-03-11 15:54:06,814 [INFO] Прогресс: 134 из 200 компаний (67.0%)
2025-03-11 15:54:06,815 [INFO] ------------------------------------------------------------------
2025-03-11 15:54:06,815 [INFO] Происходит загрузка звонков компании 'Тримет ООО' (48249951)
2025-03-11 15:54:10,125 [INFO] Количество звонков: 2
2025-03-11 15:54:10,125 [INFO] Время загрузки: 3.31 сек.

2025-03-11 15:54:10,126 [INFO] Результат обработки компании 'Тримет ООО' (48249951) не был изменен

2025-03-11 15:54:10,126 [INFO] Прогресс: 135 из 200 компаний (68.0%)
2025-03-11 15:54:10,126 [INFO] ------------------------------------------------------------------
2025-03-11 15:54:10,127 [INFO] Происходит загрузка звонков компании 'Анна' (48218405)
2025-03-11 15:54:13,403 [INFO] Количество звонков: 8
2025-03-11 15:54:13,404 [INFO] Время загрузки: 3.28 сек.

2025-03-11 15:54:13,404 [INFO] Результат обработки компании 'Анна' (48218405) не был изменен

2025-03-11 15:54:13,405 [INFO] Прогресс: 136 из 200 компаний (68.0%)
2025-03-11 15:54:13,405 [INFO] ------------------------------------------------------------------
2025-03-11 15:54:13,405 [INFO] Происходит загрузка звонков компании 'Звонок от 79778228771' (48218589)
2025-03-11 15:54:16,594 [INFO] Количество звонков: 1
2025-03-11 15:54:16,595 [INFO] Время загрузки: 3.19 сек.

2025-03-11 15:54:16,596 [INFO] Результат обработки компании 'Звонок от 79778228771' (48218589) не был изменен

2025-03-11 15:54:16,596 [INFO] Прогресс: 137 из 200 компаний (69.0%)
2025-03-11 15:54:16,596 [INFO] ------------------------------------------------------------------
2025-03-11 15:54:16,596 [INFO] Происходит загрузка звонков компании 'Звонок от 79311097319' (48218985)
2025-03-11 15:54:19,206 [INFO] Количество звонков: 1
2025-03-11 15:54:19,206 [INFO] Время загрузки: 2.61 сек.

2025-03-11 15:54:19,207 [INFO] Результат обработки компании 'Звонок от 79311097319' (48218985) не был изменен

2025-03-11 15:54:19,207 [INFO] Прогресс: 138 из 200 компаний (69.0%)
2025-03-11 15:54:19,207 [INFO] ------------------------------------------------------------------
2025-03-11 15:54:19,207 [INFO] Происходит загрузка звонков компании 'Школа фигурного катания' (48218991)
2025-03-11 15:54:21,140 [INFO] Количество звонков: 4
2025-03-11 15:54:21,141 [INFO] Время загрузки: 1.93 сек.

2025-03-11 15:54:21,141 [INFO] Результат обработки компании 'Школа фигурного катания' (48218991) не был изменен

2025-03-11 15:54:21,142 [INFO] Прогресс: 139 из 200 компаний (69.0%)
2025-03-11 15:54:21,142 [INFO] ------------------------------------------------------------------
2025-03-11 15:54:21,142 [INFO] Происходит загрузка звонков компании 'ООО "Джокер"' (48219571)
2025-03-11 15:54:24,249 [INFO] Количество звонков: 3
2025-03-11 15:54:24,250 [INFO] Время загрузки: 3.11 сек.

2025-03-11 15:54:24,250 [INFO] Результат обработки компании 'ООО "Джокер"' (48219571) не был изменен

2025-03-11 15:54:24,251 [INFO] Прогресс: 140 из 200 компаний (70.0%)
2025-03-11 15:54:24,251 [INFO] ------------------------------------------------------------------
2025-03-11 15:54:24,251 [INFO] Происходит загрузка звонков компании 'Звонок от 79618727000' (48219649)
2025-03-11 15:54:26,712 [INFO] Количество звонков: 1
2025-03-11 15:54:26,712 [INFO] Время загрузки: 2.46 сек.

2025-03-11 15:54:26,713 [INFO] Результат обработки компании 'Звонок от 79618727000' (48219649) не был изменен

2025-03-11 15:54:26,713 [INFO] Прогресс: 141 из 200 компаний (70.0%)
2025-03-11 15:54:26,713 [INFO] ------------------------------------------------------------------
2025-03-11 15:54:26,713 [INFO] Происходит загрузка звонков компании 'АО "Фармцентр ВИЛАР"' (48220033)
2025-03-11 15:54:29,711 [INFO] Количество звонков: 1
2025-03-11 15:54:29,711 [INFO] Время загрузки: 3.0 сек.

2025-03-11 15:54:29,712 [INFO] Результат обработки компании 'АО "Фармцентр ВИЛАР"' (48220033) не был изменен

2025-03-11 15:54:29,712 [INFO] Прогресс: 142 из 200 компаний (71.0%)
2025-03-11 15:54:29,712 [INFO] ------------------------------------------------------------------
2025-03-11 15:54:29,712 [INFO] Происходит загрузка звонков компании 'Бизнес центр типография' (48220173)
2025-03-11 15:54:32,330 [INFO] Количество звонков: 1
2025-03-11 15:54:32,331 [INFO] Время загрузки: 2.62 сек.

2025-03-11 15:54:32,331 [INFO] Результат обработки компании 'Бизнес центр типография' (48220173) не был изменен

2025-03-11 15:54:32,332 [INFO] Прогресс: 143 из 200 компаний (71.0%)
2025-03-11 15:54:32,332 [INFO] ------------------------------------------------------------------
2025-03-11 15:54:32,332 [INFO] Происходит загрузка звонков компании 'Неизвестный лид от Envybox' (48220363)
2025-03-11 15:54:35,376 [INFO] Количество звонков: 1
2025-03-11 15:54:35,377 [INFO] Время загрузки: 3.04 сек.

2025-03-11 15:54:35,377 [INFO] Результат обработки компании 'Неизвестный лид от Envybox' (48220363) не был изменен

2025-03-11 15:54:35,378 [INFO] Прогресс: 144 из 200 компаний (72.0%)
2025-03-11 15:54:35,378 [INFO] ------------------------------------------------------------------
2025-03-11 15:54:35,378 [INFO] Происходит загрузка звонков компании 'Звонок от 79136181968' (48220649)
2025-03-11 15:54:37,160 [INFO] Количество звонков: 3
2025-03-11 15:54:37,161 [INFO] Время загрузки: 1.78 сек.

2025-03-11 15:54:37,161 [INFO] Результат обработки компании 'Звонок от 79136181968' (48220649) не был изменен

2025-03-11 15:54:37,162 [INFO] Прогресс: 145 из 200 компаний (72.0%)
2025-03-11 15:54:37,162 [INFO] ------------------------------------------------------------------
2025-03-11 15:54:37,162 [INFO] Происходит загрузка звонков компании 'Звонок от 79509811856' (48220753)
2025-03-11 15:54:46,119 [INFO] Компания 'Звонок от 79509811856' не имеет звонков

2025-03-11 15:54:46,120 [INFO] Происходит отправка результата обработки компании...
2025-03-11 15:54:47,629 [INFO] Результат обработки компании 'Звонок от 79509811856' (48220753) установлен 'Нет звонков'

2025-03-11 15:54:47,629 [INFO] Прогресс: 146 из 200 компаний (73.0%)
2025-03-11 15:54:47,629 [INFO] ------------------------------------------------------------------
2025-03-11 15:54:47,630 [INFO] Происходит загрузка звонков компании 'Звонок от 79863887769' (48220801)
2025-03-11 15:54:49,447 [INFO] Количество звонков: 1
2025-03-11 15:54:49,448 [INFO] Время загрузки: 1.82 сек.

2025-03-11 15:54:49,449 [INFO] Результат обработки компании 'Звонок от 79863887769' (48220801) не был изменен

2025-03-11 15:54:49,449 [INFO] Прогресс: 147 из 200 компаний (73.0%)
2025-03-11 15:54:49,449 [INFO] ------------------------------------------------------------------
2025-03-11 15:54:49,450 [INFO] Происходит загрузка звонков компании 'Звонок от 79524412222' (48220887)
2025-03-11 15:54:51,309 [INFO] Количество звонков: 1
2025-03-11 15:54:51,310 [INFO] Время загрузки: 1.86 сек.

2025-03-11 15:54:51,310 [INFO] Результат обработки компании 'Звонок от 79524412222' (48220887) не был изменен

2025-03-11 15:54:51,310 [INFO] Прогресс: 148 из 200 компаний (74.0%)
2025-03-11 15:54:51,311 [INFO] ------------------------------------------------------------------
2025-03-11 15:54:51,311 [INFO] Происходит загрузка звонков компании 'Звонок от 79537929413' (48221983)
2025-03-11 15:54:52,585 [INFO] Компания 'Звонок от 79537929413' не имеет звонков

2025-03-11 15:54:52,586 [INFO] Происходит отправка результата обработки компании...
2025-03-11 15:54:53,621 [INFO] Результат обработки компании 'Звонок от 79537929413' (48221983) установлен 'Нет звонков'

2025-03-11 15:54:53,622 [INFO] Прогресс: 149 из 200 компаний (74.0%)
2025-03-11 15:54:53,622 [INFO] ------------------------------------------------------------------
2025-03-11 15:54:53,623 [INFO] Происходит загрузка звонков компании 'Звонок от 79830753794' (48222391)
2025-03-11 15:54:55,240 [INFO] Количество звонков: 1
2025-03-11 15:54:55,240 [INFO] Время загрузки: 1.62 сек.

2025-03-11 15:54:55,241 [INFO] Результат обработки компании 'Звонок от 79830753794' (48222391) не был изменен

2025-03-11 15:54:55,241 [INFO] Прогресс: 150 из 200 компаний (75.0%)
2025-03-11 15:54:55,241 [INFO] ------------------------------------------------------------------
2025-03-11 15:54:55,241 [INFO] Происходит загрузка звонков компании 'Департамент внутренних коммуникаций СДКК' (48222399)
2025-03-11 15:54:57,678 [INFO] Количество звонков: 4
2025-03-11 15:54:57,679 [INFO] Время загрузки: 2.44 сек.

2025-03-11 15:54:57,679 [INFO] Результат обработки компании 'Департамент внутренних коммуникаций СДКК' (48222399) не был изменен

2025-03-11 15:54:57,679 [INFO] Прогресс: 151 из 200 компаний (76.0%)
2025-03-11 15:54:57,679 [INFO] ------------------------------------------------------------------
2025-03-11 15:54:57,679 [INFO] Происходит загрузка звонков компании 'Компания ЦентрСнаб' (48222425)
2025-03-11 15:54:59,649 [INFO] Компания 'Компания ЦентрСнаб' не имеет звонков

2025-03-11 15:54:59,651 [INFO] Происходит отправка результата обработки компании...
2025-03-11 15:55:00,679 [INFO] Результат обработки компании 'Компания ЦентрСнаб' (48222425) установлен 'Нет звонков'

2025-03-11 15:55:00,680 [INFO] Прогресс: 152 из 200 компаний (76.0%)
2025-03-11 15:55:00,680 [INFO] ------------------------------------------------------------------
2025-03-11 15:55:00,680 [INFO] Происходит загрузка звонков компании 'Звонок от 79687772345' (48223191)
2025-03-11 15:55:02,754 [INFO] Компания 'Звонок от 79687772345' не имеет звонков

2025-03-11 15:55:02,755 [INFO] Происходит отправка результата обработки компании...
2025-03-11 15:55:03,842 [INFO] Результат обработки компании 'Звонок от 79687772345' (48223191) установлен 'Нет звонков'

2025-03-11 15:55:03,843 [INFO] Прогресс: 153 из 200 компаний (77.0%)
2025-03-11 15:55:03,844 [INFO] ------------------------------------------------------------------
2025-03-11 15:55:03,844 [INFO] Происходит загрузка звонков компании 'Мебельная компания' (48223443)
2025-03-11 15:55:07,784 [INFO] Количество звонков: 2
2025-03-11 15:55:07,785 [INFO] Время загрузки: 3.94 сек.

2025-03-11 15:55:07,785 [INFO] Результат обработки компании 'Мебельная компания' (48223443) не был изменен

2025-03-11 15:55:07,785 [INFO] Прогресс: 154 из 200 компаний (77.0%)
2025-03-11 15:55:07,785 [INFO] ------------------------------------------------------------------
2025-03-11 15:55:07,785 [INFO] Происходит загрузка звонков компании 'Энерго бетон' (48228581)
2025-03-11 15:55:09,817 [INFO] Компания 'Энерго бетон' не имеет звонков

2025-03-11 15:55:09,818 [INFO] Происходит отправка результата обработки компании...
2025-03-11 15:55:11,084 [INFO] Результат обработки компании 'Энерго бетон' (48228581) установлен 'Нет звонков'

2025-03-11 15:55:11,085 [INFO] Прогресс: 155 из 200 компаний (78.0%)
2025-03-11 15:55:11,085 [INFO] ------------------------------------------------------------------
2025-03-11 15:55:11,085 [INFO] Происходит загрузка звонков компании 'Звонок от 79278821708' (48228601)
2025-03-11 15:55:12,920 [INFO] Компания 'Звонок от 79278821708' не имеет звонков

2025-03-11 15:55:12,921 [INFO] Происходит отправка результата обработки компании...
2025-03-11 15:55:13,997 [INFO] Результат обработки компании 'Звонок от 79278821708' (48228601) установлен 'Нет звонков'

2025-03-11 15:55:13,998 [INFO] Прогресс: 156 из 200 компаний (78.0%)
2025-03-11 15:55:13,998 [INFO] ------------------------------------------------------------------
2025-03-11 15:55:13,998 [INFO] Происходит загрузка звонков компании 'Название не указано' (48228795)
2025-03-11 15:55:16,286 [INFO] Количество звонков: 1
2025-03-11 15:55:16,286 [INFO] Время загрузки: 2.29 сек.

2025-03-11 15:55:16,286 [INFO] Результат обработки компании 'Название не указано' (48228795) не был изменен

2025-03-11 15:55:16,287 [INFO] Прогресс: 157 из 200 компаний (79.0%)
2025-03-11 15:55:16,287 [INFO] ------------------------------------------------------------------
2025-03-11 15:55:16,287 [INFO] Происходит загрузка звонков компании 'Звонок от 74951504220' (48229165)
2025-03-11 15:55:20,879 [INFO] Количество звонков: 1
2025-03-11 15:55:20,880 [INFO] Время загрузки: 4.59 сек.

2025-03-11 15:55:20,880 [INFO] Результат обработки компании 'Звонок от 74951504220' (48229165) не был изменен

2025-03-11 15:55:20,881 [INFO] Прогресс: 158 из 200 компаний (79.0%)
2025-03-11 15:55:20,881 [INFO] ------------------------------------------------------------------
2025-03-11 15:55:20,881 [INFO] Происходит загрузка звонков компании 'Транснефтьэнерго' (48229289)
2025-03-11 15:55:23,415 [INFO] Компания 'Транснефтьэнерго' не имеет звонков

2025-03-11 15:55:23,416 [INFO] Происходит отправка результата обработки компании...
2025-03-11 15:55:24,674 [INFO] Результат обработки компании 'Транснефтьэнерго' (48229289) установлен 'Нет звонков'

2025-03-11 15:55:24,675 [INFO] Прогресс: 159 из 200 компаний (80.0%)
2025-03-11 15:55:24,675 [INFO] ------------------------------------------------------------------
2025-03-11 15:55:24,675 [INFO] Происходит загрузка звонков компании 'Звонок от 74956299661' (48229305)
2025-03-11 15:55:26,404 [INFO] Компания 'Звонок от 74956299661' не имеет звонков

2025-03-11 15:55:26,404 [INFO] Происходит отправка результата обработки компании...
2025-03-11 15:55:28,026 [INFO] Результат обработки компании 'Звонок от 74956299661' (48229305) установлен 'Нет звонков'

2025-03-11 15:55:28,026 [INFO] Прогресс: 160 из 200 компаний (80.0%)
2025-03-11 15:55:28,027 [INFO] ------------------------------------------------------------------
2025-03-11 15:55:28,027 [INFO] Происходит загрузка звонков компании 'Звонок от 74956295738' (48229315)
2025-03-11 15:55:29,737 [INFO] Количество звонков: 1
2025-03-11 15:55:29,737 [INFO] Время загрузки: 1.71 сек.

2025-03-11 15:55:29,738 [INFO] Результат обработки компании 'Звонок от 74956295738' (48229315) не был изменен

2025-03-11 15:55:29,738 [INFO] Прогресс: 161 из 200 компаний (81.0%)
2025-03-11 15:55:29,738 [INFO] ------------------------------------------------------------------
2025-03-11 15:55:29,738 [INFO] Происходит загрузка звонков компании 'Василий' (48229571)
2025-03-11 15:55:31,824 [INFO] Количество звонков: 1
2025-03-11 15:55:31,825 [INFO] Время загрузки: 2.09 сек.

2025-03-11 15:55:31,826 [INFO] Результат обработки компании 'Василий' (48229571) не был изменен

2025-03-11 15:55:31,826 [INFO] Прогресс: 162 из 200 компаний (81.0%)
2025-03-11 15:55:31,826 [INFO] ------------------------------------------------------------------
2025-03-11 15:55:31,826 [INFO] Происходит загрузка звонков компании 'Звонок от 79935559555' (48229677)
2025-03-11 15:55:33,247 [INFO] Компания 'Звонок от 79935559555' не имеет звонков

2025-03-11 15:55:33,248 [INFO] Происходит отправка результата обработки компании...
2025-03-11 15:55:34,371 [INFO] Результат обработки компании 'Звонок от 79935559555' (48229677) установлен 'Нет звонков'

2025-03-11 15:55:34,371 [INFO] Прогресс: 163 из 200 компаний (81.0%)
2025-03-11 15:55:34,372 [INFO] ------------------------------------------------------------------
2025-03-11 15:55:34,372 [INFO] Происходит загрузка звонков компании 'Космос отель Омск' (48200031)
2025-03-11 15:55:36,615 [INFO] Компания 'Космос отель Омск' не имеет звонков

2025-03-11 15:55:36,616 [INFO] Происходит отправка результата обработки компании...
2025-03-11 15:55:37,590 [INFO] Результат обработки компании 'Космос отель Омск' (48200031) установлен 'Нет звонков'

2025-03-11 15:55:37,591 [INFO] Прогресс: 164 из 200 компаний (82.0%)
2025-03-11 15:55:37,591 [INFO] ------------------------------------------------------------------
2025-03-11 15:55:37,591 [INFO] Происходит загрузка звонков компании 'Правительство МСК' (48200187)
2025-03-11 15:55:39,841 [INFO] Компания 'Правительство МСК' не имеет звонков

2025-03-11 15:55:39,842 [INFO] Происходит отправка результата обработки компании...
2025-03-11 15:55:41,141 [INFO] Результат обработки компании 'Правительство МСК' (48200187) установлен 'Нет звонков'

2025-03-11 15:55:41,142 [INFO] Прогресс: 165 из 200 компаний (82.0%)
2025-03-11 15:55:41,142 [INFO] ------------------------------------------------------------------
2025-03-11 15:55:41,142 [INFO] Происходит загрузка звонков компании 'Звонок от 79856027594' (48200271)
2025-03-11 15:55:42,800 [INFO] Количество звонков: 2
2025-03-11 15:55:42,801 [INFO] Время загрузки: 1.66 сек.

2025-03-11 15:55:42,802 [INFO] Результат обработки компании 'Звонок от 79856027594' (48200271) не был изменен

2025-03-11 15:55:42,802 [INFO] Прогресс: 166 из 200 компаний (83.0%)
2025-03-11 15:55:42,802 [INFO] ------------------------------------------------------------------
2025-03-11 15:55:42,802 [INFO] Происходит загрузка звонков компании 'СК Артэк (ТК)' (48200371)
2025-03-11 15:55:44,955 [INFO] Компания 'СК Артэк (ТК)' не имеет звонков

2025-03-11 15:55:44,956 [INFO] Происходит отправка результата обработки компании...
2025-03-11 15:55:46,043 [INFO] Результат обработки компании 'СК Артэк (ТК)' (48200371) установлен 'Нет звонков'

2025-03-11 15:55:46,044 [INFO] Прогресс: 167 из 200 компаний (83.0%)
2025-03-11 15:55:46,044 [INFO] ------------------------------------------------------------------
2025-03-11 15:55:46,044 [INFO] Происходит загрузка звонков компании 'Звонок от 74958487090' (48200633)
2025-03-11 15:55:48,231 [INFO] Количество звонков: 1
2025-03-11 15:55:48,231 [INFO] Время загрузки: 2.19 сек.

2025-03-11 15:55:48,232 [INFO] Результат обработки компании 'Звонок от 74958487090' (48200633) не был изменен

2025-03-11 15:55:48,232 [INFO] Прогресс: 168 из 200 компаний (84.0%)
2025-03-11 15:55:48,233 [INFO] ------------------------------------------------------------------
2025-03-11 15:55:48,233 [INFO] Происходит загрузка звонков компании 'Звонок от 79379642216' (48200667)
2025-03-11 15:55:50,550 [INFO] Количество звонков: 2
2025-03-11 15:55:50,552 [INFO] Время загрузки: 2.32 сек.

2025-03-11 15:55:50,552 [INFO] Результат обработки компании 'Звонок от 79379642216' (48200667) не был изменен

2025-03-11 15:55:50,553 [INFO] Прогресс: 169 из 200 компаний (84.0%)
2025-03-11 15:55:50,553 [INFO] ------------------------------------------------------------------
2025-03-11 15:55:50,553 [INFO] Происходит загрузка звонков компании 'Звонок от 74952961627' (48200809)
2025-03-11 15:55:52,382 [INFO] Количество звонков: 1
2025-03-11 15:55:52,382 [INFO] Время загрузки: 1.83 сек.

2025-03-11 15:55:52,383 [INFO] Результат обработки компании 'Звонок от 74952961627' (48200809) не был изменен

2025-03-11 15:55:52,383 [INFO] Прогресс: 170 из 200 компаний (85.0%)
2025-03-11 15:55:52,383 [INFO] ------------------------------------------------------------------
2025-03-11 15:55:52,383 [INFO] Происходит загрузка звонков компании 'Звонок от 78126401410' (48201215)
2025-03-11 15:55:54,138 [INFO] Количество звонков: 1
2025-03-11 15:55:54,138 [INFO] Время загрузки: 1.75 сек.

2025-03-11 15:55:54,139 [INFO] Результат обработки компании 'Звонок от 78126401410' (48201215) не был изменен

2025-03-11 15:55:54,139 [INFO] Прогресс: 171 из 200 компаний (85.0%)
2025-03-11 15:55:54,139 [INFO] ------------------------------------------------------------------
2025-03-11 15:55:54,139 [INFO] Происходит загрузка звонков компании 'Звонок от 79851707071' (48201515)
2025-03-11 15:55:56,099 [INFO] Количество звонков: 2
2025-03-11 15:55:56,100 [INFO] Время загрузки: 1.96 сек.

2025-03-11 15:55:56,100 [INFO] Результат обработки компании 'Звонок от 79851707071' (48201515) не был изменен

2025-03-11 15:55:56,101 [INFO] Прогресс: 172 из 200 компаний (86.0%)
2025-03-11 15:55:56,101 [INFO] ------------------------------------------------------------------
2025-03-11 15:55:56,101 [INFO] Происходит загрузка звонков компании 'Надежная смена' (48201981)
2025-03-11 15:55:57,983 [INFO] Компания 'Надежная смена' не имеет звонков

2025-03-11 15:55:57,984 [INFO] Происходит отправка результата обработки компании...
2025-03-11 15:55:59,006 [INFO] Результат обработки компании 'Надежная смена' (48201981) установлен 'Нет звонков'

2025-03-11 15:55:59,007 [INFO] Прогресс: 173 из 200 компаний (86.0%)
2025-03-11 15:55:59,008 [INFO] ------------------------------------------------------------------
2025-03-11 15:55:59,008 [INFO] Происходит загрузка звонков компании 'АГРОХОЛДИНГ' (48201983)
2025-03-11 15:56:01,499 [INFO] Компания 'АГРОХОЛДИНГ' не имеет звонков

2025-03-11 15:56:01,500 [INFO] Происходит отправка результата обработки компании...
2025-03-11 15:56:02,754 [INFO] Результат обработки компании 'АГРОХОЛДИНГ' (48201983) установлен 'Нет звонков'

2025-03-11 15:56:02,755 [INFO] Прогресс: 174 из 200 компаний (87.0%)
2025-03-11 15:56:02,755 [INFO] ------------------------------------------------------------------
2025-03-11 15:56:02,755 [INFO] Происходит загрузка звонков компании 'Оак Ресурс' (48202035)
2025-03-11 15:56:05,819 [INFO] Компания 'Оак Ресурс' не имеет звонков

2025-03-11 15:56:05,820 [INFO] Происходит отправка результата обработки компании...
2025-03-11 15:56:08,241 [INFO] Результат обработки компании 'Оак Ресурс' (48202035) установлен 'Нет звонков'

2025-03-11 15:56:08,242 [INFO] Прогресс: 175 из 200 компаний (88.0%)
2025-03-11 15:56:08,242 [INFO] ------------------------------------------------------------------
2025-03-11 15:56:08,242 [INFO] Происходит загрузка звонков компании 'Оак Ресурс' (48202037)
2025-03-11 15:56:11,476 [INFO] Количество звонков: 1
2025-03-11 15:56:11,476 [INFO] Время загрузки: 3.23 сек.

2025-03-11 15:56:11,477 [INFO] Результат обработки компании 'Оак Ресурс' (48202037) не был изменен

2025-03-11 15:56:11,478 [INFO] Прогресс: 176 из 200 компаний (88.0%)
2025-03-11 15:56:11,478 [INFO] ------------------------------------------------------------------
2025-03-11 15:56:11,478 [INFO] Происходит загрузка звонков компании 'КСМ' (48202251)
2025-03-11 15:56:14,250 [INFO] Количество звонков: 4
2025-03-11 15:56:14,251 [INFO] Время загрузки: 2.77 сек.

2025-03-11 15:56:14,251 [INFO] Результат обработки компании 'КСМ' (48202251) не был изменен

2025-03-11 15:56:14,252 [INFO] Прогресс: 177 из 200 компаний (89.0%)
2025-03-11 15:56:14,252 [INFO] ------------------------------------------------------------------
2025-03-11 15:56:14,252 [INFO] Происходит загрузка звонков компании 'Звонок от 79129999171' (48202419)
2025-03-11 15:56:16,128 [INFO] Компания 'Звонок от 79129999171' не имеет звонков

2025-03-11 15:56:16,129 [INFO] Происходит отправка результата обработки компании...
2025-03-11 15:56:17,102 [INFO] Результат обработки компании 'Звонок от 79129999171' (48202419) установлен 'Нет звонков'

2025-03-11 15:56:17,103 [INFO] Прогресс: 178 из 200 компаний (89.0%)
2025-03-11 15:56:17,103 [INFO] ------------------------------------------------------------------
2025-03-11 15:56:17,103 [INFO] Происходит загрузка звонков компании 'Звонок от 74957105906' (48202873)
2025-03-11 15:56:19,844 [INFO] Количество звонков: 1
2025-03-11 15:56:19,845 [INFO] Время загрузки: 2.74 сек.

2025-03-11 15:56:19,845 [INFO] Результат обработки компании 'Звонок от 74957105906' (48202873) не был изменен

2025-03-11 15:56:19,846 [INFO] Прогресс: 179 из 200 компаний (90.0%)
2025-03-11 15:56:19,846 [INFO] ------------------------------------------------------------------
2025-03-11 15:56:19,846 [INFO] Происходит загрузка звонков компании 'Звонок от 79629557283' (48203085)
2025-03-11 15:56:21,843 [INFO] Количество звонков: 1
2025-03-11 15:56:21,843 [INFO] Время загрузки: 2.0 сек.

2025-03-11 15:56:21,844 [INFO] Результат обработки компании 'Звонок от 79629557283' (48203085) не был изменен

2025-03-11 15:56:21,844 [INFO] Прогресс: 180 из 200 компаний (90.0%)
2025-03-11 15:56:21,844 [INFO] ------------------------------------------------------------------
2025-03-11 15:56:21,845 [INFO] Происходит загрузка звонков компании 'ГК Стрижи' (48203217)
2025-03-11 15:56:23,978 [INFO] Компания 'ГК Стрижи' не имеет звонков

2025-03-11 15:56:23,979 [INFO] Происходит отправка результата обработки компании...
2025-03-11 15:56:24,966 [INFO] Результат обработки компании 'ГК Стрижи' (48203217) установлен 'Нет звонков'

2025-03-11 15:56:24,967 [INFO] Прогресс: 181 из 200 компаний (91.0%)
2025-03-11 15:56:24,968 [INFO] ------------------------------------------------------------------
2025-03-11 15:56:24,968 [INFO] Происходит загрузка звонков компании 'Вандьйорд' (48203271)
2025-03-11 15:56:26,902 [INFO] Компания 'Вандьйорд' не имеет звонков

2025-03-11 15:56:26,903 [INFO] Происходит отправка результата обработки компании...
2025-03-11 15:56:27,883 [INFO] Результат обработки компании 'Вандьйорд' (48203271) установлен 'Нет звонков'

2025-03-11 15:56:27,884 [INFO] Прогресс: 182 из 200 компаний (91.0%)
2025-03-11 15:56:27,884 [INFO] ------------------------------------------------------------------
2025-03-11 15:56:27,884 [INFO] Происходит загрузка звонков компании 'Апперком' (48203865)
2025-03-11 15:56:29,922 [INFO] Компания 'Апперком' не имеет звонков

2025-03-11 15:56:29,922 [INFO] Происходит отправка результата обработки компании...
2025-03-11 15:56:31,166 [INFO] Результат обработки компании 'Апперком' (48203865) установлен 'Нет звонков'

2025-03-11 15:56:31,168 [INFO] Прогресс: 183 из 200 компаний (92.0%)
2025-03-11 15:56:31,168 [INFO] ------------------------------------------------------------------
2025-03-11 15:56:31,168 [INFO] Происходит загрузка звонков компании 'Спортив.мероприятия' (48204067)
2025-03-11 15:56:33,817 [INFO] Компания 'Спортив.мероприятия' не имеет звонков

2025-03-11 15:56:33,818 [INFO] Происходит отправка результата обработки компании...
2025-03-11 15:56:34,856 [INFO] Результат обработки компании 'Спортив.мероприятия' (48204067) установлен 'Нет звонков'

2025-03-11 15:56:34,857 [INFO] Прогресс: 184 из 200 компаний (92.0%)
2025-03-11 15:56:34,857 [INFO] ------------------------------------------------------------------
2025-03-11 15:56:34,857 [INFO] Происходит загрузка звонков компании 'Аптечная сеть "Гармония здоровья"' (48204257)
2025-03-11 15:56:37,632 [INFO] Компания 'Аптечная сеть "Гармония здоровья"' не имеет звонков

2025-03-11 15:56:37,633 [INFO] Происходит отправка результата обработки компании...
2025-03-11 15:56:38,675 [INFO] Результат обработки компании 'Аптечная сеть "Гармония здоровья"' (48204257) установлен 'Нет звонков'

2025-03-11 15:56:38,676 [INFO] Прогресс: 185 из 200 компаний (93.0%)
2025-03-11 15:56:38,676 [INFO] ------------------------------------------------------------------
2025-03-11 15:56:38,676 [INFO] Происходит загрузка звонков компании 'Звонок от 74959270153' (48204267)
2025-03-11 15:56:40,713 [INFO] Количество звонков: 1
2025-03-11 15:56:40,714 [INFO] Время загрузки: 2.04 сек.

2025-03-11 15:56:40,714 [INFO] Результат обработки компании 'Звонок от 74959270153' (48204267) не был изменен

2025-03-11 15:56:40,715 [INFO] Прогресс: 186 из 200 компаний (93.0%)
2025-03-11 15:56:40,715 [INFO] ------------------------------------------------------------------
2025-03-11 15:56:40,715 [INFO] Происходит загрузка звонков компании 'Звонок от 79779179606' (48204551)
2025-03-11 15:56:42,086 [INFO] Компания 'Звонок от 79779179606' не имеет звонков

2025-03-11 15:56:42,087 [INFO] Происходит отправка результата обработки компании...
2025-03-11 15:56:45,441 [INFO] Результат обработки компании 'Звонок от 79779179606' (48204551) установлен 'Нет звонков'

2025-03-11 15:56:45,443 [INFO] Прогресс: 187 из 200 компаний (94.0%)
2025-03-11 15:56:45,443 [INFO] ------------------------------------------------------------------
2025-03-11 15:56:45,443 [INFO] Происходит загрузка звонков компании 'ООО Логионика' (48205653)
2025-03-11 15:56:47,759 [INFO] Компания 'ООО Логионика' не имеет звонков

2025-03-11 15:56:47,759 [INFO] Происходит отправка результата обработки компании...
2025-03-11 15:56:48,692 [INFO] Результат обработки компании 'ООО Логионика' (48205653) установлен 'Нет звонков'

2025-03-11 15:56:48,693 [INFO] Прогресс: 188 из 200 компаний (94.0%)
2025-03-11 15:56:48,693 [INFO] ------------------------------------------------------------------
2025-03-11 15:56:48,694 [INFO] Происходит загрузка звонков компании 'Звонок от 79137983283' (48206345)
2025-03-11 15:56:50,066 [INFO] Компания 'Звонок от 79137983283' не имеет звонков

2025-03-11 15:56:50,066 [INFO] Происходит отправка результата обработки компании...
2025-03-11 15:56:51,513 [INFO] Результат обработки компании 'Звонок от 79137983283' (48206345) установлен 'Нет звонков'

2025-03-11 15:56:51,513 [INFO] Прогресс: 189 из 200 компаний (94.0%)
2025-03-11 15:56:51,514 [INFO] ------------------------------------------------------------------
2025-03-11 15:56:51,514 [INFO] Происходит загрузка звонков компании 'ísqra' (48206353)
2025-03-11 15:56:53,334 [INFO] Компания 'ísqra' не имеет звонков

2025-03-11 15:56:53,335 [INFO] Происходит отправка результата обработки компании...
2025-03-11 15:56:54,389 [INFO] Результат обработки компании 'ísqra' (48206353) установлен 'Нет звонков'

2025-03-11 15:56:54,390 [INFO] Прогресс: 190 из 200 компаний (95.0%)
2025-03-11 15:56:54,391 [INFO] ------------------------------------------------------------------
2025-03-11 15:56:54,391 [INFO] Происходит загрузка звонков компании 'Бенза' (48206607)
2025-03-11 15:56:56,644 [INFO] Компания 'Бенза' не имеет звонков

2025-03-11 15:56:56,644 [INFO] Происходит отправка результата обработки компании...
2025-03-11 15:56:57,510 [INFO] Результат обработки компании 'Бенза' (48206607) установлен 'Нет звонков'

2025-03-11 15:56:57,511 [INFO] Прогресс: 191 из 200 компаний (95.0%)
2025-03-11 15:56:57,511 [INFO] ------------------------------------------------------------------
2025-03-11 15:56:57,511 [INFO] Происходит загрузка звонков компании 'Бюро юристы Иркутска' (48206681)
2025-03-11 15:57:00,260 [INFO] Количество звонков: 1
2025-03-11 15:57:00,261 [INFO] Время загрузки: 2.75 сек.

2025-03-11 15:57:00,261 [INFO] Результат обработки компании 'Бюро юристы Иркутска' (48206681) не был изменен

2025-03-11 15:57:00,262 [INFO] Прогресс: 192 из 200 компаний (96.0%)
2025-03-11 15:57:00,262 [INFO] ------------------------------------------------------------------
2025-03-11 15:57:00,262 [INFO] Происходит загрузка звонков компании 'Аэропорт Алтай' (48206771)
2025-03-11 15:57:03,190 [INFO] Количество звонков: 5
2025-03-11 15:57:03,191 [INFO] Время загрузки: 2.93 сек.

2025-03-11 15:57:03,192 [INFO] Результат обработки компании 'Аэропорт Алтай' (48206771) не был изменен

2025-03-11 15:57:03,192 [INFO] Прогресс: 193 из 200 компаний (96.0%)
2025-03-11 15:57:03,192 [INFO] ------------------------------------------------------------------
2025-03-11 15:57:03,192 [INFO] Происходит загрузка звонков компании 'Звонок от 79133918864' (48207209)
2025-03-11 15:57:05,039 [INFO] Количество звонков: 9
2025-03-11 15:57:05,039 [INFO] Время загрузки: 1.85 сек.

2025-03-11 15:57:05,040 [INFO] Результат обработки компании 'Звонок от 79133918864' (48207209) не был изменен

2025-03-11 15:57:05,040 [INFO] Прогресс: 194 из 200 компаний (97.0%)
2025-03-11 15:57:05,040 [INFO] ------------------------------------------------------------------
2025-03-11 15:57:05,040 [INFO] Происходит загрузка звонков компании 'Булат' (48207315)
2025-03-11 15:57:08,119 [INFO] Количество звонков: 1
2025-03-11 15:57:08,120 [INFO] Время загрузки: 3.08 сек.

2025-03-11 15:57:08,120 [INFO] Результат обработки компании 'Булат' (48207315) не был изменен

2025-03-11 15:57:08,120 [INFO] Прогресс: 195 из 200 компаний (97.0%)
2025-03-11 15:57:08,121 [INFO] ------------------------------------------------------------------
2025-03-11 15:57:08,121 [INFO] Происходит загрузка звонков компании 'Звонок от 79863996543' (48207321)
2025-03-11 15:57:09,689 [INFO] Компания 'Звонок от 79863996543' не имеет звонков

2025-03-11 15:57:09,690 [INFO] Происходит отправка результата обработки компании...
2025-03-11 15:57:11,028 [INFO] Результат обработки компании 'Звонок от 79863996543' (48207321) установлен 'Нет звонков'

2025-03-11 15:57:11,030 [INFO] Прогресс: 196 из 200 компаний (98.0%)
2025-03-11 15:57:11,030 [INFO] ------------------------------------------------------------------
2025-03-11 15:57:11,030 [INFO] Происходит загрузка звонков компании 'АМГ' (48207327)
2025-03-11 15:57:12,597 [INFO] Компания 'АМГ' не имеет звонков

2025-03-11 15:57:12,599 [INFO] Происходит отправка результата обработки компании...
2025-03-11 15:57:13,610 [INFO] Результат обработки компании 'АМГ' (48207327) установлен 'Нет звонков'

2025-03-11 15:57:13,611 [INFO] Прогресс: 197 из 200 компаний (98.0%)
2025-03-11 15:57:13,611 [INFO] ------------------------------------------------------------------
2025-03-11 15:57:13,612 [INFO] Происходит загрузка звонков компании 'Звонок от 79131350217' (48207347)
2025-03-11 15:57:15,684 [INFO] Количество звонков: 1
2025-03-11 15:57:15,684 [INFO] Время загрузки: 2.07 сек.

2025-03-11 15:57:15,684 [INFO] Результат обработки компании 'Звонок от 79131350217' (48207347) не был изменен

2025-03-11 15:57:15,685 [INFO] Прогресс: 198 из 200 компаний (99.0%)
2025-03-11 15:57:15,685 [INFO] ------------------------------------------------------------------
2025-03-11 15:57:15,685 [INFO] Происходит загрузка звонков компании 'Звонок от 74959906412' (48211297)
2025-03-11 15:57:18,038 [INFO] Количество звонков: 1
2025-03-11 15:57:18,039 [INFO] Время загрузки: 2.35 сек.

2025-03-11 15:57:18,039 [INFO] Результат обработки компании 'Звонок от 74959906412' (48211297) не был изменен

2025-03-11 15:57:18,040 [INFO] Прогресс: 199 из 200 компаний (99.0%)
2025-03-11 15:57:18,040 [INFO] ------------------------------------------------------------------
2025-03-11 15:57:18,040 [INFO] Происходит загрузка звонков компании 'Звонок от 79128902976' (48212149)
2025-03-11 15:57:19,503 [INFO] Компания 'Звонок от 79128902976' не имеет звонков

2025-03-11 15:57:19,504 [INFO] Происходит отправка результата обработки компании...
2025-03-11 15:57:20,679 [INFO] Результат обработки компании 'Звонок от 79128902976' (48212149) установлен 'Нет звонков'

2025-03-11 15:57:20,682 [INFO] Прогресс: 200 из 200 компаний (100.0%)
2025-03-11 15:57:20,682 [INFO] ------------------------------------------------------------------
2025-03-11 15:57:20,682 [INFO] Происходит загрузка звонков компании 'Звонок от 74952259093' (48212163)
2025-03-11 15:57:22,928 [INFO] Количество звонков: 3
2025-03-11 15:57:22,928 [INFO] Время загрузки: 2.25 сек.

2025-03-11 15:57:22,929 [INFO] Результат обработки компании 'Звонок от 74952259093' (48212163) не был изменен

2025-03-11 15:57:22,929 [INFO] Скрипт завершил работу за 562 сек.
2025-03-11 15:57:22,929 [INFO] Время обработки 1 компании 2.81 сек.
2025-03-11 15:57:22,929 [INFO] Без звонков / ВСЕГО: 29 / 200
