2025-03-11 17:19:01,397 [INFO] Скрипт запущен!
2025-03-11 17:19:01,399 [INFO] Происходит загрузка компаний...
2025-03-11 17:19:02,658 [INFO] Загружено 1 компаний за 1.26 секунд

2025-03-11 17:19:02,659 [INFO] Прогресс: 1 из 1 компаний (100.0%)
2025-03-11 17:19:02,659 [INFO] ------------------------------------------------------------------
2025-03-11 17:19:02,659 [INFO] Происходит загрузка звонков компании 'ПКФ ДиПОС' (48378701)
2025-03-11 17:19:06,927 [INFO] Количество звонков: 2
2025-03-11 17:19:06,928 [INFO] Время загрузки: 4.27 сек.

2025-03-11 17:19:06,928 [INFO] 	Обработка звонка
2025-03-11 17:19:06,928 [INFO] 	Длительность: 179 сек.
2025-03-11 17:19:06,928 [INFO] 	Ссылка: https://amocrm.mango-office.ru/calls/recording/download/11020017/MToxMDE1MDk4NDoyMjc5MzUyNTA5NDow/NDA0ODA4NTMx

2025-03-11 17:19:06,928 [INFO] 		Происходит загрузка звонка...
2025-03-11 17:19:10,002 [INFO] 		Время загрузки: 3.07 сек.

2025-03-11 17:19:10,004 [INFO] 		Происходит транскрибация звонка...
2025-03-11 17:20:26,691 [INFO] 		Время транскрибации: 76.69 сек.

2025-03-11 17:20:26,693 [INFO] 		РЕЗУЛЬТАТ:  вас приветствует компания ДипОс. Если вы знаете внутренний номер абонента, наберите его в тоновом режиме. Для заказа металлопродукции Optum нажмите 1. В розницу и частным лицам 2. Ленты и листа в размер 3. Стеллажной продукции 4. Для соединения с бухгалтерией 5. Финансовым отделом 6. Отделом кадров 7. Для соединения с оператором оставайтесь на линии. Для повторного прослушивания сообщения нажмите 0. Компания ДипОс Москва, здравствуйте. Здравствуйте. Подскажите, как связаться с делом маркетинга? Добавочным 22,45. Хорошо, спасибо. Да, давайте. Благодарна. Добрый день. Меня зовут Юлия, компания Россавинир. Подскажите, с кем могу переговорить по корпоративным подаркам сезонерной продукции? Кто вас занимает в данном направлении? Извините, не расслышала. Как вас зовут? Меня зовут Анна. Анна, очень приятно. Анна, подскажите, что вы не подслышали о нашей компании? Россавинир. У меня сразу дело. Давайте перейдем по экономному времени. Нам нужна коробка, забронтированная полностью, с ручкой. Размер 30 на 30. Глубина какая коробки? 15. Можете сделать? Да, можно, конечно. Так количество скажите, какого у нас рта, чтобы я сейчас вставлю и понимала? 100 встук срок до конца февраля. Нам нужно их готовить. Запечатка полная этой коробки. Пакет. Так. Пакет есть. Анна, подскажите, есть точка, как с вами связь? Дежурство, дай информацию, правила по срокам и стоимость. Это дака. Дипоз. Дисточка. Да, я знаю. Все, отлично. Хорошо, Анна, сейчас просчитаем, и я вам тогда информацию скину. Буду дать. Спасибо вам большое. Спасибо вам. Сейчас, Анна, быстро. Спасибо.
2025-03-11 17:20:26,812 [INFO] 		Происходит обработка содержимого разговора...
2025-03-11 17:20:26,851 [ERROR] 		Произошла ошибка при обработке ИИ: Cannot connect to host duckduckgo.com:443 ssl:default [Could not contact DNS servers]

2025-03-11 17:20:27,641 [INFO] 		Всего времени на обработку звонка: 80.71 сек.

2025-03-11 17:20:27,642 [INFO] 	Обработка звонка
2025-03-11 17:20:27,642 [INFO] 	Длительность: 89 сек.
2025-03-11 17:20:27,642 [INFO] 	Ссылка: https://amocrm.mango-office.ru/calls/recording/download/11020017/MToxMDE1MDk4NDoyMjgxMjMyNTg0NDow/NDA0ODA4NTMx

2025-03-11 17:20:27,642 [INFO] 		Происходит загрузка звонка...
2025-03-11 17:20:29,854 [INFO] 		Время загрузки: 2.21 сек.

2025-03-11 17:20:29,855 [INFO] 		Происходит транскрибация звонка...
2025-03-11 17:21:18,847 [INFO] 		Время транскрибации: 48.99 сек.

2025-03-11 17:21:18,848 [INFO] 		РЕЗУЛЬТАТ:  вас приветствует компания Депост. Если вы знаете внутренний номер абонента, наберите его в тоновом режиме. Для заказа металлопродукции оп... Спасибо. Здравствуйте. Здравствуйте. Подскажите, Анну могу услышать? Хорошо. Анна, это я компания Рассюгнера. Я вам отправляю просчет по коробкам. Подскажите, есть у вас какая-то обратная связь? Да, дорогу у вас, к сожалению, дороже, чем нам предлагали другие компании. Да? А подскажите мне, чтобы вы понимали, как у нас посчитали? Не подскажете. Так, поняла. Может быть, что-то еще нужно для вас посчитать? Ну, мы поняли ваш порядок цен. Я думаю, что пока ничего не нужно больше. Хорошо, смотрите, мы просто работаем по принципу, что готовы давать цены интереснее, чем наши. А мы работаем по такому принципу, что вы дали свою цену, и мы больше не торгуемся, мы не на рынке. А, все. Поняла вас, Анна. Ладно, спасибо. Наши подрядчики нам сразу дают адекватную цену и понимают, что мы не будем ни у кого упрашивать цену меньше. Поняла вас, Анна. Ну, в любом случае, если будет что-то, вы нам давайте, мы попробуем просчитать интересное для вас. Спасибо. Спасибо, Дмитрий. До свидания.
2025-03-11 17:21:18,926 [INFO] 		Происходит обработка содержимого разговора...
2025-03-11 17:21:18,956 [ERROR] 		Произошла ошибка при обработке ИИ: Cannot connect to host duckduckgo.com:443 ssl:default [Could not contact DNS servers]

2025-03-11 17:21:19,588 [INFO] 		Всего времени на обработку звонка: 51.95 сек.

2025-03-11 17:21:19,588 [INFO] Происходит отправка результата обработки компании...
2025-03-11 17:21:20,762 [INFO] Результат обработки компании 'ПКФ ДиПОС' (48378701) установлен 'Не проверяли'

2025-03-11 17:21:20,763 [INFO] Всего времени на обработку компании: 138.1 сек.

2025-03-11 17:21:20,763 [INFO] ------------------------------------------------------------------
2025-03-11 17:21:20,763 [INFO] Скрипт завершил работу!

2025-03-11 17:21:20,764 [INFO] Время работы скрипта: 139.36 сек.
2025-03-11 17:21:20,764 [INFO] Количество обработанных компаний: 1

2025-03-11 17:21:20,764 [INFO] Количество звонков (всего): 2
2025-03-11 17:21:20,764 [INFO] Количество звонков (с длительностью более 300 сек.): 0
2025-03-11 17:21:20,764 [INFO] Количество звонков (не обработано): 0
2025-03-11 17:21:20,764 [INFO] Количество звонков (обработано): 2

2025-03-11 17:21:20,764 [INFO] Длительность звонков (всего): 268 сек.
2025-03-11 17:21:20,764 [INFO] Длительность звонков (с длительностью более 300 сек.): 0 сек.
2025-03-11 17:21:20,764 [INFO] Длительность звонков (обработано): 268 сек.
2025-03-11 17:21:20,764 [INFO] Общее время транскрибации: 126 сек.
2025-03-11 17:21:20,764 [INFO] Общее время обработки звонков: 0 сек.
2025-03-11 17:21:20,765 [INFO] Общее время загрузки звонков: 5 сек.

2025-03-11 17:21:20,765 [INFO] Среднее время обработки 1 компании: 139 сек.
2025-03-11 17:21:20,765 [INFO] Среднее время обработки 1 звонка: 70 сек.
2025-03-11 17:21:20,765 [INFO] Среднее время обработки 1 сек. записи: 0.52 сек.

2025-03-11 17:21:20,765 [INFO] Коэффициент скорости обработки звонков: 1.92
