2025-03-11 15:44:37,750 [INFO] Скрипт запущен
2025-03-11 15:44:37,750 [INFO] Происходит загрузка компаний...
2025-03-11 15:44:39,367 [INFO] Загружено 200 компаний за 1.62 секунд

2025-03-11 15:44:39,368 [INFO] Прогресс: 1 из 200 компаний (1.0%)
2025-03-11 15:44:39,368 [INFO] ------------------------------------------------------------------
2025-03-11 15:44:39,368 [INFO] Происходит загрузка звонков компании 'МАУ ДО ГРЦ ОООД «ФорУс»' (48374001)
2025-03-11 15:44:41,609 [INFO] Количество звонков: 9
2025-03-11 15:44:41,609 [INFO] Время загрузки: 2.24 сек.

2025-03-11 15:44:41,610 [INFO] Результат обработки компании 'МАУ ДО ГРЦ ОООД «ФорУс»' (48374001) не был изменен

2025-03-11 15:44:41,610 [INFO] Прогресс: 2 из 200 компаний (1.0%)
2025-03-11 15:44:41,611 [INFO] ------------------------------------------------------------------
2025-03-11 15:44:41,611 [INFO] Происходит загрузка звонков компании 'ПКФ ДиПОС' (48378701)
2025-03-11 15:44:44,718 [INFO] Количество звонков: 2
2025-03-11 15:44:44,718 [INFO] Время загрузки: 3.11 сек.

2025-03-11 15:44:44,718 [INFO] Результат обработки компании 'ПКФ ДиПОС' (48378701) не был изменен

2025-03-11 15:44:44,718 [INFO] Прогресс: 3 из 200 компаний (1.0%)
2025-03-11 15:44:44,718 [INFO] ------------------------------------------------------------------
2025-03-11 15:44:44,718 [INFO] Происходит загрузка звонков компании 'АО Гидрогаз' (48378849)
2025-03-11 15:44:47,528 [INFO] Количество звонков: 10
2025-03-11 15:44:47,528 [INFO] Время загрузки: 2.81 сек.

2025-03-11 15:44:47,529 [INFO] Результат обработки компании 'АО Гидрогаз' (48378849) не был изменен

2025-03-11 15:44:47,529 [INFO] Прогресс: 4 из 200 компаний (2.0%)
2025-03-11 15:44:47,529 [INFO] ------------------------------------------------------------------
2025-03-11 15:44:47,529 [INFO] Происходит загрузка звонков компании 'Северская Трубная Компания (' (48379029)
2025-03-11 15:44:50,236 [INFO] Количество звонков: 2
2025-03-11 15:44:50,236 [INFO] Время загрузки: 2.71 сек.

2025-03-11 15:44:50,237 [INFO] Результат обработки компании 'Северская Трубная Компания (' (48379029) не был изменен

2025-03-11 15:44:50,237 [INFO] Прогресс: 5 из 200 компаний (3.0%)
2025-03-11 15:44:50,237 [INFO] ------------------------------------------------------------------
2025-03-11 15:44:50,237 [INFO] Происходит загрузка звонков компании 'Транстехно-Новосибирск' (48381567)
2025-03-11 15:44:52,502 [INFO] Количество звонков: 6
2025-03-11 15:44:52,502 [INFO] Время загрузки: 2.26 сек.

2025-03-11 15:44:52,503 [INFO] Результат обработки компании 'Транстехно-Новосибирск' (48381567) не был изменен

2025-03-11 15:44:52,503 [INFO] Прогресс: 6 из 200 компаний (3.0%)
2025-03-11 15:44:52,503 [INFO] ------------------------------------------------------------------
2025-03-11 15:44:52,504 [INFO] Происходит загрузка звонков компании 'Звонок от 78312469434' (48305829)
2025-03-11 15:44:54,106 [INFO] Количество звонков: 1
2025-03-11 15:44:54,106 [INFO] Время загрузки: 1.6 сек.

2025-03-11 15:44:54,107 [INFO] Результат обработки компании 'Звонок от 78312469434' (48305829) не был изменен

2025-03-11 15:44:54,107 [INFO] Прогресс: 7 из 200 компаний (4.0%)
2025-03-11 15:44:54,107 [INFO] ------------------------------------------------------------------
2025-03-11 15:44:54,107 [INFO] Происходит загрузка звонков компании 'Звонок от 79618753344' (48306469)
2025-03-11 15:44:55,929 [INFO] Количество звонков: 1
2025-03-11 15:44:55,930 [INFO] Время загрузки: 1.82 сек.

2025-03-11 15:44:55,930 [INFO] Результат обработки компании 'Звонок от 79618753344' (48306469) не был изменен

2025-03-11 15:44:55,931 [INFO] Прогресс: 8 из 200 компаний (4.0%)
2025-03-11 15:44:55,931 [INFO] ------------------------------------------------------------------
2025-03-11 15:44:55,931 [INFO] Происходит загрузка звонков компании 'Звонок от 79822876182' (48324627)
2025-03-11 15:44:58,696 [INFO] Количество звонков: 13
2025-03-11 15:44:58,697 [INFO] Время загрузки: 2.77 сек.

2025-03-11 15:44:58,697 [INFO] Результат обработки компании 'Звонок от 79822876182' (48324627) не был изменен

2025-03-11 15:44:58,698 [INFO] Прогресс: 9 из 200 компаний (4.0%)
2025-03-11 15:44:58,698 [INFO] ------------------------------------------------------------------
2025-03-11 15:44:58,698 [INFO] Происходит загрузка звонков компании 'Администрация нижнеилимского района' (48326407)
2025-03-11 15:45:01,309 [INFO] Количество звонков: 6
2025-03-11 15:45:01,309 [INFO] Время загрузки: 2.61 сек.

2025-03-11 15:45:01,310 [INFO] Результат обработки компании 'Администрация нижнеилимского района' (48326407) не был изменен

2025-03-11 15:45:01,310 [INFO] Прогресс: 10 из 200 компаний (5.0%)
2025-03-11 15:45:01,310 [INFO] ------------------------------------------------------------------
2025-03-11 15:45:01,310 [INFO] Происходит загрузка звонков компании 'Hono-R' (48326633)
2025-03-11 15:45:04,844 [INFO] Количество звонков: 22
2025-03-11 15:45:04,845 [INFO] Время загрузки: 3.53 сек.

2025-03-11 15:45:04,845 [INFO] Результат обработки компании 'Hono-R' (48326633) не был изменен

2025-03-11 15:45:04,845 [INFO] Прогресс: 11 из 200 компаний (6.0%)
2025-03-11 15:45:04,846 [INFO] ------------------------------------------------------------------
2025-03-11 15:45:04,846 [INFO] Происходит загрузка звонков компании 'Артурс Спа Отель' (48330795)
2025-03-11 15:45:09,571 [INFO] Количество звонков: 1
2025-03-11 15:45:09,571 [INFO] Время загрузки: 4.73 сек.

2025-03-11 15:45:09,572 [INFO] Результат обработки компании 'Артурс Спа Отель' (48330795) не был изменен

2025-03-11 15:45:09,572 [INFO] Прогресс: 12 из 200 компаний (6.0%)
2025-03-11 15:45:09,572 [INFO] ------------------------------------------------------------------
2025-03-11 15:45:09,572 [INFO] Происходит загрузка звонков компании 'Звонок от 79231783239' (48332347)
2025-03-11 15:45:12,312 [INFO] Количество звонков: 1
2025-03-11 15:45:12,313 [INFO] Время загрузки: 2.74 сек.

2025-03-11 15:45:12,313 [INFO] Результат обработки компании 'Звонок от 79231783239' (48332347) не был изменен

2025-03-11 15:45:12,314 [INFO] Прогресс: 13 из 200 компаний (7.000000000000001%)
2025-03-11 15:45:12,314 [INFO] ------------------------------------------------------------------
2025-03-11 15:45:12,314 [INFO] Происходит загрузка звонков компании 'Звонок от 74992965460' (48332437)
2025-03-11 15:45:15,093 [INFO] Количество звонков: 1
2025-03-11 15:45:15,095 [INFO] Время загрузки: 2.78 сек.

2025-03-11 15:45:15,096 [INFO] Результат обработки компании 'Звонок от 74992965460' (48332437) не был изменен

2025-03-11 15:45:15,096 [INFO] Прогресс: 14 из 200 компаний (7.000000000000001%)
2025-03-11 15:45:15,096 [INFO] ------------------------------------------------------------------
2025-03-11 15:45:15,097 [INFO] Происходит загрузка звонков компании 'ООО "ДНК ДЕВЕЛОПМЕНТ"' (48333057)
2025-03-11 15:45:20,043 [INFO] Количество звонков: 4
2025-03-11 15:45:20,044 [INFO] Время загрузки: 4.95 сек.

2025-03-11 15:45:20,046 [INFO] Результат обработки компании 'ООО "ДНК ДЕВЕЛОПМЕНТ"' (48333057) не был изменен

2025-03-11 15:45:20,046 [INFO] Прогресс: 15 из 200 компаний (7.000000000000001%)
2025-03-11 15:45:20,046 [INFO] ------------------------------------------------------------------
2025-03-11 15:45:20,046 [INFO] Происходит загрузка звонков компании 'Сам тест инструмент' (48334241)
2025-03-11 15:45:22,581 [INFO] Количество звонков: 2
2025-03-11 15:45:22,581 [INFO] Время загрузки: 2.53 сек.

2025-03-11 15:45:22,582 [INFO] Результат обработки компании 'Сам тест инструмент' (48334241) не был изменен

2025-03-11 15:45:22,582 [INFO] Прогресс: 16 из 200 компаний (8.0%)
2025-03-11 15:45:22,582 [INFO] ------------------------------------------------------------------
2025-03-11 15:45:22,582 [INFO] Происходит загрузка звонков компании 'Гербер агро' (48334315)
2025-03-11 15:45:25,965 [INFO] Количество звонков: 2
2025-03-11 15:45:25,965 [INFO] Время загрузки: 3.38 сек.

2025-03-11 15:45:25,966 [INFO] Результат обработки компании 'Гербер агро' (48334315) не был изменен

2025-03-11 15:45:25,966 [INFO] Прогресс: 17 из 200 компаний (9.0%)
2025-03-11 15:45:25,966 [INFO] ------------------------------------------------------------------
2025-03-11 15:45:25,966 [INFO] Происходит загрузка звонков компании 'Мел ОАО' (48334429)
2025-03-11 15:45:30,022 [INFO] Количество звонков: 4
2025-03-11 15:45:30,023 [INFO] Время загрузки: 4.06 сек.

2025-03-11 15:45:30,024 [INFO] Результат обработки компании 'Мел ОАО' (48334429) не был изменен

2025-03-11 15:45:30,024 [INFO] Прогресс: 18 из 200 компаний (9.0%)
2025-03-11 15:45:30,024 [INFO] ------------------------------------------------------------------
2025-03-11 15:45:30,025 [INFO] Происходит загрузка звонков компании 'Холдинг Аква' (48334859)
2025-03-11 15:45:34,352 [INFO] Количество звонков: 1
2025-03-11 15:45:34,353 [INFO] Время загрузки: 4.33 сек.

2025-03-11 15:45:34,354 [INFO] Результат обработки компании 'Холдинг Аква' (48334859) не был изменен

2025-03-11 15:45:34,354 [INFO] Прогресс: 19 из 200 компаний (10.0%)
2025-03-11 15:45:34,354 [INFO] ------------------------------------------------------------------
2025-03-11 15:45:34,354 [INFO] Происходит загрузка звонков компании 'Черкизово' (48335485)
2025-03-11 15:45:44,732 [ERROR] Таймаут запроса: https://novomir.pro/amo/rossuvenir/amo/getCompaniesCalls.php?id=48335485
2025-03-11 15:45:45,651 [ERROR] 		Произошла непредвиденная ошибка: 'NoneType' object has no attribute 'status_code'

2025-03-11 15:45:46,369 [INFO] Скрипт завершил работу за 69 сек.
2025-03-11 15:45:46,370 [INFO] Время обработки 1 компании 0.345 сек.
2025-03-11 15:45:46,370 [INFO] Без звонков / ВСЕГО: 0 / 200
