2025-03-11 00:19:06,691 [INFO] Скрипт запущен!
2025-03-11 00:19:06,693 [INFO] Происходит загрузка компаний...
2025-03-11 00:19:07,525 [INFO] Загружено 3 компаний за 0.83 секунд

2025-03-11 00:19:07,526 [INFO] Прогресс: 1 из 3 компаний (33.0%)
2025-03-11 00:19:07,526 [INFO] ------------------------------------------------------------------
2025-03-11 00:19:07,526 [INFO] Происходит загрузка звонков компании 'ООО "ГТ Север"' (48395541)
2025-03-11 00:19:08,752 [INFO] Количество звонков: 2
2025-03-11 00:19:08,753 [INFO] Время загрузки: 1.23 сек.

2025-03-11 00:19:08,754 [INFO] 	Обработка звонка
2025-03-11 00:19:08,754 [INFO] 	Длительность: 24 сек.
2025-03-11 00:19:08,754 [INFO] 	Ссылка: https://amocrm.mango-office.ru/calls/recording/download/11020017/MToxMDE1MDk4NDoyMjg1MzQwNzUwMTow/NDA1MTg3MzA2

2025-03-11 00:19:08,754 [INFO] 		Происходит загрузка звонка...
2025-03-11 00:19:09,970 [INFO] 		Время загрузки: 1.22 сек.

2025-03-11 00:19:09,970 [INFO] 		Происходит транскрибация звонка...
2025-03-11 00:19:29,368 [INFO] 		Время транскрибации: 19.4 сек.

2025-03-11 00:19:29,368 [INFO] 		РЕЗУЛЬТАТ:  Алло. Алло, добрый день. Меня зовут Мария, федеральная, поизвольственная компания Россевинир. Как могу к вам обращаться? Наталья. Наталья, очень приятно. Наталья, подскажите, пожалуйста, кто у вас на данный момент в компании занимается закупкой севинирных продуктов, подарков партнёрам, коллегам, подготовки к выставкам? Звоните секретару.
2025-03-11 00:19:29,436 [INFO] 		Происходит обработка содержимого разговора...
2025-03-11 00:19:31,000 [INFO] 		РЕЗУЛЬТАТ: НЕТ
2025-03-11 00:19:31,000 [INFO] 		Время обработки ИИ: 1.56 сек.

2025-03-11 00:19:31,001 [INFO] 		Всего времени на обработку звонка: 22.25 сек.

2025-03-11 00:19:31,002 [INFO] 	Обработка звонка
2025-03-11 00:19:31,002 [INFO] 	Длительность: 0 сек.
2025-03-11 00:19:31,002 [INFO] 	Ссылка: None

2025-03-11 00:19:31,002 [INFO] Происходит отправка результата обработки компании...
2025-03-11 00:19:31,562 [INFO] Результат обработки компании 'ООО "ГТ Север"' (48395541) установлен 'Нет звонков'

2025-03-11 00:19:31,563 [INFO] Всего времени на обработку компании: 24.04 сек.

2025-03-11 00:19:31,563 [INFO] Прогресс: 2 из 3 компаний (67.0%)
2025-03-11 00:19:31,563 [INFO] ------------------------------------------------------------------
2025-03-11 00:19:31,564 [INFO] Происходит загрузка звонков компании 'ООО "Стрела"' (48395553)
2025-03-11 00:19:32,611 [INFO] Количество звонков: 2
2025-03-11 00:19:32,612 [INFO] Время загрузки: 1.05 сек.

2025-03-11 00:19:32,613 [INFO] 	Обработка звонка
2025-03-11 00:19:32,613 [INFO] 	Длительность: 0 сек.
2025-03-11 00:19:32,613 [INFO] 	Ссылка: None

2025-03-11 00:19:32,613 [INFO] 	Обработка звонка
2025-03-11 00:19:32,613 [INFO] 	Длительность: 136 сек.
2025-03-11 00:19:32,613 [INFO] 	Ссылка: https://amocrm.mango-office.ru/calls/recording/download/11020017/MToxMDE1MDk4NDoyMjg1MzM1NTc0Njow/NDA1MTg3MzA2

2025-03-11 00:19:32,613 [INFO] 		Происходит загрузка звонка...
2025-03-11 00:19:33,723 [INFO] 		Время загрузки: 1.11 сек.

2025-03-11 00:19:33,724 [INFO] 		Происходит транскрибация звонка...
2025-03-11 00:22:21,019 [INFO] 		Время транскрибации: 167.29 сек.

2025-03-11 00:22:21,025 [INFO] 		РЕЗУЛЬТАТ:  Здравствуйте, это компания «Стрела» – надежный поставщик строительных материалов в 1993 года. Спасибо, что выбрали нас. С целью улучшения качества обслуживания все разговоры записываются. Компания «Стрела», здравствуйте. Добрый день, меня зовут Мария, федеральная производственная компания «Россавинир», подскажите, как могу к вам обращаться? Алексей. Алексей, очень приятно. Алексей, подскажите, кто у вас на данный момент в компании занимается закупкой салонирной продукции, фотографией, подарки партнерам, коллегам, мероприятия, выставки – какая-то вся история? Мы редко это закупаем, но смотрите, можете себе направить информационное письмо на наш электронный почтопис, чтобы с менеджером знакомиться, соответственно, в ваши контакты. Я вас поняла. Спасибо. А подскажите, а с менеджером могу как-то обговорить своего Никса для презентации, чтобы согласоваться? Может быть, что еще раз? Презентацию просто отправьте себе, и все. Ну, я понимаю, но может быть, если есть какие-то задачи, я могла бы предложить идеи, может быть, отправить образцы и вы увидите, что это для вас бесплатно. Я вам уже сказал, что на текущий момент у нас пока нет необходимости закупать салонирную продукцию, отправить информационное письмо, презентацию о себе. Кофе-менеджер зафиксирует ваши данные. Хорошо, тогда мне нужно это почтовать будет от вас, Алексей. Спасибо большое. До свидания. Всего доброго.
2025-03-11 00:22:21,105 [INFO] 		Происходит обработка содержимого разговора...
2025-03-11 00:22:22,206 [INFO] 		РЕЗУЛЬТАТ: НЕТ
2025-03-11 00:22:22,206 [INFO] 		Время обработки ИИ: 1.1 сек.

2025-03-11 00:22:22,207 [INFO] 		Всего времени на обработку звонка: 169.59 сек.

2025-03-11 00:22:22,207 [INFO] Происходит отправка результата обработки компании...
2025-03-11 00:22:22,768 [INFO] Результат обработки компании 'ООО "Стрела"' (48395553) установлен 'Нет интереса'

2025-03-11 00:22:22,769 [INFO] Всего времени на обработку компании: 171.21 сек.

2025-03-11 00:22:22,769 [INFO] Прогресс: 3 из 3 компаний (100.0%)
2025-03-11 00:22:22,769 [INFO] ------------------------------------------------------------------
2025-03-11 00:22:22,769 [INFO] Происходит загрузка звонков компании 'ООО "Уралгеопроект"' (48395559)
2025-03-11 00:22:23,872 [INFO] Количество звонков: 3
2025-03-11 00:22:23,872 [INFO] Время загрузки: 1.1 сек.

2025-03-11 00:22:23,873 [INFO] 	Обработка звонка
2025-03-11 00:22:23,873 [INFO] 	Длительность: 11 сек.
2025-03-11 00:22:23,873 [INFO] 	Ссылка: https://amocrm.mango-office.ru/calls/recording/download/11020017/MToxMDE1MDk4NDoyMjg1MzE5OTQ2Mzow/NDA1MTg3MzA2

2025-03-11 00:22:23,873 [INFO] 		Происходит загрузка звонка...
2025-03-11 00:22:24,883 [INFO] 		Время загрузки: 1.01 сек.

2025-03-11 00:22:24,883 [INFO] 		Происходит транскрибация звонка...
2025-03-11 00:22:41,949 [INFO] 		Время транскрибации: 17.07 сек.

2025-03-11 00:22:41,950 [INFO] 		РЕЗУЛЬТАТ:  Алло. Алия, добрый день. Меня зовут Мария. Стиральная рекламная компания Росславинир. Подскажите, как могу к вам обращаться? Никак.
2025-03-11 00:22:42,043 [INFO] 		Происходит обработка содержимого разговора...
2025-03-11 00:22:43,037 [INFO] 		РЕЗУЛЬТАТ: НЕТ
2025-03-11 00:22:43,037 [INFO] 		Время обработки ИИ: 0.99 сек.

2025-03-11 00:22:43,038 [INFO] 		Всего времени на обработку звонка: 19.16 сек.

2025-03-11 00:22:43,038 [INFO] 	Обработка звонка
2025-03-11 00:22:43,038 [INFO] 	Длительность: 98 сек.
2025-03-11 00:22:43,038 [INFO] 	Ссылка: https://amocrm.mango-office.ru/calls/recording/download/11020017/MToxMDE1MDk4NDoyMjg1MzIyMTM0MTow/NDA1MTg3MzA2

2025-03-11 00:22:43,038 [INFO] 		Происходит загрузка звонка...
2025-03-11 00:22:44,294 [INFO] 		Время загрузки: 1.26 сек.

2025-03-11 00:22:44,295 [INFO] 		Происходит транскрибация звонка...
2025-03-11 00:23:52,907 [INFO] 		Время транскрибации: 68.61 сек.

2025-03-11 00:23:52,911 [INFO] 		РЕЗУЛЬТАТ:  Ремонт Анны. А вы, поприветствуйте, меня зовут Мария, я сидю на производственной компанией Россювенир. Подскажите, как могу к вам обращаться? Здравствуйте, меня зовут Анна. Анна, очень приятно. Анна, подскажите, пожалуйста, кто на данный момент у вас занимается закупкой полиграфии, может быть сувенирной продукцией, подарками партнером? Кто занимается? Никто пока не занимается, спасибо, пожалуйста. Анна, а задачи вообще стоят, может быть, каким-то мероприятием, выставком? Я, честно говоря, не в курсе, честно говоря, этой ситуации, директор пока у нас в отпуске, поэтому я вас даже пока никуда не направлю. Так, Анна, хорошо, может быть, связаться с вами как директор после отпуска выйдет, может какая-то информация, задача появится? 550-500, это телефон приемная секретария, вот на этот номер, если что, звоните. Потому что я работаю в отделе продаж, я не занимаюсь вопросами этих вообще. Хорошо, 550-500. 550-200? 550-500, а еще лучше, если вы напишете мне электронную почту с каким-то предложением, по крайней мере его рассмотрят. Хорошо, ну не главное, моя задача, чтобы отправить это в правильное место, чтобы нужно чую, которая чем-то не может быть. Мы куда на второмонте? Это вообще почта секретаря, она уже непосредственно рассылает дальше по отделам. Все, хорошо, спасибо большое, до свидания. Пожалуйста, до свидания.
2025-03-11 00:23:53,040 [INFO] 		Происходит обработка содержимого разговора...
2025-03-11 00:23:54,722 [INFO] 		РЕЗУЛЬТАТ: НЕТ
2025-03-11 00:23:54,723 [INFO] 		Время обработки ИИ: 1.68 сек.

2025-03-11 00:23:54,725 [INFO] 		Всего времени на обработку звонка: 71.69 сек.

2025-03-11 00:23:54,725 [INFO] 	Обработка звонка
2025-03-11 00:23:54,725 [INFO] 	Длительность: 86 сек.
2025-03-11 00:23:54,725 [INFO] 	Ссылка: https://amocrm.mango-office.ru/calls/recording/download/11020017/MToxMDE1MDk4NDoyMjg1MzI2OTY5ODow/NDA1MTg3MzA2

2025-03-11 00:23:54,726 [INFO] 		Происходит загрузка звонка...
2025-03-11 00:23:55,845 [INFO] 		Время загрузки: 1.12 сек.

2025-03-11 00:23:55,846 [INFO] 		Происходит транскрибация звонка...
2025-03-11 00:25:13,982 [INFO] 		Время транскрибации: 78.13 сек.

2025-03-11 00:25:13,984 [INFO] 		РЕЗУЛЬТАТ:  Здравствуйте! Вас интересует организация Курган Авторемонт? Нажмите 1. Урал Гео Проект? Нажмите 2. Ждите на линии, пока выполняется перевод вызова на секретаря. Ждите на линии, пока выполняется перевод вызова на оператору. Звонит телефон К сожалению, адресат в данный момент недоступен.
2025-03-11 00:25:14,062 [INFO] 		Происходит обработка содержимого разговора...
2025-03-11 00:25:15,601 [INFO] 		РЕЗУЛЬТАТ: НЕТ
2025-03-11 00:25:15,601 [INFO] 		Время обработки ИИ: 1.54 сек.

2025-03-11 00:25:15,603 [INFO] 		Всего времени на обработку звонка: 80.88 сек.

2025-03-11 00:25:15,603 [INFO] Происходит отправка результата обработки компании...
2025-03-11 00:25:16,971 [INFO] Результат обработки компании 'ООО "Уралгеопроект"' (48395559) установлен 'Нет интереса'

2025-03-11 00:25:16,972 [INFO] Всего времени на обработку компании: 174.2 сек.

2025-03-11 00:25:16,972 [INFO] ------------------------------------------------------------------
2025-03-11 00:25:16,973 [INFO] Скрипт завершил работу!

2025-03-11 00:25:16,973 [INFO] Время работы скрипта: 370.28 сек.
2025-03-11 00:25:16,973 [INFO] Количество обработанных компаний: 3

2025-03-11 00:25:16,973 [INFO] Количество звонков (всего): 7
2025-03-11 00:25:16,973 [INFO] Количество звонков (с длительностью более 300 сек.): 0
2025-03-11 00:25:16,973 [INFO] Количество звонков (не обработано): 2
2025-03-11 00:25:16,973 [INFO] Количество звонков (обработано): 5

2025-03-11 00:25:16,973 [INFO] Длительность звонков (всего): 355 сек.
2025-03-11 00:25:16,974 [INFO] Длительность звонков (с длительностью более 300 сек.): 0 сек.
2025-03-11 00:25:16,974 [INFO] Длительность звонков (обработано): 355 сек.
2025-03-11 00:25:16,974 [INFO] Общее время транскрибации: 350 сек.
2025-03-11 00:25:16,974 [INFO] Общее время обработки звонков: 7 сек.
2025-03-11 00:25:16,974 [INFO] Общее время загрузки звонков: 6 сек.

2025-03-11 00:25:16,974 [INFO] Среднее время обработки 1 компании: 123 сек.
2025-03-11 00:25:16,974 [INFO] Среднее время обработки 1 звонка: 74 сек.
2025-03-11 00:25:16,975 [INFO] Среднее время обработки 1 сек. записи: 1.04 сек.

2025-03-11 00:25:16,975 [INFO] Коэффициент скорости обработки звонков: 0.96
