2025-03-11 14:44:02,657 [INFO] Скрипт запущен
2025-03-11 14:44:02,657 [INFO] Происходит загрузка компаний...
2025-03-11 14:44:03,920 [INFO] Загружено 10 компаний за 1.26 секунд

2025-03-11 14:44:03,920 [INFO] ------------------------------------------------------------------
2025-03-11 14:44:03,921 [INFO] Происходит загрузка звонков компании 'МАУ ДО ГРЦ ОООД «ФорУс»' (48374001)
2025-03-11 14:44:07,449 [INFO] Количество звонков: 9
2025-03-11 14:44:07,450 [INFO] Время загрузки: 3.53 сек.

2025-03-11 14:44:07,450 [INFO] Результат обработки компании 'МАУ ДО ГРЦ ОООД «ФорУс»' (48374001) не был изменен

2025-03-11 14:44:07,450 [INFO] ------------------------------------------------------------------
2025-03-11 14:44:07,451 [INFO] Происходит загрузка звонков компании 'ПКФ ДиПОС' (48378701)
2025-03-11 14:44:12,834 [INFO] Количество звонков: 2
2025-03-11 14:44:12,834 [INFO] Время загрузки: 5.38 сек.

2025-03-11 14:44:12,835 [INFO] Результат обработки компании 'ПКФ ДиПОС' (48378701) не был изменен

2025-03-11 14:44:12,835 [INFO] ------------------------------------------------------------------
2025-03-11 14:44:12,835 [INFO] Происходит загрузка звонков компании 'АО Гидрогаз' (48378849)
2025-03-11 14:44:15,676 [INFO] Количество звонков: 10
2025-03-11 14:44:15,677 [INFO] Время загрузки: 2.84 сек.

2025-03-11 14:44:15,677 [INFO] Результат обработки компании 'АО Гидрогаз' (48378849) не был изменен

2025-03-11 14:44:15,677 [INFO] ------------------------------------------------------------------
2025-03-11 14:44:15,677 [INFO] Происходит загрузка звонков компании 'Северская Трубная Компания (' (48379029)
2025-03-11 14:44:17,772 [INFO] Количество звонков: 2
2025-03-11 14:44:17,772 [INFO] Время загрузки: 2.09 сек.

2025-03-11 14:44:17,773 [INFO] Результат обработки компании 'Северская Трубная Компания (' (48379029) не был изменен

2025-03-11 14:44:17,773 [INFO] ------------------------------------------------------------------
2025-03-11 14:44:17,773 [INFO] Происходит загрузка звонков компании 'Транстехно-Новосибирск' (48381567)
2025-03-11 14:44:20,458 [INFO] Количество звонков: 6
2025-03-11 14:44:20,458 [INFO] Время загрузки: 2.69 сек.

2025-03-11 14:44:20,459 [INFO] Результат обработки компании 'Транстехно-Новосибирск' (48381567) не был изменен

2025-03-11 14:44:20,459 [INFO] ------------------------------------------------------------------
2025-03-11 14:44:20,459 [INFO] Происходит загрузка звонков компании 'Звонок от 79242858495' (48303667)
2025-03-11 14:44:21,972 [INFO] Компания 'Звонок от 79242858495' не имеет звонков

2025-03-11 14:44:21,972 [INFO] Происходит отправка результата обработки компании...
2025-03-11 14:44:22,965 [INFO] Результат обработки компании 'Звонок от 79242858495' (48303667) установлен 'Нет звонков'

2025-03-11 14:44:22,966 [INFO] ------------------------------------------------------------------
2025-03-11 14:44:22,966 [INFO] Происходит загрузка звонков компании 'Европейская Фурнитура' (48303851)
2025-03-11 14:44:25,452 [INFO] Компания 'Европейская Фурнитура' не имеет звонков

2025-03-11 14:44:25,453 [INFO] Происходит отправка результата обработки компании...
2025-03-11 14:44:26,638 [INFO] Результат обработки компании 'Европейская Фурнитура' (48303851) установлен 'Нет звонков'

2025-03-11 14:44:26,639 [INFO] ------------------------------------------------------------------
2025-03-11 14:44:26,639 [INFO] Происходит загрузка звонков компании 'Звонок от 79132062383' (48303931)
2025-03-11 14:44:28,515 [INFO] Количество звонков: 1
2025-03-11 14:44:28,516 [INFO] Время загрузки: 1.88 сек.

2025-03-11 14:44:28,516 [INFO] Происходит отправка результата обработки компании...
2025-03-11 14:44:29,683 [INFO] Результат обработки компании 'Звонок от 79132062383' (48303931) установлен 'Нет звонков'

2025-03-11 14:44:29,684 [INFO] ------------------------------------------------------------------
2025-03-11 14:44:29,684 [INFO] Происходит загрузка звонков компании 'Автосалон К2' (48304009)
2025-03-11 14:44:32,520 [INFO] Количество звонков: 1
2025-03-11 14:44:32,520 [INFO] Время загрузки: 2.84 сек.

2025-03-11 14:44:32,521 [INFO] Происходит отправка результата обработки компании...
2025-03-11 14:44:33,734 [INFO] Результат обработки компании 'Автосалон К2' (48304009) установлен 'Нет звонков'

2025-03-11 14:44:33,735 [INFO] ------------------------------------------------------------------
2025-03-11 14:44:33,735 [INFO] Происходит загрузка звонков компании 'Звонок от 79289233302' (48304045)
2025-03-11 14:44:35,552 [INFO] Компания 'Звонок от 79289233302' не имеет звонков

2025-03-11 14:44:35,553 [INFO] Происходит отправка результата обработки компании...
2025-03-11 14:44:36,516 [INFO] Результат обработки компании 'Звонок от 79289233302' (48304045) установлен 'Нет звонков'

