2025-03-11 15:25:02,008 [INFO] Скрипт запущен
2025-03-11 15:25:02,008 [INFO] Происходит загрузка компаний...
2025-03-11 15:25:03,805 [INFO] Загружено 200 компаний за 1.8 секунд

2025-03-11 15:25:03,805 [INFO] Прогресс: 1 из 200 компаний (1.0%)
2025-03-11 15:25:03,805 [INFO] ------------------------------------------------------------------
2025-03-11 15:25:03,805 [INFO] Происходит загрузка звонков компании 'МАУ ДО ГРЦ ОООД «ФорУс»' (48374001)
2025-03-11 15:25:08,184 [INFO] Количество звонков: 9
2025-03-11 15:25:08,185 [INFO] Время загрузки: 4.38 сек.

2025-03-11 15:25:08,185 [INFO] Результат обработки компании 'МАУ ДО ГРЦ ОООД «ФорУс»' (48374001) не был изменен

2025-03-11 15:25:08,185 [INFO] Прогресс: 2 из 200 компаний (1.0%)
2025-03-11 15:25:08,186 [INFO] ------------------------------------------------------------------
2025-03-11 15:25:08,186 [INFO] Происходит загрузка звонков компании 'ПКФ ДиПОС' (48378701)
2025-03-11 15:25:13,780 [INFO] Количество звонков: 2
2025-03-11 15:25:13,780 [INFO] Время загрузки: 5.59 сек.

2025-03-11 15:25:13,781 [INFO] Результат обработки компании 'ПКФ ДиПОС' (48378701) не был изменен

2025-03-11 15:25:13,781 [INFO] Прогресс: 3 из 200 компаний (1.0%)
2025-03-11 15:25:13,781 [INFO] ------------------------------------------------------------------
2025-03-11 15:25:13,782 [INFO] Происходит загрузка звонков компании 'АО Гидрогаз' (48378849)
2025-03-11 15:25:17,513 [INFO] Количество звонков: 10
2025-03-11 15:25:17,513 [INFO] Время загрузки: 3.73 сек.

2025-03-11 15:25:17,514 [INFO] Результат обработки компании 'АО Гидрогаз' (48378849) не был изменен

2025-03-11 15:25:17,514 [INFO] Прогресс: 4 из 200 компаний (2.0%)
2025-03-11 15:25:17,514 [INFO] ------------------------------------------------------------------
2025-03-11 15:25:17,514 [INFO] Происходит загрузка звонков компании 'Северская Трубная Компания (' (48379029)
2025-03-11 15:25:19,658 [INFO] Количество звонков: 2
2025-03-11 15:25:19,658 [INFO] Время загрузки: 2.14 сек.

2025-03-11 15:25:19,659 [INFO] Результат обработки компании 'Северская Трубная Компания (' (48379029) не был изменен

2025-03-11 15:25:19,659 [INFO] Прогресс: 5 из 200 компаний (3.0%)
2025-03-11 15:25:19,659 [INFO] ------------------------------------------------------------------
2025-03-11 15:25:19,659 [INFO] Происходит загрузка звонков компании 'Транстехно-Новосибирск' (48381567)
2025-03-11 15:25:22,673 [INFO] Количество звонков: 6
2025-03-11 15:25:22,674 [INFO] Время загрузки: 3.01 сек.

2025-03-11 15:25:22,675 [INFO] Результат обработки компании 'Транстехно-Новосибирск' (48381567) не был изменен

2025-03-11 15:25:22,675 [INFO] Прогресс: 6 из 200 компаний (3.0%)
2025-03-11 15:25:22,675 [INFO] ------------------------------------------------------------------
2025-03-11 15:25:22,675 [INFO] Происходит загрузка звонков компании 'Звонок от 78312469434' (48305829)
2025-03-11 15:25:24,659 [INFO] Количество звонков: 1
2025-03-11 15:25:24,660 [INFO] Время загрузки: 1.98 сек.

2025-03-11 15:25:24,660 [INFO] Результат обработки компании 'Звонок от 78312469434' (48305829) не был изменен

2025-03-11 15:25:24,660 [INFO] Прогресс: 7 из 200 компаний (4.0%)
2025-03-11 15:25:24,661 [INFO] ------------------------------------------------------------------
2025-03-11 15:25:24,661 [INFO] Происходит загрузка звонков компании 'Звонок от 79618753344' (48306469)
2025-03-11 15:25:26,788 [INFO] Количество звонков: 1
2025-03-11 15:25:26,789 [INFO] Время загрузки: 2.13 сек.

2025-03-11 15:25:26,789 [INFO] Результат обработки компании 'Звонок от 79618753344' (48306469) не был изменен

2025-03-11 15:25:26,789 [INFO] Прогресс: 8 из 200 компаний (4.0%)
2025-03-11 15:25:26,789 [INFO] ------------------------------------------------------------------
2025-03-11 15:25:26,789 [INFO] Происходит загрузка звонков компании 'Звонок от 79822876182' (48324627)
2025-03-11 15:25:28,844 [INFO] Количество звонков: 13
2025-03-11 15:25:28,845 [INFO] Время загрузки: 2.06 сек.

2025-03-11 15:25:28,845 [INFO] Результат обработки компании 'Звонок от 79822876182' (48324627) не был изменен

2025-03-11 15:25:28,846 [INFO] Прогресс: 9 из 200 компаний (4.0%)
2025-03-11 15:25:28,846 [INFO] ------------------------------------------------------------------
2025-03-11 15:25:28,846 [INFO] Происходит загрузка звонков компании 'Администрация нижнеилимского района' (48326407)
2025-03-11 15:25:31,873 [INFO] Количество звонков: 6
2025-03-11 15:25:31,874 [INFO] Время загрузки: 3.03 сек.

2025-03-11 15:25:31,875 [INFO] Результат обработки компании 'Администрация нижнеилимского района' (48326407) не был изменен

2025-03-11 15:25:31,875 [INFO] Прогресс: 10 из 200 компаний (5.0%)
2025-03-11 15:25:31,875 [INFO] ------------------------------------------------------------------
2025-03-11 15:25:31,875 [INFO] Происходит загрузка звонков компании 'Hono-R' (48326633)
2025-03-11 15:25:34,762 [INFO] Количество звонков: 22
2025-03-11 15:25:34,762 [INFO] Время загрузки: 2.89 сек.

2025-03-11 15:25:34,763 [INFO] Результат обработки компании 'Hono-R' (48326633) не был изменен

2025-03-11 15:25:34,763 [INFO] Прогресс: 11 из 200 компаний (6.0%)
2025-03-11 15:25:34,763 [INFO] ------------------------------------------------------------------
2025-03-11 15:25:34,763 [INFO] Происходит загрузка звонков компании 'Артурс Спа Отель' (48330795)
2025-03-11 15:25:37,119 [INFO] Количество звонков: 1
2025-03-11 15:25:37,119 [INFO] Время загрузки: 2.36 сек.

2025-03-11 15:25:37,120 [INFO] Результат обработки компании 'Артурс Спа Отель' (48330795) не был изменен

2025-03-11 15:25:37,120 [INFO] Прогресс: 12 из 200 компаний (6.0%)
2025-03-11 15:25:37,120 [INFO] ------------------------------------------------------------------
2025-03-11 15:25:37,120 [INFO] Происходит загрузка звонков компании 'Звонок от 79231783239' (48332347)
2025-03-11 15:25:39,109 [INFO] Количество звонков: 1
2025-03-11 15:25:39,109 [INFO] Время загрузки: 1.99 сек.

2025-03-11 15:25:39,109 [INFO] Результат обработки компании 'Звонок от 79231783239' (48332347) не был изменен

2025-03-11 15:25:39,109 [INFO] Прогресс: 13 из 200 компаний (7.000000000000001%)
2025-03-11 15:25:39,109 [INFO] ------------------------------------------------------------------
2025-03-11 15:25:39,109 [INFO] Происходит загрузка звонков компании 'Звонок от 74992965460' (48332437)
2025-03-11 15:25:41,010 [INFO] Количество звонков: 1
2025-03-11 15:25:41,011 [INFO] Время загрузки: 1.9 сек.

2025-03-11 15:25:41,011 [INFO] Результат обработки компании 'Звонок от 74992965460' (48332437) не был изменен

2025-03-11 15:25:41,011 [INFO] Прогресс: 14 из 200 компаний (7.000000000000001%)
2025-03-11 15:25:41,011 [INFO] ------------------------------------------------------------------
2025-03-11 15:25:41,012 [INFO] Происходит загрузка звонков компании 'ООО "ДНК ДЕВЕЛОПМЕНТ"' (48333057)
2025-03-11 15:25:43,472 [INFO] Количество звонков: 4
2025-03-11 15:25:43,473 [INFO] Время загрузки: 2.46 сек.

2025-03-11 15:25:43,473 [INFO] Результат обработки компании 'ООО "ДНК ДЕВЕЛОПМЕНТ"' (48333057) не был изменен

2025-03-11 15:25:43,473 [INFO] Прогресс: 15 из 200 компаний (7.000000000000001%)
2025-03-11 15:25:43,474 [INFO] ------------------------------------------------------------------
2025-03-11 15:25:43,474 [INFO] Происходит загрузка звонков компании 'Сам тест инструмент' (48334241)
2025-03-11 15:25:45,962 [INFO] Количество звонков: 2
2025-03-11 15:25:45,962 [INFO] Время загрузки: 2.49 сек.

2025-03-11 15:25:45,963 [INFO] Результат обработки компании 'Сам тест инструмент' (48334241) не был изменен

2025-03-11 15:25:45,963 [INFO] Прогресс: 16 из 200 компаний (8.0%)
2025-03-11 15:25:45,963 [INFO] ------------------------------------------------------------------
2025-03-11 15:25:45,963 [INFO] Происходит загрузка звонков компании 'Гербер агро' (48334315)
2025-03-11 15:25:47,649 [INFO] Количество звонков: 2
2025-03-11 15:25:47,650 [INFO] Время загрузки: 1.69 сек.

2025-03-11 15:25:47,651 [INFO] Результат обработки компании 'Гербер агро' (48334315) не был изменен

2025-03-11 15:25:47,651 [INFO] Прогресс: 17 из 200 компаний (9.0%)
2025-03-11 15:25:47,651 [INFO] ------------------------------------------------------------------
2025-03-11 15:25:47,651 [INFO] Происходит загрузка звонков компании 'Мел ОАО' (48334429)
2025-03-11 15:25:52,109 [INFO] Количество звонков: 4
2025-03-11 15:25:52,109 [INFO] Время загрузки: 4.46 сек.

2025-03-11 15:25:52,109 [INFO] Результат обработки компании 'Мел ОАО' (48334429) не был изменен

2025-03-11 15:25:52,110 [INFO] Прогресс: 18 из 200 компаний (9.0%)
2025-03-11 15:25:52,110 [INFO] ------------------------------------------------------------------
2025-03-11 15:25:52,110 [INFO] Происходит загрузка звонков компании 'Холдинг Аква' (48334859)
2025-03-11 15:25:55,915 [INFO] Количество звонков: 1
2025-03-11 15:25:55,915 [INFO] Время загрузки: 3.8 сек.

2025-03-11 15:25:55,915 [INFO] Результат обработки компании 'Холдинг Аква' (48334859) не был изменен

2025-03-11 15:25:55,915 [INFO] Прогресс: 19 из 200 компаний (10.0%)
2025-03-11 15:25:55,915 [INFO] ------------------------------------------------------------------
2025-03-11 15:25:55,916 [INFO] Происходит загрузка звонков компании 'Черкизово' (48335485)
2025-03-11 15:25:57,747 [INFO] Количество звонков: 1
2025-03-11 15:25:57,747 [INFO] Время загрузки: 1.83 сек.

2025-03-11 15:25:57,748 [INFO] Результат обработки компании 'Черкизово' (48335485) не был изменен

2025-03-11 15:25:57,748 [INFO] Прогресс: 20 из 200 компаний (10.0%)
2025-03-11 15:25:57,748 [INFO] ------------------------------------------------------------------
2025-03-11 15:25:57,748 [INFO] Происходит загрузка звонков компании 'УК ООО "ТМС групп"' (48335519)
2025-03-11 15:25:59,491 [INFO] Количество звонков: 1
2025-03-11 15:25:59,491 [INFO] Время загрузки: 1.74 сек.

2025-03-11 15:25:59,492 [INFO] Результат обработки компании 'УК ООО "ТМС групп"' (48335519) не был изменен

2025-03-11 15:25:59,492 [INFO] Прогресс: 21 из 200 компаний (10.0%)
2025-03-11 15:25:59,492 [INFO] ------------------------------------------------------------------
2025-03-11 15:25:59,492 [INFO] Происходит загрузка звонков компании 'ООО "ВЭЛЛСЕРВИС"' (48335523)
2025-03-11 15:26:01,327 [INFO] Количество звонков: 1
2025-03-11 15:26:01,327 [INFO] Время загрузки: 1.83 сек.

2025-03-11 15:26:01,328 [INFO] Результат обработки компании 'ООО "ВЭЛЛСЕРВИС"' (48335523) не был изменен

2025-03-11 15:26:01,328 [INFO] Прогресс: 22 из 200 компаний (11.0%)
2025-03-11 15:26:01,328 [INFO] ------------------------------------------------------------------
2025-03-11 15:26:01,329 [INFO] Происходит загрузка звонков компании 'ООО "Газпромнефть-Заполярье"' (48335533)
2025-03-11 15:26:03,783 [INFO] Количество звонков: 1
2025-03-11 15:26:03,784 [INFO] Время загрузки: 2.46 сек.

2025-03-11 15:26:03,784 [INFO] Результат обработки компании 'ООО "Газпромнефть-Заполярье"' (48335533) не был изменен

2025-03-11 15:26:03,785 [INFO] Прогресс: 23 из 200 компаний (12.0%)
2025-03-11 15:26:03,785 [INFO] ------------------------------------------------------------------
2025-03-11 15:26:03,785 [INFO] Происходит загрузка звонков компании 'ООО "ФракДжет-Волга"' (48335549)
2025-03-11 15:26:06,341 [INFO] Количество звонков: 1
2025-03-11 15:26:06,341 [INFO] Время загрузки: 2.56 сек.

2025-03-11 15:26:06,342 [INFO] Результат обработки компании 'ООО "ФракДжет-Волга"' (48335549) не был изменен

2025-03-11 15:26:06,342 [INFO] Прогресс: 24 из 200 компаний (12.0%)
2025-03-11 15:26:06,342 [INFO] ------------------------------------------------------------------
2025-03-11 15:26:06,342 [INFO] Происходит загрузка звонков компании 'АО "Ермаковское предприятие по Ремонту Скважин"' (48335567)
2025-03-11 15:26:09,045 [INFO] Количество звонков: 1
2025-03-11 15:26:09,046 [INFO] Время загрузки: 2.7 сек.

2025-03-11 15:26:09,046 [INFO] Результат обработки компании 'АО "Ермаковское предприятие по Ремонту Скважин"' (48335567) не был изменен

2025-03-11 15:26:09,046 [INFO] Прогресс: 25 из 200 компаний (12.0%)
2025-03-11 15:26:09,046 [INFO] ------------------------------------------------------------------
2025-03-11 15:26:09,046 [INFO] Происходит загрузка звонков компании 'Берёзка' (48335943)
2025-03-11 15:26:11,927 [INFO] Количество звонков: 10
2025-03-11 15:26:11,928 [INFO] Время загрузки: 2.88 сек.

2025-03-11 15:26:11,928 [INFO] Результат обработки компании 'Берёзка' (48335943) не был изменен

2025-03-11 15:26:11,929 [INFO] Прогресс: 26 из 200 компаний (13.0%)
2025-03-11 15:26:11,929 [INFO] ------------------------------------------------------------------
2025-03-11 15:26:11,929 [INFO] Происходит загрузка звонков компании 'Континентзоо' (48336067)
2025-03-11 15:26:14,815 [INFO] Количество звонков: 5
2025-03-11 15:26:14,816 [INFO] Время загрузки: 2.89 сек.

2025-03-11 15:26:14,817 [INFO] Результат обработки компании 'Континентзоо' (48336067) не был изменен

2025-03-11 15:26:14,817 [INFO] Прогресс: 27 из 200 компаний (14.000000000000002%)
2025-03-11 15:26:14,817 [INFO] ------------------------------------------------------------------
2025-03-11 15:26:14,817 [INFO] Происходит загрузка звонков компании 'Газпромнефть Логистика' (48336071)
2025-03-11 15:26:17,720 [INFO] Количество звонков: 4
2025-03-11 15:26:17,720 [INFO] Время загрузки: 2.9 сек.

2025-03-11 15:26:17,721 [INFO] Результат обработки компании 'Газпромнефть Логистика' (48336071) не был изменен

2025-03-11 15:26:17,721 [INFO] Прогресс: 28 из 200 компаний (14.000000000000002%)
2025-03-11 15:26:17,721 [INFO] ------------------------------------------------------------------
2025-03-11 15:26:17,721 [INFO] Происходит загрузка звонков компании 'Ростелеком МСК/ПИТЕР HR' (48336111)
2025-03-11 15:26:21,172 [INFO] Количество звонков: 1
2025-03-11 15:26:21,173 [INFO] Время загрузки: 3.45 сек.

2025-03-11 15:26:21,174 [INFO] Результат обработки компании 'Ростелеком МСК/ПИТЕР HR' (48336111) не был изменен

2025-03-11 15:26:21,174 [INFO] Прогресс: 29 из 200 компаний (14.000000000000002%)
2025-03-11 15:26:21,174 [INFO] ------------------------------------------------------------------
2025-03-11 15:26:21,174 [INFO] Происходит загрузка звонков компании 'Агенство недвижимости' (48336597)
2025-03-11 15:26:25,338 [INFO] Количество звонков: 2
2025-03-11 15:26:25,338 [INFO] Время загрузки: 4.16 сек.

2025-03-11 15:26:25,339 [INFO] Результат обработки компании 'Агенство недвижимости' (48336597) не был изменен

2025-03-11 15:26:25,339 [INFO] Прогресс: 30 из 200 компаний (15.0%)
2025-03-11 15:26:25,339 [INFO] ------------------------------------------------------------------
2025-03-11 15:26:25,339 [INFO] Происходит загрузка звонков компании 'Маккофе' (48337437)
2025-03-11 15:26:27,985 [INFO] Количество звонков: 1
2025-03-11 15:26:27,985 [INFO] Время загрузки: 2.65 сек.

2025-03-11 15:26:27,986 [INFO] Результат обработки компании 'Маккофе' (48337437) не был изменен

2025-03-11 15:26:27,986 [INFO] Прогресс: 31 из 200 компаний (15.0%)
2025-03-11 15:26:27,986 [INFO] ------------------------------------------------------------------
2025-03-11 15:26:27,986 [INFO] Происходит загрузка звонков компании 'Мегаполис' (48337935)
2025-03-11 15:26:31,315 [INFO] Количество звонков: 1
2025-03-11 15:26:31,315 [INFO] Время загрузки: 3.33 сек.

2025-03-11 15:26:31,315 [INFO] Результат обработки компании 'Мегаполис' (48337935) не был изменен

2025-03-11 15:26:31,316 [INFO] Прогресс: 32 из 200 компаний (16.0%)
2025-03-11 15:26:31,316 [INFO] ------------------------------------------------------------------
2025-03-11 15:26:31,316 [INFO] Происходит загрузка звонков компании 'Инфозащита' (48339279)
2025-03-11 15:26:33,926 [INFO] Количество звонков: 6
2025-03-11 15:26:33,927 [INFO] Время загрузки: 2.61 сек.

2025-03-11 15:26:33,927 [INFO] Результат обработки компании 'Инфозащита' (48339279) не был изменен

2025-03-11 15:26:33,927 [INFO] Прогресс: 33 из 200 компаний (17.0%)
2025-03-11 15:26:33,927 [INFO] ------------------------------------------------------------------
2025-03-11 15:26:33,927 [INFO] Происходит загрузка звонков компании 'ГК Омега' (48339865)
2025-03-11 15:26:39,428 [INFO] Количество звонков: 4
2025-03-11 15:26:39,428 [INFO] Время загрузки: 5.5 сек.

2025-03-11 15:26:39,429 [INFO] Результат обработки компании 'ГК Омега' (48339865) не был изменен

2025-03-11 15:26:39,429 [INFO] Прогресс: 34 из 200 компаний (17.0%)
2025-03-11 15:26:39,429 [INFO] ------------------------------------------------------------------
2025-03-11 15:26:39,429 [INFO] Происходит загрузка звонков компании 'ТСС Групп' (48339885)
2025-03-11 15:26:41,938 [INFO] Количество звонков: 1
2025-03-11 15:26:41,938 [INFO] Время загрузки: 2.51 сек.

2025-03-11 15:26:41,939 [INFO] Результат обработки компании 'ТСС Групп' (48339885) не был изменен

2025-03-11 15:26:41,939 [INFO] Прогресс: 35 из 200 компаний (17.0%)
2025-03-11 15:26:41,939 [INFO] ------------------------------------------------------------------
2025-03-11 15:26:41,940 [INFO] Происходит загрузка звонков компании 'БИТАЙР' (48339933)
2025-03-11 15:26:44,841 [INFO] Количество звонков: 9
2025-03-11 15:26:44,842 [INFO] Время загрузки: 2.9 сек.

2025-03-11 15:26:44,842 [INFO] Результат обработки компании 'БИТАЙР' (48339933) не был изменен

2025-03-11 15:26:44,842 [INFO] Прогресс: 36 из 200 компаний (18.0%)
2025-03-11 15:26:44,842 [INFO] ------------------------------------------------------------------
2025-03-11 15:26:44,843 [INFO] Происходит загрузка звонков компании 'Якутгазпроект' (48340039)
2025-03-11 15:26:47,023 [INFO] Количество звонков: 3
2025-03-11 15:26:47,023 [INFO] Время загрузки: 2.18 сек.

2025-03-11 15:26:47,024 [INFO] Результат обработки компании 'Якутгазпроект' (48340039) не был изменен

2025-03-11 15:26:47,024 [INFO] Прогресс: 37 из 200 компаний (18.0%)
2025-03-11 15:26:47,024 [INFO] ------------------------------------------------------------------
2025-03-11 15:26:47,024 [INFO] Происходит загрузка звонков компании 'Звонок от 79921022397' (48346345)
2025-03-11 15:26:49,116 [INFO] Количество звонков: 1
2025-03-11 15:26:49,117 [INFO] Время загрузки: 2.09 сек.

2025-03-11 15:26:49,117 [INFO] Результат обработки компании 'Звонок от 79921022397' (48346345) не был изменен

2025-03-11 15:26:49,117 [INFO] Прогресс: 38 из 200 компаний (19.0%)
2025-03-11 15:26:49,117 [INFO] ------------------------------------------------------------------
2025-03-11 15:26:49,117 [INFO] Происходит загрузка звонков компании 'Звонок от 79237657098' (48349033)
2025-03-11 15:26:50,820 [INFO] Количество звонков: 1
2025-03-11 15:26:50,821 [INFO] Время загрузки: 1.7 сек.

2025-03-11 15:26:50,822 [INFO] Результат обработки компании 'Звонок от 79237657098' (48349033) не был изменен

2025-03-11 15:26:50,822 [INFO] Прогресс: 39 из 200 компаний (20.0%)
2025-03-11 15:26:50,822 [INFO] ------------------------------------------------------------------
2025-03-11 15:26:50,822 [INFO] Происходит загрузка звонков компании 'ФГБНУ "Омский АНЦ"' (48350653)
2025-03-11 15:26:53,204 [INFO] Количество звонков: 4
2025-03-11 15:26:53,204 [INFO] Время загрузки: 2.38 сек.

2025-03-11 15:26:53,204 [INFO] Результат обработки компании 'ФГБНУ "Омский АНЦ"' (48350653) не был изменен

2025-03-11 15:26:53,205 [INFO] Прогресс: 40 из 200 компаний (20.0%)
2025-03-11 15:26:53,205 [INFO] ------------------------------------------------------------------
2025-03-11 15:26:53,205 [INFO] Происходит загрузка звонков компании 'ООО Нед-центр' (48261209)
2025-03-11 15:26:57,242 [INFO] Количество звонков: 8
2025-03-11 15:26:57,243 [INFO] Время загрузки: 4.04 сек.

2025-03-11 15:26:57,243 [INFO] Результат обработки компании 'ООО Нед-центр' (48261209) не был изменен

2025-03-11 15:26:57,243 [INFO] Прогресс: 41 из 200 компаний (20.0%)
2025-03-11 15:26:57,244 [INFO] ------------------------------------------------------------------
2025-03-11 15:26:57,244 [INFO] Происходит загрузка звонков компании 'Звонок от 79035132706' (48261615)
2025-03-11 15:26:58,878 [INFO] Количество звонков: 1
2025-03-11 15:26:58,878 [INFO] Время загрузки: 1.63 сек.

2025-03-11 15:26:58,879 [INFO] Результат обработки компании 'Звонок от 79035132706' (48261615) не был изменен

2025-03-11 15:26:58,879 [INFO] Прогресс: 42 из 200 компаний (21.0%)
2025-03-11 15:26:58,879 [INFO] ------------------------------------------------------------------
2025-03-11 15:26:58,879 [INFO] Происходит загрузка звонков компании 'Илан Норильск' (48262433)
2025-03-11 15:27:02,631 [INFO] Количество звонков: 9
2025-03-11 15:27:02,632 [INFO] Время загрузки: 3.75 сек.

2025-03-11 15:27:02,632 [INFO] Результат обработки компании 'Илан Норильск' (48262433) не был изменен

2025-03-11 15:27:02,632 [INFO] Прогресс: 43 из 200 компаний (21.0%)
2025-03-11 15:27:02,632 [INFO] ------------------------------------------------------------------
2025-03-11 15:27:02,632 [INFO] Происходит загрузка звонков компании 'Акционерное общество "Ижевский опытно-механический завод"' (48262457)
2025-03-11 15:27:05,753 [INFO] Количество звонков: 7
2025-03-11 15:27:05,753 [INFO] Время загрузки: 3.12 сек.

2025-03-11 15:27:05,754 [INFO] Результат обработки компании 'Акционерное общество "Ижевский опытно-механический завод"' (48262457) не был изменен

2025-03-11 15:27:05,754 [INFO] Прогресс: 44 из 200 компаний (22.0%)
2025-03-11 15:27:05,754 [INFO] ------------------------------------------------------------------
2025-03-11 15:27:05,755 [INFO] Происходит загрузка звонков компании 'ООО «АгроЛайн»' (48262519)
2025-03-11 15:27:08,532 [INFO] Количество звонков: 1
2025-03-11 15:27:08,533 [INFO] Время загрузки: 2.78 сек.

2025-03-11 15:27:08,533 [INFO] Результат обработки компании 'ООО «АгроЛайн»' (48262519) не был изменен

2025-03-11 15:27:08,534 [INFO] Прогресс: 45 из 200 компаний (23.0%)
2025-03-11 15:27:08,534 [INFO] ------------------------------------------------------------------
2025-03-11 15:27:08,534 [INFO] Происходит загрузка звонков компании 'Росатом АО' (48262799)
2025-03-11 15:27:11,489 [INFO] Количество звонков: 8
2025-03-11 15:27:11,489 [INFO] Время загрузки: 2.96 сек.

2025-03-11 15:27:11,490 [INFO] Результат обработки компании 'Росатом АО' (48262799) не был изменен

2025-03-11 15:27:11,490 [INFO] Прогресс: 46 из 200 компаний (23.0%)
2025-03-11 15:27:11,491 [INFO] ------------------------------------------------------------------
2025-03-11 15:27:11,491 [INFO] Происходит загрузка звонков компании 'Гипростроймост ОАО' (48262949)
2025-03-11 15:27:15,161 [INFO] Количество звонков: 10
2025-03-11 15:27:15,162 [INFO] Время загрузки: 3.67 сек.

2025-03-11 15:27:15,163 [INFO] Результат обработки компании 'Гипростроймост ОАО' (48262949) не был изменен

2025-03-11 15:27:15,163 [INFO] Прогресс: 47 из 200 компаний (23.0%)
2025-03-11 15:27:15,163 [INFO] ------------------------------------------------------------------
2025-03-11 15:27:15,163 [INFO] Происходит загрузка звонков компании 'Звонок от 79315211507' (48263077)
2025-03-11 15:27:17,390 [INFO] Количество звонков: 2
2025-03-11 15:27:17,390 [INFO] Время загрузки: 2.23 сек.

2025-03-11 15:27:17,391 [INFO] Результат обработки компании 'Звонок от 79315211507' (48263077) не был изменен

2025-03-11 15:27:17,391 [INFO] Прогресс: 48 из 200 компаний (24.0%)
2025-03-11 15:27:17,391 [INFO] ------------------------------------------------------------------
2025-03-11 15:27:17,391 [INFO] Происходит загрузка звонков компании 'АО Комнедра' (48264553)
2025-03-11 15:27:20,756 [INFO] Количество звонков: 4
2025-03-11 15:27:20,756 [INFO] Время загрузки: 3.37 сек.

2025-03-11 15:27:20,757 [INFO] Результат обработки компании 'АО Комнедра' (48264553) не был изменен

2025-03-11 15:27:20,757 [INFO] Прогресс: 49 из 200 компаний (24.0%)
2025-03-11 15:27:20,757 [INFO] ------------------------------------------------------------------
2025-03-11 15:27:20,758 [INFO] Происходит загрузка звонков компании 'ЮЭСК АО' (48264555)
2025-03-11 15:27:23,051 [INFO] Количество звонков: 1
2025-03-11 15:27:23,052 [INFO] Время загрузки: 2.29 сек.

2025-03-11 15:27:23,052 [INFO] Результат обработки компании 'ЮЭСК АО' (48264555) не был изменен

2025-03-11 15:27:23,052 [INFO] Прогресс: 50 из 200 компаний (25.0%)
2025-03-11 15:27:23,053 [INFO] ------------------------------------------------------------------
2025-03-11 15:27:23,053 [INFO] Происходит загрузка звонков компании 'ПАО ДЭК' (48264591)
2025-03-11 15:27:25,279 [INFO] Количество звонков: 2
2025-03-11 15:27:25,279 [INFO] Время загрузки: 2.23 сек.

2025-03-11 15:27:25,280 [INFO] Результат обработки компании 'ПАО ДЭК' (48264591) не был изменен

2025-03-11 15:27:25,280 [INFO] Прогресс: 51 из 200 компаний (26.0%)
2025-03-11 15:27:25,280 [INFO] ------------------------------------------------------------------
2025-03-11 15:27:25,280 [INFO] Происходит загрузка звонков компании 'группа компаний' (48267121)
2025-03-11 15:27:28,212 [INFO] Количество звонков: 2
2025-03-11 15:27:28,212 [INFO] Время загрузки: 2.93 сек.

2025-03-11 15:27:28,212 [INFO] Результат обработки компании 'группа компаний' (48267121) не был изменен

2025-03-11 15:27:28,213 [INFO] Прогресс: 52 из 200 компаний (26.0%)
2025-03-11 15:27:28,213 [INFO] ------------------------------------------------------------------
2025-03-11 15:27:28,213 [INFO] Происходит загрузка звонков компании 'ООО "Объединенная Компания "Рустехнологии Муром"' (48267629)
2025-03-11 15:27:30,239 [INFO] Количество звонков: 1
2025-03-11 15:27:30,239 [INFO] Время загрузки: 2.03 сек.

2025-03-11 15:27:30,240 [INFO] Результат обработки компании 'ООО "Объединенная Компания "Рустехнологии Муром"' (48267629) не был изменен

2025-03-11 15:27:30,240 [INFO] Прогресс: 53 из 200 компаний (27.0%)
2025-03-11 15:27:30,240 [INFO] ------------------------------------------------------------------
2025-03-11 15:27:30,240 [INFO] Происходит загрузка звонков компании 'АО КТК' (48274579)
2025-03-11 15:27:32,112 [INFO] Количество звонков: 6
2025-03-11 15:27:32,112 [INFO] Время загрузки: 1.87 сек.

2025-03-11 15:27:32,113 [INFO] Результат обработки компании 'АО КТК' (48274579) не был изменен

2025-03-11 15:27:32,113 [INFO] Прогресс: 54 из 200 компаний (27.0%)
2025-03-11 15:27:32,113 [INFO] ------------------------------------------------------------------
2025-03-11 15:27:32,113 [INFO] Происходит загрузка звонков компании 'Звонок от 79996202477' (48275619)
2025-03-11 15:27:34,277 [INFO] Количество звонков: 1
2025-03-11 15:27:34,277 [INFO] Время загрузки: 2.16 сек.

2025-03-11 15:27:34,278 [INFO] Результат обработки компании 'Звонок от 79996202477' (48275619) не был изменен

2025-03-11 15:27:34,278 [INFO] Прогресс: 55 из 200 компаний (28.000000000000004%)
2025-03-11 15:27:34,279 [INFO] ------------------------------------------------------------------
2025-03-11 15:27:34,279 [INFO] Происходит загрузка звонков компании 'Звонок от 73432269575' (48279029)
2025-03-11 15:27:36,263 [INFO] Количество звонков: 1
2025-03-11 15:27:36,264 [INFO] Время загрузки: 1.98 сек.

2025-03-11 15:27:36,265 [INFO] Результат обработки компании 'Звонок от 73432269575' (48279029) не был изменен

2025-03-11 15:27:36,265 [INFO] Прогресс: 56 из 200 компаний (28.000000000000004%)
2025-03-11 15:27:36,265 [INFO] ------------------------------------------------------------------
2025-03-11 15:27:36,265 [INFO] Происходит загрузка звонков компании 'Звонок от 79921022389' (48279195)
2025-03-11 15:27:37,954 [INFO] Количество звонков: 1
2025-03-11 15:27:37,955 [INFO] Время загрузки: 1.69 сек.

2025-03-11 15:27:37,955 [INFO] Результат обработки компании 'Звонок от 79921022389' (48279195) не был изменен

2025-03-11 15:27:37,956 [INFO] Прогресс: 57 из 200 компаний (28.000000000000004%)
2025-03-11 15:27:37,956 [INFO] ------------------------------------------------------------------
2025-03-11 15:27:37,956 [INFO] Происходит загрузка звонков компании 'Звонок от 79628314641' (48279243)
2025-03-11 15:27:40,082 [INFO] Количество звонков: 1
2025-03-11 15:27:40,082 [INFO] Время загрузки: 2.13 сек.

2025-03-11 15:27:40,083 [INFO] Результат обработки компании 'Звонок от 79628314641' (48279243) не был изменен

2025-03-11 15:27:40,083 [INFO] Прогресс: 58 из 200 компаний (28.999999999999996%)
2025-03-11 15:27:40,083 [INFO] ------------------------------------------------------------------
2025-03-11 15:27:40,083 [INFO] Происходит загрузка звонков компании 'Звонок от 79833010705' (48297939)
2025-03-11 15:27:41,995 [INFO] Количество звонков: 1
2025-03-11 15:27:41,995 [INFO] Время загрузки: 1.91 сек.

2025-03-11 15:27:41,996 [INFO] Результат обработки компании 'Звонок от 79833010705' (48297939) не был изменен

2025-03-11 15:27:41,996 [INFO] Прогресс: 59 из 200 компаний (28.999999999999996%)
2025-03-11 15:27:41,996 [INFO] ------------------------------------------------------------------
2025-03-11 15:27:41,996 [INFO] Происходит загрузка звонков компании 'Сувенирная компания «ДАРИ»' (48298027)
2025-03-11 15:27:44,515 [INFO] Количество звонков: 1
2025-03-11 15:27:44,516 [INFO] Время загрузки: 2.52 сек.

2025-03-11 15:27:44,517 [INFO] Результат обработки компании 'Сувенирная компания «ДАРИ»' (48298027) не был изменен

2025-03-11 15:27:44,517 [INFO] Прогресс: 60 из 200 компаний (30.0%)
2025-03-11 15:27:44,517 [INFO] ------------------------------------------------------------------
2025-03-11 15:27:44,517 [INFO] Происходит загрузка звонков компании 'Восьмой цвет' (48300689)
2025-03-11 15:27:46,913 [INFO] Количество звонков: 1
2025-03-11 15:27:46,913 [INFO] Время загрузки: 2.4 сек.

2025-03-11 15:27:46,913 [INFO] Результат обработки компании 'Восьмой цвет' (48300689) не был изменен

2025-03-11 15:27:46,914 [INFO] Прогресс: 61 из 200 компаний (30.0%)
2025-03-11 15:27:46,914 [INFO] ------------------------------------------------------------------
2025-03-11 15:27:46,914 [INFO] Происходит загрузка звонков компании 'Юнит' (48301015)
2025-03-11 15:27:48,861 [INFO] Количество звонков: 1
2025-03-11 15:27:48,861 [INFO] Время загрузки: 1.95 сек.

2025-03-11 15:27:48,862 [INFO] Результат обработки компании 'Юнит' (48301015) не был изменен

2025-03-11 15:27:48,862 [INFO] Прогресс: 62 из 200 компаний (31.0%)
2025-03-11 15:27:48,862 [INFO] ------------------------------------------------------------------
2025-03-11 15:27:48,862 [INFO] Происходит загрузка звонков компании 'Неизвестный лид от Envybox' (48301097)
2025-03-11 15:27:50,800 [INFO] Количество звонков: 1
2025-03-11 15:27:50,800 [INFO] Время загрузки: 1.94 сек.

2025-03-11 15:27:50,801 [INFO] Результат обработки компании 'Неизвестный лид от Envybox' (48301097) не был изменен

2025-03-11 15:27:50,801 [INFO] Прогресс: 63 из 200 компаний (32.0%)
2025-03-11 15:27:50,801 [INFO] ------------------------------------------------------------------
2025-03-11 15:27:50,801 [INFO] Происходит загрузка звонков компании 'Звонок от 79628340091' (48302297)
2025-03-11 15:27:52,475 [INFO] Количество звонков: 1
2025-03-11 15:27:52,477 [INFO] Время загрузки: 1.68 сек.

2025-03-11 15:27:52,477 [INFO] Результат обработки компании 'Звонок от 79628340091' (48302297) не был изменен

2025-03-11 15:27:52,478 [INFO] Прогресс: 64 из 200 компаний (32.0%)
2025-03-11 15:27:52,478 [INFO] ------------------------------------------------------------------
2025-03-11 15:27:52,478 [INFO] Происходит загрузка звонков компании 'Звонок от 79858933246' (48250481)
2025-03-11 15:27:54,153 [INFO] Количество звонков: 2
2025-03-11 15:27:54,153 [INFO] Время загрузки: 1.68 сек.

2025-03-11 15:27:54,154 [INFO] Результат обработки компании 'Звонок от 79858933246' (48250481) не был изменен

2025-03-11 15:27:54,154 [INFO] Прогресс: 65 из 200 компаний (33.0%)
2025-03-11 15:27:54,154 [INFO] ------------------------------------------------------------------
2025-03-11 15:27:54,154 [INFO] Происходит загрузка звонков компании 'МРТС АО' (48251521)
2025-03-11 15:27:57,190 [INFO] Количество звонков: 5
2025-03-11 15:27:57,190 [INFO] Время загрузки: 3.04 сек.

2025-03-11 15:27:57,191 [INFO] Результат обработки компании 'МРТС АО' (48251521) не был изменен

2025-03-11 15:27:57,191 [INFO] Прогресс: 66 из 200 компаний (33.0%)
2025-03-11 15:27:57,191 [INFO] ------------------------------------------------------------------
2025-03-11 15:27:57,191 [INFO] Происходит загрузка звонков компании 'БКЗ Южная Корона' (48251545)
2025-03-11 15:28:00,337 [INFO] Количество звонков: 10
2025-03-11 15:28:00,337 [INFO] Время загрузки: 3.15 сек.

2025-03-11 15:28:00,338 [INFO] Результат обработки компании 'БКЗ Южная Корона' (48251545) не был изменен

2025-03-11 15:28:00,338 [INFO] Прогресс: 67 из 200 компаний (34.0%)
2025-03-11 15:28:00,338 [INFO] ------------------------------------------------------------------
2025-03-11 15:28:00,339 [INFO] Происходит загрузка звонков компании 'ШТИЛЬ' (48251961)
2025-03-11 15:28:02,628 [INFO] Количество звонков: 1
2025-03-11 15:28:02,629 [INFO] Время загрузки: 2.29 сек.

2025-03-11 15:28:02,629 [INFO] Результат обработки компании 'ШТИЛЬ' (48251961) не был изменен

2025-03-11 15:28:02,629 [INFO] Прогресс: 68 из 200 компаний (34.0%)
2025-03-11 15:28:02,630 [INFO] ------------------------------------------------------------------
2025-03-11 15:28:02,630 [INFO] Происходит загрузка звонков компании 'История качества жизни' (48252061)
2025-03-11 15:28:05,221 [INFO] Количество звонков: 3
2025-03-11 15:28:05,223 [INFO] Время загрузки: 2.59 сек.

2025-03-11 15:28:05,223 [INFO] Результат обработки компании 'История качества жизни' (48252061) не был изменен

2025-03-11 15:28:05,224 [INFO] Прогресс: 69 из 200 компаний (34.0%)
2025-03-11 15:28:05,224 [INFO] ------------------------------------------------------------------
2025-03-11 15:28:05,224 [INFO] Происходит загрузка звонков компании 'ЦДС АО' (48252141)
2025-03-11 15:28:08,387 [INFO] Количество звонков: 11
2025-03-11 15:28:08,387 [INFO] Время загрузки: 3.16 сек.

2025-03-11 15:28:08,387 [INFO] Результат обработки компании 'ЦДС АО' (48252141) не был изменен

2025-03-11 15:28:08,387 [INFO] Прогресс: 70 из 200 компаний (35.0%)
2025-03-11 15:28:08,388 [INFO] ------------------------------------------------------------------
2025-03-11 15:28:08,388 [INFO] Происходит загрузка звонков компании 'Чинт Электрик ООО' (48252159)
2025-03-11 15:28:11,949 [INFO] Количество звонков: 9
2025-03-11 15:28:11,950 [INFO] Время загрузки: 3.56 сек.

2025-03-11 15:28:11,951 [INFO] Результат обработки компании 'Чинт Электрик ООО' (48252159) не был изменен

2025-03-11 15:28:11,951 [INFO] Прогресс: 71 из 200 компаний (35.0%)
2025-03-11 15:28:11,951 [INFO] ------------------------------------------------------------------
2025-03-11 15:28:11,951 [INFO] Происходит загрузка звонков компании 'Саханефтегаз АО' (48257685)
2025-03-11 15:28:16,367 [INFO] Количество звонков: 6
2025-03-11 15:28:16,368 [INFO] Время загрузки: 4.42 сек.

2025-03-11 15:28:16,369 [INFO] Результат обработки компании 'Саханефтегаз АО' (48257685) не был изменен

2025-03-11 15:28:16,369 [INFO] Прогресс: 72 из 200 компаний (36.0%)
2025-03-11 15:28:16,369 [INFO] ------------------------------------------------------------------
2025-03-11 15:28:16,370 [INFO] Происходит загрузка звонков компании 'АО Высочайший' (48257701)
2025-03-11 15:28:18,884 [INFO] Количество звонков: 8
2025-03-11 15:28:18,884 [INFO] Время загрузки: 2.51 сек.

2025-03-11 15:28:18,885 [INFO] Результат обработки компании 'АО Высочайший' (48257701) не был изменен

2025-03-11 15:28:18,885 [INFO] Прогресс: 73 из 200 компаний (36.0%)
2025-03-11 15:28:18,885 [INFO] ------------------------------------------------------------------
2025-03-11 15:28:18,885 [INFO] Происходит загрузка звонков компании 'АО СГМ' (48257735)
2025-03-11 15:28:21,197 [INFO] Количество звонков: 9
2025-03-11 15:28:21,197 [INFO] Время загрузки: 2.31 сек.

2025-03-11 15:28:21,197 [INFO] Результат обработки компании 'АО СГМ' (48257735) не был изменен

2025-03-11 15:28:21,198 [INFO] Прогресс: 74 из 200 компаний (37.0%)
2025-03-11 15:28:21,198 [INFO] ------------------------------------------------------------------
2025-03-11 15:28:21,198 [INFO] Происходит загрузка звонков компании 'АО ПО Якутцемент' (48257851)
2025-03-11 15:28:24,353 [INFO] Количество звонков: 1
2025-03-11 15:28:24,353 [INFO] Время загрузки: 3.15 сек.

2025-03-11 15:28:24,353 [INFO] Результат обработки компании 'АО ПО Якутцемент' (48257851) не был изменен

2025-03-11 15:28:24,353 [INFO] Прогресс: 75 из 200 компаний (38.0%)
2025-03-11 15:28:24,353 [INFO] ------------------------------------------------------------------
2025-03-11 15:28:24,353 [INFO] Происходит загрузка звонков компании 'Новосибирская продовольственная корпорация' (48257931)
2025-03-11 15:28:27,197 [INFO] Количество звонков: 2
2025-03-11 15:28:27,198 [INFO] Время загрузки: 2.84 сек.

2025-03-11 15:28:27,198 [INFO] Результат обработки компании 'Новосибирская продовольственная корпорация' (48257931) не был изменен

2025-03-11 15:28:27,198 [INFO] Прогресс: 76 из 200 компаний (38.0%)
2025-03-11 15:28:27,198 [INFO] ------------------------------------------------------------------
2025-03-11 15:28:27,198 [INFO] Происходит загрузка звонков компании 'Мизудо Рус' (48258155)
2025-03-11 15:28:29,859 [INFO] Количество звонков: 1
2025-03-11 15:28:29,859 [INFO] Время загрузки: 2.66 сек.

2025-03-11 15:28:29,860 [INFO] Результат обработки компании 'Мизудо Рус' (48258155) не был изменен

2025-03-11 15:28:29,860 [INFO] Прогресс: 77 из 200 компаний (39.0%)
2025-03-11 15:28:29,860 [INFO] ------------------------------------------------------------------
2025-03-11 15:28:29,860 [INFO] Происходит загрузка звонков компании 'Звонок от 79921022398' (48258621)
2025-03-11 15:28:31,813 [INFO] Количество звонков: 1
2025-03-11 15:28:31,813 [INFO] Время загрузки: 1.95 сек.

2025-03-11 15:28:31,814 [INFO] Результат обработки компании 'Звонок от 79921022398' (48258621) не был изменен

2025-03-11 15:28:31,814 [INFO] Прогресс: 78 из 200 компаний (39.0%)
2025-03-11 15:28:31,814 [INFO] ------------------------------------------------------------------
2025-03-11 15:28:31,814 [INFO] Происходит загрузка звонков компании 'Гастропрофи' (48259693)
2025-03-11 15:28:33,540 [INFO] Количество звонков: 1
2025-03-11 15:28:33,540 [INFO] Время загрузки: 1.73 сек.

2025-03-11 15:28:33,541 [INFO] Результат обработки компании 'Гастропрофи' (48259693) не был изменен

2025-03-11 15:28:33,541 [INFO] Прогресс: 79 из 200 компаний (40.0%)
2025-03-11 15:28:33,542 [INFO] ------------------------------------------------------------------
2025-03-11 15:28:33,542 [INFO] Происходит загрузка звонков компании 'АО ЧЭМК' (48260367)
2025-03-11 15:28:37,524 [INFO] Количество звонков: 11
2025-03-11 15:28:37,524 [INFO] Время загрузки: 3.98 сек.

2025-03-11 15:28:37,524 [INFO] Результат обработки компании 'АО ЧЭМК' (48260367) не был изменен

2025-03-11 15:28:37,525 [INFO] Прогресс: 80 из 200 компаний (40.0%)
2025-03-11 15:28:37,525 [INFO] ------------------------------------------------------------------
2025-03-11 15:28:37,525 [INFO] Происходит загрузка звонков компании 'АО Уралнефтесервис' (48260383)
2025-03-11 15:28:39,791 [INFO] Количество звонков: 1
2025-03-11 15:28:39,792 [INFO] Время загрузки: 2.27 сек.

2025-03-11 15:28:39,793 [INFO] Результат обработки компании 'АО Уралнефтесервис' (48260383) не был изменен

2025-03-11 15:28:39,793 [INFO] Прогресс: 81 из 200 компаний (41.0%)
2025-03-11 15:28:39,793 [INFO] ------------------------------------------------------------------
2025-03-11 15:28:39,793 [INFO] Происходит загрузка звонков компании 'ПАО ЧКПЗ' (48260421)
2025-03-11 15:28:42,721 [INFO] Количество звонков: 7
2025-03-11 15:28:42,721 [INFO] Время загрузки: 2.93 сек.

2025-03-11 15:28:42,722 [INFO] Результат обработки компании 'ПАО ЧКПЗ' (48260421) не был изменен

2025-03-11 15:28:42,722 [INFO] Прогресс: 82 из 200 компаний (41.0%)
2025-03-11 15:28:42,723 [INFO] ------------------------------------------------------------------
2025-03-11 15:28:42,723 [INFO] Происходит загрузка звонков компании 'Неизвестный лид от Envybox' (48260645)
2025-03-11 15:28:43,910 [INFO] Компания 'Неизвестный лид от Envybox' не имеет звонков

2025-03-11 15:28:43,911 [INFO] Происходит отправка результата обработки компании...
2025-03-11 15:28:45,238 [INFO] Результат обработки компании 'Неизвестный лид от Envybox' (48260645) установлен 'Нет звонков'

2025-03-11 15:28:45,239 [INFO] Прогресс: 83 из 200 компаний (41.0%)
2025-03-11 15:28:45,239 [INFO] ------------------------------------------------------------------
2025-03-11 15:28:45,239 [INFO] Происходит загрузка звонков компании '089@rossuv.ru' (48260825)
2025-03-11 15:28:47,287 [INFO] Компания '089@rossuv.ru' не имеет звонков

2025-03-11 15:28:47,287 [INFO] Происходит отправка результата обработки компании...
2025-03-11 15:28:48,199 [INFO] Результат обработки компании '089@rossuv.ru' (48260825) установлен 'Нет звонков'

2025-03-11 15:28:48,199 [INFO] Прогресс: 84 из 200 компаний (42.0%)
2025-03-11 15:28:48,200 [INFO] ------------------------------------------------------------------
2025-03-11 15:28:48,200 [INFO] Происходит загрузка звонков компании 'Звонок от 79538895909' (48230765)
2025-03-11 15:28:50,054 [INFO] Количество звонков: 1
2025-03-11 15:28:50,055 [INFO] Время загрузки: 1.86 сек.

2025-03-11 15:28:50,055 [INFO] Результат обработки компании 'Звонок от 79538895909' (48230765) не был изменен

2025-03-11 15:28:50,055 [INFO] Прогресс: 85 из 200 компаний (42.0%)
2025-03-11 15:28:50,056 [INFO] ------------------------------------------------------------------
2025-03-11 15:28:50,056 [INFO] Происходит загрузка звонков компании 'Звонок от 73432269538' (48230873)
2025-03-11 15:28:51,840 [INFO] Количество звонков: 1
2025-03-11 15:28:51,841 [INFO] Время загрузки: 1.79 сек.

2025-03-11 15:28:51,841 [INFO] Результат обработки компании 'Звонок от 73432269538' (48230873) не был изменен

2025-03-11 15:28:51,842 [INFO] Прогресс: 86 из 200 компаний (43.0%)
2025-03-11 15:28:51,842 [INFO] ------------------------------------------------------------------
2025-03-11 15:28:51,842 [INFO] Происходит загрузка звонков компании 'Неизвестный лид от Envybox' (48230875)
