2025-03-11 16:40:15,477 [INFO] Скрипт запущен
2025-03-11 16:40:15,478 [INFO] Происходит загрузка компаний...
2025-03-11 16:40:17,059 [INFO] Загружено 10 компаний за 1.58 секунд

2025-03-11 16:40:17,060 [INFO] Прогресс: 1 из 10 компаний (10.0%)
2025-03-11 16:40:17,060 [INFO] ------------------------------------------------------------------
2025-03-11 16:40:17,060 [INFO] Происходит загрузка звонков компании 'МАУ ДО ГРЦ ОООД «ФорУс»' (48374001)
2025-03-11 16:40:20,083 [INFO] Количество звонков: 9
2025-03-11 16:40:20,083 [INFO] Время загрузки: 3.02 сек.

2025-03-11 16:40:20,083 [INFO] Результат обработки компании 'МАУ ДО ГРЦ ОООД «ФорУс»' (48374001) не был изменен

2025-03-11 16:40:20,083 [INFO] Прогресс: 2 из 10 компаний (20.0%)
2025-03-11 16:40:20,084 [INFO] ------------------------------------------------------------------
2025-03-11 16:40:20,084 [INFO] Происходит загрузка звонков компании 'ПКФ ДиПОС' (48378701)
2025-03-11 16:40:24,401 [INFO] Количество звонков: 2
2025-03-11 16:40:24,402 [INFO] Время загрузки: 4.32 сек.

2025-03-11 16:40:24,403 [INFO] Результат обработки компании 'ПКФ ДиПОС' (48378701) не был изменен

2025-03-11 16:40:24,403 [INFO] Прогресс: 3 из 10 компаний (30.0%)
2025-03-11 16:40:24,403 [INFO] ------------------------------------------------------------------
2025-03-11 16:40:24,403 [INFO] Происходит загрузка звонков компании 'АО Гидрогаз' (48378849)
2025-03-11 16:40:28,133 [INFO] Количество звонков: 10
2025-03-11 16:40:28,133 [INFO] Время загрузки: 3.73 сек.

2025-03-11 16:40:28,134 [INFO] Результат обработки компании 'АО Гидрогаз' (48378849) не был изменен

2025-03-11 16:40:28,135 [INFO] Прогресс: 4 из 10 компаний (40.0%)
2025-03-11 16:40:28,135 [INFO] ------------------------------------------------------------------
2025-03-11 16:40:28,135 [INFO] Происходит загрузка звонков компании 'Северская Трубная Компания (' (48379029)
2025-03-11 16:40:30,629 [INFO] Количество звонков: 2
2025-03-11 16:40:30,629 [INFO] Время загрузки: 2.49 сек.

2025-03-11 16:40:30,629 [INFO] Результат обработки компании 'Северская Трубная Компания (' (48379029) не был изменен

2025-03-11 16:40:30,629 [INFO] Прогресс: 5 из 10 компаний (50.0%)
2025-03-11 16:40:30,630 [INFO] ------------------------------------------------------------------
2025-03-11 16:40:30,630 [INFO] Происходит загрузка звонков компании 'Транстехно-Новосибирск' (48381567)
2025-03-11 16:40:33,169 [INFO] Количество звонков: 6
2025-03-11 16:40:33,170 [INFO] Время загрузки: 2.54 сек.

2025-03-11 16:40:33,170 [INFO] Результат обработки компании 'Транстехно-Новосибирск' (48381567) не был изменен

2025-03-11 16:40:33,170 [INFO] Прогресс: 6 из 10 компаний (60.0%)
2025-03-11 16:40:33,170 [INFO] ------------------------------------------------------------------
2025-03-11 16:40:33,170 [INFO] Происходит загрузка звонков компании 'Звонок от 78312469434' (48305829)
2025-03-11 16:40:35,114 [INFO] Количество звонков: 1
2025-03-11 16:40:35,114 [INFO] Время загрузки: 1.94 сек.

2025-03-11 16:40:35,114 [INFO] Результат обработки компании 'Звонок от 78312469434' (48305829) не был изменен

2025-03-11 16:40:35,115 [INFO] Прогресс: 7 из 10 компаний (70.0%)
2025-03-11 16:40:35,115 [INFO] ------------------------------------------------------------------
2025-03-11 16:40:35,115 [INFO] Происходит загрузка звонков компании 'Звонок от 79618753344' (48306469)
2025-03-11 16:40:37,538 [INFO] Количество звонков: 1
2025-03-11 16:40:37,539 [INFO] Время загрузки: 2.42 сек.

2025-03-11 16:40:37,539 [INFO] Результат обработки компании 'Звонок от 79618753344' (48306469) не был изменен

2025-03-11 16:40:37,539 [INFO] Прогресс: 8 из 10 компаний (80.0%)
2025-03-11 16:40:37,539 [INFO] ------------------------------------------------------------------
2025-03-11 16:40:37,539 [INFO] Происходит загрузка звонков компании 'Звонок от 79822876182' (48324627)
2025-03-11 16:40:39,546 [INFO] Количество звонков: 13
2025-03-11 16:40:39,546 [INFO] Время загрузки: 2.01 сек.

2025-03-11 16:40:39,546 [INFO] Результат обработки компании 'Звонок от 79822876182' (48324627) не был изменен

2025-03-11 16:40:39,547 [INFO] Прогресс: 9 из 10 компаний (90.0%)
2025-03-11 16:40:39,547 [INFO] ------------------------------------------------------------------
2025-03-11 16:40:39,547 [INFO] Происходит загрузка звонков компании 'Администрация нижнеилимского района' (48326407)
2025-03-11 16:40:42,730 [INFO] Количество звонков: 6
2025-03-11 16:40:42,730 [INFO] Время загрузки: 3.18 сек.

2025-03-11 16:40:42,731 [INFO] Результат обработки компании 'Администрация нижнеилимского района' (48326407) не был изменен

2025-03-11 16:40:42,731 [INFO] Прогресс: 10 из 10 компаний (100.0%)
2025-03-11 16:40:42,731 [INFO] ------------------------------------------------------------------
2025-03-11 16:40:42,731 [INFO] Происходит загрузка звонков компании 'Hono-R' (48326633)
2025-03-11 16:40:45,363 [INFO] Количество звонков: 22
2025-03-11 16:40:45,363 [INFO] Время загрузки: 2.63 сек.

2025-03-11 16:40:45,364 [INFO] Результат обработки компании 'Hono-R' (48326633) не был изменен

2025-03-11 16:40:45,364 [INFO] Скрипт завершил работу за 30 сек.
2025-03-11 16:40:45,364 [INFO] Время обработки 1 компании 3.0 сек.
2025-03-11 16:40:45,364 [INFO] Без звонков / ВСЕГО: 0 / 10
