2025-03-11 14:53:57,358 [INFO] Скрипт запущен
2025-03-11 14:53:57,358 [INFO] Происходит загрузка компаний...
2025-03-11 14:53:58,602 [INFO] Загружено 100 компаний за 1.24 секунд

2025-03-11 14:53:58,602 [INFO] Прогресс: 1 из 100 компаний (1.0%)
2025-03-11 14:53:58,602 [INFO] ------------------------------------------------------------------
2025-03-11 14:53:58,602 [INFO] Происходит загрузка звонков компании 'МАУ ДО ГРЦ ОООД «ФорУс»' (48374001)
2025-03-11 14:54:01,142 [INFO] Количество звонков: 9
2025-03-11 14:54:01,143 [INFO] Время загрузки: 2.54 сек.

2025-03-11 14:54:01,144 [INFO] Результат обработки компании 'МАУ ДО ГРЦ ОООД «ФорУс»' (48374001) не был изменен

2025-03-11 14:54:01,144 [INFO] Прогресс: 2 из 100 компаний (2.0%)
2025-03-11 14:54:01,144 [INFO] ------------------------------------------------------------------
2025-03-11 14:54:01,144 [INFO] Происходит загрузка звонков компании 'ПКФ ДиПОС' (48378701)
2025-03-11 14:54:06,385 [INFO] Количество звонков: 2
2025-03-11 14:54:06,385 [INFO] Время загрузки: 5.24 сек.

2025-03-11 14:54:06,385 [INFO] Результат обработки компании 'ПКФ ДиПОС' (48378701) не был изменен

2025-03-11 14:54:06,386 [INFO] Прогресс: 3 из 100 компаний (3.0%)
2025-03-11 14:54:06,386 [INFO] ------------------------------------------------------------------
2025-03-11 14:54:06,386 [INFO] Происходит загрузка звонков компании 'АО Гидрогаз' (48378849)
2025-03-11 14:54:10,097 [INFO] Количество звонков: 10
2025-03-11 14:54:10,097 [INFO] Время загрузки: 3.71 сек.

2025-03-11 14:54:10,098 [INFO] Результат обработки компании 'АО Гидрогаз' (48378849) не был изменен

2025-03-11 14:54:10,099 [INFO] Прогресс: 4 из 100 компаний (4.0%)
2025-03-11 14:54:10,099 [INFO] ------------------------------------------------------------------
2025-03-11 14:54:10,099 [INFO] Происходит загрузка звонков компании 'Северская Трубная Компания (' (48379029)
2025-03-11 14:54:12,081 [INFO] Количество звонков: 2
2025-03-11 14:54:12,081 [INFO] Время загрузки: 1.98 сек.

2025-03-11 14:54:12,081 [INFO] Результат обработки компании 'Северская Трубная Компания (' (48379029) не был изменен

2025-03-11 14:54:12,082 [INFO] Прогресс: 5 из 100 компаний (5.0%)
2025-03-11 14:54:12,082 [INFO] ------------------------------------------------------------------
2025-03-11 14:54:12,082 [INFO] Происходит загрузка звонков компании 'Транстехно-Новосибирск' (48381567)
2025-03-11 14:54:15,028 [INFO] Количество звонков: 6
2025-03-11 14:54:15,028 [INFO] Время загрузки: 2.95 сек.

2025-03-11 14:54:15,029 [INFO] Результат обработки компании 'Транстехно-Новосибирск' (48381567) не был изменен

2025-03-11 14:54:15,029 [INFO] Прогресс: 6 из 100 компаний (6.0%)
2025-03-11 14:54:15,029 [INFO] ------------------------------------------------------------------
2025-03-11 14:54:15,029 [INFO] Происходит загрузка звонков компании 'Звонок от 78312469434' (48305829)
2025-03-11 14:54:17,818 [INFO] Количество звонков: 1
2025-03-11 14:54:17,818 [INFO] Время загрузки: 2.79 сек.

2025-03-11 14:54:17,819 [INFO] Результат обработки компании 'Звонок от 78312469434' (48305829) не был изменен

2025-03-11 14:54:17,819 [INFO] Прогресс: 7 из 100 компаний (7.000000000000001%)
2025-03-11 14:54:17,819 [INFO] ------------------------------------------------------------------
2025-03-11 14:54:17,819 [INFO] Происходит загрузка звонков компании 'Звонок от 79618753344' (48306469)
2025-03-11 14:54:19,973 [INFO] Количество звонков: 1
2025-03-11 14:54:19,973 [INFO] Время загрузки: 2.15 сек.

2025-03-11 14:54:19,974 [INFO] Результат обработки компании 'Звонок от 79618753344' (48306469) не был изменен

2025-03-11 14:54:19,974 [INFO] Прогресс: 8 из 100 компаний (8.0%)
2025-03-11 14:54:19,974 [INFO] ------------------------------------------------------------------
2025-03-11 14:54:19,974 [INFO] Происходит загрузка звонков компании 'Звонок от 79822876182' (48324627)
2025-03-11 14:54:22,097 [INFO] Количество звонков: 13
2025-03-11 14:54:22,097 [INFO] Время загрузки: 2.12 сек.

2025-03-11 14:54:22,098 [INFO] Результат обработки компании 'Звонок от 79822876182' (48324627) не был изменен

2025-03-11 14:54:22,098 [INFO] Прогресс: 9 из 100 компаний (9.0%)
2025-03-11 14:54:22,098 [INFO] ------------------------------------------------------------------
2025-03-11 14:54:22,098 [INFO] Происходит загрузка звонков компании 'Администрация нижнеилимского района' (48326407)
2025-03-11 14:54:25,018 [INFO] Количество звонков: 6
2025-03-11 14:54:25,018 [INFO] Время загрузки: 2.92 сек.

2025-03-11 14:54:25,019 [INFO] Результат обработки компании 'Администрация нижнеилимского района' (48326407) не был изменен

2025-03-11 14:54:25,019 [INFO] Прогресс: 10 из 100 компаний (10.0%)
2025-03-11 14:54:25,019 [INFO] ------------------------------------------------------------------
2025-03-11 14:54:25,019 [INFO] Происходит загрузка звонков компании 'Hono-R' (48326633)
2025-03-11 14:54:28,829 [INFO] Количество звонков: 22
2025-03-11 14:54:28,830 [INFO] Время загрузки: 3.81 сек.

2025-03-11 14:54:28,830 [INFO] Результат обработки компании 'Hono-R' (48326633) не был изменен

2025-03-11 14:54:28,831 [INFO] Прогресс: 11 из 100 компаний (11.0%)
2025-03-11 14:54:28,831 [INFO] ------------------------------------------------------------------
2025-03-11 14:54:28,831 [INFO] Происходит загрузка звонков компании 'Артурс Спа Отель' (48330795)
2025-03-11 14:54:30,914 [INFO] Количество звонков: 1
2025-03-11 14:54:30,914 [INFO] Время загрузки: 2.08 сек.

2025-03-11 14:54:30,915 [INFO] Результат обработки компании 'Артурс Спа Отель' (48330795) не был изменен

2025-03-11 14:54:30,915 [INFO] Прогресс: 12 из 100 компаний (12.0%)
2025-03-11 14:54:30,915 [INFO] ------------------------------------------------------------------
2025-03-11 14:54:30,915 [INFO] Происходит загрузка звонков компании 'Звонок от 79231783239' (48332347)
2025-03-11 14:54:32,810 [INFO] Количество звонков: 1
2025-03-11 14:54:32,810 [INFO] Время загрузки: 1.9 сек.

2025-03-11 14:54:32,811 [INFO] Результат обработки компании 'Звонок от 79231783239' (48332347) не был изменен

2025-03-11 14:54:32,811 [INFO] Прогресс: 13 из 100 компаний (13.0%)
2025-03-11 14:54:32,811 [INFO] ------------------------------------------------------------------
2025-03-11 14:54:32,811 [INFO] Происходит загрузка звонков компании 'Звонок от 74992965460' (48332437)
2025-03-11 14:54:35,143 [INFO] Количество звонков: 1
2025-03-11 14:54:35,143 [INFO] Время загрузки: 2.33 сек.

2025-03-11 14:54:35,143 [INFO] Результат обработки компании 'Звонок от 74992965460' (48332437) не был изменен

2025-03-11 14:54:35,144 [INFO] Прогресс: 14 из 100 компаний (14.000000000000002%)
2025-03-11 14:54:35,144 [INFO] ------------------------------------------------------------------
2025-03-11 14:54:35,144 [INFO] Происходит загрузка звонков компании 'ООО "ДНК ДЕВЕЛОПМЕНТ"' (48333057)
2025-03-11 14:54:37,885 [INFO] Количество звонков: 4
2025-03-11 14:54:37,886 [INFO] Время загрузки: 2.74 сек.

2025-03-11 14:54:37,886 [INFO] Результат обработки компании 'ООО "ДНК ДЕВЕЛОПМЕНТ"' (48333057) не был изменен

2025-03-11 14:54:37,886 [INFO] Прогресс: 15 из 100 компаний (15.0%)
2025-03-11 14:54:37,886 [INFO] ------------------------------------------------------------------
2025-03-11 14:54:37,886 [INFO] Происходит загрузка звонков компании 'Сам тест инструмент' (48334241)
2025-03-11 14:54:40,317 [INFO] Количество звонков: 2
2025-03-11 14:54:40,317 [INFO] Время загрузки: 2.43 сек.

2025-03-11 14:54:40,318 [INFO] Результат обработки компании 'Сам тест инструмент' (48334241) не был изменен

2025-03-11 14:54:40,318 [INFO] Прогресс: 16 из 100 компаний (16.0%)
2025-03-11 14:54:40,318 [INFO] ------------------------------------------------------------------
2025-03-11 14:54:40,318 [INFO] Происходит загрузка звонков компании 'Гербер агро' (48334315)
2025-03-11 14:54:41,996 [INFO] Количество звонков: 2
2025-03-11 14:54:41,996 [INFO] Время загрузки: 1.68 сек.

2025-03-11 14:54:41,997 [INFO] Результат обработки компании 'Гербер агро' (48334315) не был изменен

2025-03-11 14:54:41,997 [INFO] Прогресс: 17 из 100 компаний (17.0%)
2025-03-11 14:54:41,997 [INFO] ------------------------------------------------------------------
2025-03-11 14:54:41,998 [INFO] Происходит загрузка звонков компании 'Мел ОАО' (48334429)
2025-03-11 14:54:45,222 [INFO] Количество звонков: 4
2025-03-11 14:54:45,222 [INFO] Время загрузки: 3.22 сек.

2025-03-11 14:54:45,223 [INFO] Результат обработки компании 'Мел ОАО' (48334429) не был изменен

2025-03-11 14:54:45,223 [INFO] Прогресс: 18 из 100 компаний (18.0%)
2025-03-11 14:54:45,223 [INFO] ------------------------------------------------------------------
2025-03-11 14:54:45,223 [INFO] Происходит загрузка звонков компании 'Холдинг Аква' (48334859)
2025-03-11 14:54:50,100 [INFO] Количество звонков: 1
2025-03-11 14:54:50,100 [INFO] Время загрузки: 4.88 сек.

2025-03-11 14:54:50,101 [INFO] Результат обработки компании 'Холдинг Аква' (48334859) не был изменен

2025-03-11 14:54:50,101 [INFO] Прогресс: 19 из 100 компаний (19.0%)
2025-03-11 14:54:50,101 [INFO] ------------------------------------------------------------------
2025-03-11 14:54:50,101 [INFO] Происходит загрузка звонков компании 'Черкизово' (48335485)
2025-03-11 14:54:51,714 [INFO] Количество звонков: 1
2025-03-11 14:54:51,714 [INFO] Время загрузки: 1.61 сек.

2025-03-11 14:54:51,715 [INFO] Результат обработки компании 'Черкизово' (48335485) не был изменен

2025-03-11 14:54:51,715 [INFO] Прогресс: 20 из 100 компаний (20.0%)
2025-03-11 14:54:51,715 [INFO] ------------------------------------------------------------------
2025-03-11 14:54:51,715 [INFO] Происходит загрузка звонков компании 'УК ООО "ТМС групп"' (48335519)
2025-03-11 14:54:53,802 [INFO] Количество звонков: 1
2025-03-11 14:54:53,802 [INFO] Время загрузки: 2.09 сек.

2025-03-11 14:54:53,802 [INFO] Результат обработки компании 'УК ООО "ТМС групп"' (48335519) не был изменен

2025-03-11 14:54:53,803 [INFO] Прогресс: 21 из 100 компаний (21.0%)
2025-03-11 14:54:53,803 [INFO] ------------------------------------------------------------------
2025-03-11 14:54:53,803 [INFO] Происходит загрузка звонков компании 'ООО "ВЭЛЛСЕРВИС"' (48335523)
2025-03-11 14:54:55,526 [INFO] Количество звонков: 1
2025-03-11 14:54:55,526 [INFO] Время загрузки: 1.72 сек.

2025-03-11 14:54:55,527 [INFO] Результат обработки компании 'ООО "ВЭЛЛСЕРВИС"' (48335523) не был изменен

2025-03-11 14:54:55,527 [INFO] Прогресс: 22 из 100 компаний (22.0%)
2025-03-11 14:54:55,527 [INFO] ------------------------------------------------------------------
2025-03-11 14:54:55,527 [INFO] Происходит загрузка звонков компании 'ООО "Газпромнефть-Заполярье"' (48335533)
2025-03-11 14:54:57,285 [INFO] Количество звонков: 1
2025-03-11 14:54:57,285 [INFO] Время загрузки: 1.76 сек.

2025-03-11 14:54:57,286 [INFO] Результат обработки компании 'ООО "Газпромнефть-Заполярье"' (48335533) не был изменен

2025-03-11 14:54:57,286 [INFO] Прогресс: 23 из 100 компаний (23.0%)
2025-03-11 14:54:57,286 [INFO] ------------------------------------------------------------------
2025-03-11 14:54:57,286 [INFO] Происходит загрузка звонков компании 'ООО "ФракДжет-Волга"' (48335549)
2025-03-11 14:54:58,914 [INFO] Количество звонков: 1
2025-03-11 14:54:58,915 [INFO] Время загрузки: 1.63 сек.

2025-03-11 14:54:58,915 [INFO] Результат обработки компании 'ООО "ФракДжет-Волга"' (48335549) не был изменен

2025-03-11 14:54:58,916 [INFO] Прогресс: 24 из 100 компаний (24.0%)
2025-03-11 14:54:58,916 [INFO] ------------------------------------------------------------------
2025-03-11 14:54:58,916 [INFO] Происходит загрузка звонков компании 'АО "Ермаковское предприятие по Ремонту Скважин"' (48335567)
2025-03-11 14:55:00,906 [INFO] Количество звонков: 1
2025-03-11 14:55:00,906 [INFO] Время загрузки: 1.99 сек.

2025-03-11 14:55:00,907 [INFO] Результат обработки компании 'АО "Ермаковское предприятие по Ремонту Скважин"' (48335567) не был изменен

2025-03-11 14:55:00,907 [INFO] Прогресс: 25 из 100 компаний (25.0%)
2025-03-11 14:55:00,907 [INFO] ------------------------------------------------------------------
2025-03-11 14:55:00,907 [INFO] Происходит загрузка звонков компании 'Берёзка' (48335943)
2025-03-11 14:55:03,877 [INFO] Количество звонков: 10
2025-03-11 14:55:03,877 [INFO] Время загрузки: 2.97 сек.

2025-03-11 14:55:03,878 [INFO] Результат обработки компании 'Берёзка' (48335943) не был изменен

2025-03-11 14:55:03,878 [INFO] Прогресс: 26 из 100 компаний (26.0%)
2025-03-11 14:55:03,878 [INFO] ------------------------------------------------------------------
2025-03-11 14:55:03,878 [INFO] Происходит загрузка звонков компании 'Континентзоо' (48336067)
2025-03-11 14:55:08,543 [INFO] Количество звонков: 5
2025-03-11 14:55:08,543 [INFO] Время загрузки: 4.66 сек.

2025-03-11 14:55:08,544 [INFO] Результат обработки компании 'Континентзоо' (48336067) не был изменен

2025-03-11 14:55:08,544 [INFO] Прогресс: 27 из 100 компаний (27.0%)
2025-03-11 14:55:08,544 [INFO] ------------------------------------------------------------------
2025-03-11 14:55:08,545 [INFO] Происходит загрузка звонков компании 'Газпромнефть Логистика' (48336071)
2025-03-11 14:55:11,988 [INFO] Количество звонков: 4
2025-03-11 14:55:11,989 [INFO] Время загрузки: 3.44 сек.

2025-03-11 14:55:11,989 [INFO] Результат обработки компании 'Газпромнефть Логистика' (48336071) не был изменен

2025-03-11 14:55:11,989 [INFO] Прогресс: 28 из 100 компаний (28.000000000000004%)
2025-03-11 14:55:11,989 [INFO] ------------------------------------------------------------------
2025-03-11 14:55:11,989 [INFO] Происходит загрузка звонков компании 'Ростелеком МСК/ПИТЕР HR' (48336111)
2025-03-11 14:55:15,000 [INFO] Количество звонков: 1
2025-03-11 14:55:15,001 [INFO] Время загрузки: 3.01 сек.

2025-03-11 14:55:15,001 [INFO] Результат обработки компании 'Ростелеком МСК/ПИТЕР HR' (48336111) не был изменен

2025-03-11 14:55:15,001 [INFO] Прогресс: 29 из 100 компаний (28.999999999999996%)
2025-03-11 14:55:15,001 [INFO] ------------------------------------------------------------------
2025-03-11 14:55:15,001 [INFO] Происходит загрузка звонков компании 'Агенство недвижимости' (48336597)
2025-03-11 14:55:18,104 [INFO] Количество звонков: 2
2025-03-11 14:55:18,104 [INFO] Время загрузки: 3.1 сек.

2025-03-11 14:55:18,105 [INFO] Результат обработки компании 'Агенство недвижимости' (48336597) не был изменен

2025-03-11 14:55:18,105 [INFO] Прогресс: 30 из 100 компаний (30.0%)
2025-03-11 14:55:18,105 [INFO] ------------------------------------------------------------------
2025-03-11 14:55:18,105 [INFO] Происходит загрузка звонков компании 'Маккофе' (48337437)
2025-03-11 14:55:20,977 [INFO] Количество звонков: 1
2025-03-11 14:55:20,978 [INFO] Время загрузки: 2.87 сек.

2025-03-11 14:55:20,979 [INFO] Результат обработки компании 'Маккофе' (48337437) не был изменен

2025-03-11 14:55:20,979 [INFO] Прогресс: 31 из 100 компаний (31.0%)
2025-03-11 14:55:20,979 [INFO] ------------------------------------------------------------------
2025-03-11 14:55:20,979 [INFO] Происходит загрузка звонков компании 'Мегаполис' (48337935)
2025-03-11 14:55:23,790 [INFO] Количество звонков: 1
2025-03-11 14:55:23,791 [INFO] Время загрузки: 2.81 сек.

2025-03-11 14:55:23,791 [INFO] Результат обработки компании 'Мегаполис' (48337935) не был изменен

2025-03-11 14:55:23,791 [INFO] Прогресс: 32 из 100 компаний (32.0%)
2025-03-11 14:55:23,791 [INFO] ------------------------------------------------------------------
2025-03-11 14:55:23,792 [INFO] Происходит загрузка звонков компании 'Инфозащита' (48339279)
2025-03-11 14:55:26,770 [INFO] Количество звонков: 6
2025-03-11 14:55:26,770 [INFO] Время загрузки: 2.98 сек.

2025-03-11 14:55:26,771 [INFO] Результат обработки компании 'Инфозащита' (48339279) не был изменен

2025-03-11 14:55:26,771 [INFO] Прогресс: 33 из 100 компаний (33.0%)
2025-03-11 14:55:26,771 [INFO] ------------------------------------------------------------------
2025-03-11 14:55:26,771 [INFO] Происходит загрузка звонков компании 'ГК Омега' (48339865)
2025-03-11 14:55:29,826 [INFO] Количество звонков: 4
2025-03-11 14:55:29,826 [INFO] Время загрузки: 3.05 сек.

2025-03-11 14:55:29,826 [INFO] Результат обработки компании 'ГК Омега' (48339865) не был изменен

2025-03-11 14:55:29,826 [INFO] Прогресс: 34 из 100 компаний (34.0%)
2025-03-11 14:55:29,827 [INFO] ------------------------------------------------------------------
2025-03-11 14:55:29,827 [INFO] Происходит загрузка звонков компании 'ТСС Групп' (48339885)
2025-03-11 14:55:32,527 [INFO] Количество звонков: 1
2025-03-11 14:55:32,528 [INFO] Время загрузки: 2.7 сек.

2025-03-11 14:55:32,528 [INFO] Результат обработки компании 'ТСС Групп' (48339885) не был изменен

2025-03-11 14:55:32,529 [INFO] Прогресс: 35 из 100 компаний (35.0%)
2025-03-11 14:55:32,529 [INFO] ------------------------------------------------------------------
2025-03-11 14:55:32,529 [INFO] Происходит загрузка звонков компании 'БИТАЙР' (48339933)
2025-03-11 14:55:36,057 [INFO] Количество звонков: 9
2025-03-11 14:55:36,057 [INFO] Время загрузки: 3.53 сек.

2025-03-11 14:55:36,058 [INFO] Результат обработки компании 'БИТАЙР' (48339933) не был изменен

2025-03-11 14:55:36,058 [INFO] Прогресс: 36 из 100 компаний (36.0%)
2025-03-11 14:55:36,058 [INFO] ------------------------------------------------------------------
2025-03-11 14:55:36,058 [INFO] Происходит загрузка звонков компании 'Якутгазпроект' (48340039)
2025-03-11 14:55:38,387 [INFO] Количество звонков: 3
2025-03-11 14:55:38,388 [INFO] Время загрузки: 2.33 сек.

2025-03-11 14:55:38,388 [INFO] Результат обработки компании 'Якутгазпроект' (48340039) не был изменен

2025-03-11 14:55:38,389 [INFO] Прогресс: 37 из 100 компаний (37.0%)
2025-03-11 14:55:38,389 [INFO] ------------------------------------------------------------------
2025-03-11 14:55:38,389 [INFO] Происходит загрузка звонков компании 'Звонок от 79921022397' (48346345)
2025-03-11 14:55:40,545 [INFO] Количество звонков: 1
2025-03-11 14:55:40,548 [INFO] Время загрузки: 2.16 сек.

2025-03-11 14:55:40,549 [INFO] Результат обработки компании 'Звонок от 79921022397' (48346345) не был изменен

2025-03-11 14:55:40,549 [INFO] Прогресс: 38 из 100 компаний (38.0%)
2025-03-11 14:55:40,549 [INFO] ------------------------------------------------------------------
2025-03-11 14:55:40,549 [INFO] Происходит загрузка звонков компании 'Звонок от 79237657098' (48349033)
2025-03-11 14:55:42,340 [INFO] Количество звонков: 1
2025-03-11 14:55:42,340 [INFO] Время загрузки: 1.79 сек.

2025-03-11 14:55:42,341 [INFO] Результат обработки компании 'Звонок от 79237657098' (48349033) не был изменен

2025-03-11 14:55:42,341 [INFO] Прогресс: 39 из 100 компаний (39.0%)
2025-03-11 14:55:42,341 [INFO] ------------------------------------------------------------------
2025-03-11 14:55:42,341 [INFO] Происходит загрузка звонков компании 'ФГБНУ "Омский АНЦ"' (48350653)
2025-03-11 14:55:44,827 [INFO] Количество звонков: 4
2025-03-11 14:55:44,827 [INFO] Время загрузки: 2.49 сек.

2025-03-11 14:55:44,828 [INFO] Результат обработки компании 'ФГБНУ "Омский АНЦ"' (48350653) не был изменен

2025-03-11 14:55:44,828 [INFO] Прогресс: 40 из 100 компаний (40.0%)
2025-03-11 14:55:44,828 [INFO] ------------------------------------------------------------------
2025-03-11 14:55:44,828 [INFO] Происходит загрузка звонков компании 'ООО Нед-центр' (48261209)
2025-03-11 14:55:49,353 [INFO] Количество звонков: 8
2025-03-11 14:55:49,354 [INFO] Время загрузки: 4.52 сек.

2025-03-11 14:55:49,354 [INFO] Результат обработки компании 'ООО Нед-центр' (48261209) не был изменен

2025-03-11 14:55:49,354 [INFO] Прогресс: 41 из 100 компаний (41.0%)
2025-03-11 14:55:49,354 [INFO] ------------------------------------------------------------------
2025-03-11 14:55:49,355 [INFO] Происходит загрузка звонков компании 'Звонок от 79035132706' (48261615)
2025-03-11 14:55:51,174 [INFO] Количество звонков: 1
2025-03-11 14:55:51,176 [INFO] Время загрузки: 1.82 сек.

2025-03-11 14:55:51,176 [INFO] Результат обработки компании 'Звонок от 79035132706' (48261615) не был изменен

2025-03-11 14:55:51,177 [INFO] Прогресс: 42 из 100 компаний (42.0%)
2025-03-11 14:55:51,177 [INFO] ------------------------------------------------------------------
2025-03-11 14:55:51,177 [INFO] Происходит загрузка звонков компании 'Илан Норильск' (48262433)
2025-03-11 14:55:53,884 [INFO] Количество звонков: 9
2025-03-11 14:55:53,884 [INFO] Время загрузки: 2.71 сек.

2025-03-11 14:55:53,885 [INFO] Результат обработки компании 'Илан Норильск' (48262433) не был изменен

2025-03-11 14:55:53,885 [INFO] Прогресс: 43 из 100 компаний (43.0%)
2025-03-11 14:55:53,886 [INFO] ------------------------------------------------------------------
2025-03-11 14:55:53,886 [INFO] Происходит загрузка звонков компании 'Акционерное общество "Ижевский опытно-механический завод"' (48262457)
2025-03-11 14:55:56,193 [INFO] Количество звонков: 7
2025-03-11 14:55:56,194 [INFO] Время загрузки: 2.31 сек.

2025-03-11 14:55:56,194 [INFO] Результат обработки компании 'Акционерное общество "Ижевский опытно-механический завод"' (48262457) не был изменен

2025-03-11 14:55:56,195 [INFO] Прогресс: 44 из 100 компаний (44.0%)
2025-03-11 14:55:56,195 [INFO] ------------------------------------------------------------------
2025-03-11 14:55:56,195 [INFO] Происходит загрузка звонков компании 'ООО «АгроЛайн»' (48262519)
2025-03-11 14:55:58,604 [INFO] Количество звонков: 1
2025-03-11 14:55:58,605 [INFO] Время загрузки: 2.41 сек.

2025-03-11 14:55:58,605 [INFO] Результат обработки компании 'ООО «АгроЛайн»' (48262519) не был изменен

2025-03-11 14:55:58,606 [INFO] Прогресс: 45 из 100 компаний (45.0%)
2025-03-11 14:55:58,606 [INFO] ------------------------------------------------------------------
2025-03-11 14:55:58,606 [INFO] Происходит загрузка звонков компании 'Росатом АО' (48262799)
2025-03-11 14:56:00,907 [INFO] Количество звонков: 8
2025-03-11 14:56:00,908 [INFO] Время загрузки: 2.3 сек.

2025-03-11 14:56:00,908 [INFO] Результат обработки компании 'Росатом АО' (48262799) не был изменен

2025-03-11 14:56:00,908 [INFO] Прогресс: 46 из 100 компаний (46.0%)
2025-03-11 14:56:00,909 [INFO] ------------------------------------------------------------------
2025-03-11 14:56:00,909 [INFO] Происходит загрузка звонков компании 'Гипростроймост ОАО' (48262949)
2025-03-11 14:56:04,128 [INFO] Количество звонков: 10
2025-03-11 14:56:04,128 [INFO] Время загрузки: 3.22 сек.

2025-03-11 14:56:04,129 [INFO] Результат обработки компании 'Гипростроймост ОАО' (48262949) не был изменен

2025-03-11 14:56:04,129 [INFO] Прогресс: 47 из 100 компаний (47.0%)
2025-03-11 14:56:04,129 [INFO] ------------------------------------------------------------------
2025-03-11 14:56:04,129 [INFO] Происходит загрузка звонков компании 'Звонок от 74994556480' (48262963)
2025-03-11 14:56:05,975 [INFO] Компания 'Звонок от 74994556480' не имеет звонков

2025-03-11 14:56:05,977 [INFO] Происходит отправка результата обработки компании...
2025-03-11 14:56:07,104 [INFO] Результат обработки компании 'Звонок от 74994556480' (48262963) установлен 'Нет звонков'

2025-03-11 14:56:07,105 [INFO] Прогресс: 48 из 100 компаний (48.0%)
2025-03-11 14:56:07,105 [INFO] ------------------------------------------------------------------
2025-03-11 14:56:07,105 [INFO] Происходит загрузка звонков компании 'Фьюче' (48262973)
2025-03-11 14:56:09,171 [INFO] Компания 'Фьюче' не имеет звонков

2025-03-11 14:56:09,172 [INFO] Происходит отправка результата обработки компании...
2025-03-11 14:56:10,476 [INFO] Результат обработки компании 'Фьюче' (48262973) установлен 'Нет звонков'

2025-03-11 14:56:10,477 [INFO] Прогресс: 49 из 100 компаний (49.0%)
2025-03-11 14:56:10,477 [INFO] ------------------------------------------------------------------
2025-03-11 14:56:10,477 [INFO] Происходит загрузка звонков компании 'Фьюча' (48262989)
2025-03-11 14:56:13,210 [INFO] Компания 'Фьюча' не имеет звонков

2025-03-11 14:56:13,210 [INFO] Происходит отправка результата обработки компании...
2025-03-11 14:56:14,099 [INFO] Результат обработки компании 'Фьюча' (48262989) установлен 'Нет звонков'

2025-03-11 14:56:14,100 [INFO] Прогресс: 50 из 100 компаний (50.0%)
2025-03-11 14:56:14,100 [INFO] ------------------------------------------------------------------
2025-03-11 14:56:14,100 [INFO] Происходит загрузка звонков компании 'Фьюча' (48262997)
2025-03-11 14:56:16,049 [INFO] Компания 'Фьюча' не имеет звонков

2025-03-11 14:56:16,049 [INFO] Происходит отправка результата обработки компании...
2025-03-11 14:56:17,227 [INFO] Результат обработки компании 'Фьюча' (48262997) установлен 'Нет звонков'

2025-03-11 14:56:17,228 [INFO] Прогресс: 51 из 100 компаний (51.0%)
2025-03-11 14:56:17,228 [INFO] ------------------------------------------------------------------
2025-03-11 14:56:17,228 [INFO] Происходит загрузка звонков компании 'Ольга' (48263023)
2025-03-11 14:56:18,900 [INFO] Компания 'Ольга' не имеет звонков

2025-03-11 14:56:18,900 [INFO] Происходит отправка результата обработки компании...
2025-03-11 14:56:19,867 [INFO] Результат обработки компании 'Ольга' (48263023) установлен 'Нет звонков'

2025-03-11 14:56:19,868 [INFO] Прогресс: 52 из 100 компаний (52.0%)
2025-03-11 14:56:19,868 [INFO] ------------------------------------------------------------------
2025-03-11 14:56:19,868 [INFO] Происходит загрузка звонков компании 'Транспортная компания "ЛУЧ"' (48263047)
2025-03-11 14:56:22,565 [INFO] Компания 'Транспортная компания "ЛУЧ"' не имеет звонков

2025-03-11 14:56:22,566 [INFO] Происходит отправка результата обработки компании...
2025-03-11 14:56:23,702 [INFO] Результат обработки компании 'Транспортная компания "ЛУЧ"' (48263047) установлен 'Нет звонков'

2025-03-11 14:56:23,703 [INFO] Прогресс: 53 из 100 компаний (53.0%)
2025-03-11 14:56:23,704 [INFO] ------------------------------------------------------------------
2025-03-11 14:56:23,704 [INFO] Происходит загрузка звонков компании 'Звонок от 79315211507' (48263077)
2025-03-11 14:56:25,593 [INFO] Количество звонков: 2
2025-03-11 14:56:25,594 [INFO] Время загрузки: 1.89 сек.

2025-03-11 14:56:25,594 [INFO] Результат обработки компании 'Звонок от 79315211507' (48263077) не был изменен

2025-03-11 14:56:25,595 [INFO] Прогресс: 54 из 100 компаний (54.0%)
2025-03-11 14:56:25,595 [INFO] ------------------------------------------------------------------
2025-03-11 14:56:25,595 [INFO] Происходит загрузка звонков компании 'Три точки' (48263157)
2025-03-11 14:56:27,163 [INFO] Компания 'Три точки' не имеет звонков

2025-03-11 14:56:27,164 [INFO] Происходит отправка результата обработки компании...
2025-03-11 14:56:28,200 [INFO] Результат обработки компании 'Три точки' (48263157) установлен 'Нет звонков'

2025-03-11 14:56:28,201 [INFO] Прогресс: 55 из 100 компаний (55.00000000000001%)
2025-03-11 14:56:28,201 [INFO] ------------------------------------------------------------------
2025-03-11 14:56:28,201 [INFO] Происходит загрузка звонков компании 'Фьюча' (48263165)
2025-03-11 14:56:29,999 [INFO] Компания 'Фьюча' не имеет звонков

2025-03-11 14:56:30,000 [INFO] Происходит отправка результата обработки компании...
2025-03-11 14:56:30,901 [INFO] Результат обработки компании 'Фьюча' (48263165) установлен 'Нет звонков'

2025-03-11 14:56:30,902 [INFO] Прогресс: 56 из 100 компаний (56.00000000000001%)
2025-03-11 14:56:30,903 [INFO] ------------------------------------------------------------------
2025-03-11 14:56:30,903 [INFO] Происходит загрузка звонков компании 'Выбор ивент групп' (48263199)
2025-03-11 14:56:32,544 [INFO] Компания 'Выбор ивент групп' не имеет звонков

2025-03-11 14:56:32,545 [INFO] Происходит отправка результата обработки компании...
2025-03-11 14:56:34,090 [INFO] Результат обработки компании 'Выбор ивент групп' (48263199) установлен 'Нет звонков'

2025-03-11 14:56:34,091 [INFO] Прогресс: 57 из 100 компаний (56.99999999999999%)
2025-03-11 14:56:34,091 [INFO] ------------------------------------------------------------------
2025-03-11 14:56:34,091 [INFO] Происходит загрузка звонков компании 'Звонок от 79613368033' (48263383)
2025-03-11 14:56:35,702 [INFO] Компания 'Звонок от 79613368033' не имеет звонков

2025-03-11 14:56:35,703 [INFO] Происходит отправка результата обработки компании...
2025-03-11 14:56:36,740 [INFO] Результат обработки компании 'Звонок от 79613368033' (48263383) установлен 'Нет звонков'

2025-03-11 14:56:36,741 [INFO] Прогресс: 58 из 100 компаний (57.99999999999999%)
2025-03-11 14:56:36,741 [INFO] ------------------------------------------------------------------
2025-03-11 14:56:36,741 [INFO] Происходит загрузка звонков компании 'Звонок от 78512610080' (48263633)
2025-03-11 14:56:38,063 [INFO] Компания 'Звонок от 78512610080' не имеет звонков

2025-03-11 14:56:38,064 [INFO] Происходит отправка результата обработки компании...
2025-03-11 14:56:39,130 [INFO] Результат обработки компании 'Звонок от 78512610080' (48263633) установлен 'Нет звонков'

2025-03-11 14:56:39,131 [INFO] Прогресс: 59 из 100 компаний (59.0%)
2025-03-11 14:56:39,131 [INFO] ------------------------------------------------------------------
2025-03-11 14:56:39,131 [INFO] Происходит загрузка звонков компании 'Звонок от 79117543405' (48263835)
2025-03-11 14:56:41,532 [INFO] Компания 'Звонок от 79117543405' не имеет звонков

2025-03-11 14:56:41,533 [INFO] Происходит отправка результата обработки компании...
2025-03-11 14:56:42,550 [INFO] Результат обработки компании 'Звонок от 79117543405' (48263835) установлен 'Нет звонков'

2025-03-11 14:56:42,551 [INFO] Прогресс: 60 из 100 компаний (60.0%)
2025-03-11 14:56:42,551 [INFO] ------------------------------------------------------------------
2025-03-11 14:56:42,551 [INFO] Происходит загрузка звонков компании 'АО Комнедра' (48264553)
2025-03-11 14:56:44,757 [INFO] Количество звонков: 4
2025-03-11 14:56:44,758 [INFO] Время загрузки: 2.21 сек.

2025-03-11 14:56:44,758 [INFO] Результат обработки компании 'АО Комнедра' (48264553) не был изменен

2025-03-11 14:56:44,758 [INFO] Прогресс: 61 из 100 компаний (61.0%)
2025-03-11 14:56:44,759 [INFO] ------------------------------------------------------------------
2025-03-11 14:56:44,759 [INFO] Происходит загрузка звонков компании 'ЮЭСК АО' (48264555)
2025-03-11 14:56:46,610 [INFO] Количество звонков: 1
2025-03-11 14:56:46,611 [INFO] Время загрузки: 1.85 сек.

2025-03-11 14:56:46,611 [INFO] Результат обработки компании 'ЮЭСК АО' (48264555) не был изменен

2025-03-11 14:56:46,611 [INFO] Прогресс: 62 из 100 компаний (62.0%)
2025-03-11 14:56:46,611 [INFO] ------------------------------------------------------------------
2025-03-11 14:56:46,611 [INFO] Происходит загрузка звонков компании 'ПАО ДЭК' (48264591)
2025-03-11 14:56:48,481 [INFO] Количество звонков: 2
2025-03-11 14:56:48,481 [INFO] Время загрузки: 1.87 сек.

2025-03-11 14:56:48,482 [INFO] Результат обработки компании 'ПАО ДЭК' (48264591) не был изменен

2025-03-11 14:56:48,482 [INFO] Прогресс: 63 из 100 компаний (63.0%)
2025-03-11 14:56:48,482 [INFO] ------------------------------------------------------------------
2025-03-11 14:56:48,482 [INFO] Происходит загрузка звонков компании 'ФНС' (48265285)
2025-03-11 14:56:49,936 [INFO] Компания 'ФНС' не имеет звонков

2025-03-11 14:56:49,938 [INFO] Происходит отправка результата обработки компании...
2025-03-11 14:56:51,022 [INFO] Результат обработки компании 'ФНС' (48265285) установлен 'Нет звонков'

2025-03-11 14:56:51,023 [INFO] Прогресс: 64 из 100 компаний (64.0%)
2025-03-11 14:56:51,023 [INFO] ------------------------------------------------------------------
2025-03-11 14:56:51,023 [INFO] Происходит загрузка звонков компании 'Звонок от 74956920268' (48265387)
2025-03-11 14:56:52,545 [INFO] Компания 'Звонок от 74956920268' не имеет звонков

2025-03-11 14:56:52,545 [INFO] Происходит отправка результата обработки компании...
2025-03-11 14:56:53,450 [INFO] Результат обработки компании 'Звонок от 74956920268' (48265387) установлен 'Нет звонков'

2025-03-11 14:56:53,451 [INFO] Прогресс: 65 из 100 компаний (65.0%)
2025-03-11 14:56:53,452 [INFO] ------------------------------------------------------------------
2025-03-11 14:56:53,452 [INFO] Происходит загрузка звонков компании 'Skaniks Rusland' (48265705)
2025-03-11 14:56:55,619 [INFO] Компания 'Skaniks Rusland' не имеет звонков

2025-03-11 14:56:55,620 [INFO] Происходит отправка результата обработки компании...
2025-03-11 14:56:56,799 [INFO] Результат обработки компании 'Skaniks Rusland' (48265705) установлен 'Нет звонков'

2025-03-11 14:56:56,800 [INFO] Прогресс: 66 из 100 компаний (66.0%)
2025-03-11 14:56:56,800 [INFO] ------------------------------------------------------------------
2025-03-11 14:56:56,800 [INFO] Происходит загрузка звонков компании 'СДЭК' (48265895)
2025-03-11 14:56:58,315 [INFO] Компания 'СДЭК' не имеет звонков

2025-03-11 14:56:58,316 [INFO] Происходит отправка результата обработки компании...
2025-03-11 14:56:59,306 [INFO] Результат обработки компании 'СДЭК' (48265895) установлен 'Нет звонков'

2025-03-11 14:56:59,307 [INFO] Прогресс: 67 из 100 компаний (67.0%)
2025-03-11 14:56:59,307 [INFO] ------------------------------------------------------------------
2025-03-11 14:56:59,307 [INFO] Происходит загрузка звонков компании 'Звонок от 79627701503' (48266111)
2025-03-11 14:57:00,560 [INFO] Компания 'Звонок от 79627701503' не имеет звонков

2025-03-11 14:57:00,561 [INFO] Происходит отправка результата обработки компании...
2025-03-11 14:57:01,673 [INFO] Результат обработки компании 'Звонок от 79627701503' (48266111) установлен 'Нет звонков'

2025-03-11 14:57:01,674 [INFO] Прогресс: 68 из 100 компаний (68.0%)
2025-03-11 14:57:01,674 [INFO] ------------------------------------------------------------------
2025-03-11 14:57:01,674 [INFO] Происходит загрузка звонков компании 'группа компаний' (48267121)
2025-03-11 14:57:05,662 [INFO] Количество звонков: 2
2025-03-11 14:57:05,663 [INFO] Время загрузки: 3.99 сек.

2025-03-11 14:57:05,663 [INFO] Результат обработки компании 'группа компаний' (48267121) не был изменен

2025-03-11 14:57:05,664 [INFO] Прогресс: 69 из 100 компаний (69.0%)
2025-03-11 14:57:05,664 [INFO] ------------------------------------------------------------------
2025-03-11 14:57:05,664 [INFO] Происходит загрузка звонков компании 'ООО "Объединенная Компания "Рустехнологии Муром"' (48267629)
2025-03-11 14:57:07,906 [INFO] Количество звонков: 1
2025-03-11 14:57:07,908 [INFO] Время загрузки: 2.24 сек.

2025-03-11 14:57:07,908 [INFO] Результат обработки компании 'ООО "Объединенная Компания "Рустехнологии Муром"' (48267629) не был изменен

2025-03-11 14:57:07,909 [INFO] Прогресс: 70 из 100 компаний (70.0%)
2025-03-11 14:57:07,909 [INFO] ------------------------------------------------------------------
2025-03-11 14:57:07,909 [INFO] Происходит загрузка звонков компании 'Приемная' (48271339)
2025-03-11 14:57:10,975 [INFO] Компания 'Приемная' не имеет звонков

2025-03-11 14:57:10,976 [INFO] Происходит отправка результата обработки компании...
2025-03-11 14:57:12,173 [INFO] Результат обработки компании 'Приемная' (48271339) установлен 'Нет звонков'

2025-03-11 14:57:12,174 [INFO] Прогресс: 71 из 100 компаний (71.0%)
2025-03-11 14:57:12,174 [INFO] ------------------------------------------------------------------
2025-03-11 14:57:12,174 [INFO] Происходит загрузка звонков компании 'Звонок от 79536779013' (48273553)
2025-03-11 14:57:13,895 [INFO] Компания 'Звонок от 79536779013' не имеет звонков

2025-03-11 14:57:13,896 [INFO] Происходит отправка результата обработки компании...
2025-03-11 14:57:14,872 [INFO] Результат обработки компании 'Звонок от 79536779013' (48273553) установлен 'Нет звонков'

2025-03-11 14:57:14,873 [INFO] Прогресс: 72 из 100 компаний (72.0%)
2025-03-11 14:57:14,873 [INFO] ------------------------------------------------------------------
2025-03-11 14:57:14,873 [INFO] Происходит загрузка звонков компании 'Звонок от 74954885132' (48273565)
2025-03-11 14:57:16,413 [INFO] Компания 'Звонок от 74954885132' не имеет звонков

2025-03-11 14:57:16,413 [INFO] Происходит отправка результата обработки компании...
2025-03-11 14:57:17,669 [INFO] Результат обработки компании 'Звонок от 74954885132' (48273565) установлен 'Нет звонков'

2025-03-11 14:57:17,671 [INFO] Прогресс: 73 из 100 компаний (73.0%)
2025-03-11 14:57:17,671 [INFO] ------------------------------------------------------------------
2025-03-11 14:57:17,671 [INFO] Происходит загрузка звонков компании 'АО КТК' (48274579)
2025-03-11 14:57:20,659 [INFO] Количество звонков: 6
2025-03-11 14:57:20,660 [INFO] Время загрузки: 2.99 сек.

2025-03-11 14:57:20,660 [INFO] Результат обработки компании 'АО КТК' (48274579) не был изменен

2025-03-11 14:57:20,661 [INFO] Прогресс: 74 из 100 компаний (74.0%)
2025-03-11 14:57:20,661 [INFO] ------------------------------------------------------------------
2025-03-11 14:57:20,661 [INFO] Происходит загрузка звонков компании 'ООО "Лайнер тег"' (48275085)
2025-03-11 14:57:22,408 [INFO] Компания 'ООО "Лайнер тег"' не имеет звонков

2025-03-11 14:57:22,409 [INFO] Происходит отправка результата обработки компании...
2025-03-11 14:57:23,580 [INFO] Результат обработки компании 'ООО "Лайнер тег"' (48275085) установлен 'Нет звонков'

2025-03-11 14:57:23,581 [INFO] Прогресс: 75 из 100 компаний (75.0%)
2025-03-11 14:57:23,581 [INFO] ------------------------------------------------------------------
2025-03-11 14:57:23,581 [INFO] Происходит загрузка звонков компании 'Гастропрофи' (48275237)
2025-03-11 14:57:26,022 [INFO] Компания 'Гастропрофи' не имеет звонков

2025-03-11 14:57:26,023 [INFO] Происходит отправка результата обработки компании...
2025-03-11 14:57:27,344 [INFO] Результат обработки компании 'Гастропрофи' (48275237) установлен 'Нет звонков'

2025-03-11 14:57:27,345 [INFO] Прогресс: 76 из 100 компаний (76.0%)
2025-03-11 14:57:27,345 [INFO] ------------------------------------------------------------------
2025-03-11 14:57:27,345 [INFO] Происходит загрузка звонков компании 'Звонок от 79655335663' (48275377)
2025-03-11 14:57:28,889 [INFO] Компания 'Звонок от 79655335663' не имеет звонков

2025-03-11 14:57:28,890 [INFO] Происходит отправка результата обработки компании...
2025-03-11 14:57:30,027 [INFO] Результат обработки компании 'Звонок от 79655335663' (48275377) установлен 'Нет звонков'

2025-03-11 14:57:30,028 [INFO] Прогресс: 77 из 100 компаний (77.0%)
2025-03-11 14:57:30,028 [INFO] ------------------------------------------------------------------
2025-03-11 14:57:30,028 [INFO] Происходит загрузка звонков компании 'Звонок от 74996492557' (48275411)
2025-03-11 14:57:31,664 [INFO] Компания 'Звонок от 74996492557' не имеет звонков

2025-03-11 14:57:31,665 [INFO] Происходит отправка результата обработки компании...
2025-03-11 14:57:32,653 [INFO] Результат обработки компании 'Звонок от 74996492557' (48275411) установлен 'Нет звонков'

2025-03-11 14:57:32,654 [INFO] Прогресс: 78 из 100 компаний (78.0%)
2025-03-11 14:57:32,654 [INFO] ------------------------------------------------------------------
2025-03-11 14:57:32,654 [INFO] Происходит загрузка звонков компании 'Звонок от 79996202477' (48275619)
2025-03-11 14:57:34,971 [INFO] Количество звонков: 1
2025-03-11 14:57:34,971 [INFO] Время загрузки: 2.32 сек.

2025-03-11 14:57:34,972 [INFO] Результат обработки компании 'Звонок от 79996202477' (48275619) не был изменен

2025-03-11 14:57:34,972 [INFO] Прогресс: 79 из 100 компаний (79.0%)
2025-03-11 14:57:34,972 [INFO] ------------------------------------------------------------------
2025-03-11 14:57:34,973 [INFO] Происходит загрузка звонков компании 'Звонок от 79195055851' (48275885)
2025-03-11 14:57:36,445 [INFO] Компания 'Звонок от 79195055851' не имеет звонков

2025-03-11 14:57:36,445 [INFO] Происходит отправка результата обработки компании...
2025-03-11 14:57:37,568 [INFO] Результат обработки компании 'Звонок от 79195055851' (48275885) установлен 'Нет звонков'

2025-03-11 14:57:37,569 [INFO] Прогресс: 80 из 100 компаний (80.0%)
2025-03-11 14:57:37,569 [INFO] ------------------------------------------------------------------
2025-03-11 14:57:37,569 [INFO] Происходит загрузка звонков компании 'АО СГМК' (48276703)
2025-03-11 14:57:39,169 [INFO] Компания 'АО СГМК' не имеет звонков

2025-03-11 14:57:39,170 [INFO] Происходит отправка результата обработки компании...
2025-03-11 14:57:40,380 [INFO] Результат обработки компании 'АО СГМК' (48276703) установлен 'Нет звонков'

2025-03-11 14:57:40,381 [INFO] Прогресс: 81 из 100 компаний (81.0%)
2025-03-11 14:57:40,381 [INFO] ------------------------------------------------------------------
2025-03-11 14:57:40,381 [INFO] Происходит загрузка звонков компании 'Звонок от 79621951625' (48277443)
2025-03-11 14:57:42,076 [INFO] Компания 'Звонок от 79621951625' не имеет звонков

2025-03-11 14:57:42,077 [INFO] Происходит отправка результата обработки компании...
2025-03-11 14:57:43,055 [INFO] Результат обработки компании 'Звонок от 79621951625' (48277443) установлен 'Нет звонков'

2025-03-11 14:57:43,056 [INFO] Прогресс: 82 из 100 компаний (82.0%)
2025-03-11 14:57:43,056 [INFO] ------------------------------------------------------------------
2025-03-11 14:57:43,056 [INFO] Происходит загрузка звонков компании 'Звонок от 74951080791' (48277921)
2025-03-11 14:57:44,382 [INFO] Компания 'Звонок от 74951080791' не имеет звонков

2025-03-11 14:57:44,383 [INFO] Происходит отправка результата обработки компании...
2025-03-11 14:57:45,442 [INFO] Результат обработки компании 'Звонок от 74951080791' (48277921) установлен 'Нет звонков'

2025-03-11 14:57:45,443 [INFO] Прогресс: 83 из 100 компаний (83.0%)
2025-03-11 14:57:45,444 [INFO] ------------------------------------------------------------------
2025-03-11 14:57:45,444 [INFO] Происходит загрузка звонков компании '2255 фитнес клуб' (48278291)
2025-03-11 14:57:47,393 [INFO] Компания '2255 фитнес клуб' не имеет звонков

2025-03-11 14:57:47,393 [INFO] Происходит отправка результата обработки компании...
2025-03-11 14:57:48,589 [INFO] Результат обработки компании '2255 фитнес клуб' (48278291) установлен 'Нет звонков'

2025-03-11 14:57:48,590 [INFO] Прогресс: 84 из 100 компаний (84.0%)
2025-03-11 14:57:48,590 [INFO] ------------------------------------------------------------------
2025-03-11 14:57:48,590 [INFO] Происходит загрузка звонков компании 'Звонок от 73432269575' (48279029)
2025-03-11 14:57:50,791 [INFO] Количество звонков: 1
2025-03-11 14:57:50,792 [INFO] Время загрузки: 2.2 сек.

2025-03-11 14:57:50,792 [INFO] Результат обработки компании 'Звонок от 73432269575' (48279029) не был изменен

2025-03-11 14:57:50,793 [INFO] Прогресс: 85 из 100 компаний (85.0%)
2025-03-11 14:57:50,793 [INFO] ------------------------------------------------------------------
2025-03-11 14:57:50,793 [INFO] Происходит загрузка звонков компании 'Звонок от 79921022389' (48279195)
2025-03-11 14:57:52,472 [INFO] Количество звонков: 1
2025-03-11 14:57:52,473 [INFO] Время загрузки: 1.68 сек.

2025-03-11 14:57:52,474 [INFO] Результат обработки компании 'Звонок от 79921022389' (48279195) не был изменен

2025-03-11 14:57:52,474 [INFO] Прогресс: 86 из 100 компаний (86.0%)
2025-03-11 14:57:52,474 [INFO] ------------------------------------------------------------------
2025-03-11 14:57:52,474 [INFO] Происходит загрузка звонков компании 'Звонок от 79628314641' (48279243)
2025-03-11 14:57:53,998 [INFO] Количество звонков: 1
2025-03-11 14:57:53,998 [INFO] Время загрузки: 1.52 сек.

2025-03-11 14:57:53,999 [INFO] Результат обработки компании 'Звонок от 79628314641' (48279243) не был изменен

2025-03-11 14:57:53,999 [INFO] Прогресс: 87 из 100 компаний (87.0%)
2025-03-11 14:57:53,999 [INFO] ------------------------------------------------------------------
2025-03-11 14:57:54,000 [INFO] Происходит загрузка звонков компании 'Звонок от 79995321286' (48279283)
2025-03-11 14:57:55,497 [INFO] Компания 'Звонок от 79995321286' не имеет звонков

2025-03-11 14:57:55,497 [INFO] Происходит отправка результата обработки компании...
2025-03-11 14:57:58,299 [INFO] Результат обработки компании 'Звонок от 79995321286' (48279283) установлен 'Нет звонков'

2025-03-11 14:57:58,300 [INFO] Прогресс: 88 из 100 компаний (88.0%)
2025-03-11 14:57:58,300 [INFO] ------------------------------------------------------------------
2025-03-11 14:57:58,300 [INFO] Происходит загрузка звонков компании 'Звонок от 79233204870' (48279619)
2025-03-11 14:57:59,836 [INFO] Компания 'Звонок от 79233204870' не имеет звонков

2025-03-11 14:57:59,836 [INFO] Происходит отправка результата обработки компании...
2025-03-11 14:58:00,826 [INFO] Результат обработки компании 'Звонок от 79233204870' (48279619) установлен 'Нет звонков'

2025-03-11 14:58:00,827 [INFO] Прогресс: 89 из 100 компаний (89.0%)
2025-03-11 14:58:00,827 [INFO] ------------------------------------------------------------------
2025-03-11 14:58:00,827 [INFO] Происходит загрузка звонков компании 'Звонок от 79874192418' (48297891)
2025-03-11 14:58:02,694 [INFO] Компания 'Звонок от 79874192418' не имеет звонков

2025-03-11 14:58:02,696 [INFO] Происходит отправка результата обработки компании...
2025-03-11 14:58:03,615 [INFO] Результат обработки компании 'Звонок от 79874192418' (48297891) установлен 'Нет звонков'

2025-03-11 14:58:03,616 [INFO] Прогресс: 90 из 100 компаний (90.0%)
2025-03-11 14:58:03,616 [INFO] ------------------------------------------------------------------
2025-03-11 14:58:03,616 [INFO] Происходит загрузка звонков компании 'Звонок от 79833010705' (48297939)
2025-03-11 14:58:06,104 [INFO] Количество звонков: 1
2025-03-11 14:58:06,104 [INFO] Время загрузки: 2.49 сек.

2025-03-11 14:58:06,105 [INFO] Результат обработки компании 'Звонок от 79833010705' (48297939) не был изменен

2025-03-11 14:58:06,105 [INFO] Прогресс: 91 из 100 компаний (91.0%)
2025-03-11 14:58:06,105 [INFO] ------------------------------------------------------------------
2025-03-11 14:58:06,106 [INFO] Происходит загрузка звонков компании 'Звонок от 79833011725' (48297969)
2025-03-11 14:58:08,585 [INFO] Компания 'Звонок от 79833011725' не имеет звонков

2025-03-11 14:58:08,586 [INFO] Происходит отправка результата обработки компании...
2025-03-11 14:58:09,500 [INFO] Результат обработки компании 'Звонок от 79833011725' (48297969) установлен 'Нет звонков'

2025-03-11 14:58:09,500 [INFO] Прогресс: 92 из 100 компаний (92.0%)
2025-03-11 14:58:09,501 [INFO] ------------------------------------------------------------------
2025-03-11 14:58:09,501 [INFO] Происходит загрузка звонков компании 'Гд Констракшн' (48297983)
2025-03-11 14:58:12,078 [INFO] Компания 'Гд Констракшн' не имеет звонков

2025-03-11 14:58:12,079 [INFO] Происходит отправка результата обработки компании...
2025-03-11 14:58:13,094 [INFO] Результат обработки компании 'Гд Констракшн' (48297983) установлен 'Нет звонков'

2025-03-11 14:58:13,094 [INFO] Прогресс: 93 из 100 компаний (93.0%)
2025-03-11 14:58:13,095 [INFO] ------------------------------------------------------------------
2025-03-11 14:58:13,095 [INFO] Происходит загрузка звонков компании 'Сувенирная компания «ДАРИ»' (48298027)
2025-03-11 14:58:16,048 [INFO] Количество звонков: 1
2025-03-11 14:58:16,049 [INFO] Время загрузки: 2.95 сек.

2025-03-11 14:58:16,050 [INFO] Результат обработки компании 'Сувенирная компания «ДАРИ»' (48298027) не был изменен

2025-03-11 14:58:16,050 [INFO] Прогресс: 94 из 100 компаний (94.0%)
2025-03-11 14:58:16,050 [INFO] ------------------------------------------------------------------
2025-03-11 14:58:16,051 [INFO] Происходит загрузка звонков компании 'Конференц арт' (48298091)
2025-03-11 14:58:18,706 [INFO] Компания 'Конференц арт' не имеет звонков

2025-03-11 14:58:18,707 [INFO] Происходит отправка результата обработки компании...
2025-03-11 14:58:19,894 [INFO] Результат обработки компании 'Конференц арт' (48298091) установлен 'Нет звонков'

2025-03-11 14:58:19,895 [INFO] Прогресс: 95 из 100 компаний (95.0%)
2025-03-11 14:58:19,896 [INFO] ------------------------------------------------------------------
2025-03-11 14:58:19,896 [INFO] Происходит загрузка звонков компании 'Звонок от 79142262368' (48300595)
2025-03-11 14:58:21,681 [INFO] Компания 'Звонок от 79142262368' не имеет звонков

2025-03-11 14:58:21,682 [INFO] Происходит отправка результата обработки компании...
2025-03-11 14:58:22,678 [INFO] Результат обработки компании 'Звонок от 79142262368' (48300595) установлен 'Нет звонков'

2025-03-11 14:58:22,679 [INFO] Прогресс: 96 из 100 компаний (96.0%)
2025-03-11 14:58:22,679 [INFO] ------------------------------------------------------------------
2025-03-11 14:58:22,679 [INFO] Происходит загрузка звонков компании 'Звонок от 79232365402' (48300605)
2025-03-11 14:58:24,376 [INFO] Компания 'Звонок от 79232365402' не имеет звонков

2025-03-11 14:58:24,376 [INFO] Происходит отправка результата обработки компании...
2025-03-11 14:58:25,320 [INFO] Результат обработки компании 'Звонок от 79232365402' (48300605) установлен 'Нет звонков'

2025-03-11 14:58:25,320 [INFO] Прогресс: 97 из 100 компаний (97.0%)
2025-03-11 14:58:25,320 [INFO] ------------------------------------------------------------------
2025-03-11 14:58:25,320 [INFO] Происходит загрузка звонков компании 'Восьмой цвет' (48300689)
2025-03-11 14:58:28,116 [INFO] Количество звонков: 1
2025-03-11 14:58:28,118 [INFO] Время загрузки: 2.8 сек.

2025-03-11 14:58:28,119 [INFO] Результат обработки компании 'Восьмой цвет' (48300689) не был изменен

2025-03-11 14:58:28,119 [INFO] Прогресс: 98 из 100 компаний (98.0%)
2025-03-11 14:58:28,119 [INFO] ------------------------------------------------------------------
2025-03-11 14:58:28,119 [INFO] Происходит загрузка звонков компании 'Юнит' (48301015)
2025-03-11 14:58:30,854 [INFO] Количество звонков: 1
2025-03-11 14:58:30,854 [INFO] Время загрузки: 2.73 сек.

2025-03-11 14:58:30,855 [INFO] Результат обработки компании 'Юнит' (48301015) не был изменен

2025-03-11 14:58:30,855 [INFO] Прогресс: 99 из 100 компаний (99.0%)
2025-03-11 14:58:30,855 [INFO] ------------------------------------------------------------------
2025-03-11 14:58:30,855 [INFO] Происходит загрузка звонков компании 'Неизвестный лид от Envybox' (48301097)
2025-03-11 14:58:32,756 [INFO] Количество звонков: 1
2025-03-11 14:58:32,757 [INFO] Время загрузки: 1.9 сек.

2025-03-11 14:58:32,757 [INFO] Результат обработки компании 'Неизвестный лид от Envybox' (48301097) не был изменен

2025-03-11 14:58:32,757 [INFO] Прогресс: 100 из 100 компаний (100.0%)
2025-03-11 14:58:32,757 [INFO] ------------------------------------------------------------------
2025-03-11 14:58:32,757 [INFO] Происходит загрузка звонков компании 'Звонок от 79059522815' (48301147)
2025-03-11 14:58:34,203 [INFO] Компания 'Звонок от 79059522815' не имеет звонков

2025-03-11 14:58:34,203 [INFO] Происходит отправка результата обработки компании...
2025-03-11 14:58:35,314 [INFO] Результат обработки компании 'Звонок от 79059522815' (48301147) установлен 'Нет звонков'

2025-03-11 14:58:35,316 [INFO] Скрипт завершил работу за 278 сек.
2025-03-11 14:58:35,318 [ERROR] 		Произошла непредвиденная ошибка: name 'company_count' is not defined

