2025-03-10 23:58:24,782 [INFO] Скрипт запущен!
2025-03-10 23:58:24,784 [INFO] Происходит загрузка компаний...
2025-03-10 23:58:25,609 [INFO] Загружено 3 компаний за 0.82 секунд

2025-03-10 23:58:25,610 [INFO] Прогресс: 1 из 3 компаний (33.0%)
2025-03-10 23:58:25,610 [INFO] ------------------------------------------------------------------
2025-03-10 23:58:25,611 [INFO] Происходит загрузка звонков компании 'ООО "Меда Строй"' (48395013)
2025-03-10 23:58:26,735 [INFO] Количество звонков: 2
2025-03-10 23:58:26,736 [INFO] Время загрузки: 1.13 сек.

2025-03-10 23:58:26,736 [INFO] 	Обработка звонка
2025-03-10 23:58:26,737 [INFO] 	Длительность: 25 сек.
2025-03-10 23:58:26,737 [INFO] 	Ссылка: https://amocrm.mango-office.ru/calls/recording/download/11020017/MToxMDE1MDk4NDoyMjg1NTE5MzAwNTow/NDA1MTg3MzA2

2025-03-10 23:58:26,737 [INFO] 		Происходит загрузка звонка...
2025-03-10 23:58:28,040 [INFO] 		Время загрузки: 1.3 сек.

2025-03-10 23:58:28,041 [INFO] 		Происходит транскрибация звонка...
2025-03-10 23:58:33,154 [INFO] 		Время транскрибации: 5.11 сек.

2025-03-10 23:58:33,154 [INFO] 		РЕЗУЛЬТАТ:  Продолжается попытка дозвониться до абонента, который пока что не успел отвесить на наш вызов. Вызываемый абонент, к сожалению, все еще не отвечает. К сожалению, мы не можем опять голосовые сообщения для данного абонента.
2025-03-10 23:58:33,191 [INFO] 		Происходит обработка содержимого разговора...
2025-03-10 23:58:35,526 [INFO] 		Результат обработки разговора: НЕТ
2025-03-10 23:58:35,527 [INFO] 		РЕЗУЛЬТАТ: НЕТ
2025-03-10 23:58:35,527 [INFO] 		Время обработки ИИ: 2.34 сек.

2025-03-10 23:58:35,528 [INFO] 		Всего времени на обработку звонка: 8.79 сек.

2025-03-10 23:58:35,528 [INFO] 	Обработка звонка
2025-03-10 23:58:35,528 [INFO] 	Длительность: 46 сек.
2025-03-10 23:58:35,529 [INFO] 	Ссылка: https://amocrm.mango-office.ru/calls/recording/download/11020017/MToxMDE1MDk4NDoyMjg1NTIxMTE3Mzow/NDA1MTg3MzA2

2025-03-10 23:58:35,529 [INFO] 		Происходит загрузка звонка...
2025-03-10 23:58:36,602 [INFO] 		Время загрузки: 1.07 сек.

2025-03-10 23:58:36,603 [INFO] 		Происходит транскрибация звонка...
2025-03-10 23:58:43,948 [INFO] 		Время транскрибации: 7.35 сек.

2025-03-10 23:58:43,949 [INFO] 		РЕЗУЛЬТАТ:  Добрый день, меня зовут Мария, сфотографирую с февраля на Кампанией Рождество Венир. Как мы можем обращаться? Вы скажете по поводу, что вы звоните? Слышите, пожалуйста, в аркетском. Какие-либо подробности желаете рассказать? Как можно будет связаться с вами? Поэтому же номер телефона. Слышите, пожалуйста, в аркетоводом. Передам это абоненту что-либо еще. В течение какого времени нужно дать ответ?
2025-03-10 23:58:43,974 [INFO] 		Происходит обработка содержимого разговора...
2025-03-10 23:58:45,711 [INFO] 		Результат обработки разговора: НЕТ
2025-03-10 23:58:45,711 [INFO] 		РЕЗУЛЬТАТ: НЕТ
2025-03-10 23:58:45,711 [INFO] 		Время обработки ИИ: 1.74 сек.

2025-03-10 23:58:45,712 [INFO] 		Всего времени на обработку звонка: 10.18 сек.

2025-03-10 23:58:45,712 [INFO] Происходит отправка результата обработки компании...
2025-03-10 23:58:46,348 [INFO] Результат обработки компании 'ООО "Меда Строй"' (48395013) установлен 'Нет интереса'

2025-03-10 23:58:46,349 [INFO] Всего времени на обработку компании: 20.74 сек.

2025-03-10 23:58:46,349 [INFO] Прогресс: 2 из 3 компаний (67.0%)
2025-03-10 23:58:46,349 [INFO] ------------------------------------------------------------------
2025-03-10 23:58:46,349 [INFO] Происходит загрузка звонков компании 'ООО "ГорИнжСтрой"' (48395023)
2025-03-10 23:58:47,404 [INFO] Количество звонков: 1
2025-03-10 23:58:47,404 [INFO] Время загрузки: 1.05 сек.

2025-03-10 23:58:47,404 [INFO] 	Обработка звонка
2025-03-10 23:58:47,405 [INFO] 	Длительность: 104 сек.
2025-03-10 23:58:47,405 [INFO] 	Ссылка: https://amocrm.mango-office.ru/calls/recording/download/11020017/MToxMDE1MDk4NDoyMjg1NTE1MTMzMzow/NDA1MTg3MzA2

2025-03-10 23:58:47,405 [INFO] 		Происходит загрузка звонка...
2025-03-10 23:58:48,530 [INFO] 		Время загрузки: 1.13 сек.

2025-03-10 23:58:48,531 [INFO] 		Происходит транскрибация звонка...
2025-03-10 23:59:05,030 [INFO] 		Время транскрибации: 16.5 сек.

2025-03-10 23:59:05,030 [INFO] 		РЕЗУЛЬТАТ:  Здравствуйте! Вы позвонили в группу компании GORE INCH PROJECT. Влаш вопрос связан с проектными работами. Нажмите один. В вопросам строительных монтажных работ нажмите два. Если вы знаете внутренний мандир сотрудника, взгляните его в поновом режиме. И не же дождитесь ответа секретаря. Спасибо! Наталья Горюшесева, здравствуйте. Добрый день. Меня зовут Мария. Федеральная производственная компания Росовинер. Попробуйте, пожалуйста, с кем я могу обсудить вопрос по закупке с венерной продукцией мерча, подарки коллега. Пожалуйста, пожалуйста, сейчас информацию нам на почту. Дело в том, что я могу вам отправить информацию на почту, так как у нас более 60 тысяч в позиции есть. Мы не соединяем все вопросы только через почту. Если ваше предложение нас заинтересует, вам сядутся. Хорошо, тогда можно узнать, пожалуйста, вашу актуальную почту. Также уточнили, пожалуйста. У меня рабочий опор, что и попишена другая, актуальная она или нет. Альбертсобачка.ру Нет. Такого попробования, пожалуйста, я не могу сказать, пожалуйста, на почту. Хорошо, я поменяю вас. Спасибо большое за это. Спасибо. До свидания.
2025-03-10 23:59:05,056 [INFO] 		Происходит обработка содержимого разговора...
2025-03-10 23:59:07,591 [INFO] 		Результат обработки разговора: НЕТ
2025-03-10 23:59:07,592 [INFO] 		РЕЗУЛЬТАТ: НЕТ
2025-03-10 23:59:07,592 [INFO] 		Время обработки ИИ: 2.54 сек.

2025-03-10 23:59:07,593 [INFO] 		Всего времени на обработку звонка: 20.19 сек.

2025-03-10 23:59:07,594 [INFO] Происходит отправка результата обработки компании...
2025-03-10 23:59:08,208 [INFO] Результат обработки компании 'ООО "ГорИнжСтрой"' (48395023) установлен 'Нет интереса'

2025-03-10 23:59:08,209 [INFO] Всего времени на обработку компании: 21.86 сек.

2025-03-10 23:59:08,209 [INFO] Прогресс: 3 из 3 компаний (100.0%)
2025-03-10 23:59:08,209 [INFO] ------------------------------------------------------------------
2025-03-10 23:59:08,210 [INFO] Происходит загрузка звонков компании 'ООО "Стройторговля"' (48395025)
2025-03-10 23:59:09,242 [INFO] Количество звонков: 4
2025-03-10 23:59:09,242 [INFO] Время загрузки: 1.03 сек.

2025-03-10 23:59:09,243 [INFO] 	Обработка звонка
2025-03-10 23:59:09,243 [INFO] 	Длительность: 24 сек.
2025-03-10 23:59:09,243 [INFO] 	Ссылка: https://amocrm.mango-office.ru/calls/recording/download/11020017/MToxMDE1MDk4NDoyMjg1NTAzNzg2Njow/NDA1MTg3MzA2

2025-03-10 23:59:09,243 [INFO] 		Происходит загрузка звонка...
2025-03-10 23:59:10,255 [INFO] 		Время загрузки: 1.01 сек.

2025-03-10 23:59:10,256 [INFO] 		Происходит транскрибация звонка...
2025-03-10 23:59:17,320 [INFO] 		Время транскрибации: 7.06 сек.

2025-03-10 23:59:17,321 [INFO] 		РЕЗУЛЬТАТ:  Добрый день, меня зовут Мария, Северальная Центральная компания Росовинир. Как могу к вам обращаться? С какой целью звоните? Если в организации то ваша плютина. Так, хорошо. Это частный номер телефона. Неактурный. Все хорошо, поняла. Вы извините. До свидания.
2025-03-10 23:59:17,347 [INFO] 		Происходит обработка содержимого разговора...
2025-03-10 23:59:20,381 [INFO] 		Результат обработки разговора: НЕТ
2025-03-10 23:59:20,381 [INFO] 		РЕЗУЛЬТАТ: НЕТ
2025-03-10 23:59:20,381 [INFO] 		Время обработки ИИ: 3.03 сек.

2025-03-10 23:59:20,383 [INFO] 		Всего времени на обработку звонка: 11.14 сек.

2025-03-10 23:59:20,383 [INFO] 	Обработка звонка
2025-03-10 23:59:20,383 [INFO] 	Длительность: 60 сек.
2025-03-10 23:59:20,383 [INFO] 	Ссылка: https://amocrm.mango-office.ru/calls/recording/download/11020017/MToxMDE1MDk4NDoyMjg1NTA1MzExNzow/NDA1MTg3MzA2

2025-03-10 23:59:20,383 [INFO] 		Происходит загрузка звонка...
2025-03-10 23:59:21,431 [INFO] 		Время загрузки: 1.05 сек.

2025-03-10 23:59:21,433 [INFO] 		Происходит транскрибация звонка...
2025-03-10 23:59:31,178 [INFO] 		Время транскрибации: 9.75 сек.

2025-03-10 23:59:31,178 [INFO] 		РЕЗУЛЬТАТ:  Другого дома Вимас, Валерия, здравствуйте. А вот, обретение, зовут Мария, Северальная производственная компания Росу Винир. Валерия Верна. Да. Подкажите, пожалуйста, кто вашей компании занимается закупкой сигненной продукции, мерчаз, подарки с партнером? Как могу связаться с этим человеком? Подарки с партнером не уверен, что у нас это делают? Угу. Давай, иди попробую на офис, в тенненжер переднести. А, слышите мне перевески? Угу.
2025-03-10 23:59:31,210 [INFO] 		Происходит обработка содержимого разговора...
2025-03-10 23:59:33,212 [INFO] 		Результат обработки разговора: НЕТ
2025-03-10 23:59:33,212 [INFO] 		РЕЗУЛЬТАТ: НЕТ
2025-03-10 23:59:33,212 [INFO] 		Время обработки ИИ: 2.0 сек.

2025-03-10 23:59:33,213 [INFO] 		Всего времени на обработку звонка: 12.83 сек.

2025-03-10 23:59:33,213 [INFO] 	Обработка звонка
2025-03-10 23:59:33,213 [INFO] 	Длительность: 61 сек.
2025-03-10 23:59:33,213 [INFO] 	Ссылка: https://amocrm.mango-office.ru/calls/recording/download/11020017/MToxMDE1MDk4NDoyMjg1NTA3NDQxODow/NDA1MTg3MzA2

2025-03-10 23:59:33,213 [INFO] 		Происходит загрузка звонка...
2025-03-10 23:59:34,246 [INFO] 		Время загрузки: 1.03 сек.

2025-03-10 23:59:34,247 [INFO] 		Происходит транскрибация звонка...
2025-03-10 23:59:44,521 [INFO] 		Время транскрибации: 10.27 сек.

2025-03-10 23:59:44,522 [INFO] 		РЕЗУЛЬТАТ:  Добрый день. Меня зовут Мария, федеральная производственная компания Росу Савинер. Подскажите, как еще раз мы купуем вращаться? Тамаром. Тамар очень приятно. Тамара, подкажите пожалуйста, кто мы до момента у вас? Компания занимает сувениваемый продукции, мерчап, подарки партнером, коллегам. Сувенивая с офисом, мы точим информацию на минутку. Да, спасибо. Всего доброго.
2025-03-10 23:59:44,551 [INFO] 		Происходит обработка содержимого разговора...
2025-03-10 23:59:46,929 [INFO] 		Результат обработки разговора: НЕТ
2025-03-10 23:59:46,929 [INFO] 		РЕЗУЛЬТАТ: НЕТ
2025-03-10 23:59:46,929 [INFO] 		Время обработки ИИ: 2.38 сек.

2025-03-10 23:59:46,930 [INFO] 		Всего времени на обработку звонка: 13.72 сек.

2025-03-10 23:59:46,930 [INFO] 	Обработка звонка
2025-03-10 23:59:46,930 [INFO] 	Длительность: 103 сек.
2025-03-10 23:59:46,931 [INFO] 	Ссылка: https://amocrm.mango-office.ru/calls/recording/download/11020017/MToxMDE1MDk4NDoyMjg4NzEzMjIzMTow/NDA1MTg3MzA2

2025-03-10 23:59:46,931 [INFO] 		Происходит загрузка звонка...
2025-03-10 23:59:47,947 [INFO] 		Время загрузки: 1.02 сек.

2025-03-10 23:59:47,948 [INFO] 		Происходит транскрибация звонка...
2025-03-11 00:00:12,527 [INFO] 		Время транскрибации: 24.58 сек.

2025-03-11 00:00:12,528 [INFO] 		РЕЗУЛЬТАТ:  Благодарим за ваш звонок. Сеть магазинов товара для дома и дачи. Строительство и ремонта. Торговый дом Вимос. Горда Вимос, привет. Здравствуйте. Меня зовут Мария, федеральная производственная компания Росовый винир. Можете, пожалуйста, с отделом маркетинга соединить? С отделом маркетинга, мы, к сожалению, не можем. Сейчас один момент. Единственный вариант с ними. Сейчас секунду где-то. Так. Вот отдел маркетинга. Единственный вариант с ними. Это реклама с обокадимом с точку. Дальше они уже сами связываются. Там столет свои непосредственно контактные телефоны. Вот. Вот так мы на них даже никак переключить не можем, в принципе. То есть, например, если направлять запрос на обратный звонок, обычно как бы нет. Рассматривай. Это непосредственно. Они уже рассматривают и сами отзвониваются. Здесь за них ничего не могу сказать. То есть, как они быстро, как часто. Хорошо. Хорошо. Буду больше воздушевать. Спасибо вам огромное. Спасибо вам. До свидания. До свидания. До свидания. До свидания.
2025-03-11 00:00:12,557 [INFO] 		Происходит обработка содержимого разговора...
2025-03-11 00:00:15,236 [INFO] 		Результат обработки разговора: НЕТ
2025-03-11 00:00:15,236 [INFO] 		РЕЗУЛЬТАТ: НЕТ
2025-03-11 00:00:15,236 [INFO] 		Время обработки ИИ: 2.68 сек.

2025-03-11 00:00:15,237 [INFO] 		Всего времени на обработку звонка: 28.31 сек.

2025-03-11 00:00:15,238 [INFO] Происходит отправка результата обработки компании...
2025-03-11 00:00:15,848 [INFO] Результат обработки компании 'ООО "Стройторговля"' (48395025) установлен 'Нет интереса'

2025-03-11 00:00:15,849 [INFO] Всего времени на обработку компании: 67.64 сек.

2025-03-11 00:00:15,849 [INFO] ------------------------------------------------------------------
2025-03-11 00:00:15,849 [INFO] Скрипт завершил работу!

2025-03-11 00:00:15,849 [INFO] Время работы скрипта: 111.06 сек.
2025-03-11 00:00:15,849 [INFO] Количество обработанных компаний: 3

2025-03-11 00:00:15,849 [INFO] Количество звонков (всего): 7
2025-03-11 00:00:15,849 [INFO] Количество звонков (с длительностью более 300 сек.): 0
2025-03-11 00:00:15,849 [INFO] Количество звонков (не обработано): 0
2025-03-11 00:00:15,849 [INFO] Количество звонков (обработано): 7

2025-03-11 00:00:15,850 [INFO] Длительность звонков (всего): 423 сек.
2025-03-11 00:00:15,850 [INFO] Длительность звонков (с длительностью более 300 сек.): 0 сек.
2025-03-11 00:00:15,850 [INFO] Длительность звонков (обработано): 423 сек.
2025-03-11 00:00:15,850 [INFO] Общее время транскрибации: 81 сек.
2025-03-11 00:00:15,850 [INFO] Общее время обработки звонков: 17 сек.
2025-03-11 00:00:15,850 [INFO] Общее время загрузки звонков: 8 сек.

2025-03-11 00:00:15,850 [INFO] Среднее время обработки 1 компании: 37
2025-03-11 00:00:15,850 [INFO] Среднее время обработки 1 звонка: 16
2025-03-11 00:00:15,851 [INFO] Среднее время обработки 1 сек. записи: 0.26 сек.

2025-03-11 00:00:15,851 [INFO] Коэффициент скорости обработки звонков: 3.81
